<Event xmlns='http://schemas.microsoft.com/win/2004/08/events/event'><System><Provider Name='Microsoft-Windows-Sysmon' Guid='{5770385f-c22a-43e0-bf4c-06f5698ffbd9}'/><EventID>1</EventID><Version>5</Version><Level>4</Level><Task>1</Task><Opcode>0</Opcode><Keywords>0x8000000000000000</Keywords><TimeCreated SystemTime='2023-07-23T23:10:36.9343390Z'/><EventRecordID>30676</EventRecordID><Correlation/><Execution ProcessID='2924' ThreadID='3284'/><Channel>Microsoft-Windows-Sysmon/Operational</Channel><Computer>Newman-PC</Computer><Security UserID='S-1-5-18'/></System><EventData><Data Name='RuleName'>-</Data><Data Name='UtcTime'>2023-07-23 23:10:36.921</Data><Data Name='ProcessGuid'>{758cb1f7-b36c-64bd-9700-000000004200}</Data><Data Name='ProcessId'>4112</Data><Data Name='Image'>C:\Users\Newman\AppData\Local\Microsoft\OneDrive\23.132.0625.0001\FileCoAuth.exe</Data><Data Name='FileVersion'>23.132.0625.0001</Data><Data Name='Description'>Microsoft OneDriveFile Co-Authoring Executable</Data><Data Name='Product'>Microsoft OneDrive</Data><Data Name='Company'>Microsoft Corporation</Data><Data Name='OriginalFileName'>FileCoAuth.exe</Data><Data Name='CommandLine'>"C:\Users\Newman\AppData\Local\Microsoft\OneDrive\23.132.0625.0001\FileCoAuth.exe" -Embedding</Data><Data Name='CurrentDirectory'>C:\Windows\system32\</Data><Data Name='User'>NEWMAN-PC\Newman</Data><Data Name='LogonGuid'>{758cb1f7-b319-64bd-4ec6-050000000000}</Data><Data Name='LogonId'>0x5c64e</Data><Data Name='TerminalSessionId'>1</Data><Data Name='IntegrityLevel'>Medium</Data><Data Name='Hashes'>MD5=A3026595BA76F0CAAEAE738FBA7EF811,SHA256=803E58624BE499D920F96238BEB1BAEBEFD46B990F3561BA89FCD9DF306C8ABB,IMPHASH=79CB6BDCD4A1707480614D17114D8D26</Data><Data Name='ParentProcessGuid'>{758cb1f7-b312-64bd-0d00-000000004200}</Data><Data Name='ParentProcessId'>900</Data><Data Name='ParentImage'>C:\Windows\System32\svchost.exe</Data><Data Name='ParentCommandLine'>C:\Windows\system32\svchost.exe -k DcomLaunch -p</Data><Data Name='ParentUser'>NT AUTHORITY\SYSTEM</Data></EventData></Event><Event xmlns='http://schemas.microsoft.com/win/2004/08/events/event'><System><Provider Name='Microsoft-Windows-Sysmon' Guid='{5770385f-c22a-43e0-bf4c-06f5698ffbd9}'/><EventID>1</EventID><Version>5</Version><Level>4</Level><Task>1</Task><Opcode>0</Opcode><Keywords>0x8000000000000000</Keywords><TimeCreated SystemTime='2023-07-23T23:10:36.8353784Z'/><EventRecordID>30675</EventRecordID><Correlation/><Execution ProcessID='2924' ThreadID='3284'/><Channel>Microsoft-Windows-Sysmon/Operational</Channel><Computer>Newman-PC</Computer><Security UserID='S-1-5-18'/></System><EventData><Data Name='RuleName'>-</Data><Data Name='UtcTime'>2023-07-23 23:10:36.830</Data><Data Name='ProcessGuid'>{758cb1f7-b36c-64bd-9600-000000004200}</Data><Data Name='ProcessId'>5884</Data><Data Name='Image'>C:\Windows\System32\oobe\UserOOBEBroker.exe</Data><Data Name='FileVersion'>10.0.22621.1635 (WinBuild.160101.0800)</Data><Data Name='Description'>User OOBE Broker</Data><Data Name='Product'>Microsoft® Windows® Operating System</Data><Data Name='Company'>Microsoft Corporation</Data><Data Name='OriginalFileName'>UserOOBEBroker.exe</Data><Data Name='CommandLine'>C:\Windows\System32\oobe\UserOOBEBroker.exe -Embedding</Data><Data Name='CurrentDirectory'>C:\Windows\system32\</Data><Data Name='User'>NEWMAN-PC\Newman</Data><Data Name='LogonGuid'>{758cb1f7-b319-64bd-4ec6-050000000000}</Data><Data Name='LogonId'>0x5c64e</Data><Data Name='TerminalSessionId'>1</Data><Data Name='IntegrityLevel'>Medium</Data><Data Name='Hashes'>MD5=3C3C949E4ABC6E7480A78106695F4373,SHA256=057F103D6CBB936BA16F25FF75B9A0BEE55BD095BBACD5CEC912E9FC7771EC34,IMPHASH=7935A8532F3FC44EDFDDFD2767678414</Data><Data Name='ParentProcessGuid'>{758cb1f7-b312-64bd-0d00-000000004200}</Data><Data Name='ParentProcessId'>900</Data><Data Name='ParentImage'>C:\Windows\System32\svchost.exe</Data><Data Name='ParentCommandLine'>C:\Windows\system32\svchost.exe -k DcomLaunch -p</Data><Data Name='ParentUser'>NT AUTHORITY\SYSTEM</Data></EventData></Event><Event xmlns='http://schemas.microsoft.com/win/2004/08/events/event'><System><Provider Name='Microsoft-Windows-Sysmon' Guid='{5770385f-c22a-43e0-bf4c-06f5698ffbd9}'/><EventID>1</EventID><Version>5</Version><Level>4</Level><Task>1</Task><Opcode>0</Opcode><Keywords>0x8000000000000000</Keywords><TimeCreated SystemTime='2023-07-23T23:10:36.6904280Z'/><EventRecordID>30674</EventRecordID><Correlation/><Execution ProcessID='2924' ThreadID='3284'/><Channel>Microsoft-Windows-Sysmon/Operational</Channel><Computer>Newman-PC</Computer><Security UserID='S-1-5-18'/></System><EventData><Data Name='RuleName'>-</Data><Data Name='UtcTime'>2023-07-23 23:10:36.657</Data><Data Name='ProcessGuid'>{758cb1f7-b36c-64bd-9500-000000004200}</Data><Data Name='ProcessId'>6240</Data><Data Name='Image'>C:\Windows\UUS\amd64\MoUsoCoreWorker.exe</Data><Data Name='FileVersion'>923.614.111.0</Data><Data Name='Description'>MoUSO Core Worker Process</Data><Data Name='Product'>Microsoft® Windows® Operating System</Data><Data Name='Company'>Microsoft Corporation</Data><Data Name='OriginalFileName'>MoUSOCoreWorker.exe</Data><Data Name='CommandLine'>C:\Windows\uus\AMD64\MoUsoCoreWorker.exe</Data><Data Name='CurrentDirectory'>C:\Windows\system32\</Data><Data Name='User'>NT AUTHORITY\SYSTEM</Data><Data Name='LogonGuid'>{758cb1f7-b312-64bd-e703-000000000000}</Data><Data Name='LogonId'>0x3e7</Data><Data Name='TerminalSessionId'>0</Data><Data Name='IntegrityLevel'>System</Data><Data Name='Hashes'>MD5=24DD3063AE9E8FE7F4F7BE88FF7F205C,SHA256=8B22CDB55B0E8EC09FDE82597EB2A2B8DBBBD02283C7FC3D4DFD7F56CC1BD2A2,IMPHASH=A71FE2391ABCCBF06D26B5D98D024572</Data><Data Name='ParentProcessGuid'>{758cb1f7-b312-64bd-1300-000000004200}</Data><Data Name='ParentProcessId'>1056</Data><Data Name='ParentImage'>C:\Windows\System32\svchost.exe</Data><Data Name='ParentCommandLine'>C:\Windows\system32\svchost.exe -k netsvcs -p</Data><Data Name='ParentUser'>NT AUTHORITY\SYSTEM</Data></EventData></Event><Event xmlns='http://schemas.microsoft.com/win/2004/08/events/event'><System><Provider Name='Microsoft-Windows-Sysmon' Guid='{5770385f-c22a-43e0-bf4c-06f5698ffbd9}'/><EventID>1</EventID><Version>5</Version><Level>4</Level><Task>1</Task><Opcode>0</Opcode><Keywords>0x8000000000000000</Keywords><TimeCreated SystemTime='2023-07-23T23:10:36.6041207Z'/><EventRecordID>30673</EventRecordID><Correlation/><Execution ProcessID='2924' ThreadID='3284'/><Channel>Microsoft-Windows-Sysmon/Operational</Channel><Computer>Newman-PC</Computer><Security UserID='S-1-5-18'/></System><EventData><Data Name='RuleName'>-</Data><Data Name='UtcTime'>2023-07-23 23:10:36.601</Data><Data Name='ProcessGuid'>{758cb1f7-b36c-64bd-9400-000000004200}</Data><Data Name='ProcessId'>6180</Data><Data Name='Image'>C:\Windows\System32\svchost.exe</Data><Data Name='FileVersion'>10.0.22621.1 (WinBuild.160101.0800)</Data><Data Name='Description'>Host Process for Windows Services</Data><Data Name='Product'>Microsoft® Windows® Operating System</Data><Data Name='Company'>Microsoft Corporation</Data><Data Name='OriginalFileName'>svchost.exe</Data><Data Name='CommandLine'>C:\Windows\system32\svchost.exe -k wusvcs -p</Data><Data Name='CurrentDirectory'>C:\Windows\system32\</Data><Data Name='User'>NT AUTHORITY\SYSTEM</Data><Data Name='LogonGuid'>{758cb1f7-b312-64bd-e703-000000000000}</Data><Data Name='LogonId'>0x3e7</Data><Data Name='TerminalSessionId'>0</Data><Data Name='IntegrityLevel'>System</Data><Data Name='Hashes'>MD5=8EC922C7A58A8701AB481B7BE9644536,SHA256=949BFB5B4C7D58D92F3F9C5F8EC7CA4CEAFFD10EC5F0020F0A987C472D61C54B,IMPHASH=76B4BAE80D2C3B08BB062D97BF9CA791</Data><Data Name='ParentProcessGuid'>{758cb1f7-b312-64bd-0b00-000000004200}</Data><Data Name='ParentProcessId'>752</Data><Data Name='ParentImage'>C:\Windows\System32\services.exe</Data><Data Name='ParentCommandLine'>C:\Windows\system32\services.exe</Data><Data Name='ParentUser'>NT AUTHORITY\SYSTEM</Data></EventData></Event><Event xmlns='http://schemas.microsoft.com/win/2004/08/events/event'><System><Provider Name='Microsoft-Windows-Sysmon' Guid='{5770385f-c22a-43e0-bf4c-06f5698ffbd9}'/><EventID>1</EventID><Version>5</Version><Level>4</Level><Task>1</Task><Opcode>0</Opcode><Keywords>0x8000000000000000</Keywords><TimeCreated SystemTime='2023-07-23T23:10:35.6777180Z'/><EventRecordID>30672</EventRecordID><Correlation/><Execution ProcessID='2924' ThreadID='3284'/><Channel>Microsoft-Windows-Sysmon/Operational</Channel><Computer>Newman-PC</Computer><Security UserID='S-1-5-18'/></System><EventData><Data Name='RuleName'>-</Data><Data Name='UtcTime'>2023-07-23 23:10:35.671</Data><Data Name='ProcessGuid'>{758cb1f7-b36b-64bd-9200-000000004200}</Data><Data Name='ProcessId'>6904</Data><Data Name='Image'>C:\Windows\ImmersiveControlPanel\SystemSettings.exe</Data><Data Name='FileVersion'>10.0.22621.1928 (WinBuild.160101.0800)</Data><Data Name='Description'>Settings</Data><Data Name='Product'>Microsoft® Windows® Operating System</Data><Data Name='Company'>Microsoft Corporation</Data><Data Name='OriginalFileName'>SystemSettings.exe</Data><Data Name='CommandLine'>"C:\Windows\ImmersiveControlPanel\SystemSettings.exe" -ServerName:microsoft.windows.immersivecontrolpanel</Data><Data Name='CurrentDirectory'>C:\Windows\ImmersiveControlPanel\</Data><Data Name='User'>NEWMAN-PC\Newman</Data><Data Name='LogonGuid'>{758cb1f7-b319-64bd-4ec6-050000000000}</Data><Data Name='LogonId'>0x5c64e</Data><Data Name='TerminalSessionId'>1</Data><Data Name='IntegrityLevel'>Medium</Data><Data Name='Hashes'>MD5=8EBFB40AF9832BA199819A73E4602930,SHA256=E0E84FAA39CE788657A54332170B72233D7CAE6043CAFB5662EEB56921F894DB,IMPHASH=15AC25D947472A3F989C6A1C938C9F4C</Data><Data Name='ParentProcessGuid'>{758cb1f7-b312-64bd-0d00-000000004200}</Data><Data Name='ParentProcessId'>900</Data><Data Name='ParentImage'>C:\Windows\System32\svchost.exe</Data><Data Name='ParentCommandLine'>C:\Windows\system32\svchost.exe -k DcomLaunch -p</Data><Data Name='ParentUser'>NT AUTHORITY\SYSTEM</Data></EventData></Event><Event xmlns='http://schemas.microsoft.com/win/2004/08/events/event'><System><Provider Name='Microsoft-Windows-Sysmon' Guid='{5770385f-c22a-43e0-bf4c-06f5698ffbd9}'/><EventID>1</EventID><Version>5</Version><Level>4</Level><Task>1</Task><Opcode>0</Opcode><Keywords>0x8000000000000000</Keywords><TimeCreated SystemTime='2023-07-23T23:10:35.6773947Z'/><EventRecordID>30671</EventRecordID><Correlation/><Execution ProcessID='2924' ThreadID='3284'/><Channel>Microsoft-Windows-Sysmon/Operational</Channel><Computer>Newman-PC</Computer><Security UserID='S-1-5-18'/></System><EventData><Data Name='RuleName'>-</Data><Data Name='UtcTime'>2023-07-23 23:10:35.672</Data><Data Name='ProcessGuid'>{758cb1f7-b36b-64bd-9300-000000004200}</Data><Data Name='ProcessId'>6912</Data><Data Name='Image'>C:\Windows\System32\ApplicationFrameHost.exe</Data><Data Name='FileVersion'>10.0.22621.1635 (WinBuild.160101.0800)</Data><Data Name='Description'>Application Frame Host</Data><Data Name='Product'>Microsoft® Windows® Operating System</Data><Data Name='Company'>Microsoft Corporation</Data><Data Name='OriginalFileName'>ApplicationFrameHost.exe</Data><Data Name='CommandLine'>C:\Windows\system32\ApplicationFrameHost.exe -Embedding</Data><Data Name='CurrentDirectory'>C:\Windows\system32\</Data><Data Name='User'>NEWMAN-PC\Newman</Data><Data Name='LogonGuid'>{758cb1f7-b319-64bd-4ec6-050000000000}</Data><Data Name='LogonId'>0x5c64e</Data><Data Name='TerminalSessionId'>1</Data><Data Name='IntegrityLevel'>Medium</Data><Data Name='Hashes'>MD5=2EA362A03A1D5C81B6A7FBB40C484660,SHA256=8234F2A3D3E49A6DD60C27D83796B606B2041A6BE2299ADA092533492F58AF38,IMPHASH=786740C31E7B1973CF11E4C17B9C2E8D</Data><Data Name='ParentProcessGuid'>{758cb1f7-b312-64bd-0d00-000000004200}</Data><Data Name='ParentProcessId'>900</Data><Data Name='ParentImage'>C:\Windows\System32\svchost.exe</Data><Data Name='ParentCommandLine'>C:\Windows\system32\svchost.exe -k DcomLaunch -p</Data><Data Name='ParentUser'>NT AUTHORITY\SYSTEM</Data></EventData></Event><Event xmlns='http://schemas.microsoft.com/win/2004/08/events/event'><System><Provider Name='Microsoft-Windows-Sysmon' Guid='{5770385f-c22a-43e0-bf4c-06f5698ffbd9}'/><EventID>3</EventID><Version>5</Version><Level>4</Level><Task>3</Task><Opcode>0</Opcode><Keywords>0x8000000000000000</Keywords><TimeCreated SystemTime='2023-07-23T23:10:32.7224861Z'/><EventRecordID>30670</EventRecordID><Correlation/><Execution ProcessID='2924' ThreadID='3292'/><Channel>Microsoft-Windows-Sysmon/Operational</Channel><Computer>Newman-PC</Computer><Security UserID='S-1-5-18'/></System><EventData><Data Name='RuleName'>-</Data><Data Name='UtcTime'>2023-07-23 23:10:29.817</Data><Data Name='ProcessGuid'>{758cb1f7-b34d-64bd-8e00-000000004200}</Data><Data Name='ProcessId'>6708</Data><Data Name='Image'>C:\Program Files (x86)\Nmap\nmap.exe</Data><Data Name='User'>NEWMAN-PC\Newman</Data><Data Name='Protocol'>tcp</Data><Data Name='Initiated'>true</Data><Data Name='SourceIsIpv6'>false</Data><Data Name='SourceIp'>10.240.240.5</Data><Data Name='SourceHostname'>Newman-PC</Data><Data Name='SourcePort'>49697</Data><Data Name='SourcePortName'>-</Data><Data Name='DestinationIsIpv6'>false</Data><Data Name='DestinationIp'>10.240.240.5</Data><Data Name='DestinationHostname'>Newman-PC</Data><Data Name='DestinationPort'>445</Data><Data Name='DestinationPortName'>microsoft-ds</Data></EventData></Event><Event xmlns='http://schemas.microsoft.com/win/2004/08/events/event'><System><Provider Name='Microsoft-Windows-Sysmon' Guid='{5770385f-c22a-43e0-bf4c-06f5698ffbd9}'/><EventID>3</EventID><Version>5</Version><Level>4</Level><Task>3</Task><Opcode>0</Opcode><Keywords>0x8000000000000000</Keywords><TimeCreated SystemTime='2023-07-23T23:10:31.6891466Z'/><EventRecordID>30669</EventRecordID><Correlation/><Execution ProcessID='2924' ThreadID='3292'/><Channel>Microsoft-Windows-Sysmon/Operational</Channel><Computer>Newman-PC</Computer><Security UserID='S-1-5-18'/></System><EventData><Data Name='RuleName'>-</Data><Data Name='UtcTime'>2023-07-23 23:10:29.816</Data><Data Name='ProcessGuid'>{758cb1f7-b34d-64bd-8e00-000000004200}</Data><Data Name='ProcessId'>6708</Data><Data Name='Image'>C:\Program Files (x86)\Nmap\nmap.exe</Data><Data Name='User'>NEWMAN-PC\Newman</Data><Data Name='Protocol'>tcp</Data><Data Name='Initiated'>true</Data><Data Name='SourceIsIpv6'>false</Data><Data Name='SourceIp'>10.240.240.5</Data><Data Name='SourceHostname'>Newman-PC</Data><Data Name='SourcePort'>49696</Data><Data Name='SourcePortName'>-</Data><Data Name='DestinationIsIpv6'>false</Data><Data Name='DestinationIp'>10.240.240.5</Data><Data Name='DestinationHostname'>Newman-PC</Data><Data Name='DestinationPort'>139</Data><Data Name='DestinationPortName'>netbios-ssn</Data></EventData></Event><Event xmlns='http://schemas.microsoft.com/win/2004/08/events/event'><System><Provider Name='Microsoft-Windows-Sysmon' Guid='{5770385f-c22a-43e0-bf4c-06f5698ffbd9}'/><EventID>3</EventID><Version>5</Version><Level>4</Level><Task>3</Task><Opcode>0</Opcode><Keywords>0x8000000000000000</Keywords><TimeCreated SystemTime='2023-07-23T23:10:31.6891245Z'/><EventRecordID>30668</EventRecordID><Correlation/><Execution ProcessID='2924' ThreadID='3292'/><Channel>Microsoft-Windows-Sysmon/Operational</Channel><Computer>Newman-PC</Computer><Security UserID='S-1-5-18'/></System><EventData><Data Name='RuleName'>-</Data><Data Name='UtcTime'>2023-07-23 23:10:29.816</Data><Data Name='ProcessGuid'>{758cb1f7-b34d-64bd-8e00-000000004200}</Data><Data Name='ProcessId'>6708</Data><Data Name='Image'>C:\Program Files (x86)\Nmap\nmap.exe</Data><Data Name='User'>NEWMAN-PC\Newman</Data><Data Name='Protocol'>tcp</Data><Data Name='Initiated'>true</Data><Data Name='SourceIsIpv6'>false</Data><Data Name='SourceIp'>10.240.240.5</Data><Data Name='SourceHostname'>Newman-PC</Data><Data Name='SourcePort'>49695</Data><Data Name='SourcePortName'>-</Data><Data Name='DestinationIsIpv6'>false</Data><Data Name='DestinationIp'>10.240.240.5</Data><Data Name='DestinationHostname'>Newman-PC</Data><Data Name='DestinationPort'>135</Data><Data Name='DestinationPortName'>epmap</Data></EventData></Event><Event xmlns='http://schemas.microsoft.com/win/2004/08/events/event'><System><Provider Name='Microsoft-Windows-Sysmon' Guid='{5770385f-c22a-43e0-bf4c-06f5698ffbd9}'/><EventID>1</EventID><Version>5</Version><Level>4</Level><Task>1</Task><Opcode>0</Opcode><Keywords>0x8000000000000000</Keywords><TimeCreated SystemTime='2023-07-23T23:10:19.1319256Z'/><EventRecordID>30667</EventRecordID><Correlation/><Execution ProcessID='2924' ThreadID='3284'/><Channel>Microsoft-Windows-Sysmon/Operational</Channel><Computer>Newman-PC</Computer><Security UserID='S-1-5-18'/></System><EventData><Data Name='RuleName'>-</Data><Data Name='UtcTime'>2023-07-23 23:10:19.129</Data><Data Name='ProcessGuid'>{758cb1f7-b35b-64bd-9100-000000004200}</Data><Data Name='ProcessId'>6840</Data><Data Name='Image'>C:\Windows\System32\taskhostw.exe</Data><Data Name='FileVersion'>10.0.22621.1635 (WinBuild.160101.0800)</Data><Data Name='Description'>Host Process for Windows Tasks</Data><Data Name='Product'>Microsoft® Windows® Operating System</Data><Data Name='Company'>Microsoft Corporation</Data><Data Name='OriginalFileName'>taskhostw.exe</Data><Data Name='CommandLine'>taskhostw.exe $(Arg0)</Data><Data Name='CurrentDirectory'>C:\Windows\system32\</Data><Data Name='User'>NEWMAN-PC\Newman</Data><Data Name='LogonGuid'>{758cb1f7-b319-64bd-f4c5-050000000000}</Data><Data Name='LogonId'>0x5c5f4</Data><Data Name='TerminalSessionId'>1</Data><Data Name='IntegrityLevel'>High</Data><Data Name='Hashes'>MD5=4887A65FD4F6598AF4986CBC1C0E5488,SHA256=82472A84BCBB4009ADD338200F8E853FE4C5EAFE2E2C3A2D711B85BF29B72D54,IMPHASH=1C4E2D9936E4D9F2490B08AAB4D24260</Data><Data Name='ParentProcessGuid'>{758cb1f7-b312-64bd-1300-000000004200}</Data><Data Name='ParentProcessId'>1056</Data><Data Name='ParentImage'>C:\Windows\System32\svchost.exe</Data><Data Name='ParentCommandLine'>C:\Windows\system32\svchost.exe -k netsvcs -p</Data><Data Name='ParentUser'>NT AUTHORITY\SYSTEM</Data></EventData></Event><Event xmlns='http://schemas.microsoft.com/win/2004/08/events/event'><System><Provider Name='Microsoft-Windows-Sysmon' Guid='{5770385f-c22a-43e0-bf4c-06f5698ffbd9}'/><EventID>3</EventID><Version>5</Version><Level>4</Level><Task>3</Task><Opcode>0</Opcode><Keywords>0x8000000000000000</Keywords><TimeCreated SystemTime='2023-07-23T23:10:16.6396398Z'/><EventRecordID>30666</EventRecordID><Correlation/><Execution ProcessID='2924' ThreadID='3292'/><Channel>Microsoft-Windows-Sysmon/Operational</Channel><Computer>Newman-PC</Computer><Security UserID='S-1-5-18'/></System><EventData><Data Name='RuleName'>-</Data><Data Name='UtcTime'>2023-07-23 23:10:14.588</Data><Data Name='ProcessGuid'>{758cb1f7-b34d-64bd-8e00-000000004200}</Data><Data Name='ProcessId'>6708</Data><Data Name='Image'>C:\Program Files (x86)\Nmap\nmap.exe</Data><Data Name='User'>NEWMAN-PC\Newman</Data><Data Name='Protocol'>tcp</Data><Data Name='Initiated'>true</Data><Data Name='SourceIsIpv6'>false</Data><Data Name='SourceIp'>10.240.240.5</Data><Data Name='SourceHostname'>Newman-PC</Data><Data Name='SourcePort'>49694</Data><Data Name='SourcePortName'>-</Data><Data Name='DestinationIsIpv6'>false</Data><Data Name='DestinationIp'>10.240.240.6</Data><Data Name='DestinationHostname'>MSSQL-SR</Data><Data Name='DestinationPort'>445</Data><Data Name='DestinationPortName'>microsoft-ds</Data></EventData></Event><Event xmlns='http://schemas.microsoft.com/win/2004/08/events/event'><System><Provider Name='Microsoft-Windows-Sysmon' Guid='{5770385f-c22a-43e0-bf4c-06f5698ffbd9}'/><EventID>3</EventID><Version>5</Version><Level>4</Level><Task>3</Task><Opcode>0</Opcode><Keywords>0x8000000000000000</Keywords><TimeCreated SystemTime='2023-07-23T23:10:16.6396338Z'/><EventRecordID>30665</EventRecordID><Correlation/><Execution ProcessID='2924' ThreadID='3292'/><Channel>Microsoft-Windows-Sysmon/Operational</Channel><Computer>Newman-PC</Computer><Security UserID='S-1-5-18'/></System><EventData><Data Name='RuleName'>-</Data><Data Name='UtcTime'>2023-07-23 23:10:14.587</Data><Data Name='ProcessGuid'>{758cb1f7-b34d-64bd-8e00-000000004200}</Data><Data Name='ProcessId'>6708</Data><Data Name='Image'>C:\Program Files (x86)\Nmap\nmap.exe</Data><Data Name='User'>NEWMAN-PC\Newman</Data><Data Name='Protocol'>tcp</Data><Data Name='Initiated'>true</Data><Data Name='SourceIsIpv6'>false</Data><Data Name='SourceIp'>10.240.240.5</Data><Data Name='SourceHostname'>Newman-PC</Data><Data Name='SourcePort'>49693</Data><Data Name='SourcePortName'>-</Data><Data Name='DestinationIsIpv6'>false</Data><Data Name='DestinationIp'>10.240.240.4</Data><Data Name='DestinationHostname'>JERRY-PC</Data><Data Name='DestinationPort'>445</Data><Data Name='DestinationPortName'>microsoft-ds</Data></EventData></Event><Event xmlns='http://schemas.microsoft.com/win/2004/08/events/event'><System><Provider Name='Microsoft-Windows-Sysmon' Guid='{5770385f-c22a-43e0-bf4c-06f5698ffbd9}'/><EventID>3</EventID><Version>5</Version><Level>4</Level><Task>3</Task><Opcode>0</Opcode><Keywords>0x8000000000000000</Keywords><TimeCreated SystemTime='2023-07-23T23:10:16.6396278Z'/><EventRecordID>30664</EventRecordID><Correlation/><Execution ProcessID='2924' ThreadID='3292'/><Channel>Microsoft-Windows-Sysmon/Operational</Channel><Computer>Newman-PC</Computer><Security UserID='S-1-5-18'/></System><EventData><Data Name='RuleName'>-</Data><Data Name='UtcTime'>2023-07-23 23:10:14.587</Data><Data Name='ProcessGuid'>{758cb1f7-b34d-64bd-8e00-000000004200}</Data><Data Name='ProcessId'>6708</Data><Data Name='Image'>C:\Program Files (x86)\Nmap\nmap.exe</Data><Data Name='User'>NEWMAN-PC\Newman</Data><Data Name='Protocol'>tcp</Data><Data Name='Initiated'>true</Data><Data Name='SourceIsIpv6'>false</Data><Data Name='SourceIp'>10.240.240.5</Data><Data Name='SourceHostname'>Newman-PC</Data><Data Name='SourcePort'>49692</Data><Data Name='SourcePortName'>-</Data><Data Name='DestinationIsIpv6'>false</Data><Data Name='DestinationIp'>10.240.240.6</Data><Data Name='DestinationHostname'>MSSQL-SR</Data><Data Name='DestinationPort'>445</Data><Data Name='DestinationPortName'>microsoft-ds</Data></EventData></Event><Event xmlns='http://schemas.microsoft.com/win/2004/08/events/event'><System><Provider Name='Microsoft-Windows-Sysmon' Guid='{5770385f-c22a-43e0-bf4c-06f5698ffbd9}'/><EventID>3</EventID><Version>5</Version><Level>4</Level><Task>3</Task><Opcode>0</Opcode><Keywords>0x8000000000000000</Keywords><TimeCreated SystemTime='2023-07-23T23:10:16.6396215Z'/><EventRecordID>30663</EventRecordID><Correlation/><Execution ProcessID='2924' ThreadID='3292'/><Channel>Microsoft-Windows-Sysmon/Operational</Channel><Computer>Newman-PC</Computer><Security UserID='S-1-5-18'/></System><EventData><Data Name='RuleName'>-</Data><Data Name='UtcTime'>2023-07-23 23:10:14.586</Data><Data Name='ProcessGuid'>{758cb1f7-b34d-64bd-8e00-000000004200}</Data><Data Name='ProcessId'>6708</Data><Data Name='Image'>C:\Program Files (x86)\Nmap\nmap.exe</Data><Data Name='User'>NEWMAN-PC\Newman</Data><Data Name='Protocol'>tcp</Data><Data Name='Initiated'>true</Data><Data Name='SourceIsIpv6'>false</Data><Data Name='SourceIp'>10.240.240.5</Data><Data Name='SourceHostname'>Newman-PC</Data><Data Name='SourcePort'>49691</Data><Data Name='SourcePortName'>-</Data><Data Name='DestinationIsIpv6'>false</Data><Data Name='DestinationIp'>10.240.240.4</Data><Data Name='DestinationHostname'>JERRY-PC</Data><Data Name='DestinationPort'>445</Data><Data Name='DestinationPortName'>microsoft-ds</Data></EventData></Event><Event xmlns='http://schemas.microsoft.com/win/2004/08/events/event'><System><Provider Name='Microsoft-Windows-Sysmon' Guid='{5770385f-c22a-43e0-bf4c-06f5698ffbd9}'/><EventID>3</EventID><Version>5</Version><Level>4</Level><Task>3</Task><Opcode>0</Opcode><Keywords>0x8000000000000000</Keywords><TimeCreated SystemTime='2023-07-23T23:10:16.6396149Z'/><EventRecordID>30662</EventRecordID><Correlation/><Execution ProcessID='2924' ThreadID='3292'/><Channel>Microsoft-Windows-Sysmon/Operational</Channel><Computer>Newman-PC</Computer><Security UserID='S-1-5-18'/></System><EventData><Data Name='RuleName'>-</Data><Data Name='UtcTime'>2023-07-23 23:10:14.585</Data><Data Name='ProcessGuid'>{758cb1f7-b34d-64bd-8e00-000000004200}</Data><Data Name='ProcessId'>6708</Data><Data Name='Image'>C:\Program Files (x86)\Nmap\nmap.exe</Data><Data Name='User'>NEWMAN-PC\Newman</Data><Data Name='Protocol'>tcp</Data><Data Name='Initiated'>true</Data><Data Name='SourceIsIpv6'>false</Data><Data Name='SourceIp'>10.240.240.5</Data><Data Name='SourceHostname'>Newman-PC</Data><Data Name='SourcePort'>49690</Data><Data Name='SourcePortName'>-</Data><Data Name='DestinationIsIpv6'>false</Data><Data Name='DestinationIp'>10.240.240.6</Data><Data Name='DestinationHostname'>MSSQL-SR</Data><Data Name='DestinationPort'>445</Data><Data Name='DestinationPortName'>microsoft-ds</Data></EventData></Event><Event xmlns='http://schemas.microsoft.com/win/2004/08/events/event'><System><Provider Name='Microsoft-Windows-Sysmon' Guid='{5770385f-c22a-43e0-bf4c-06f5698ffbd9}'/><EventID>3</EventID><Version>5</Version><Level>4</Level><Task>3</Task><Opcode>0</Opcode><Keywords>0x8000000000000000</Keywords><TimeCreated SystemTime='2023-07-23T23:10:16.6396088Z'/><EventRecordID>30661</EventRecordID><Correlation/><Execution ProcessID='2924' ThreadID='3292'/><Channel>Microsoft-Windows-Sysmon/Operational</Channel><Computer>Newman-PC</Computer><Security UserID='S-1-5-18'/></System><EventData><Data Name='RuleName'>-</Data><Data Name='UtcTime'>2023-07-23 23:10:14.584</Data><Data Name='ProcessGuid'>{758cb1f7-b34d-64bd-8e00-000000004200}</Data><Data Name='ProcessId'>6708</Data><Data Name='Image'>C:\Program Files (x86)\Nmap\nmap.exe</Data><Data Name='User'>NEWMAN-PC\Newman</Data><Data Name='Protocol'>tcp</Data><Data Name='Initiated'>true</Data><Data Name='SourceIsIpv6'>false</Data><Data Name='SourceIp'>10.240.240.5</Data><Data Name='SourceHostname'>Newman-PC</Data><Data Name='SourcePort'>49689</Data><Data Name='SourcePortName'>-</Data><Data Name='DestinationIsIpv6'>false</Data><Data Name='DestinationIp'>10.240.240.4</Data><Data Name='DestinationHostname'>JERRY-PC</Data><Data Name='DestinationPort'>445</Data><Data Name='DestinationPortName'>microsoft-ds</Data></EventData></Event><Event xmlns='http://schemas.microsoft.com/win/2004/08/events/event'><System><Provider Name='Microsoft-Windows-Sysmon' Guid='{5770385f-c22a-43e0-bf4c-06f5698ffbd9}'/><EventID>3</EventID><Version>5</Version><Level>4</Level><Task>3</Task><Opcode>0</Opcode><Keywords>0x8000000000000000</Keywords><TimeCreated SystemTime='2023-07-23T23:10:16.6396022Z'/><EventRecordID>30660</EventRecordID><Correlation/><Execution ProcessID='2924' ThreadID='3292'/><Channel>Microsoft-Windows-Sysmon/Operational</Channel><Computer>Newman-PC</Computer><Security UserID='S-1-5-18'/></System><EventData><Data Name='RuleName'>-</Data><Data Name='UtcTime'>2023-07-23 23:10:14.582</Data><Data Name='ProcessGuid'>{758cb1f7-b34d-64bd-8e00-000000004200}</Data><Data Name='ProcessId'>6708</Data><Data Name='Image'>C:\Program Files (x86)\Nmap\nmap.exe</Data><Data Name='User'>NEWMAN-PC\Newman</Data><Data Name='Protocol'>tcp</Data><Data Name='Initiated'>true</Data><Data Name='SourceIsIpv6'>false</Data><Data Name='SourceIp'>10.240.240.5</Data><Data Name='SourceHostname'>Newman-PC</Data><Data Name='SourcePort'>49688</Data><Data Name='SourcePortName'>-</Data><Data Name='DestinationIsIpv6'>false</Data><Data Name='DestinationIp'>10.240.240.6</Data><Data Name='DestinationHostname'>MSSQL-SR</Data><Data Name='DestinationPort'>1433</Data><Data Name='DestinationPortName'>ms-sql-s</Data></EventData></Event><Event xmlns='http://schemas.microsoft.com/win/2004/08/events/event'><System><Provider Name='Microsoft-Windows-Sysmon' Guid='{5770385f-c22a-43e0-bf4c-06f5698ffbd9}'/><EventID>3</EventID><Version>5</Version><Level>4</Level><Task>3</Task><Opcode>0</Opcode><Keywords>0x8000000000000000</Keywords><TimeCreated SystemTime='2023-07-23T23:10:16.6395948Z'/><EventRecordID>30659</EventRecordID><Correlation/><Execution ProcessID='2924' ThreadID='3292'/><Channel>Microsoft-Windows-Sysmon/Operational</Channel><Computer>Newman-PC</Computer><Security UserID='S-1-5-18'/></System><EventData><Data Name='RuleName'>-</Data><Data Name='UtcTime'>2023-07-23 23:10:14.582</Data><Data Name='ProcessGuid'>{758cb1f7-b34d-64bd-8e00-000000004200}</Data><Data Name='ProcessId'>6708</Data><Data Name='Image'>C:\Program Files (x86)\Nmap\nmap.exe</Data><Data Name='User'>NEWMAN-PC\Newman</Data><Data Name='Protocol'>tcp</Data><Data Name='Initiated'>true</Data><Data Name='SourceIsIpv6'>false</Data><Data Name='SourceIp'>10.240.240.5</Data><Data Name='SourceHostname'>Newman-PC</Data><Data Name='SourcePort'>49687</Data><Data Name='SourcePortName'>-</Data><Data Name='DestinationIsIpv6'>false</Data><Data Name='DestinationIp'>10.240.240.6</Data><Data Name='DestinationHostname'>MSSQL-SR</Data><Data Name='DestinationPort'>139</Data><Data Name='DestinationPortName'>netbios-ssn</Data></EventData></Event><Event xmlns='http://schemas.microsoft.com/win/2004/08/events/event'><System><Provider Name='Microsoft-Windows-Sysmon' Guid='{5770385f-c22a-43e0-bf4c-06f5698ffbd9}'/><EventID>3</EventID><Version>5</Version><Level>4</Level><Task>3</Task><Opcode>0</Opcode><Keywords>0x8000000000000000</Keywords><TimeCreated SystemTime='2023-07-23T23:10:16.6395885Z'/><EventRecordID>30658</EventRecordID><Correlation/><Execution ProcessID='2924' ThreadID='3292'/><Channel>Microsoft-Windows-Sysmon/Operational</Channel><Computer>Newman-PC</Computer><Security UserID='S-1-5-18'/></System><EventData><Data Name='RuleName'>-</Data><Data Name='UtcTime'>2023-07-23 23:10:14.582</Data><Data Name='ProcessGuid'>{758cb1f7-b34d-64bd-8e00-000000004200}</Data><Data Name='ProcessId'>6708</Data><Data Name='Image'>C:\Program Files (x86)\Nmap\nmap.exe</Data><Data Name='User'>NEWMAN-PC\Newman</Data><Data Name='Protocol'>tcp</Data><Data Name='Initiated'>true</Data><Data Name='SourceIsIpv6'>false</Data><Data Name='SourceIp'>10.240.240.5</Data><Data Name='SourceHostname'>Newman-PC</Data><Data Name='SourcePort'>49686</Data><Data Name='SourcePortName'>-</Data><Data Name='DestinationIsIpv6'>false</Data><Data Name='DestinationIp'>10.240.240.4</Data><Data Name='DestinationHostname'>JERRY-PC</Data><Data Name='DestinationPort'>139</Data><Data Name='DestinationPortName'>netbios-ssn</Data></EventData></Event><Event xmlns='http://schemas.microsoft.com/win/2004/08/events/event'><System><Provider Name='Microsoft-Windows-Sysmon' Guid='{5770385f-c22a-43e0-bf4c-06f5698ffbd9}'/><EventID>3</EventID><Version>5</Version><Level>4</Level><Task>3</Task><Opcode>0</Opcode><Keywords>0x8000000000000000</Keywords><TimeCreated SystemTime='2023-07-23T23:10:16.6395822Z'/><EventRecordID>30657</EventRecordID><Correlation/><Execution ProcessID='2924' ThreadID='3292'/><Channel>Microsoft-Windows-Sysmon/Operational</Channel><Computer>Newman-PC</Computer><Security UserID='S-1-5-18'/></System><EventData><Data Name='RuleName'>-</Data><Data Name='UtcTime'>2023-07-23 23:10:14.582</Data><Data Name='ProcessGuid'>{758cb1f7-b34d-64bd-8e00-000000004200}</Data><Data Name='ProcessId'>6708</Data><Data Name='Image'>C:\Program Files (x86)\Nmap\nmap.exe</Data><Data Name='User'>NEWMAN-PC\Newman</Data><Data Name='Protocol'>tcp</Data><Data Name='Initiated'>true</Data><Data Name='SourceIsIpv6'>false</Data><Data Name='SourceIp'>10.240.240.5</Data><Data Name='SourceHostname'>Newman-PC</Data><Data Name='SourcePort'>49685</Data><Data Name='SourcePortName'>-</Data><Data Name='DestinationIsIpv6'>false</Data><Data Name='DestinationIp'>10.240.240.6</Data><Data Name='DestinationHostname'>MSSQL-SR</Data><Data Name='DestinationPort'>445</Data><Data Name='DestinationPortName'>microsoft-ds</Data></EventData></Event><Event xmlns='http://schemas.microsoft.com/win/2004/08/events/event'><System><Provider Name='Microsoft-Windows-Sysmon' Guid='{5770385f-c22a-43e0-bf4c-06f5698ffbd9}'/><EventID>3</EventID><Version>5</Version><Level>4</Level><Task>3</Task><Opcode>0</Opcode><Keywords>0x8000000000000000</Keywords><TimeCreated SystemTime='2023-07-23T23:10:16.6395752Z'/><EventRecordID>30656</EventRecordID><Correlation/><Execution ProcessID='2924' ThreadID='3292'/><Channel>Microsoft-Windows-Sysmon/Operational</Channel><Computer>Newman-PC</Computer><Security UserID='S-1-5-18'/></System><EventData><Data Name='RuleName'>-</Data><Data Name='UtcTime'>2023-07-23 23:10:14.580</Data><Data Name='ProcessGuid'>{758cb1f7-b34d-64bd-8e00-000000004200}</Data><Data Name='ProcessId'>6708</Data><Data Name='Image'>C:\Program Files (x86)\Nmap\nmap.exe</Data><Data Name='User'>NEWMAN-PC\Newman</Data><Data Name='Protocol'>tcp</Data><Data Name='Initiated'>true</Data><Data Name='SourceIsIpv6'>false</Data><Data Name='SourceIp'>10.240.240.5</Data><Data Name='SourceHostname'>Newman-PC</Data><Data Name='SourcePort'>49684</Data><Data Name='SourcePortName'>-</Data><Data Name='DestinationIsIpv6'>false</Data><Data Name='DestinationIp'>10.240.240.6</Data><Data Name='DestinationHostname'>MSSQL-SR</Data><Data Name='DestinationPort'>135</Data><Data Name='DestinationPortName'>epmap</Data></EventData></Event><Event xmlns='http://schemas.microsoft.com/win/2004/08/events/event'><System><Provider Name='Microsoft-Windows-Sysmon' Guid='{5770385f-c22a-43e0-bf4c-06f5698ffbd9}'/><EventID>3</EventID><Version>5</Version><Level>4</Level><Task>3</Task><Opcode>0</Opcode><Keywords>0x8000000000000000</Keywords><TimeCreated SystemTime='2023-07-23T23:10:16.6395676Z'/><EventRecordID>30655</EventRecordID><Correlation/><Execution ProcessID='2924' ThreadID='3292'/><Channel>Microsoft-Windows-Sysmon/Operational</Channel><Computer>Newman-PC</Computer><Security UserID='S-1-5-18'/></System><EventData><Data Name='RuleName'>-</Data><Data Name='UtcTime'>2023-07-23 23:10:14.580</Data><Data Name='ProcessGuid'>{758cb1f7-b34d-64bd-8e00-000000004200}</Data><Data Name='ProcessId'>6708</Data><Data Name='Image'>C:\Program Files (x86)\Nmap\nmap.exe</Data><Data Name='User'>NEWMAN-PC\Newman</Data><Data Name='Protocol'>tcp</Data><Data Name='Initiated'>true</Data><Data Name='SourceIsIpv6'>false</Data><Data Name='SourceIp'>10.240.240.5</Data><Data Name='SourceHostname'>Newman-PC</Data><Data Name='SourcePort'>49683</Data><Data Name='SourcePortName'>-</Data><Data Name='DestinationIsIpv6'>false</Data><Data Name='DestinationIp'>10.240.240.4</Data><Data Name='DestinationHostname'>JERRY-PC</Data><Data Name='DestinationPort'>445</Data><Data Name='DestinationPortName'>microsoft-ds</Data></EventData></Event><Event xmlns='http://schemas.microsoft.com/win/2004/08/events/event'><System><Provider Name='Microsoft-Windows-Sysmon' Guid='{5770385f-c22a-43e0-bf4c-06f5698ffbd9}'/><EventID>3</EventID><Version>5</Version><Level>4</Level><Task>3</Task><Opcode>0</Opcode><Keywords>0x8000000000000000</Keywords><TimeCreated SystemTime='2023-07-23T23:10:16.6395523Z'/><EventRecordID>30654</EventRecordID><Correlation/><Execution ProcessID='2924' ThreadID='3292'/><Channel>Microsoft-Windows-Sysmon/Operational</Channel><Computer>Newman-PC</Computer><Security UserID='S-1-5-18'/></System><EventData><Data Name='RuleName'>-</Data><Data Name='UtcTime'>2023-07-23 23:10:14.578</Data><Data Name='ProcessGuid'>{758cb1f7-b34d-64bd-8e00-000000004200}</Data><Data Name='ProcessId'>6708</Data><Data Name='Image'>C:\Program Files (x86)\Nmap\nmap.exe</Data><Data Name='User'>NEWMAN-PC\Newman</Data><Data Name='Protocol'>tcp</Data><Data Name='Initiated'>true</Data><Data Name='SourceIsIpv6'>false</Data><Data Name='SourceIp'>10.240.240.5</Data><Data Name='SourceHostname'>Newman-PC</Data><Data Name='SourcePort'>49682</Data><Data Name='SourcePortName'>-</Data><Data Name='DestinationIsIpv6'>false</Data><Data Name='DestinationIp'>10.240.240.4</Data><Data Name='DestinationHostname'>JERRY-PC</Data><Data Name='DestinationPort'>135</Data><Data Name='DestinationPortName'>epmap</Data></EventData></Event><Event xmlns='http://schemas.microsoft.com/win/2004/08/events/event'><System><Provider Name='Microsoft-Windows-Sysmon' Guid='{5770385f-c22a-43e0-bf4c-06f5698ffbd9}'/><EventID>22</EventID><Version>5</Version><Level>4</Level><Task>22</Task><Opcode>0</Opcode><Keywords>0x8000000000000000</Keywords><TimeCreated SystemTime='2023-07-23T23:10:15.1502574Z'/><EventRecordID>30653</EventRecordID><Correlation/><Execution ProcessID='2924' ThreadID='3336'/><Channel>Microsoft-Windows-Sysmon/Operational</Channel><Computer>Newman-PC</Computer><Security UserID='S-1-5-18'/></System><EventData><Data Name='RuleName'>-</Data><Data Name='UtcTime'>2023-07-23 23:10:13.300</Data><Data Name='ProcessGuid'>{758cb1f7-b318-64bd-4100-000000004200}</Data><Data Name='ProcessId'>3796</Data><Data Name='QueryName'>api.github.com</Data><Data Name='QueryStatus'>9852</Data><Data Name='QueryResults'>-</Data><Data Name='Image'>C:\Program Files\WindowsApps\MicrosoftCorporationII.WindowsSubsystemForLinux_1.2.5.0_x64__8wekyb3d8bbwe\wslservice.exe</Data><Data Name='User'>NT AUTHORITY\SYSTEM</Data></EventData></Event><Event xmlns='http://schemas.microsoft.com/win/2004/08/events/event'><System><Provider Name='Microsoft-Windows-Sysmon' Guid='{5770385f-c22a-43e0-bf4c-06f5698ffbd9}'/><EventID>3</EventID><Version>5</Version><Level>4</Level><Task>3</Task><Opcode>0</Opcode><Keywords>0x8000000000000000</Keywords><TimeCreated SystemTime='2023-07-23T23:10:11.2139731Z'/><EventRecordID>30652</EventRecordID><Correlation/><Execution ProcessID='2924' ThreadID='3292'/><Channel>Microsoft-Windows-Sysmon/Operational</Channel><Computer>Newman-PC</Computer><Security UserID='S-1-5-18'/></System><EventData><Data Name='RuleName'>-</Data><Data Name='UtcTime'>2023-07-23 23:10:08.560</Data><Data Name='ProcessGuid'>{758cb1f7-b34d-64bd-8e00-000000004200}</Data><Data Name='ProcessId'>6708</Data><Data Name='Image'>C:\Program Files (x86)\Nmap\nmap.exe</Data><Data Name='User'>NEWMAN-PC\Newman</Data><Data Name='Protocol'>tcp</Data><Data Name='Initiated'>true</Data><Data Name='SourceIsIpv6'>false</Data><Data Name='SourceIp'>10.240.240.5</Data><Data Name='SourceHostname'>Newman-PC</Data><Data Name='SourcePort'>49681</Data><Data Name='SourcePortName'>-</Data><Data Name='DestinationIsIpv6'>false</Data><Data Name='DestinationIp'>10.240.240.6</Data><Data Name='DestinationHostname'>-</Data><Data Name='DestinationPort'>1433</Data><Data Name='DestinationPortName'>ms-sql-s</Data></EventData></Event><Event xmlns='http://schemas.microsoft.com/win/2004/08/events/event'><System><Provider Name='Microsoft-Windows-Sysmon' Guid='{5770385f-c22a-43e0-bf4c-06f5698ffbd9}'/><EventID>3</EventID><Version>5</Version><Level>4</Level><Task>3</Task><Opcode>0</Opcode><Keywords>0x8000000000000000</Keywords><TimeCreated SystemTime='2023-07-23T23:10:11.2139667Z'/><EventRecordID>30651</EventRecordID><Correlation/><Execution ProcessID='2924' ThreadID='3292'/><Channel>Microsoft-Windows-Sysmon/Operational</Channel><Computer>Newman-PC</Computer><Security UserID='S-1-5-18'/></System><EventData><Data Name='RuleName'>-</Data><Data Name='UtcTime'>2023-07-23 23:10:08.559</Data><Data Name='ProcessGuid'>{758cb1f7-b34d-64bd-8e00-000000004200}</Data><Data Name='ProcessId'>6708</Data><Data Name='Image'>C:\Program Files (x86)\Nmap\nmap.exe</Data><Data Name='User'>NEWMAN-PC\Newman</Data><Data Name='Protocol'>tcp</Data><Data Name='Initiated'>true</Data><Data Name='SourceIsIpv6'>false</Data><Data Name='SourceIp'>10.240.240.5</Data><Data Name='SourceHostname'>Newman-PC</Data><Data Name='SourcePort'>49680</Data><Data Name='SourcePortName'>-</Data><Data Name='DestinationIsIpv6'>false</Data><Data Name='DestinationIp'>10.240.240.6</Data><Data Name='DestinationHostname'>-</Data><Data Name='DestinationPort'>445</Data><Data Name='DestinationPortName'>microsoft-ds</Data></EventData></Event><Event xmlns='http://schemas.microsoft.com/win/2004/08/events/event'><System><Provider Name='Microsoft-Windows-Sysmon' Guid='{5770385f-c22a-43e0-bf4c-06f5698ffbd9}'/><EventID>3</EventID><Version>5</Version><Level>4</Level><Task>3</Task><Opcode>0</Opcode><Keywords>0x8000000000000000</Keywords><TimeCreated SystemTime='2023-07-23T23:10:11.2139600Z'/><EventRecordID>30650</EventRecordID><Correlation/><Execution ProcessID='2924' ThreadID='3292'/><Channel>Microsoft-Windows-Sysmon/Operational</Channel><Computer>Newman-PC</Computer><Security UserID='S-1-5-18'/></System><EventData><Data Name='RuleName'>-</Data><Data Name='UtcTime'>2023-07-23 23:10:08.559</Data><Data Name='ProcessGuid'>{758cb1f7-b34d-64bd-8e00-000000004200}</Data><Data Name='ProcessId'>6708</Data><Data Name='Image'>C:\Program Files (x86)\Nmap\nmap.exe</Data><Data Name='User'>NEWMAN-PC\Newman</Data><Data Name='Protocol'>tcp</Data><Data Name='Initiated'>true</Data><Data Name='SourceIsIpv6'>false</Data><Data Name='SourceIp'>10.240.240.5</Data><Data Name='SourceHostname'>Newman-PC</Data><Data Name='SourcePort'>49679</Data><Data Name='SourcePortName'>-</Data><Data Name='DestinationIsIpv6'>false</Data><Data Name='DestinationIp'>10.240.240.6</Data><Data Name='DestinationHostname'>-</Data><Data Name='DestinationPort'>139</Data><Data Name='DestinationPortName'>netbios-ssn</Data></EventData></Event><Event xmlns='http://schemas.microsoft.com/win/2004/08/events/event'><System><Provider Name='Microsoft-Windows-Sysmon' Guid='{5770385f-c22a-43e0-bf4c-06f5698ffbd9}'/><EventID>3</EventID><Version>5</Version><Level>4</Level><Task>3</Task><Opcode>0</Opcode><Keywords>0x8000000000000000</Keywords><TimeCreated SystemTime='2023-07-23T23:10:11.2139526Z'/><EventRecordID>30649</EventRecordID><Correlation/><Execution ProcessID='2924' ThreadID='3292'/><Channel>Microsoft-Windows-Sysmon/Operational</Channel><Computer>Newman-PC</Computer><Security UserID='S-1-5-18'/></System><EventData><Data Name='RuleName'>-</Data><Data Name='UtcTime'>2023-07-23 23:10:08.559</Data><Data Name='ProcessGuid'>{758cb1f7-b34d-64bd-8e00-000000004200}</Data><Data Name='ProcessId'>6708</Data><Data Name='Image'>C:\Program Files (x86)\Nmap\nmap.exe</Data><Data Name='User'>NEWMAN-PC\Newman</Data><Data Name='Protocol'>tcp</Data><Data Name='Initiated'>true</Data><Data Name='SourceIsIpv6'>false</Data><Data Name='SourceIp'>10.240.240.5</Data><Data Name='SourceHostname'>Newman-PC</Data><Data Name='SourcePort'>49677</Data><Data Name='SourcePortName'>-</Data><Data Name='DestinationIsIpv6'>false</Data><Data Name='DestinationIp'>10.240.240.4</Data><Data Name='DestinationHostname'>JERRY-PC</Data><Data Name='DestinationPort'>445</Data><Data Name='DestinationPortName'>microsoft-ds</Data></EventData></Event><Event xmlns='http://schemas.microsoft.com/win/2004/08/events/event'><System><Provider Name='Microsoft-Windows-Sysmon' Guid='{5770385f-c22a-43e0-bf4c-06f5698ffbd9}'/><EventID>3</EventID><Version>5</Version><Level>4</Level><Task>3</Task><Opcode>0</Opcode><Keywords>0x8000000000000000</Keywords><TimeCreated SystemTime='2023-07-23T23:10:11.2139360Z'/><EventRecordID>30648</EventRecordID><Correlation/><Execution ProcessID='2924' ThreadID='3292'/><Channel>Microsoft-Windows-Sysmon/Operational</Channel><Computer>Newman-PC</Computer><Security UserID='S-1-5-18'/></System><EventData><Data Name='RuleName'>-</Data><Data Name='UtcTime'>2023-07-23 23:10:08.559</Data><Data Name='ProcessGuid'>{758cb1f7-b34d-64bd-8e00-000000004200}</Data><Data Name='ProcessId'>6708</Data><Data Name='Image'>C:\Program Files (x86)\Nmap\nmap.exe</Data><Data Name='User'>NEWMAN-PC\Newman</Data><Data Name='Protocol'>tcp</Data><Data Name='Initiated'>true</Data><Data Name='SourceIsIpv6'>false</Data><Data Name='SourceIp'>10.240.240.5</Data><Data Name='SourceHostname'>Newman-PC</Data><Data Name='SourcePort'>49678</Data><Data Name='SourcePortName'>-</Data><Data Name='DestinationIsIpv6'>false</Data><Data Name='DestinationIp'>10.240.240.6</Data><Data Name='DestinationHostname'>-</Data><Data Name='DestinationPort'>135</Data><Data Name='DestinationPortName'>epmap</Data></EventData></Event><Event xmlns='http://schemas.microsoft.com/win/2004/08/events/event'><System><Provider Name='Microsoft-Windows-Sysmon' Guid='{5770385f-c22a-43e0-bf4c-06f5698ffbd9}'/><EventID>3</EventID><Version>5</Version><Level>4</Level><Task>3</Task><Opcode>0</Opcode><Keywords>0x8000000000000000</Keywords><TimeCreated SystemTime='2023-07-23T23:10:10.4283337Z'/><EventRecordID>30647</EventRecordID><Correlation/><Execution ProcessID='2924' ThreadID='3292'/><Channel>Microsoft-Windows-Sysmon/Operational</Channel><Computer>Newman-PC</Computer><Security UserID='S-1-5-18'/></System><EventData><Data Name='RuleName'>-</Data><Data Name='UtcTime'>2023-07-23 23:10:08.559</Data><Data Name='ProcessGuid'>{758cb1f7-b34d-64bd-8e00-000000004200}</Data><Data Name='ProcessId'>6708</Data><Data Name='Image'>C:\Program Files (x86)\Nmap\nmap.exe</Data><Data Name='User'>NEWMAN-PC\Newman</Data><Data Name='Protocol'>tcp</Data><Data Name='Initiated'>true</Data><Data Name='SourceIsIpv6'>false</Data><Data Name='SourceIp'>10.240.240.5</Data><Data Name='SourceHostname'>Newman-PC</Data><Data Name='SourcePort'>49676</Data><Data Name='SourcePortName'>-</Data><Data Name='DestinationIsIpv6'>false</Data><Data Name='DestinationIp'>10.240.240.4</Data><Data Name='DestinationHostname'>JERRY-PC</Data><Data Name='DestinationPort'>139</Data><Data Name='DestinationPortName'>netbios-ssn</Data></EventData></Event><Event xmlns='http://schemas.microsoft.com/win/2004/08/events/event'><System><Provider Name='Microsoft-Windows-Sysmon' Guid='{5770385f-c22a-43e0-bf4c-06f5698ffbd9}'/><EventID>3</EventID><Version>5</Version><Level>4</Level><Task>3</Task><Opcode>0</Opcode><Keywords>0x8000000000000000</Keywords><TimeCreated SystemTime='2023-07-23T23:10:10.4283192Z'/><EventRecordID>30646</EventRecordID><Correlation/><Execution ProcessID='2924' ThreadID='3292'/><Channel>Microsoft-Windows-Sysmon/Operational</Channel><Computer>Newman-PC</Computer><Security UserID='S-1-5-18'/></System><EventData><Data Name='RuleName'>-</Data><Data Name='UtcTime'>2023-07-23 23:10:08.559</Data><Data Name='ProcessGuid'>{758cb1f7-b34d-64bd-8e00-000000004200}</Data><Data Name='ProcessId'>6708</Data><Data Name='Image'>C:\Program Files (x86)\Nmap\nmap.exe</Data><Data Name='User'>NEWMAN-PC\Newman</Data><Data Name='Protocol'>tcp</Data><Data Name='Initiated'>true</Data><Data Name='SourceIsIpv6'>false</Data><Data Name='SourceIp'>10.240.240.5</Data><Data Name='SourceHostname'>Newman-PC</Data><Data Name='SourcePort'>49675</Data><Data Name='SourcePortName'>-</Data><Data Name='DestinationIsIpv6'>false</Data><Data Name='DestinationIp'>10.240.240.4</Data><Data Name='DestinationHostname'>JERRY-PC</Data><Data Name='DestinationPort'>135</Data><Data Name='DestinationPortName'>epmap</Data></EventData></Event><Event xmlns='http://schemas.microsoft.com/win/2004/08/events/event'><System><Provider Name='Microsoft-Windows-Sysmon' Guid='{5770385f-c22a-43e0-bf4c-06f5698ffbd9}'/><EventID>1</EventID><Version>5</Version><Level>4</Level><Task>1</Task><Opcode>0</Opcode><Keywords>0x8000000000000000</Keywords><TimeCreated SystemTime='2023-07-23T23:10:07.8095648Z'/><EventRecordID>30645</EventRecordID><Correlation/><Execution ProcessID='2924' ThreadID='3284'/><Channel>Microsoft-Windows-Sysmon/Operational</Channel><Computer>Newman-PC</Computer><Security UserID='S-1-5-18'/></System><EventData><Data Name='RuleName'>-</Data><Data Name='UtcTime'>2023-07-23 23:10:07.806</Data><Data Name='ProcessGuid'>{758cb1f7-b34f-64bd-9000-000000004200}</Data><Data Name='ProcessId'>6760</Data><Data Name='Image'>C:\Windows\System32\dxgiadaptercache.exe</Data><Data Name='FileVersion'>10.0.22621.1635 (WinBuild.160101.0800)</Data><Data Name='Description'>DXGI Adapter Cache</Data><Data Name='Product'>Microsoft® Windows® Operating System</Data><Data Name='Company'>Microsoft Corporation</Data><Data Name='OriginalFileName'>DXGIAdapterCache.exe</Data><Data Name='CommandLine'>"C:\Windows\system32\dxgiadaptercache.exe"</Data><Data Name='CurrentDirectory'>C:\Windows\system32\</Data><Data Name='User'>NT AUTHORITY\SYSTEM</Data><Data Name='LogonGuid'>{758cb1f7-b312-64bd-e703-000000000000}</Data><Data Name='LogonId'>0x3e7</Data><Data Name='TerminalSessionId'>0</Data><Data Name='IntegrityLevel'>System</Data><Data Name='Hashes'>MD5=ED2DFECAAF4E431B0BBD61D2E8493443,SHA256=0423185728EE22FD6F35A42FD26FE80E2E2B6B78472A6BD96EBCD27FE4DDB9B6,IMPHASH=2D0256D01E3040C4CBAC0B67964DBD15</Data><Data Name='ParentProcessGuid'>{758cb1f7-b312-64bd-1300-000000004200}</Data><Data Name='ParentProcessId'>1056</Data><Data Name='ParentImage'>C:\Windows\System32\svchost.exe</Data><Data Name='ParentCommandLine'>C:\Windows\system32\svchost.exe -k netsvcs -p</Data><Data Name='ParentUser'>NT AUTHORITY\SYSTEM</Data></EventData></Event>