<?xml version="1.0" encoding="utf-8" standalone="yes"?>
<Events><Event xmlns='http://schemas.microsoft.com/win/2004/08/events/event'><System><Provider Name='Microsoft-Windows-Sysmon' Guid='{5770385f-c22a-43e0-bf4c-06f5698ffbd9}'/><EventID>13</EventID><Version>2</Version><Level>4</Level><Task>13</Task><Opcode>0</Opcode><Keywords>0x8000000000000000</Keywords><TimeCreated SystemTime='2023-07-23T23:22:12.4019937Z'/><EventRecordID>12226</EventRecordID><Correlation/><Execution ProcessID='2760' ThreadID='3284'/><Channel>Microsoft-Windows-Sysmon/Operational</Channel><Computer>Jerry-PC</Computer><Security UserID='S-1-5-18'/></System><EventData><Data Name='RuleName'>-</Data><Data Name='EventType'>SetValue</Data><Data Name='UtcTime'>2023-07-23 23:22:12.394</Data><Data Name='ProcessGuid'>{3f0f5ad4-b311-64bd-1900-000000003100}</Data><Data Name='ProcessId'>1280</Data><Data Name='Image'>C:\Windows\system32\svchost.exe</Data><Data Name='TargetObject'>HKLM\SOFTWARE\Microsoft\Windows\CurrentVersion\WINEVT\Channels\Microsoft-Windows-Sysmon/Operational\Enabled</Data><Data Name='Details'>DWORD (0x00000000)</Data><Data Name='User'>NT AUTHORITY\LOCAL SERVICE</Data></EventData></Event><Event xmlns='http://schemas.microsoft.com/win/2004/08/events/event'><System><Provider Name='Microsoft-Windows-Sysmon' Guid='{5770385f-c22a-43e0-bf4c-06f5698ffbd9}'/><EventID>13</EventID><Version>2</Version><Level>4</Level><Task>13</Task><Opcode>0</Opcode><Keywords>0x8000000000000000</Keywords><TimeCreated SystemTime='2023-07-23T23:21:59.1711071Z'/><EventRecordID>12225</EventRecordID><Correlation/><Execution ProcessID='2760' ThreadID='3284'/><Channel>Microsoft-Windows-Sysmon/Operational</Channel><Computer>Jerry-PC</Computer><Security UserID='S-1-5-18'/></System><EventData><Data Name='RuleName'>InvDB-DriverVer</Data><Data Name='EventType'>SetValue</Data><Data Name='UtcTime'>2023-07-23 23:21:59.166</Data><Data Name='ProcessGuid'>{3f0f5ad4-b311-64bd-1600-000000003100}</Data><Data Name='ProcessId'>1132</Data><Data Name='Image'>C:\Windows\System32\svchost.exe</Data><Data Name='TargetObject'>\REGISTRY\A\{5dfb6902-580d-20f2-eee2-25aecfb2b037}\Root\InventoryDevicePnp\sw/{96e080c7-143c-11d1-b40f-00a0c9223196}/{3c0d501a-140b-11d1-b40f-00a0c9223196}\DriverVerVersion</Data><Data Name='Details'>10.0.22621.1</Data><Data Name='User'>NT AUTHORITY\SYSTEM</Data></EventData></Event><Event xmlns='http://schemas.microsoft.com/win/2004/08/events/event'><System><Provider Name='Microsoft-Windows-Sysmon' Guid='{5770385f-c22a-43e0-bf4c-06f5698ffbd9}'/><EventID>1</EventID><Version>5</Version><Level>4</Level><Task>1</Task><Opcode>0</Opcode><Keywords>0x8000000000000000</Keywords><TimeCreated SystemTime='2023-07-23T23:21:53.6006755Z'/><EventRecordID>12224</EventRecordID><Correlation/><Execution ProcessID='2760' ThreadID='3284'/><Channel>Microsoft-Windows-Sysmon/Operational</Channel><Computer>Jerry-PC</Computer><Security UserID='S-1-5-18'/></System><EventData><Data Name='RuleName'>-</Data><Data Name='UtcTime'>2023-07-23 23:21:53.598</Data><Data Name='ProcessGuid'>{3f0f5ad4-b611-64bd-6501-000000003100}</Data><Data Name='ProcessId'>648</Data><Data Name='Image'>C:\Windows\System32\mmc.exe</Data><Data Name='FileVersion'>10.0.22621.1635 (WinBuild.160101.0800)</Data><Data Name='Description'>Microsoft Management Console</Data><Data Name='Product'>Microsoft® Windows® Operating System</Data><Data Name='Company'>Microsoft Corporation</Data><Data Name='OriginalFileName'>mmc.exe</Data><Data Name='CommandLine'>"C:\Windows\system32\mmc.exe" "C:\Windows\system32\eventvwr.msc" /s</Data><Data Name='CurrentDirectory'>C:\Windows\system32\</Data><Data Name='User'>JERRY-PC\Jerry</Data><Data Name='LogonGuid'>{3f0f5ad4-b317-64bd-235a-050000000000}</Data><Data Name='LogonId'>0x55a23</Data><Data Name='TerminalSessionId'>1</Data><Data Name='IntegrityLevel'>High</Data><Data Name='Hashes'>MD5=A9B316AC836E5DD52B3400360FB6BE11,SHA256=B51FA04E1AB151527E5A82F145CD4C5E07E0DD4D9F3D105359BA5137D0DCF43B,IMPHASH=C4E2592E8FD90F2329C47BE117CF9C56</Data><Data Name='ParentProcessGuid'>{3f0f5ad4-b318-64bd-4500-000000003100}</Data><Data Name='ParentProcessId'>3440</Data><Data Name='ParentImage'>C:\Windows\explorer.exe</Data><Data Name='ParentCommandLine'>C:\Windows\Explorer.EXE</Data><Data Name='ParentUser'>JERRY-PC\Jerry</Data></EventData></Event><Event xmlns='http://schemas.microsoft.com/win/2004/08/events/event'><System><Provider Name='Microsoft-Windows-Sysmon' Guid='{5770385f-c22a-43e0-bf4c-06f5698ffbd9}'/><EventID>1</EventID><Version>5</Version><Level>4</Level><Task>1</Task><Opcode>0</Opcode><Keywords>0x8000000000000000</Keywords><TimeCreated SystemTime='2023-07-23T23:21:53.4942232Z'/><EventRecordID>12223</EventRecordID><Correlation/><Execution ProcessID='2760' ThreadID='3284'/><Channel>Microsoft-Windows-Sysmon/Operational</Channel><Computer>Jerry-PC</Computer><Security UserID='S-1-5-18'/></System><EventData><Data Name='RuleName'>-</Data><Data Name='UtcTime'>2023-07-23 23:21:53.493</Data><Data Name='ProcessGuid'>{3f0f5ad4-b611-64bd-6401-000000003100}</Data><Data Name='ProcessId'>7660</Data><Data Name='Image'>C:\Windows\System32\consent.exe</Data><Data Name='FileVersion'>10.0.22621.1635 (WinBuild.160101.0800)</Data><Data Name='Description'>Consent UI for administrative applications</Data><Data Name='Product'>Microsoft® Windows® Operating System</Data><Data Name='Company'>Microsoft Corporation</Data><Data Name='OriginalFileName'>consent.exe</Data><Data Name='CommandLine'>consent.exe 1032 426 000001C94E876DA0</Data><Data Name='CurrentDirectory'>C:\Windows\system32\</Data><Data Name='User'>NT AUTHORITY\SYSTEM</Data><Data Name='LogonGuid'>{3f0f5ad4-b311-64bd-e703-000000000000}</Data><Data Name='LogonId'>0x3e7</Data><Data Name='TerminalSessionId'>1</Data><Data Name='IntegrityLevel'>System</Data><Data Name='Hashes'>MD5=69380C642A8A6D6684B627E57276794C,SHA256=8846219FBC8A8AF3717B7F7DD82EB4C66C622CC8A6FB885EC0B7DAE707C22AA4,IMPHASH=5D0C875DBD930A73D5A983016E384930</Data><Data Name='ParentProcessGuid'>{3f0f5ad4-b311-64bd-1300-000000003100}</Data><Data Name='ParentProcessId'>1032</Data><Data Name='ParentImage'>C:\Windows\System32\svchost.exe</Data><Data Name='ParentCommandLine'>C:\Windows\system32\svchost.exe -k netsvcs -p</Data><Data Name='ParentUser'>NT AUTHORITY\SYSTEM</Data></EventData></Event><Event xmlns='http://schemas.microsoft.com/win/2004/08/events/event'><System><Provider Name='Microsoft-Windows-Sysmon' Guid='{5770385f-c22a-43e0-bf4c-06f5698ffbd9}'/><EventID>1</EventID><Version>5</Version><Level>4</Level><Task>1</Task><Opcode>0</Opcode><Keywords>0x8000000000000000</Keywords><TimeCreated SystemTime='2023-07-23T23:21:53.3849956Z'/><EventRecordID>12222</EventRecordID><Correlation/><Execution ProcessID='2760' ThreadID='3284'/><Channel>Microsoft-Windows-Sysmon/Operational</Channel><Computer>Jerry-PC</Computer><Security UserID='S-1-5-18'/></System><EventData><Data Name='RuleName'>-</Data><Data Name='UtcTime'>2023-07-23 23:21:53.367</Data><Data Name='ProcessGuid'>{3f0f5ad4-b611-64bd-6301-000000003100}</Data><Data Name='ProcessId'>8064</Data><Data Name='Image'>C:\Windows\System32\mmc.exe</Data><Data Name='FileVersion'>10.0.22621.1635 (WinBuild.160101.0800)</Data><Data Name='Description'>Microsoft Management Console</Data><Data Name='Product'>Microsoft® Windows® Operating System</Data><Data Name='Company'>Microsoft Corporation</Data><Data Name='OriginalFileName'>mmc.exe</Data><Data Name='CommandLine'>"C:\Windows\system32\mmc.exe" "C:\Windows\system32\eventvwr.msc" /s</Data><Data Name='CurrentDirectory'>C:\Windows\system32\</Data><Data Name='User'>JERRY-PC\Jerry</Data><Data Name='LogonGuid'>{3f0f5ad4-b317-64bd-795a-050000000000}</Data><Data Name='LogonId'>0x55a79</Data><Data Name='TerminalSessionId'>1</Data><Data Name='IntegrityLevel'>Medium</Data><Data Name='Hashes'>MD5=A9B316AC836E5DD52B3400360FB6BE11,SHA256=B51FA04E1AB151527E5A82F145CD4C5E07E0DD4D9F3D105359BA5137D0DCF43B,IMPHASH=C4E2592E8FD90F2329C47BE117CF9C56</Data><Data Name='ParentProcessGuid'>{3f0f5ad4-b318-64bd-4500-000000003100}</Data><Data Name='ParentProcessId'>3440</Data><Data Name='ParentImage'>C:\Windows\explorer.exe</Data><Data Name='ParentCommandLine'>C:\Windows\Explorer.EXE</Data><Data Name='ParentUser'>JERRY-PC\Jerry</Data></EventData></Event><Event xmlns='http://schemas.microsoft.com/win/2004/08/events/event'><System><Provider Name='Microsoft-Windows-Sysmon' Guid='{5770385f-c22a-43e0-bf4c-06f5698ffbd9}'/><EventID>1</EventID><Version>5</Version><Level>4</Level><Task>1</Task><Opcode>0</Opcode><Keywords>0x8000000000000000</Keywords><TimeCreated SystemTime='2023-07-23T23:21:48.9376682Z'/><EventRecordID>12221</EventRecordID><Correlation/><Execution ProcessID='2760' ThreadID='3284'/><Channel>Microsoft-Windows-Sysmon/Operational</Channel><Computer>Jerry-PC</Computer><Security UserID='S-1-5-18'/></System><EventData><Data Name='RuleName'>-</Data><Data Name='UtcTime'>2023-07-23 23:21:48.932</Data><Data Name='ProcessGuid'>{3f0f5ad4-b60c-64bd-6201-000000003100}</Data><Data Name='ProcessId'>1128</Data><Data Name='Image'>C:\Windows\System32\svchost.exe</Data><Data Name='FileVersion'>10.0.22621.1 (WinBuild.160101.0800)</Data><Data Name='Description'>Host Process for Windows Services</Data><Data Name='Product'>Microsoft® Windows® Operating System</Data><Data Name='Company'>Microsoft Corporation</Data><Data Name='OriginalFileName'>svchost.exe</Data><Data Name='CommandLine'>C:\Windows\System32\svchost.exe -k Camera</Data><Data Name='CurrentDirectory'>C:\Windows\system32\</Data><Data Name='User'>NT AUTHORITY\LOCAL SERVICE</Data><Data Name='LogonGuid'>{3f0f5ad4-b311-64bd-e503-000000000000}</Data><Data Name='LogonId'>0x3e5</Data><Data Name='TerminalSessionId'>0</Data><Data Name='IntegrityLevel'>System</Data><Data Name='Hashes'>MD5=8EC922C7A58A8701AB481B7BE9644536,SHA256=949BFB5B4C7D58D92F3F9C5F8EC7CA4CEAFFD10EC5F0020F0A987C472D61C54B,IMPHASH=76B4BAE80D2C3B08BB062D97BF9CA791</Data><Data Name='ParentProcessGuid'>{3f0f5ad4-b311-64bd-0b00-000000003100}</Data><Data Name='ParentProcessId'>724</Data><Data Name='ParentImage'>C:\Windows\System32\services.exe</Data><Data Name='ParentCommandLine'>C:\Windows\system32\services.exe</Data><Data Name='ParentUser'>NT AUTHORITY\SYSTEM</Data></EventData></Event><Event xmlns='http://schemas.microsoft.com/win/2004/08/events/event'><System><Provider Name='Microsoft-Windows-Sysmon' Guid='{5770385f-c22a-43e0-bf4c-06f5698ffbd9}'/><EventID>1</EventID><Version>5</Version><Level>4</Level><Task>1</Task><Opcode>0</Opcode><Keywords>0x8000000000000000</Keywords><TimeCreated SystemTime='2023-07-23T23:21:48.9372825Z'/><EventRecordID>12220</EventRecordID><Correlation/><Execution ProcessID='2760' ThreadID='3284'/><Channel>Microsoft-Windows-Sysmon/Operational</Channel><Computer>Jerry-PC</Computer><Security UserID='S-1-5-18'/></System><EventData><Data Name='RuleName'>-</Data><Data Name='UtcTime'>2023-07-23 23:21:48.928</Data><Data Name='ProcessGuid'>{3f0f5ad4-b60c-64bd-6101-000000003100}</Data><Data Name='ProcessId'>7780</Data><Data Name='Image'>C:\Windows\System32\svchost.exe</Data><Data Name='FileVersion'>10.0.22621.1 (WinBuild.160101.0800)</Data><Data Name='Description'>Host Process for Windows Services</Data><Data Name='Product'>Microsoft® Windows® Operating System</Data><Data Name='Company'>Microsoft Corporation</Data><Data Name='OriginalFileName'>svchost.exe</Data><Data Name='CommandLine'>C:\Windows\System32\svchost.exe -k CameraMonitor</Data><Data Name='CurrentDirectory'>C:\Windows\system32\</Data><Data Name='User'>NT AUTHORITY\SYSTEM</Data><Data Name='LogonGuid'>{3f0f5ad4-b311-64bd-e703-000000000000}</Data><Data Name='LogonId'>0x3e7</Data><Data Name='TerminalSessionId'>0</Data><Data Name='IntegrityLevel'>System</Data><Data Name='Hashes'>MD5=8EC922C7A58A8701AB481B7BE9644536,SHA256=949BFB5B4C7D58D92F3F9C5F8EC7CA4CEAFFD10EC5F0020F0A987C472D61C54B,IMPHASH=76B4BAE80D2C3B08BB062D97BF9CA791</Data><Data Name='ParentProcessGuid'>{3f0f5ad4-b311-64bd-0b00-000000003100}</Data><Data Name='ParentProcessId'>724</Data><Data Name='ParentImage'>C:\Windows\System32\services.exe</Data><Data Name='ParentCommandLine'>C:\Windows\system32\services.exe</Data><Data Name='ParentUser'>NT AUTHORITY\SYSTEM</Data></EventData></Event><Event xmlns='http://schemas.microsoft.com/win/2004/08/events/event'><System><Provider Name='Microsoft-Windows-Sysmon' Guid='{5770385f-c22a-43e0-bf4c-06f5698ffbd9}'/><EventID>1</EventID><Version>5</Version><Level>4</Level><Task>1</Task><Opcode>0</Opcode><Keywords>0x8000000000000000</Keywords><TimeCreated SystemTime='2023-07-23T23:21:15.5649634Z'/><EventRecordID>12219</EventRecordID><Correlation/><Execution ProcessID='2760' ThreadID='3284'/><Channel>Microsoft-Windows-Sysmon/Operational</Channel><Computer>Jerry-PC</Computer><Security UserID='S-1-5-18'/></System><EventData><Data Name='RuleName'>-</Data><Data Name='UtcTime'>2023-07-23 23:21:15.562</Data><Data Name='ProcessGuid'>{3f0f5ad4-b5eb-64bd-6001-000000003100}</Data><Data Name='ProcessId'>6936</Data><Data Name='Image'>C:\Windows\UUS\amd64\MoUsoCoreWorker.exe</Data><Data Name='FileVersion'>923.508.111.0</Data><Data Name='Description'>MoUSO Core Worker Process</Data><Data Name='Product'>Microsoft® Windows® Operating System</Data><Data Name='Company'>Microsoft Corporation</Data><Data Name='OriginalFileName'>MoUSOCoreWorker.exe</Data><Data Name='CommandLine'>C:\Windows\uus\AMD64\MoUsoCoreWorker.exe</Data><Data Name='CurrentDirectory'>C:\Windows\system32\</Data><Data Name='User'>NT AUTHORITY\SYSTEM</Data><Data Name='LogonGuid'>{3f0f5ad4-b311-64bd-e703-000000000000}</Data><Data Name='LogonId'>0x3e7</Data><Data Name='TerminalSessionId'>0</Data><Data Name='IntegrityLevel'>System</Data><Data Name='Hashes'>MD5=39BC544389E4BB61E7EA5ADBCD27758F,SHA256=4C182646655A1F0BB3501B0CD13BCF2FB5911A20A2A25BF590C4AD6DC0F7C158,IMPHASH=A71FE2391ABCCBF06D26B5D98D024572</Data><Data Name='ParentProcessGuid'>{3f0f5ad4-b311-64bd-1300-000000003100}</Data><Data Name='ParentProcessId'>1032</Data><Data Name='ParentImage'>C:\Windows\System32\svchost.exe</Data><Data Name='ParentCommandLine'>C:\Windows\system32\svchost.exe -k netsvcs -p</Data><Data Name='ParentUser'>NT AUTHORITY\SYSTEM</Data></EventData></Event><Event xmlns='http://schemas.microsoft.com/win/2004/08/events/event'><System><Provider Name='Microsoft-Windows-Sysmon' Guid='{5770385f-c22a-43e0-bf4c-06f5698ffbd9}'/><EventID>1</EventID><Version>5</Version><Level>4</Level><Task>1</Task><Opcode>0</Opcode><Keywords>0x8000000000000000</Keywords><TimeCreated SystemTime='2023-07-23T23:20:40.1237155Z'/><EventRecordID>12218</EventRecordID><Correlation/><Execution ProcessID='2760' ThreadID='3284'/><Channel>Microsoft-Windows-Sysmon/Operational</Channel><Computer>Jerry-PC</Computer><Security UserID='S-1-5-18'/></System><EventData><Data Name='RuleName'>-</Data><Data Name='UtcTime'>2023-07-23 23:20:40.122</Data><Data Name='ProcessGuid'>{3f0f5ad4-b5c8-64bd-5f01-000000003100}</Data><Data Name='ProcessId'>6608</Data><Data Name='Image'>C:\Windows\System32\taskhostw.exe</Data><Data Name='FileVersion'>10.0.22621.1635 (WinBuild.160101.0800)</Data><Data Name='Description'>Host Process for Windows Tasks</Data><Data Name='Product'>Microsoft® Windows® Operating System</Data><Data Name='Company'>Microsoft Corporation</Data><Data Name='OriginalFileName'>taskhostw.exe</Data><Data Name='CommandLine'>taskhostw.exe</Data><Data Name='CurrentDirectory'>C:\Windows\system32\</Data><Data Name='User'>NT AUTHORITY\SYSTEM</Data><Data Name='LogonGuid'>{3f0f5ad4-b311-64bd-e703-000000000000}</Data><Data Name='LogonId'>0x3e7</Data><Data Name='TerminalSessionId'>0</Data><Data Name='IntegrityLevel'>System</Data><Data Name='Hashes'>MD5=4887A65FD4F6598AF4986CBC1C0E5488,SHA256=82472A84BCBB4009ADD338200F8E853FE4C5EAFE2E2C3A2D711B85BF29B72D54,IMPHASH=1C4E2D9936E4D9F2490B08AAB4D24260</Data><Data Name='ParentProcessGuid'>{3f0f5ad4-b311-64bd-1300-000000003100}</Data><Data Name='ParentProcessId'>1032</Data><Data Name='ParentImage'>C:\Windows\System32\svchost.exe</Data><Data Name='ParentCommandLine'>C:\Windows\system32\svchost.exe -k netsvcs -p</Data><Data Name='ParentUser'>NT AUTHORITY\SYSTEM</Data></EventData></Event><Event xmlns='http://schemas.microsoft.com/win/2004/08/events/event'><System><Provider Name='Microsoft-Windows-Sysmon' Guid='{5770385f-c22a-43e0-bf4c-06f5698ffbd9}'/><EventID>1</EventID><Version>5</Version><Level>4</Level><Task>1</Task><Opcode>0</Opcode><Keywords>0x8000000000000000</Keywords><TimeCreated SystemTime='2023-07-23T23:20:37.6193132Z'/><EventRecordID>12217</EventRecordID><Correlation/><Execution ProcessID='2760' ThreadID='3284'/><Channel>Microsoft-Windows-Sysmon/Operational</Channel><Computer>Jerry-PC</Computer><Security UserID='S-1-5-18'/></System><EventData><Data Name='RuleName'>-</Data><Data Name='UtcTime'>2023-07-23 23:20:37.614</Data><Data Name='ProcessGuid'>{3f0f5ad4-b5c5-64bd-5e01-000000003100}</Data><Data Name='ProcessId'>2948</Data><Data Name='Image'>C:\Windows\WinSxS\amd64_microsoft-windows-servicingstack_31bf3856ad364e35_10.0.22621.1771_none_e92b991042f36e5c\TiWorker.exe</Data><Data Name='FileVersion'>10.0.22621.1771 (WinBuild.160101.0800)</Data><Data Name='Description'>Windows Modules Installer Worker</Data><Data Name='Product'>Microsoft® Windows® Operating System</Data><Data Name='Company'>Microsoft Corporation</Data><Data Name='OriginalFileName'>TiWorker.exe</Data><Data Name='CommandLine'>C:\Windows\winsxs\amd64_microsoft-windows-servicingstack_31bf3856ad364e35_10.0.22621.1771_none_e92b991042f36e5c\TiWorker.exe -Embedding</Data><Data Name='CurrentDirectory'>C:\Windows\system32\</Data><Data Name='User'>NT AUTHORITY\SYSTEM</Data><Data Name='LogonGuid'>{3f0f5ad4-b311-64bd-e703-000000000000}</Data><Data Name='LogonId'>0x3e7</Data><Data Name='TerminalSessionId'>0</Data><Data Name='IntegrityLevel'>System</Data><Data Name='Hashes'>MD5=AB7190CF976FB619602AB3EAE158E522,SHA256=7B34D9A14E1C0B8F824D398BCF2394FE006E7938BAF5A1E5905C8F80B948BDE8,IMPHASH=AB094FE9205855C660B3CC04E5BA912E</Data><Data Name='ParentProcessGuid'>{3f0f5ad4-b311-64bd-0d00-000000003100}</Data><Data Name='ParentProcessId'>876</Data><Data Name='ParentImage'>C:\Windows\System32\svchost.exe</Data><Data Name='ParentCommandLine'>C:\Windows\system32\svchost.exe -k DcomLaunch -p</Data><Data Name='ParentUser'>NT AUTHORITY\SYSTEM</Data></EventData></Event><Event xmlns='http://schemas.microsoft.com/win/2004/08/events/event'><System><Provider Name='Microsoft-Windows-Sysmon' Guid='{5770385f-c22a-43e0-bf4c-06f5698ffbd9}'/><EventID>1</EventID><Version>5</Version><Level>4</Level><Task>1</Task><Opcode>0</Opcode><Keywords>0x8000000000000000</Keywords><TimeCreated SystemTime='2023-07-23T23:20:37.5730297Z'/><EventRecordID>12216</EventRecordID><Correlation/><Execution ProcessID='2760' ThreadID='3284'/><Channel>Microsoft-Windows-Sysmon/Operational</Channel><Computer>Jerry-PC</Computer><Security UserID='S-1-5-18'/></System><EventData><Data Name='RuleName'>-</Data><Data Name='UtcTime'>2023-07-23 23:20:37.568</Data><Data Name='ProcessGuid'>{3f0f5ad4-b5c5-64bd-5d01-000000003100}</Data><Data Name='ProcessId'>7972</Data><Data Name='Image'>C:\Windows\servicing\TrustedInstaller.exe</Data><Data Name='FileVersion'>10.0.22621.1778 (WinBuild.160101.0800)</Data><Data Name='Description'>Windows Modules Installer</Data><Data Name='Product'>Microsoft® Windows® Operating System</Data><Data Name='Company'>Microsoft Corporation</Data><Data Name='OriginalFileName'>TrustedInstaller.exe</Data><Data Name='CommandLine'>C:\Windows\servicing\TrustedInstaller.exe</Data><Data Name='CurrentDirectory'>C:\Windows\system32\</Data><Data Name='User'>NT AUTHORITY\SYSTEM</Data><Data Name='LogonGuid'>{3f0f5ad4-b311-64bd-e703-000000000000}</Data><Data Name='LogonId'>0x3e7</Data><Data Name='TerminalSessionId'>0</Data><Data Name='IntegrityLevel'>System</Data><Data Name='Hashes'>MD5=787D7596715ABC11477817DB8908CA1F,SHA256=4F2083B1D5DF1F11D70FD4B11D0002C02203AB69EA8B876A471F5021096CA32B,IMPHASH=34D0AC011537DB517EC24EC6B7510B93</Data><Data Name='ParentProcessGuid'>{3f0f5ad4-b311-64bd-0b00-000000003100}</Data><Data Name='ParentProcessId'>724</Data><Data Name='ParentImage'>C:\Windows\System32\services.exe</Data><Data Name='ParentCommandLine'>C:\Windows\system32\services.exe</Data><Data Name='ParentUser'>NT AUTHORITY\SYSTEM</Data></EventData></Event><Event xmlns='http://schemas.microsoft.com/win/2004/08/events/event'><System><Provider Name='Microsoft-Windows-Sysmon' Guid='{5770385f-c22a-43e0-bf4c-06f5698ffbd9}'/><EventID>1</EventID><Version>5</Version><Level>4</Level><Task>1</Task><Opcode>0</Opcode><Keywords>0x8000000000000000</Keywords><TimeCreated SystemTime='2023-07-23T23:20:37.4792399Z'/><EventRecordID>12215</EventRecordID><Correlation/><Execution ProcessID='2760' ThreadID='3284'/><Channel>Microsoft-Windows-Sysmon/Operational</Channel><Computer>Jerry-PC</Computer><Security UserID='S-1-5-18'/></System><EventData><Data Name='RuleName'>-</Data><Data Name='UtcTime'>2023-07-23 23:20:37.474</Data><Data Name='ProcessGuid'>{3f0f5ad4-b5c5-64bd-5c01-000000003100}</Data><Data Name='ProcessId'>6192</Data><Data Name='Image'>C:\Windows\System32\Dism\DismHost.exe</Data><Data Name='FileVersion'>10.0.22621.1 (WinBuild.160101.0800)</Data><Data Name='Description'>Dism Host Servicing Process</Data><Data Name='Product'>Microsoft® Windows® Operating System</Data><Data Name='Company'>Microsoft Corporation</Data><Data Name='OriginalFileName'>DismHost.exe</Data><Data Name='CommandLine'>C:\Windows\System32\Dism\dismhost.exe {570C2F19-7141-40E4-90A1-357FD5FBAED6}</Data><Data Name='CurrentDirectory'>C:\Windows\system32\</Data><Data Name='User'>NT AUTHORITY\SYSTEM</Data><Data Name='LogonGuid'>{3f0f5ad4-b311-64bd-e703-000000000000}</Data><Data Name='LogonId'>0x3e7</Data><Data Name='TerminalSessionId'>0</Data><Data Name='IntegrityLevel'>System</Data><Data Name='Hashes'>MD5=ADE7AD33DA7822EB781E0E80CA81C14D,SHA256=7E48FDDCA1227FC511CEFA2EE473DC9C7887270C1BB0ECDDC4A56F01B6C490E4,IMPHASH=DF7F3ABA990731185355E5ABEB273359</Data><Data Name='ParentProcessGuid'>{3f0f5ad4-b5c5-64bd-5901-000000003100}</Data><Data Name='ParentProcessId'>4008</Data><Data Name='ParentImage'>C:\Windows\System32\la57setup.exe</Data><Data Name='ParentCommandLine'>"C:\Windows\system32\la57setup.exe"</Data><Data Name='ParentUser'>NT AUTHORITY\SYSTEM</Data></EventData></Event><Event xmlns='http://schemas.microsoft.com/win/2004/08/events/event'><System><Provider Name='Microsoft-Windows-Sysmon' Guid='{5770385f-c22a-43e0-bf4c-06f5698ffbd9}'/><EventID>1</EventID><Version>5</Version><Level>4</Level><Task>1</Task><Opcode>0</Opcode><Keywords>0x8000000000000000</Keywords><TimeCreated SystemTime='2023-07-23T23:20:37.2898588Z'/><EventRecordID>12214</EventRecordID><Correlation/><Execution ProcessID='2760' ThreadID='3284'/><Channel>Microsoft-Windows-Sysmon/Operational</Channel><Computer>Jerry-PC</Computer><Security UserID='S-1-5-18'/></System><EventData><Data Name='RuleName'>-</Data><Data Name='UtcTime'>2023-07-23 23:20:37.288</Data><Data Name='ProcessGuid'>{3f0f5ad4-b5c5-64bd-5a01-000000003100}</Data><Data Name='ProcessId'>4556</Data><Data Name='Image'>C:\Windows\System32\taskhostw.exe</Data><Data Name='FileVersion'>10.0.22621.1635 (WinBuild.160101.0800)</Data><Data Name='Description'>Host Process for Windows Tasks</Data><Data Name='Product'>Microsoft® Windows® Operating System</Data><Data Name='Company'>Microsoft Corporation</Data><Data Name='OriginalFileName'>taskhostw.exe</Data><Data Name='CommandLine'>taskhostw.exe</Data><Data Name='CurrentDirectory'>C:\Windows\system32\</Data><Data Name='User'>NT AUTHORITY\SYSTEM</Data><Data Name='LogonGuid'>{3f0f5ad4-b311-64bd-e703-000000000000}</Data><Data Name='LogonId'>0x3e7</Data><Data Name='TerminalSessionId'>0</Data><Data Name='IntegrityLevel'>System</Data><Data Name='Hashes'>MD5=4887A65FD4F6598AF4986CBC1C0E5488,SHA256=82472A84BCBB4009ADD338200F8E853FE4C5EAFE2E2C3A2D711B85BF29B72D54,IMPHASH=1C4E2D9936E4D9F2490B08AAB4D24260</Data><Data Name='ParentProcessGuid'>{3f0f5ad4-b311-64bd-1300-000000003100}</Data><Data Name='ParentProcessId'>1032</Data><Data Name='ParentImage'>C:\Windows\System32\svchost.exe</Data><Data Name='ParentCommandLine'>C:\Windows\system32\svchost.exe -k netsvcs -p</Data><Data Name='ParentUser'>NT AUTHORITY\SYSTEM</Data></EventData></Event><Event xmlns='http://schemas.microsoft.com/win/2004/08/events/event'><System><Provider Name='Microsoft-Windows-Sysmon' Guid='{5770385f-c22a-43e0-bf4c-06f5698ffbd9}'/><EventID>1</EventID><Version>5</Version><Level>4</Level><Task>1</Task><Opcode>0</Opcode><Keywords>0x8000000000000000</Keywords><TimeCreated SystemTime='2023-07-23T23:20:37.2860231Z'/><EventRecordID>12213</EventRecordID><Correlation/><Execution ProcessID='2760' ThreadID='3284'/><Channel>Microsoft-Windows-Sysmon/Operational</Channel><Computer>Jerry-PC</Computer><Security UserID='S-1-5-18'/></System><EventData><Data Name='RuleName'>-</Data><Data Name='UtcTime'>2023-07-23 23:20:37.283</Data><Data Name='ProcessGuid'>{3f0f5ad4-b5c5-64bd-5901-000000003100}</Data><Data Name='ProcessId'>4008</Data><Data Name='Image'>C:\Windows\System32\la57setup.exe</Data><Data Name='FileVersion'>10.0.22621.1 (WinBuild.160101.0800)</Data><Data Name='Description'>LA57 Setup</Data><Data Name='Product'>Microsoft® Windows® Operating System</Data><Data Name='Company'>Microsoft Corporation</Data><Data Name='OriginalFileName'>la57setup.dll</Data><Data Name='CommandLine'>"C:\Windows\system32\la57setup.exe"</Data><Data Name='CurrentDirectory'>C:\Windows\system32\</Data><Data Name='User'>NT AUTHORITY\SYSTEM</Data><Data Name='LogonGuid'>{3f0f5ad4-b311-64bd-e703-000000000000}</Data><Data Name='LogonId'>0x3e7</Data><Data Name='TerminalSessionId'>0</Data><Data Name='IntegrityLevel'>System</Data><Data Name='Hashes'>MD5=60221499A28A97B2C152242E2AC22707,SHA256=87818A146C92E721898EC43C4255BFD304C29725B21ACB9F0588CA125E20FFF3,IMPHASH=F4691B4F528785BB036C81D887AEA94E</Data><Data Name='ParentProcessGuid'>{3f0f5ad4-b311-64bd-1300-000000003100}</Data><Data Name='ParentProcessId'>1032</Data><Data Name='ParentImage'>C:\Windows\System32\svchost.exe</Data><Data Name='ParentCommandLine'>C:\Windows\system32\svchost.exe -k netsvcs -p</Data><Data Name='ParentUser'>NT AUTHORITY\SYSTEM</Data></EventData></Event><Event xmlns='http://schemas.microsoft.com/win/2004/08/events/event'><System><Provider Name='Microsoft-Windows-Sysmon' Guid='{5770385f-c22a-43e0-bf4c-06f5698ffbd9}'/><EventID>1</EventID><Version>5</Version><Level>4</Level><Task>1</Task><Opcode>0</Opcode><Keywords>0x8000000000000000</Keywords><TimeCreated SystemTime='2023-07-23T23:20:37.2807337Z'/><EventRecordID>12212</EventRecordID><Correlation/><Execution ProcessID='2760' ThreadID='3284'/><Channel>Microsoft-Windows-Sysmon/Operational</Channel><Computer>Jerry-PC</Computer><Security UserID='S-1-5-18'/></System><EventData><Data Name='RuleName'>-</Data><Data Name='UtcTime'>2023-07-23 23:20:37.279</Data><Data Name='ProcessGuid'>{3f0f5ad4-b5c5-64bd-5801-000000003100}</Data><Data Name='ProcessId'>6808</Data><Data Name='Image'>C:\Windows\System32\UsoClient.exe</Data><Data Name='FileVersion'>10.0.22621.608 (WinBuild.160101.0800)</Data><Data Name='Description'>UsoClient</Data><Data Name='Product'>Microsoft® Windows® Operating System</Data><Data Name='Company'>Microsoft Corporation</Data><Data Name='OriginalFileName'>UsoClient</Data><Data Name='CommandLine'>"C:\Windows\system32\usoclient.exe" ReportPolicies</Data><Data Name='CurrentDirectory'>C:\Windows\system32\</Data><Data Name='User'>NT AUTHORITY\SYSTEM</Data><Data Name='LogonGuid'>{3f0f5ad4-b311-64bd-e703-000000000000}</Data><Data Name='LogonId'>0x3e7</Data><Data Name='TerminalSessionId'>0</Data><Data Name='IntegrityLevel'>System</Data><Data Name='Hashes'>MD5=141FFB183A3D3BDCA077125501A2A0A5,SHA256=228981E0035BD8E152B9FC37FF013C6B703B98003DD3E011D918F5689274A391,IMPHASH=A40F17F79A678C824519CE2ED81A298D</Data><Data Name='ParentProcessGuid'>{3f0f5ad4-b311-64bd-1300-000000003100}</Data><Data Name='ParentProcessId'>1032</Data><Data Name='ParentImage'>C:\Windows\System32\svchost.exe</Data><Data Name='ParentCommandLine'>C:\Windows\system32\svchost.exe -k netsvcs -p</Data><Data Name='ParentUser'>NT AUTHORITY\SYSTEM</Data></EventData></Event><Event xmlns='http://schemas.microsoft.com/win/2004/08/events/event'><System><Provider Name='Microsoft-Windows-Sysmon' Guid='{5770385f-c22a-43e0-bf4c-06f5698ffbd9}'/><EventID>1</EventID><Version>5</Version><Level>4</Level><Task>1</Task><Opcode>0</Opcode><Keywords>0x8000000000000000</Keywords><TimeCreated SystemTime='2023-07-23T23:20:04.0508101Z'/><EventRecordID>12211</EventRecordID><Correlation/><Execution ProcessID='2760' ThreadID='3284'/><Channel>Microsoft-Windows-Sysmon/Operational</Channel><Computer>Jerry-PC</Computer><Security UserID='S-1-5-18'/></System><EventData><Data Name='RuleName'>-</Data><Data Name='UtcTime'>2023-07-23 23:20:04.042</Data><Data Name='ProcessGuid'>{3f0f5ad4-b5a4-64bd-5501-000000003100}</Data><Data Name='ProcessId'>628</Data><Data Name='Image'>C:\Windows\System32\Defrag.exe</Data><Data Name='FileVersion'>10.0.22621.1 (WinBuild.160101.0800)</Data><Data Name='Description'>Disk Defragmenter Module</Data><Data Name='Product'>Windows Drive Optimizer</Data><Data Name='Company'>Microsoft Corp.</Data><Data Name='OriginalFileName'>Defrag.EXE</Data><Data Name='CommandLine'>"C:\Windows\system32\defrag.exe" -p 46c -s 000000000000083C -b -OnlyPreferred C:</Data><Data Name='CurrentDirectory'>C:\Windows\system32\</Data><Data Name='User'>NT AUTHORITY\SYSTEM</Data><Data Name='LogonGuid'>{3f0f5ad4-b311-64bd-e703-000000000000}</Data><Data Name='LogonId'>0x3e7</Data><Data Name='TerminalSessionId'>0</Data><Data Name='IntegrityLevel'>System</Data><Data Name='Hashes'>MD5=662BA4DB4D348D5152EBC73F12A7AB49,SHA256=EDF1FBB7770D5D8E4DAAF40AC72A4FAC4CB5983D076CFE413E29786E59123953,IMPHASH=98B596156D97A7EA63632CFC56D4C734</Data><Data Name='ParentProcessGuid'>{3f0f5ad4-b311-64bd-1600-000000003100}</Data><Data Name='ParentProcessId'>1132</Data><Data Name='ParentImage'>C:\Windows\System32\svchost.exe</Data><Data Name='ParentCommandLine'>C:\Windows\System32\svchost.exe -k LocalSystemNetworkRestricted -p</Data><Data Name='ParentUser'>NT AUTHORITY\SYSTEM</Data></EventData></Event><Event xmlns='http://schemas.microsoft.com/win/2004/08/events/event'><System><Provider Name='Microsoft-Windows-Sysmon' Guid='{5770385f-c22a-43e0-bf4c-06f5698ffbd9}'/><EventID>1</EventID><Version>5</Version><Level>4</Level><Task>1</Task><Opcode>0</Opcode><Keywords>0x8000000000000000</Keywords><TimeCreated SystemTime='2023-07-23T23:20:03.7460931Z'/><EventRecordID>12210</EventRecordID><Correlation/><Execution ProcessID='2760' ThreadID='3284'/><Channel>Microsoft-Windows-Sysmon/Operational</Channel><Computer>Jerry-PC</Computer><Security UserID='S-1-5-18'/></System><EventData><Data Name='RuleName'>-</Data><Data Name='UtcTime'>2023-07-23 23:20:03.745</Data><Data Name='ProcessGuid'>{3f0f5ad4-b5a3-64bd-5401-000000003100}</Data><Data Name='ProcessId'>8084</Data><Data Name='Image'>C:\Windows\SysWOW64\dllhost.exe</Data><Data Name='FileVersion'>10.0.22621.1 (WinBuild.160101.0800)</Data><Data Name='Description'>COM Surrogate</Data><Data Name='Product'>Microsoft® Windows® Operating System</Data><Data Name='Company'>Microsoft Corporation</Data><Data Name='OriginalFileName'>dllhost.exe</Data><Data Name='CommandLine'>C:\Windows\SysWOW64\DllHost.exe /Processid:{53362C32-A296-4F2D-A2F8-FD984D08340B}</Data><Data Name='CurrentDirectory'>C:\Windows\system32\</Data><Data Name='User'>JERRY-PC\Jerry</Data><Data Name='LogonGuid'>{3f0f5ad4-b317-64bd-795a-050000000000}</Data><Data Name='LogonId'>0x55a79</Data><Data Name='TerminalSessionId'>1</Data><Data Name='IntegrityLevel'>Medium</Data><Data Name='Hashes'>MD5=BF60B3F6E01EDDEDE8551FA076472057,SHA256=D9B3874AA63F62699D5AE1ADE9959B45860D55233E93A1064D83B63307EA7435,IMPHASH=B7F063F6E914DB6ACB4DCC8D69219A5F</Data><Data Name='ParentProcessGuid'>{3f0f5ad4-b311-64bd-0d00-000000003100}</Data><Data Name='ParentProcessId'>876</Data><Data Name='ParentImage'>C:\Windows\System32\svchost.exe</Data><Data Name='ParentCommandLine'>C:\Windows\system32\svchost.exe -k DcomLaunch -p</Data><Data Name='ParentUser'>NT AUTHORITY\SYSTEM</Data></EventData></Event><Event xmlns='http://schemas.microsoft.com/win/2004/08/events/event'><System><Provider Name='Microsoft-Windows-Sysmon' Guid='{5770385f-c22a-43e0-bf4c-06f5698ffbd9}'/><EventID>1</EventID><Version>5</Version><Level>4</Level><Task>1</Task><Opcode>0</Opcode><Keywords>0x8000000000000000</Keywords><TimeCreated SystemTime='2023-07-23T23:20:03.3545236Z'/><EventRecordID>12209</EventRecordID><Correlation/><Execution ProcessID='2760' ThreadID='3284'/><Channel>Microsoft-Windows-Sysmon/Operational</Channel><Computer>Jerry-PC</Computer><Security UserID='S-1-5-18'/></System><EventData><Data Name='RuleName'>-</Data><Data Name='UtcTime'>2023-07-23 23:20:03.353</Data><Data Name='ProcessGuid'>{3f0f5ad4-b5a3-64bd-5301-000000003100}</Data><Data Name='ProcessId'>4112</Data><Data Name='Image'>C:\Windows\System32\svchost.exe</Data><Data Name='FileVersion'>10.0.22621.1 (WinBuild.160101.0800)</Data><Data Name='Description'>Host Process for Windows Services</Data><Data Name='Product'>Microsoft® Windows® Operating System</Data><Data Name='Company'>Microsoft Corporation</Data><Data Name='OriginalFileName'>svchost.exe</Data><Data Name='CommandLine'>C:\Windows\system32\svchost.exe -k netsvcs -p</Data><Data Name='CurrentDirectory'>C:\Windows\system32\</Data><Data Name='User'>NT AUTHORITY\SYSTEM</Data><Data Name='LogonGuid'>{3f0f5ad4-b311-64bd-e703-000000000000}</Data><Data Name='LogonId'>0x3e7</Data><Data Name='TerminalSessionId'>0</Data><Data Name='IntegrityLevel'>System</Data><Data Name='Hashes'>MD5=8EC922C7A58A8701AB481B7BE9644536,SHA256=949BFB5B4C7D58D92F3F9C5F8EC7CA4CEAFFD10EC5F0020F0A987C472D61C54B,IMPHASH=76B4BAE80D2C3B08BB062D97BF9CA791</Data><Data Name='ParentProcessGuid'>{3f0f5ad4-b311-64bd-0b00-000000003100}</Data><Data Name='ParentProcessId'>724</Data><Data Name='ParentImage'>C:\Windows\System32\services.exe</Data><Data Name='ParentCommandLine'>C:\Windows\system32\services.exe</Data><Data Name='ParentUser'>NT AUTHORITY\SYSTEM</Data></EventData></Event><Event xmlns='http://schemas.microsoft.com/win/2004/08/events/event'><System><Provider Name='Microsoft-Windows-Sysmon' Guid='{5770385f-c22a-43e0-bf4c-06f5698ffbd9}'/><EventID>1</EventID><Version>5</Version><Level>4</Level><Task>1</Task><Opcode>0</Opcode><Keywords>0x8000000000000000</Keywords><TimeCreated SystemTime='2023-07-23T23:20:03.1580301Z'/><EventRecordID>12208</EventRecordID><Correlation/><Execution ProcessID='2760' ThreadID='3284'/><Channel>Microsoft-Windows-Sysmon/Operational</Channel><Computer>Jerry-PC</Computer><Security UserID='S-1-5-18'/></System><EventData><Data Name='RuleName'>-</Data><Data Name='UtcTime'>2023-07-23 23:20:03.156</Data><Data Name='ProcessGuid'>{3f0f5ad4-b5a3-64bd-5201-000000003100}</Data><Data Name='ProcessId'>6584</Data><Data Name='Image'>C:\Windows\SysWOW64\dllhost.exe</Data><Data Name='FileVersion'>10.0.22621.1 (WinBuild.160101.0800)</Data><Data Name='Description'>COM Surrogate</Data><Data Name='Product'>Microsoft® Windows® Operating System</Data><Data Name='Company'>Microsoft Corporation</Data><Data Name='OriginalFileName'>dllhost.exe</Data><Data Name='CommandLine'>C:\Windows\SysWOW64\DllHost.exe /Processid:{60A90A2F-858D-42AF-8929-82BE9D99E8A1}</Data><Data Name='CurrentDirectory'>C:\Windows\system32\</Data><Data Name='User'>JERRY-PC\Jerry</Data><Data Name='LogonGuid'>{3f0f5ad4-b317-64bd-795a-050000000000}</Data><Data Name='LogonId'>0x55a79</Data><Data Name='TerminalSessionId'>1</Data><Data Name='IntegrityLevel'>Medium</Data><Data Name='Hashes'>MD5=BF60B3F6E01EDDEDE8551FA076472057,SHA256=D9B3874AA63F62699D5AE1ADE9959B45860D55233E93A1064D83B63307EA7435,IMPHASH=B7F063F6E914DB6ACB4DCC8D69219A5F</Data><Data Name='ParentProcessGuid'>{3f0f5ad4-b311-64bd-0d00-000000003100}</Data><Data Name='ParentProcessId'>876</Data><Data Name='ParentImage'>C:\Windows\System32\svchost.exe</Data><Data Name='ParentCommandLine'>C:\Windows\system32\svchost.exe -k DcomLaunch -p</Data><Data Name='ParentUser'>NT AUTHORITY\SYSTEM</Data></EventData></Event><Event xmlns='http://schemas.microsoft.com/win/2004/08/events/event'><System><Provider Name='Microsoft-Windows-Sysmon' Guid='{5770385f-c22a-43e0-bf4c-06f5698ffbd9}'/><EventID>1</EventID><Version>5</Version><Level>4</Level><Task>1</Task><Opcode>0</Opcode><Keywords>0x8000000000000000</Keywords><TimeCreated SystemTime='2023-07-23T23:20:02.6130512Z'/><EventRecordID>12207</EventRecordID><Correlation/><Execution ProcessID='2760' ThreadID='3284'/><Channel>Microsoft-Windows-Sysmon/Operational</Channel><Computer>Jerry-PC</Computer><Security UserID='S-1-5-18'/></System><EventData><Data Name='RuleName'>-</Data><Data Name='UtcTime'>2023-07-23 23:20:02.608</Data><Data Name='ProcessGuid'>{3f0f5ad4-b5a2-64bd-5101-000000003100}</Data><Data Name='ProcessId'>2344</Data><Data Name='Image'>C:\Windows\System32\Speech_OneCore\common\SpeechModelDownload.exe</Data><Data Name='FileVersion'>10.0.22621.608 (WinBuild.160101.0800)</Data><Data Name='Description'>Speech Model Download Executable</Data><Data Name='Product'>Microsoft® Windows® Operating System</Data><Data Name='Company'>Microsoft Corporation</Data><Data Name='OriginalFileName'>SpeechModelDownload.exe</Data><Data Name='CommandLine'>"C:\Windows\system32\speech_onecore\common\SpeechModelDownload.exe"</Data><Data Name='CurrentDirectory'>C:\Windows\system32\</Data><Data Name='User'>NT AUTHORITY\NETWORK SERVICE</Data><Data Name='LogonGuid'>{3f0f5ad4-b311-64bd-e403-000000000000}</Data><Data Name='LogonId'>0x3e4</Data><Data Name='TerminalSessionId'>0</Data><Data Name='IntegrityLevel'>System</Data><Data Name='Hashes'>MD5=A39D0FEA39DD9438CD0343B940827029,SHA256=88FDB3171AFA2760428DDF6A123ADC5AA34ACC4B63A41CB546CEE00D889BE008,IMPHASH=1D38C260B7444575F0238293E2E78DF2</Data><Data Name='ParentProcessGuid'>{3f0f5ad4-b311-64bd-1300-000000003100}</Data><Data Name='ParentProcessId'>1032</Data><Data Name='ParentImage'>C:\Windows\System32\svchost.exe</Data><Data Name='ParentCommandLine'>C:\Windows\system32\svchost.exe -k netsvcs -p</Data><Data Name='ParentUser'>NT AUTHORITY\SYSTEM</Data></EventData></Event><Event xmlns='http://schemas.microsoft.com/win/2004/08/events/event'><System><Provider Name='Microsoft-Windows-Sysmon' Guid='{5770385f-c22a-43e0-bf4c-06f5698ffbd9}'/><EventID>1</EventID><Version>5</Version><Level>4</Level><Task>1</Task><Opcode>0</Opcode><Keywords>0x8000000000000000</Keywords><TimeCreated SystemTime='2023-07-23T23:20:02.6027768Z'/><EventRecordID>12206</EventRecordID><Correlation/><Execution ProcessID='2760' ThreadID='3284'/><Channel>Microsoft-Windows-Sysmon/Operational</Channel><Computer>Jerry-PC</Computer><Security UserID='S-1-5-18'/></System><EventData><Data Name='RuleName'>-</Data><Data Name='UtcTime'>2023-07-23 23:20:02.602</Data><Data Name='ProcessGuid'>{3f0f5ad4-b5a2-64bd-5001-000000003100}</Data><Data Name='ProcessId'>7652</Data><Data Name='Image'>C:\Windows\System32\taskhostw.exe</Data><Data Name='FileVersion'>10.0.22621.1635 (WinBuild.160101.0800)</Data><Data Name='Description'>Host Process for Windows Tasks</Data><Data Name='Product'>Microsoft® Windows® Operating System</Data><Data Name='Company'>Microsoft Corporation</Data><Data Name='OriginalFileName'>taskhostw.exe</Data><Data Name='CommandLine'>taskhostw.exe -IntegrityCheck</Data><Data Name='CurrentDirectory'>C:\Windows\system32\</Data><Data Name='User'>NT AUTHORITY\SYSTEM</Data><Data Name='LogonGuid'>{3f0f5ad4-b311-64bd-e703-000000000000}</Data><Data Name='LogonId'>0x3e7</Data><Data Name='TerminalSessionId'>0</Data><Data Name='IntegrityLevel'>System</Data><Data Name='Hashes'>MD5=4887A65FD4F6598AF4986CBC1C0E5488,SHA256=82472A84BCBB4009ADD338200F8E853FE4C5EAFE2E2C3A2D711B85BF29B72D54,IMPHASH=1C4E2D9936E4D9F2490B08AAB4D24260</Data><Data Name='ParentProcessGuid'>{3f0f5ad4-b311-64bd-1300-000000003100}</Data><Data Name='ParentProcessId'>1032</Data><Data Name='ParentImage'>C:\Windows\System32\svchost.exe</Data><Data Name='ParentCommandLine'>C:\Windows\system32\svchost.exe -k netsvcs -p</Data><Data Name='ParentUser'>NT AUTHORITY\SYSTEM</Data></EventData></Event><Event xmlns='http://schemas.microsoft.com/win/2004/08/events/event'><System><Provider Name='Microsoft-Windows-Sysmon' Guid='{5770385f-c22a-43e0-bf4c-06f5698ffbd9}'/><EventID>1</EventID><Version>5</Version><Level>4</Level><Task>1</Task><Opcode>0</Opcode><Keywords>0x8000000000000000</Keywords><TimeCreated SystemTime='2023-07-23T23:20:02.5982197Z'/><EventRecordID>12205</EventRecordID><Correlation/><Execution ProcessID='2760' ThreadID='3284'/><Channel>Microsoft-Windows-Sysmon/Operational</Channel><Computer>Jerry-PC</Computer><Security UserID='S-1-5-18'/></System><EventData><Data Name='RuleName'>-</Data><Data Name='UtcTime'>2023-07-23 23:20:02.595</Data><Data Name='ProcessGuid'>{3f0f5ad4-b5a2-64bd-4f01-000000003100}</Data><Data Name='ProcessId'>7988</Data><Data Name='Image'>C:\Windows\System32\provtool.exe</Data><Data Name='FileVersion'>10.0.22621.608 (WinBuild.160101.0800)</Data><Data Name='Description'>Provisioning package runtime processing tool</Data><Data Name='Product'>Microsoft® Windows® Operating System</Data><Data Name='Company'>Microsoft Corporation</Data><Data Name='OriginalFileName'>provtool</Data><Data Name='CommandLine'>"C:\Windows\system32\ProvTool.exe" /turn 5 /source LogonIdleTask</Data><Data Name='CurrentDirectory'>C:\Windows\system32\</Data><Data Name='User'>NT AUTHORITY\SYSTEM</Data><Data Name='LogonGuid'>{3f0f5ad4-b311-64bd-e703-000000000000}</Data><Data Name='LogonId'>0x3e7</Data><Data Name='TerminalSessionId'>0</Data><Data Name='IntegrityLevel'>System</Data><Data Name='Hashes'>MD5=2A1A66EFF450BEC7B3CC338C49F93C5A,SHA256=B46ABC28F1FBA013522E042CBC941A80812E7EDC095AD4B7C5E5E9FD83AEB31F,IMPHASH=32A66F804CDBF1298DD7E3BAE661D502</Data><Data Name='ParentProcessGuid'>{3f0f5ad4-b311-64bd-1300-000000003100}</Data><Data Name='ParentProcessId'>1032</Data><Data Name='ParentImage'>C:\Windows\System32\svchost.exe</Data><Data Name='ParentCommandLine'>C:\Windows\system32\svchost.exe -k netsvcs -p</Data><Data Name='ParentUser'>NT AUTHORITY\SYSTEM</Data></EventData></Event><Event xmlns='http://schemas.microsoft.com/win/2004/08/events/event'><System><Provider Name='Microsoft-Windows-Sysmon' Guid='{5770385f-c22a-43e0-bf4c-06f5698ffbd9}'/><EventID>1</EventID><Version>5</Version><Level>4</Level><Task>1</Task><Opcode>0</Opcode><Keywords>0x8000000000000000</Keywords><TimeCreated SystemTime='2023-07-23T23:19:55.3242787Z'/><EventRecordID>12204</EventRecordID><Correlation/><Execution ProcessID='2760' ThreadID='3284'/><Channel>Microsoft-Windows-Sysmon/Operational</Channel><Computer>Jerry-PC</Computer><Security UserID='S-1-5-18'/></System><EventData><Data Name='RuleName'>-</Data><Data Name='UtcTime'>2023-07-23 23:19:55.323</Data><Data Name='ProcessGuid'>{3f0f5ad4-b59b-64bd-4e01-000000003100}</Data><Data Name='ProcessId'>8088</Data><Data Name='Image'>C:\Windows\SysWOW64\dllhost.exe</Data><Data Name='FileVersion'>10.0.22621.1 (WinBuild.160101.0800)</Data><Data Name='Description'>COM Surrogate</Data><Data Name='Product'>Microsoft® Windows® Operating System</Data><Data Name='Company'>Microsoft Corporation</Data><Data Name='OriginalFileName'>dllhost.exe</Data><Data Name='CommandLine'>C:\Windows\SysWOW64\DllHost.exe /Processid:{53362C32-A296-4F2D-A2F8-FD984D08340B}</Data><Data Name='CurrentDirectory'>C:\Windows\system32\</Data><Data Name='User'>JERRY-PC\Jerry</Data><Data Name='LogonGuid'>{3f0f5ad4-b317-64bd-795a-050000000000}</Data><Data Name='LogonId'>0x55a79</Data><Data Name='TerminalSessionId'>1</Data><Data Name='IntegrityLevel'>Medium</Data><Data Name='Hashes'>MD5=BF60B3F6E01EDDEDE8551FA076472057,SHA256=D9B3874AA63F62699D5AE1ADE9959B45860D55233E93A1064D83B63307EA7435,IMPHASH=B7F063F6E914DB6ACB4DCC8D69219A5F</Data><Data Name='ParentProcessGuid'>{3f0f5ad4-b311-64bd-0d00-000000003100}</Data><Data Name='ParentProcessId'>876</Data><Data Name='ParentImage'>C:\Windows\System32\svchost.exe</Data><Data Name='ParentCommandLine'>C:\Windows\system32\svchost.exe -k DcomLaunch -p</Data><Data Name='ParentUser'>NT AUTHORITY\SYSTEM</Data></EventData></Event><Event xmlns='http://schemas.microsoft.com/win/2004/08/events/event'><System><Provider Name='Microsoft-Windows-Sysmon' Guid='{5770385f-c22a-43e0-bf4c-06f5698ffbd9}'/><EventID>1</EventID><Version>5</Version><Level>4</Level><Task>1</Task><Opcode>0</Opcode><Keywords>0x8000000000000000</Keywords><TimeCreated SystemTime='2023-07-23T23:19:54.7981660Z'/><EventRecordID>12203</EventRecordID><Correlation/><Execution ProcessID='2760' ThreadID='3284'/><Channel>Microsoft-Windows-Sysmon/Operational</Channel><Computer>Jerry-PC</Computer><Security UserID='S-1-5-18'/></System><EventData><Data Name='RuleName'>-</Data><Data Name='UtcTime'>2023-07-23 23:19:54.797</Data><Data Name='ProcessGuid'>{3f0f5ad4-b59a-64bd-4d01-000000003100}</Data><Data Name='ProcessId'>3956</Data><Data Name='Image'>C:\Windows\SysWOW64\dllhost.exe</Data><Data Name='FileVersion'>10.0.22621.1 (WinBuild.160101.0800)</Data><Data Name='Description'>COM Surrogate</Data><Data Name='Product'>Microsoft® Windows® Operating System</Data><Data Name='Company'>Microsoft Corporation</Data><Data Name='OriginalFileName'>dllhost.exe</Data><Data Name='CommandLine'>C:\Windows\SysWOW64\DllHost.exe /Processid:{60A90A2F-858D-42AF-8929-82BE9D99E8A1}</Data><Data Name='CurrentDirectory'>C:\Windows\system32\</Data><Data Name='User'>JERRY-PC\Jerry</Data><Data Name='LogonGuid'>{3f0f5ad4-b317-64bd-795a-050000000000}</Data><Data Name='LogonId'>0x55a79</Data><Data Name='TerminalSessionId'>1</Data><Data Name='IntegrityLevel'>Medium</Data><Data Name='Hashes'>MD5=BF60B3F6E01EDDEDE8551FA076472057,SHA256=D9B3874AA63F62699D5AE1ADE9959B45860D55233E93A1064D83B63307EA7435,IMPHASH=B7F063F6E914DB6ACB4DCC8D69219A5F</Data><Data Name='ParentProcessGuid'>{3f0f5ad4-b311-64bd-0d00-000000003100}</Data><Data Name='ParentProcessId'>876</Data><Data Name='ParentImage'>C:\Windows\System32\svchost.exe</Data><Data Name='ParentCommandLine'>C:\Windows\system32\svchost.exe -k DcomLaunch -p</Data><Data Name='ParentUser'>NT AUTHORITY\SYSTEM</Data></EventData></Event><Event xmlns='http://schemas.microsoft.com/win/2004/08/events/event'><System><Provider Name='Microsoft-Windows-Sysmon' Guid='{5770385f-c22a-43e0-bf4c-06f5698ffbd9}'/><EventID>1</EventID><Version>5</Version><Level>4</Level><Task>1</Task><Opcode>0</Opcode><Keywords>0x8000000000000000</Keywords><TimeCreated SystemTime='2023-07-23T23:19:47.6990422Z'/><EventRecordID>12202</EventRecordID><Correlation/><Execution ProcessID='2760' ThreadID='3284'/><Channel>Microsoft-Windows-Sysmon/Operational</Channel><Computer>Jerry-PC</Computer><Security UserID='S-1-5-18'/></System><EventData><Data Name='RuleName'>-</Data><Data Name='UtcTime'>2023-07-23 23:19:47.698</Data><Data Name='ProcessGuid'>{3f0f5ad4-b593-64bd-4c01-000000003100}</Data><Data Name='ProcessId'>7104</Data><Data Name='Image'>C:\Windows\SysWOW64\dllhost.exe</Data><Data Name='FileVersion'>10.0.22621.1 (WinBuild.160101.0800)</Data><Data Name='Description'>COM Surrogate</Data><Data Name='Product'>Microsoft® Windows® Operating System</Data><Data Name='Company'>Microsoft Corporation</Data><Data Name='OriginalFileName'>dllhost.exe</Data><Data Name='CommandLine'>C:\Windows\SysWOW64\DllHost.exe /Processid:{53362C32-A296-4F2D-A2F8-FD984D08340B}</Data><Data Name='CurrentDirectory'>C:\Windows\system32\</Data><Data Name='User'>JERRY-PC\Jerry</Data><Data Name='LogonGuid'>{3f0f5ad4-b317-64bd-795a-050000000000}</Data><Data Name='LogonId'>0x55a79</Data><Data Name='TerminalSessionId'>1</Data><Data Name='IntegrityLevel'>Medium</Data><Data Name='Hashes'>MD5=BF60B3F6E01EDDEDE8551FA076472057,SHA256=D9B3874AA63F62699D5AE1ADE9959B45860D55233E93A1064D83B63307EA7435,IMPHASH=B7F063F6E914DB6ACB4DCC8D69219A5F</Data><Data Name='ParentProcessGuid'>{3f0f5ad4-b311-64bd-0d00-000000003100}</Data><Data Name='ParentProcessId'>876</Data><Data Name='ParentImage'>C:\Windows\System32\svchost.exe</Data><Data Name='ParentCommandLine'>C:\Windows\system32\svchost.exe -k DcomLaunch -p</Data><Data Name='ParentUser'>NT AUTHORITY\SYSTEM</Data></EventData></Event>