<Event xmlns='http://schemas.microsoft.com/win/2004/08/events/event'><System><Provider Name='Microsoft-Windows-Sysmon' Guid='{5770385f-c22a-43e0-bf4c-06f5698ffbd9}'/><EventID>4</EventID><Version>3</Version><Level>4</Level><Task>4</Task><Opcode>0</Opcode><Keywords>0x8000000000000000</Keywords><TimeCreated SystemTime='2023-07-23T23:09:09.8445763Z'/><EventRecordID>30414</EventRecordID><Correlation/><Execution ProcessID='2924' ThreadID='3284'/><Channel>Microsoft-Windows-Sysmon/Operational</Channel><Computer>Newman-PC</Computer><Security UserID='S-1-5-18'/></System><EventData><Data Name='UtcTime'>2023-07-23 23:09:09.843</Data><Data Name='State'>Started</Data><Data Name='Version'>15.0</Data><Data Name='SchemaVersion'>4.90</Data></EventData></Event><Event xmlns='http://schemas.microsoft.com/win/2004/08/events/event'><System><Provider Name='Microsoft-Windows-Sysmon' Guid='{5770385f-c22a-43e0-bf4c-06f5698ffbd9}'/><EventID>255</EventID><Version>3</Version><Level>2</Level><Task>255</Task><Opcode>0</Opcode><Keywords>0x8000000000000000</Keywords><TimeCreated SystemTime='2023-07-23T22:23:22.3903129Z'/><EventRecordID>30413</EventRecordID><Correlation/><Execution ProcessID='2952' ThreadID='3224'/><Channel>Microsoft-Windows-Sysmon/Operational</Channel><Computer>Newman-PC</Computer><Security UserID='S-1-5-18'/></System><EventData><Data Name='UtcTime'>2023-07-23 22:23:22.378</Data><Data Name='ID'>GetConfigurationOptions</Data><Data Name='Description'>Failed to open service configuration with error 94 - Last error: The media is write protected.
</Data></EventData></Event><Event xmlns='http://schemas.microsoft.com/win/2004/08/events/event'><System><Provider Name='Microsoft-Windows-Sysmon' Guid='{5770385f-c22a-43e0-bf4c-06f5698ffbd9}'/><EventID>255</EventID><Version>3</Version><Level>2</Level><Task>255</Task><Opcode>0</Opcode><Keywords>0x8000000000000000</Keywords><TimeCreated SystemTime='2023-07-23T22:23:22.3903000Z'/><EventRecordID>30412</EventRecordID><Correlation/><Execution ProcessID='2952' ThreadID='3224'/><Channel>Microsoft-Windows-Sysmon/Operational</Channel><Computer>Newman-PC</Computer><Security UserID='S-1-5-18'/></System><EventData><Data Name='UtcTime'>2023-07-23 22:23:22.378</Data><Data Name='ID'>GetConfigurationOptions</Data><Data Name='Description'>Failed to open service configuration with error 94 - Last error: The media is write protected.
</Data></EventData></Event><Event xmlns='http://schemas.microsoft.com/win/2004/08/events/event'><System><Provider Name='Microsoft-Windows-Sysmon' Guid='{5770385f-c22a-43e0-bf4c-06f5698ffbd9}'/><EventID>1</EventID><Version>5</Version><Level>4</Level><Task>1</Task><Opcode>0</Opcode><Keywords>0x8000000000000000</Keywords><TimeCreated SystemTime='2023-07-23T22:23:19.3788122Z'/><EventRecordID>30411</EventRecordID><Correlation/><Execution ProcessID='2952' ThreadID='3628'/><Channel>Microsoft-Windows-Sysmon/Operational</Channel><Computer>Newman-PC</Computer><Security UserID='S-1-5-18'/></System><EventData><Data Name='RuleName'>-</Data><Data Name='UtcTime'>2023-07-23 22:23:19.373</Data><Data Name='ProcessGuid'>{758cb1f7-a857-64bd-b500-000000004100}</Data><Data Name='ProcessId'>6624</Data><Data Name='Image'>C:\Windows\System32\svchost.exe</Data><Data Name='FileVersion'>10.0.22621.1 (WinBuild.160101.0800)</Data><Data Name='Description'>Host Process for Windows Services</Data><Data Name='Product'>Microsoft® Windows® Operating System</Data><Data Name='Company'>Microsoft Corporation</Data><Data Name='OriginalFileName'>svchost.exe</Data><Data Name='CommandLine'>C:\Windows\System32\svchost.exe -k CameraMonitor</Data><Data Name='CurrentDirectory'>C:\Windows\system32\</Data><Data Name='User'>NT AUTHORITY\SYSTEM</Data><Data Name='LogonGuid'>{758cb1f7-a7d5-64bd-e703-000000000000}</Data><Data Name='LogonId'>0x3e7</Data><Data Name='TerminalSessionId'>0</Data><Data Name='IntegrityLevel'>System</Data><Data Name='Hashes'>MD5=8EC922C7A58A8701AB481B7BE9644536,SHA256=949BFB5B4C7D58D92F3F9C5F8EC7CA4CEAFFD10EC5F0020F0A987C472D61C54B,IMPHASH=76B4BAE80D2C3B08BB062D97BF9CA791</Data><Data Name='ParentProcessGuid'>{758cb1f7-a7d5-64bd-0b00-000000004100}</Data><Data Name='ParentProcessId'>740</Data><Data Name='ParentImage'>C:\Windows\System32\services.exe</Data><Data Name='ParentCommandLine'>C:\Windows\system32\services.exe</Data><Data Name='ParentUser'>NT AUTHORITY\SYSTEM</Data></EventData></Event><Event xmlns='http://schemas.microsoft.com/win/2004/08/events/event'><System><Provider Name='Microsoft-Windows-Sysmon' Guid='{5770385f-c22a-43e0-bf4c-06f5698ffbd9}'/><EventID>5</EventID><Version>3</Version><Level>4</Level><Task>5</Task><Opcode>0</Opcode><Keywords>0x8000000000000000</Keywords><TimeCreated SystemTime='2023-07-23T22:23:18.8780013Z'/><EventRecordID>30410</EventRecordID><Correlation/><Execution ProcessID='2952' ThreadID='3628'/><Channel>Microsoft-Windows-Sysmon/Operational</Channel><Computer>Newman-PC</Computer><Security UserID='S-1-5-18'/></System><EventData><Data Name='RuleName'>-</Data><Data Name='UtcTime'>2023-07-23 22:23:18.869</Data><Data Name='ProcessGuid'>{758cb1f7-a7fc-64bd-8f00-000000004100}</Data><Data Name='ProcessId'>6360</Data><Data Name='Image'>C:\Users\Newman\AppData\Local\Microsoft\OneDrive\OneDrive.exe</Data><Data Name='User'>NEWMAN-PC\Newman</Data></EventData></Event><Event xmlns='http://schemas.microsoft.com/win/2004/08/events/event'><System><Provider Name='Microsoft-Windows-Sysmon' Guid='{5770385f-c22a-43e0-bf4c-06f5698ffbd9}'/><EventID>1</EventID><Version>5</Version><Level>4</Level><Task>1</Task><Opcode>0</Opcode><Keywords>0x8000000000000000</Keywords><TimeCreated SystemTime='2023-07-23T22:23:15.9559101Z'/><EventRecordID>30409</EventRecordID><Correlation/><Execution ProcessID='2952' ThreadID='3628'/><Channel>Microsoft-Windows-Sysmon/Operational</Channel><Computer>Newman-PC</Computer><Security UserID='S-1-5-18'/></System><EventData><Data Name='RuleName'>-</Data><Data Name='UtcTime'>2023-07-23 22:23:15.949</Data><Data Name='ProcessGuid'>{758cb1f7-a853-64bd-b300-000000004100}</Data><Data Name='ProcessId'>3576</Data><Data Name='Image'>C:\Windows\System32\appidpolicyconverter.exe</Data><Data Name='FileVersion'>10.0.22621.608 (WinBuild.160101.0800)</Data><Data Name='Description'>AppID Policy Converter Task</Data><Data Name='Product'>Microsoft® Windows® Operating System</Data><Data Name='Company'>Microsoft Corporation</Data><Data Name='OriginalFileName'>AppIDPolicyConverter.exe</Data><Data Name='CommandLine'>"C:\Windows\system32\appidpolicyconverter.exe"</Data><Data Name='CurrentDirectory'>C:\Windows\system32\</Data><Data Name='User'>NT AUTHORITY\SYSTEM</Data><Data Name='LogonGuid'>{758cb1f7-a7d5-64bd-e703-000000000000}</Data><Data Name='LogonId'>0x3e7</Data><Data Name='TerminalSessionId'>0</Data><Data Name='IntegrityLevel'>System</Data><Data Name='Hashes'>MD5=0ED4C8CD1333975E549F203E7B900259,SHA256=4186A114319237AD258F4827D79AC1CB46331CE96E521617DFAE5C17CBDB4100,IMPHASH=88C456FE094BE3232EBF85407CD4909F</Data><Data Name='ParentProcessGuid'>{758cb1f7-a7d6-64bd-1300-000000004100}</Data><Data Name='ParentProcessId'>1032</Data><Data Name='ParentImage'>C:\Windows\System32\svchost.exe</Data><Data Name='ParentCommandLine'>C:\Windows\system32\svchost.exe -k netsvcs -p</Data><Data Name='ParentUser'>NT AUTHORITY\SYSTEM</Data></EventData></Event><Event xmlns='http://schemas.microsoft.com/win/2004/08/events/event'><System><Provider Name='Microsoft-Windows-Sysmon' Guid='{5770385f-c22a-43e0-bf4c-06f5698ffbd9}'/><EventID>1</EventID><Version>5</Version><Level>4</Level><Task>1</Task><Opcode>0</Opcode><Keywords>0x8000000000000000</Keywords><TimeCreated SystemTime='2023-07-23T22:23:13.2123490Z'/><EventRecordID>30408</EventRecordID><Correlation/><Execution ProcessID='2952' ThreadID='3628'/><Channel>Microsoft-Windows-Sysmon/Operational</Channel><Computer>Newman-PC</Computer><Security UserID='S-1-5-18'/></System><EventData><Data Name='RuleName'>-</Data><Data Name='UtcTime'>2023-07-23 22:23:13.208</Data><Data Name='ProcessGuid'>{758cb1f7-a851-64bd-b200-000000004100}</Data><Data Name='ProcessId'>5392</Data><Data Name='Image'>C:\Windows\System32\LogonUI.exe</Data><Data Name='FileVersion'>10.0.22621.1 (WinBuild.160101.0800)</Data><Data Name='Description'>Windows Logon User Interface Host</Data><Data Name='Product'>Microsoft® Windows® Operating System</Data><Data Name='Company'>Microsoft Corporation</Data><Data Name='OriginalFileName'>logonui.exe</Data><Data Name='CommandLine'>"LogonUI.exe" /flags:0x4 /state0:0xa3fce855 /state1:0x41c64e6d</Data><Data Name='CurrentDirectory'>C:\Windows\system32\</Data><Data Name='User'>NT AUTHORITY\SYSTEM</Data><Data Name='LogonGuid'>{758cb1f7-a7d5-64bd-e703-000000000000}</Data><Data Name='LogonId'>0x3e7</Data><Data Name='TerminalSessionId'>1</Data><Data Name='IntegrityLevel'>System</Data><Data Name='Hashes'>MD5=B3CC2464BECE9A99D8C755A7CCBFEF52,SHA256=B62E62C7374CE1398B985AF3122FF10A092750F65191FDC3AA6151DE130183A3,IMPHASH=0EF1A1FBF5FA5B3737A8D19C60F416A9</Data><Data Name='ParentProcessGuid'>{758cb1f7-a7d5-64bd-0a00-000000004100}</Data><Data Name='ParentProcessId'>724</Data><Data Name='ParentImage'>C:\Windows\System32\winlogon.exe</Data><Data Name='ParentCommandLine'>winlogon.exe</Data><Data Name='ParentUser'>NT AUTHORITY\SYSTEM</Data></EventData></Event><Event xmlns='http://schemas.microsoft.com/win/2004/08/events/event'><System><Provider Name='Microsoft-Windows-Sysmon' Guid='{5770385f-c22a-43e0-bf4c-06f5698ffbd9}'/><EventID>13</EventID><Version>2</Version><Level>4</Level><Task>13</Task><Opcode>0</Opcode><Keywords>0x8000000000000000</Keywords><TimeCreated SystemTime='2023-07-23T22:23:10.8493274Z'/><EventRecordID>30407</EventRecordID><Correlation/><Execution ProcessID='2952' ThreadID='3628'/><Channel>Microsoft-Windows-Sysmon/Operational</Channel><Computer>Newman-PC</Computer><Security UserID='S-1-5-18'/></System><EventData><Data Name='RuleName'>InvDB</Data><Data Name='EventType'>SetValue</Data><Data Name='UtcTime'>2023-07-23 22:23:10.834</Data><Data Name='ProcessGuid'>{758cb1f7-a7d6-64bd-1600-000000004100}</Data><Data Name='ProcessId'>1124</Data><Data Name='Image'>C:\Windows\System32\svchost.exe</Data><Data Name='TargetObject'>HKU\S-1-5-21-2404277346-2099594652-1884649452-1010\Software\Microsoft\Windows NT\CurrentVersion\AppCompatFlags\Compatibility Assistant\Store\C:\Users\Newman\Desktop\clearsysmon.exe</Data><Data Name='Details'>Binary Data</Data><Data Name='User'>NT AUTHORITY\SYSTEM</Data></EventData></Event><Event xmlns='http://schemas.microsoft.com/win/2004/08/events/event'><System><Provider Name='Microsoft-Windows-Sysmon' Guid='{5770385f-c22a-43e0-bf4c-06f5698ffbd9}'/><EventID>13</EventID><Version>2</Version><Level>4</Level><Task>13</Task><Opcode>0</Opcode><Keywords>0x8000000000000000</Keywords><TimeCreated SystemTime='2023-07-23T22:23:10.8491617Z'/><EventRecordID>30406</EventRecordID><Correlation/><Execution ProcessID='2952' ThreadID='3628'/><Channel>Microsoft-Windows-Sysmon/Operational</Channel><Computer>Newman-PC</Computer><Security UserID='S-1-5-18'/></System><EventData><Data Name='RuleName'>InvDB</Data><Data Name='EventType'>SetValue</Data><Data Name='UtcTime'>2023-07-23 22:23:10.834</Data><Data Name='ProcessGuid'>{758cb1f7-a7d6-64bd-1600-000000004100}</Data><Data Name='ProcessId'>1124</Data><Data Name='Image'>C:\Windows\System32\svchost.exe</Data><Data Name='TargetObject'>HKU\S-1-5-21-2404277346-2099594652-1884649452-1010\Software\Microsoft\Windows NT\CurrentVersion\AppCompatFlags\Compatibility Assistant\Store\C:\Users\Newman\Desktop\clearsysmon.exe</Data><Data Name='Details'>Binary Data</Data><Data Name='User'>NT AUTHORITY\SYSTEM</Data></EventData></Event><Event xmlns='http://schemas.microsoft.com/win/2004/08/events/event'><System><Provider Name='Microsoft-Windows-Sysmon' Guid='{5770385f-c22a-43e0-bf4c-06f5698ffbd9}'/><EventID>5</EventID><Version>3</Version><Level>4</Level><Task>5</Task><Opcode>0</Opcode><Keywords>0x8000000000000000</Keywords><TimeCreated SystemTime='2023-07-23T22:23:08.4256256Z'/><EventRecordID>30405</EventRecordID><Correlation/><Execution ProcessID='2952' ThreadID='3628'/><Channel>Microsoft-Windows-Sysmon/Operational</Channel><Computer>Newman-PC</Computer><Security UserID='S-1-5-18'/></System><EventData><Data Name='RuleName'>-</Data><Data Name='UtcTime'>2023-07-23 22:23:08.412</Data><Data Name='ProcessGuid'>{758cb1f7-a84a-64bd-ab00-000000004100}</Data><Data Name='ProcessId'>6660</Data><Data Name='Image'>C:\Users\Newman\Desktop\clearsysmon.exe</Data><Data Name='User'>NEWMAN-PC\Newman</Data></EventData></Event><Event xmlns='http://schemas.microsoft.com/win/2004/08/events/event'><System><Provider Name='Microsoft-Windows-Sysmon' Guid='{5770385f-c22a-43e0-bf4c-06f5698ffbd9}'/><EventID>5</EventID><Version>3</Version><Level>4</Level><Task>5</Task><Opcode>0</Opcode><Keywords>0x8000000000000000</Keywords><TimeCreated SystemTime='2023-07-23T22:23:08.4105642Z'/><EventRecordID>30404</EventRecordID><Correlation/><Execution ProcessID='2952' ThreadID='3628'/><Channel>Microsoft-Windows-Sysmon/Operational</Channel><Computer>Newman-PC</Computer><Security UserID='S-1-5-18'/></System><EventData><Data Name='RuleName'>-</Data><Data Name='UtcTime'>2023-07-23 22:23:08.393</Data><Data Name='ProcessGuid'>{758cb1f7-a84b-64bd-ac00-000000004100}</Data><Data Name='ProcessId'>2840</Data><Data Name='Image'>C:\Users\Newman\Desktop\clearsysmon.exe</Data><Data Name='User'>NEWMAN-PC\Newman</Data></EventData></Event><Event xmlns='http://schemas.microsoft.com/win/2004/08/events/event'><System><Provider Name='Microsoft-Windows-Sysmon' Guid='{5770385f-c22a-43e0-bf4c-06f5698ffbd9}'/><EventID>1</EventID><Version>5</Version><Level>4</Level><Task>1</Task><Opcode>0</Opcode><Keywords>0x8000000000000000</Keywords><TimeCreated SystemTime='2023-07-23T22:23:08.3381911Z'/><EventRecordID>30403</EventRecordID><Correlation/><Execution ProcessID='2952' ThreadID='3628'/><Channel>Microsoft-Windows-Sysmon/Operational</Channel><Computer>Newman-PC</Computer><Security UserID='S-1-5-18'/></System><EventData><Data Name='RuleName'>-</Data><Data Name='UtcTime'>2023-07-23 22:23:08.335</Data><Data Name='ProcessGuid'>{758cb1f7-a84c-64bd-af00-000000004100}</Data><Data Name='ProcessId'>6960</Data><Data Name='Image'>C:\Windows\System32\wevtutil.exe</Data><Data Name='FileVersion'>10.0.22621.1778 (WinBuild.160101.0800)</Data><Data Name='Description'>Windows Event Log Utility</Data><Data Name='Product'>Microsoft® Windows® Operating System</Data><Data Name='Company'>Microsoft Corporation</Data><Data Name='OriginalFileName'>wevtutil.exe</Data><Data Name='CommandLine'>wevtutil  cl Microsoft-Windows-Sysmon/Operational</Data><Data Name='CurrentDirectory'>C:\Users\Newman\Desktop\</Data><Data Name='User'>NEWMAN-PC\Newman</Data><Data Name='LogonGuid'>{758cb1f7-a7da-64bd-354c-030000000000}</Data><Data Name='LogonId'>0x34c35</Data><Data Name='TerminalSessionId'>1</Data><Data Name='IntegrityLevel'>High</Data><Data Name='Hashes'>MD5=DFE4A9613993ECAFE6B38DEFE8D495F2,SHA256=3635324AA002EBB7FD99D50E63ACDAC0C34E831A7F35E7B33F37854557538588,IMPHASH=92CA71320A49850E970004A94EA5D695</Data><Data Name='ParentProcessGuid'>{758cb1f7-a84c-64bd-ad00-000000004100}</Data><Data Name='ParentProcessId'>2996</Data><Data Name='ParentImage'>C:\Windows\System32\cmd.exe</Data><Data Name='ParentCommandLine'>C:\Windows\system32\cmd.exe /c "wevtutil cl Microsoft-Windows-Sysmon/Operational"</Data><Data Name='ParentUser'>NEWMAN-PC\Newman</Data></EventData></Event><Event xmlns='http://schemas.microsoft.com/win/2004/08/events/event'><System><Provider Name='Microsoft-Windows-Sysmon' Guid='{5770385f-c22a-43e0-bf4c-06f5698ffbd9}'/><EventID>1</EventID><Version>5</Version><Level>4</Level><Task>1</Task><Opcode>0</Opcode><Keywords>0x8000000000000000</Keywords><TimeCreated SystemTime='2023-07-23T22:23:08.2944524Z'/><EventRecordID>30402</EventRecordID><Correlation/><Execution ProcessID='2952' ThreadID='3628'/><Channel>Microsoft-Windows-Sysmon/Operational</Channel><Computer>Newman-PC</Computer><Security UserID='S-1-5-18'/></System><EventData><Data Name='RuleName'>-</Data><Data Name='UtcTime'>2023-07-23 22:23:08.289</Data><Data Name='ProcessGuid'>{758cb1f7-a84c-64bd-ad00-000000004100}</Data><Data Name='ProcessId'>2996</Data><Data Name='Image'>C:\Windows\System32\cmd.exe</Data><Data Name='FileVersion'>10.0.22621.1635 (WinBuild.160101.0800)</Data><Data Name='Description'>Windows Command Processor</Data><Data Name='Product'>Microsoft® Windows® Operating System</Data><Data Name='Company'>Microsoft Corporation</Data><Data Name='OriginalFileName'>Cmd.Exe</Data><Data Name='CommandLine'>C:\Windows\system32\cmd.exe /c "wevtutil cl Microsoft-Windows-Sysmon/Operational"</Data><Data Name='CurrentDirectory'>C:\Users\Newman\Desktop\</Data><Data Name='User'>NEWMAN-PC\Newman</Data><Data Name='LogonGuid'>{758cb1f7-a7da-64bd-354c-030000000000}</Data><Data Name='LogonId'>0x34c35</Data><Data Name='TerminalSessionId'>1</Data><Data Name='IntegrityLevel'>High</Data><Data Name='Hashes'>MD5=5A6BE4D2519515241D0C133A26CF62C0,SHA256=423E0E810A69AACEBA0E5670E58AFF898CF0EBFFAB99CCB46EBB3464C3D2FACB,IMPHASH=D73E39DAB3C8B57AA408073D01254964</Data><Data Name='ParentProcessGuid'>{758cb1f7-a84b-64bd-ac00-000000004100}</Data><Data Name='ParentProcessId'>2840</Data><Data Name='ParentImage'>C:\Users\Newman\Desktop\clearsysmon.exe</Data><Data Name='ParentCommandLine'>"C:\Users\Newman\Desktop\clearsysmon.exe" </Data><Data Name='ParentUser'>NEWMAN-PC\Newman</Data></EventData></Event></Events>