<Event xmlns='http://schemas.microsoft.com/win/2004/08/events/event'><System><Provider Name='Microsoft-Windows-Sysmon' Guid='{5770385f-c22a-43e0-bf4c-06f5698ffbd9}'/><EventID>1</EventID><Version>5</Version><Level>4</Level><Task>1</Task><Opcode>0</Opcode><Keywords>0x8000000000000000</Keywords><TimeCreated SystemTime='2023-07-23T23:14:23.4947434Z'/><EventRecordID>30742</EventRecordID><Correlation/><Execution ProcessID='2924' ThreadID='3284'/><Channel>Microsoft-Windows-Sysmon/Operational</Channel><Computer>Newman-PC</Computer><Security UserID='S-1-5-18'/></System><EventData><Data Name='RuleName'>-</Data><Data Name='UtcTime'>2023-07-23 23:14:23.487</Data><Data Name='ProcessGuid'>{758cb1f7-b44f-64bd-b700-000000004200}</Data><Data Name='ProcessId'>4084</Data><Data Name='Image'>C:\Program Files (x86)\Microsoft\EdgeWebView\Application\114.0.1823.79\msedgewebview2.exe</Data><Data Name='FileVersion'>114.0.1823.79</Data><Data Name='Description'>Microsoft Edge WebView2</Data><Data Name='Product'>Microsoft Edge WebView2</Data><Data Name='Company'>Microsoft Corporation</Data><Data Name='OriginalFileName'>msedgewebview2.exe</Data><Data Name='CommandLine'>"C:\Program Files (x86)\Microsoft\EdgeWebView\Application\114.0.1823.79\msedgewebview2.exe" --type=utility --utility-sub-type=network.mojom.NetworkService --lang=en-US --service-sandbox-type=none --noerrdialogs --user-data-dir="C:\Users\Newman\AppData\Local\Packages\MicrosoftWindows.Client.WebExperience_cw5n1h2txyewy\LocalState\EBWebView" --webview-exe-name=Widgets.exe --webview-exe-version=421.20070.1670.0 --embedded-browser-webview=1 --mojo-platform-channel-handle=1920 --field-trial-handle=1808,i,12261402952766874752,10662917670975655950,262144 --enable-features=UseBackgroundNativeThreadPool,UseNativeThreadPool,msWebView2TreatAppSuspendAsDeviceSuspend --disable-features=MojoIpcz /prefetch:3 /pfhostedapp:88456fad6f89ab8d61cf6ef112af14a8e3c4c49a</Data><Data Name='CurrentDirectory'>C:\Program Files (x86)\Microsoft\EdgeWebView\Application\114.0.1823.79\</Data><Data Name='User'>NEWMAN-PC\Newman</Data><Data Name='LogonGuid'>{758cb1f7-b319-64bd-4ec6-050000000000}</Data><Data Name='LogonId'>0x5c64e</Data><Data Name='TerminalSessionId'>1</Data><Data Name='IntegrityLevel'>Medium</Data><Data Name='Hashes'>MD5=EF2FC220F0C479BAEAAE0997FE5180F9,SHA256=C59BA492CA1F4A3F1124BEE15A982E7336E9903D599F42C79E7370282CE88C21,IMPHASH=35372B655E686446F935C6D5BFE64E92</Data><Data Name='ParentProcessGuid'>{758cb1f7-b44e-64bd-b300-000000004200}</Data><Data Name='ParentProcessId'>1916</Data><Data Name='ParentImage'>C:\Program Files (x86)\Microsoft\EdgeWebView\Application\114.0.1823.79\msedgewebview2.exe</Data><Data Name='ParentCommandLine'>"C:\Program Files (x86)\Microsoft\EdgeWebView\Application\114.0.1823.79\msedgewebview2.exe" --embedded-browser-webview=1 --webview-exe-name=Widgets.exe --webview-exe-version=421.20070.1670.0 --user-data-dir="C:\Users\Newman\AppData\Local\Packages\MicrosoftWindows.Client.WebExperience_cw5n1h2txyewy\LocalState\EBWebView" --noerrdialogs --disable-features=MojoIpcz --disk-cache-size=52428800 --edge-webview-is-background --enable-features=msWebView2TreatAppSuspendAsDeviceSuspend,UseNativeThreadPool,UseBackgroundNativeThreadPool --lang=en-US --mojo-named-platform-channel-pipe=4892.4360.6514222913091804647 /pfhostedapp:88456fad6f89ab8d61cf6ef112af14a8e3c4c49a</Data><Data Name='ParentUser'>NEWMAN-PC\Newman</Data></EventData></Event><Event xmlns='http://schemas.microsoft.com/win/2004/08/events/event'><System><Provider Name='Microsoft-Windows-Sysmon' Guid='{5770385f-c22a-43e0-bf4c-06f5698ffbd9}'/><EventID>1</EventID><Version>5</Version><Level>4</Level><Task>1</Task><Opcode>0</Opcode><Keywords>0x8000000000000000</Keywords><TimeCreated SystemTime='2023-07-23T23:14:23.4891474Z'/><EventRecordID>30741</EventRecordID><Correlation/><Execution ProcessID='2924' ThreadID='3284'/><Channel>Microsoft-Windows-Sysmon/Operational</Channel><Computer>Newman-PC</Computer><Security UserID='S-1-5-18'/></System><EventData><Data Name='RuleName'>-</Data><Data Name='UtcTime'>2023-07-23 23:14:23.479</Data><Data Name='ProcessGuid'>{758cb1f7-b44f-64bd-b600-000000004200}</Data><Data Name='ProcessId'>4504</Data><Data Name='Image'>C:\Program Files (x86)\Microsoft\EdgeWebView\Application\114.0.1823.79\msedgewebview2.exe</Data><Data Name='FileVersion'>114.0.1823.79</Data><Data Name='Description'>Microsoft Edge WebView2</Data><Data Name='Product'>Microsoft Edge WebView2</Data><Data Name='Company'>Microsoft Corporation</Data><Data Name='OriginalFileName'>msedgewebview2.exe</Data><Data Name='CommandLine'>"C:\Program Files (x86)\Microsoft\EdgeWebView\Application\114.0.1823.79\msedgewebview2.exe" --type=gpu-process --noerrdialogs --user-data-dir="C:\Users\Newman\AppData\Local\Packages\MicrosoftWindows.Client.WebExperience_cw5n1h2txyewy\LocalState\EBWebView" --webview-exe-name=Widgets.exe --webview-exe-version=421.20070.1670.0 --embedded-browser-webview=1 --gpu-preferences=WAAAAAAAAADgAAAMAAAAAAAAAAAAAAAAAABgAAAAAAA4AAAAAAAAAAAAAAAEAAAAAAAAAAAAAAAAAAAAAAAAAAAAAAAAAAAAGAAAAAAAAAAYAAAAAAAAAAgAAAAAAAAACAAAAAAAAAAIAAAAAAAAAA== --mojo-platform-channel-handle=1796 --field-trial-handle=1808,i,12261402952766874752,10662917670975655950,262144 --enable-features=UseBackgroundNativeThreadPool,UseNativeThreadPool,msWebView2TreatAppSuspendAsDeviceSuspend --disable-features=MojoIpcz /prefetch:2 /pfhostedapp:88456fad6f89ab8d61cf6ef112af14a8e3c4c49a</Data><Data Name='CurrentDirectory'>C:\Program Files (x86)\Microsoft\EdgeWebView\Application\114.0.1823.79\</Data><Data Name='User'>NEWMAN-PC\Newman</Data><Data Name='LogonGuid'>{758cb1f7-b319-64bd-4ec6-050000000000}</Data><Data Name='LogonId'>0x5c64e</Data><Data Name='TerminalSessionId'>1</Data><Data Name='IntegrityLevel'>Low</Data><Data Name='Hashes'>MD5=EF2FC220F0C479BAEAAE0997FE5180F9,SHA256=C59BA492CA1F4A3F1124BEE15A982E7336E9903D599F42C79E7370282CE88C21,IMPHASH=35372B655E686446F935C6D5BFE64E92</Data><Data Name='ParentProcessGuid'>{758cb1f7-b44e-64bd-b300-000000004200}</Data><Data Name='ParentProcessId'>1916</Data><Data Name='ParentImage'>C:\Program Files (x86)\Microsoft\EdgeWebView\Application\114.0.1823.79\msedgewebview2.exe</Data><Data Name='ParentCommandLine'>"C:\Program Files (x86)\Microsoft\EdgeWebView\Application\114.0.1823.79\msedgewebview2.exe" --embedded-browser-webview=1 --webview-exe-name=Widgets.exe --webview-exe-version=421.20070.1670.0 --user-data-dir="C:\Users\Newman\AppData\Local\Packages\MicrosoftWindows.Client.WebExperience_cw5n1h2txyewy\LocalState\EBWebView" --noerrdialogs --disable-features=MojoIpcz --disk-cache-size=52428800 --edge-webview-is-background --enable-features=msWebView2TreatAppSuspendAsDeviceSuspend,UseNativeThreadPool,UseBackgroundNativeThreadPool --lang=en-US --mojo-named-platform-channel-pipe=4892.4360.6514222913091804647 /pfhostedapp:88456fad6f89ab8d61cf6ef112af14a8e3c4c49a</Data><Data Name='ParentUser'>NEWMAN-PC\Newman</Data></EventData></Event><Event xmlns='http://schemas.microsoft.com/win/2004/08/events/event'><System><Provider Name='Microsoft-Windows-Sysmon' Guid='{5770385f-c22a-43e0-bf4c-06f5698ffbd9}'/><EventID>1</EventID><Version>5</Version><Level>4</Level><Task>1</Task><Opcode>0</Opcode><Keywords>0x8000000000000000</Keywords><TimeCreated SystemTime='2023-07-23T23:14:23.1320906Z'/><EventRecordID>30740</EventRecordID><Correlation/><Execution ProcessID='2924' ThreadID='3284'/><Channel>Microsoft-Windows-Sysmon/Operational</Channel><Computer>Newman-PC</Computer><Security UserID='S-1-5-18'/></System><EventData><Data Name='RuleName'>-</Data><Data Name='UtcTime'>2023-07-23 23:14:23.119</Data><Data Name='ProcessGuid'>{758cb1f7-b44f-64bd-b400-000000004200}</Data><Data Name='ProcessId'>1572</Data><Data Name='Image'>C:\Program Files (x86)\Microsoft\EdgeWebView\Application\114.0.1823.79\msedgewebview2.exe</Data><Data Name='FileVersion'>114.0.1823.79</Data><Data Name='Description'>Microsoft Edge WebView2</Data><Data Name='Product'>Microsoft Edge WebView2</Data><Data Name='Company'>Microsoft Corporation</Data><Data Name='OriginalFileName'>msedgewebview2.exe</Data><Data Name='CommandLine'>"C:\Program Files (x86)\Microsoft\EdgeWebView\Application\114.0.1823.79\msedgewebview2.exe" --type=crashpad-handler --user-data-dir=C:\Users\Newman\AppData\Local\Packages\MicrosoftWindows.Client.WebExperience_cw5n1h2txyewy\LocalState\EBWebView /prefetch:7 /pfhostedapp:88456fad6f89ab8d61cf6ef112af14a8e3c4c49a --monitor-self-annotation=ptype=crashpad-handler --database=C:\Users\Newman\AppData\Local\Packages\MicrosoftWindows.Client.WebExperience_cw5n1h2txyewy\LocalState\EBWebView\Crashpad --annotation=IsOfficialBuild=1 --annotation=channel= --annotation=chromium-version=114.0.5735.201 "--annotation=exe=C:\Program Files (x86)\Microsoft\EdgeWebView\Application\114.0.1823.79\msedgewebview2.exe" --annotation=plat=Win64 "--annotation=prod=Edge WebView2" --annotation=ver=114.0.1823.79 --initial-client-data=0x178,0x17c,0x180,0x154,0x1cc,0x7ffd44a84210,0x7ffd44a84220,0x7ffd44a84230</Data><Data Name='CurrentDirectory'>C:\Program Files (x86)\Microsoft\EdgeWebView\Application\114.0.1823.79\</Data><Data Name='User'>NEWMAN-PC\Newman</Data><Data Name='LogonGuid'>{758cb1f7-b319-64bd-4ec6-050000000000}</Data><Data Name='LogonId'>0x5c64e</Data><Data Name='TerminalSessionId'>1</Data><Data Name='IntegrityLevel'>Medium</Data><Data Name='Hashes'>MD5=EF2FC220F0C479BAEAAE0997FE5180F9,SHA256=C59BA492CA1F4A3F1124BEE15A982E7336E9903D599F42C79E7370282CE88C21,IMPHASH=35372B655E686446F935C6D5BFE64E92</Data><Data Name='ParentProcessGuid'>{758cb1f7-b44e-64bd-b300-000000004200}</Data><Data Name='ParentProcessId'>1916</Data><Data Name='ParentImage'>C:\Program Files (x86)\Microsoft\EdgeWebView\Application\114.0.1823.79\msedgewebview2.exe</Data><Data Name='ParentCommandLine'>"C:\Program Files (x86)\Microsoft\EdgeWebView\Application\114.0.1823.79\msedgewebview2.exe" --embedded-browser-webview=1 --webview-exe-name=Widgets.exe --webview-exe-version=421.20070.1670.0 --user-data-dir="C:\Users\Newman\AppData\Local\Packages\MicrosoftWindows.Client.WebExperience_cw5n1h2txyewy\LocalState\EBWebView" --noerrdialogs --disable-features=MojoIpcz --disk-cache-size=52428800 --edge-webview-is-background --enable-features=msWebView2TreatAppSuspendAsDeviceSuspend,UseNativeThreadPool,UseBackgroundNativeThreadPool --lang=en-US --mojo-named-platform-channel-pipe=4892.4360.6514222913091804647 /pfhostedapp:88456fad6f89ab8d61cf6ef112af14a8e3c4c49a</Data><Data Name='ParentUser'>NEWMAN-PC\Newman</Data></EventData></Event><Event xmlns='http://schemas.microsoft.com/win/2004/08/events/event'><System><Provider Name='Microsoft-Windows-Sysmon' Guid='{5770385f-c22a-43e0-bf4c-06f5698ffbd9}'/><EventID>1</EventID><Version>5</Version><Level>4</Level><Task>1</Task><Opcode>0</Opcode><Keywords>0x8000000000000000</Keywords><TimeCreated SystemTime='2023-07-23T23:14:22.8756769Z'/><EventRecordID>30739</EventRecordID><Correlation/><Execution ProcessID='2924' ThreadID='3284'/><Channel>Microsoft-Windows-Sysmon/Operational</Channel><Computer>Newman-PC</Computer><Security UserID='S-1-5-18'/></System><EventData><Data Name='RuleName'>-</Data><Data Name='UtcTime'>2023-07-23 23:14:22.836</Data><Data Name='ProcessGuid'>{758cb1f7-b44e-64bd-b300-000000004200}</Data><Data Name='ProcessId'>1916</Data><Data Name='Image'>C:\Program Files (x86)\Microsoft\EdgeWebView\Application\114.0.1823.79\msedgewebview2.exe</Data><Data Name='FileVersion'>114.0.1823.79</Data><Data Name='Description'>Microsoft Edge WebView2</Data><Data Name='Product'>Microsoft Edge WebView2</Data><Data Name='Company'>Microsoft Corporation</Data><Data Name='OriginalFileName'>msedgewebview2.exe</Data><Data Name='CommandLine'>"C:\Program Files (x86)\Microsoft\EdgeWebView\Application\114.0.1823.79\msedgewebview2.exe" --embedded-browser-webview=1 --webview-exe-name=Widgets.exe --webview-exe-version=421.20070.1670.0 --user-data-dir="C:\Users\Newman\AppData\Local\Packages\MicrosoftWindows.Client.WebExperience_cw5n1h2txyewy\LocalState\EBWebView" --noerrdialogs --disable-features=MojoIpcz --disk-cache-size=52428800 --edge-webview-is-background --enable-features=msWebView2TreatAppSuspendAsDeviceSuspend,UseNativeThreadPool,UseBackgroundNativeThreadPool --lang=en-US --mojo-named-platform-channel-pipe=4892.4360.6514222913091804647 /pfhostedapp:88456fad6f89ab8d61cf6ef112af14a8e3c4c49a</Data><Data Name='CurrentDirectory'>C:\Windows\system32\</Data><Data Name='User'>NEWMAN-PC\Newman</Data><Data Name='LogonGuid'>{758cb1f7-b319-64bd-4ec6-050000000000}</Data><Data Name='LogonId'>0x5c64e</Data><Data Name='TerminalSessionId'>1</Data><Data Name='IntegrityLevel'>Medium</Data><Data Name='Hashes'>MD5=EF2FC220F0C479BAEAAE0997FE5180F9,SHA256=C59BA492CA1F4A3F1124BEE15A982E7336E9903D599F42C79E7370282CE88C21,IMPHASH=35372B655E686446F935C6D5BFE64E92</Data><Data Name='ParentProcessGuid'>{758cb1f7-b31f-64bd-6500-000000004200}</Data><Data Name='ParentProcessId'>4892</Data><Data Name='ParentImage'>C:\Program Files\WindowsApps\MicrosoftWindows.Client.WebExperience_423.13900.0.0_x64__cw5n1h2txyewy\Dashboard\Widgets.exe</Data><Data Name='ParentCommandLine'>"C:\Program Files\WindowsApps\MicrosoftWindows.Client.WebExperience_423.13900.0.0_x64__cw5n1h2txyewy\Dashboard\Widgets.exe" -ServerName:Microsoft.Windows.DashboardServer</Data><Data Name='ParentUser'>NEWMAN-PC\Newman</Data></EventData></Event><Event xmlns='http://schemas.microsoft.com/win/2004/08/events/event'><System><Provider Name='Microsoft-Windows-Sysmon' Guid='{5770385f-c22a-43e0-bf4c-06f5698ffbd9}'/><EventID>1</EventID><Version>5</Version><Level>4</Level><Task>1</Task><Opcode>0</Opcode><Keywords>0x8000000000000000</Keywords><TimeCreated SystemTime='2023-07-23T23:14:22.6520254Z'/><EventRecordID>30738</EventRecordID><Correlation/><Execution ProcessID='2924' ThreadID='3284'/><Channel>Microsoft-Windows-Sysmon/Operational</Channel><Computer>Newman-PC</Computer><Security UserID='S-1-5-18'/></System><EventData><Data Name='RuleName'>-</Data><Data Name='UtcTime'>2023-07-23 23:14:22.643</Data><Data Name='ProcessGuid'>{758cb1f7-b44e-64bd-b200-000000004200}</Data><Data Name='ProcessId'>3472</Data><Data Name='Image'>C:\Program Files\WindowsApps\MicrosoftWindows.Client.WebExperience_423.13900.0.0_x64__cw5n1h2txyewy\Dashboard\WidgetService.exe</Data><Data Name='FileVersion'>-</Data><Data Name='Description'>-</Data><Data Name='Product'>-</Data><Data Name='Company'>-</Data><Data Name='OriginalFileName'>-</Data><Data Name='CommandLine'>"C:\Program Files\WindowsApps\MicrosoftWindows.Client.WebExperience_423.13900.0.0_x64__cw5n1h2txyewy\Dashboard\widgetservice.exe" -RegisterProcessAsComServer -Embedding</Data><Data Name='CurrentDirectory'>C:\Windows\system32\</Data><Data Name='User'>NEWMAN-PC\Newman</Data><Data Name='LogonGuid'>{758cb1f7-b319-64bd-4ec6-050000000000}</Data><Data Name='LogonId'>0x5c64e</Data><Data Name='TerminalSessionId'>1</Data><Data Name='IntegrityLevel'>Medium</Data><Data Name='Hashes'>MD5=E6655D44D4F5CA9D71558DCC1A1743A0,SHA256=F3C4D043E133FDE1397B894EADB11AE7099B07E069DB19710FBAC3ED5C480CE0,IMPHASH=90FB42798B44BD5D9C71AFBC36B13062</Data><Data Name='ParentProcessGuid'>{758cb1f7-b312-64bd-0d00-000000004200}</Data><Data Name='ParentProcessId'>900</Data><Data Name='ParentImage'>C:\Windows\System32\svchost.exe</Data><Data Name='ParentCommandLine'>C:\Windows\system32\svchost.exe -k DcomLaunch -p</Data><Data Name='ParentUser'>NT AUTHORITY\SYSTEM</Data></EventData></Event><Event xmlns='http://schemas.microsoft.com/win/2004/08/events/event'><System><Provider Name='Microsoft-Windows-Sysmon' Guid='{5770385f-c22a-43e0-bf4c-06f5698ffbd9}'/><EventID>13</EventID><Version>2</Version><Level>4</Level><Task>13</Task><Opcode>0</Opcode><Keywords>0x8000000000000000</Keywords><TimeCreated SystemTime='2023-07-23T23:14:22.5306546Z'/><EventRecordID>30737</EventRecordID><Correlation/><Execution ProcessID='2924' ThreadID='3284'/><Channel>Microsoft-Windows-Sysmon/Operational</Channel><Computer>Newman-PC</Computer><Security UserID='S-1-5-18'/></System><EventData><Data Name='RuleName'>T1042</Data><Data Name='EventType'>SetValue</Data><Data Name='UtcTime'>2023-07-23 23:14:22.527</Data><Data Name='ProcessGuid'>{758cb1f7-b31c-64bd-5d00-000000004200}</Data><Data Name='ProcessId'>4132</Data><Data Name='Image'>C:\Windows\Explorer.EXE</Data><Data Name='TargetObject'>HKU\S-1-5-21-2404277346-2099594652-1884649452-1010\Software\Microsoft\Windows\CurrentVersion\Explorer\FileExts\.exe\OpenWithProgids\exefile</Data><Data Name='Details'>Binary Data</Data><Data Name='User'>NEWMAN-PC\Newman</Data></EventData></Event><Event xmlns='http://schemas.microsoft.com/win/2004/08/events/event'><System><Provider Name='Microsoft-Windows-Sysmon' Guid='{5770385f-c22a-43e0-bf4c-06f5698ffbd9}'/><EventID>1</EventID><Version>5</Version><Level>4</Level><Task>1</Task><Opcode>0</Opcode><Keywords>0x8000000000000000</Keywords><TimeCreated SystemTime='2023-07-23T23:14:21.6127428Z'/><EventRecordID>30736</EventRecordID><Correlation/><Execution ProcessID='2924' ThreadID='3284'/><Channel>Microsoft-Windows-Sysmon/Operational</Channel><Computer>Newman-PC</Computer><Security UserID='S-1-5-18'/></System><EventData><Data Name='RuleName'>-</Data><Data Name='UtcTime'>2023-07-23 23:14:21.606</Data><Data Name='ProcessGuid'>{758cb1f7-b44d-64bd-b100-000000004200}</Data><Data Name='ProcessId'>5212</Data><Data Name='Image'>C:\Windows\System32\SystemSettingsBroker.exe</Data><Data Name='FileVersion'>10.0.22621.608 (WinBuild.160101.0800)</Data><Data Name='Description'>System Settings Broker</Data><Data Name='Product'>Microsoft® Windows® Operating System</Data><Data Name='Company'>Microsoft Corporation</Data><Data Name='OriginalFileName'>SystemSettingsBroker.exe</Data><Data Name='CommandLine'>C:\Windows\System32\SystemSettingsBroker.exe -Embedding</Data><Data Name='CurrentDirectory'>C:\Windows\system32\</Data><Data Name='User'>NEWMAN-PC\Newman</Data><Data Name='LogonGuid'>{758cb1f7-b319-64bd-4ec6-050000000000}</Data><Data Name='LogonId'>0x5c64e</Data><Data Name='TerminalSessionId'>1</Data><Data Name='IntegrityLevel'>Medium</Data><Data Name='Hashes'>MD5=41E268C1AED77E56D819743BA42BA81F,SHA256=B8C72044231801F90AB0CDE90C54695DB7A5CA7B1590222A80E59B7D3F52D9C7,IMPHASH=C0235487EE7EECD7B1357DACF94AEB95</Data><Data Name='ParentProcessGuid'>{758cb1f7-b312-64bd-0d00-000000004200}</Data><Data Name='ParentProcessId'>900</Data><Data Name='ParentImage'>C:\Windows\System32\svchost.exe</Data><Data Name='ParentCommandLine'>C:\Windows\system32\svchost.exe -k DcomLaunch -p</Data><Data Name='ParentUser'>NT AUTHORITY\SYSTEM</Data></EventData></Event><Event xmlns='http://schemas.microsoft.com/win/2004/08/events/event'><System><Provider Name='Microsoft-Windows-Sysmon' Guid='{5770385f-c22a-43e0-bf4c-06f5698ffbd9}'/><EventID>1</EventID><Version>5</Version><Level>4</Level><Task>1</Task><Opcode>0</Opcode><Keywords>0x8000000000000000</Keywords><TimeCreated SystemTime='2023-07-23T23:14:21.5743180Z'/><EventRecordID>30735</EventRecordID><Correlation/><Execution ProcessID='2924' ThreadID='3284'/><Channel>Microsoft-Windows-Sysmon/Operational</Channel><Computer>Newman-PC</Computer><Security UserID='S-1-5-18'/></System><EventData><Data Name='RuleName'>-</Data><Data Name='UtcTime'>2023-07-23 23:14:21.565</Data><Data Name='ProcessGuid'>{758cb1f7-b44d-64bd-b000-000000004200}</Data><Data Name='ProcessId'>5268</Data><Data Name='Image'>C:\Windows\System32\svchost.exe</Data><Data Name='FileVersion'>10.0.22621.1 (WinBuild.160101.0800)</Data><Data Name='Description'>Host Process for Windows Services</Data><Data Name='Product'>Microsoft® Windows® Operating System</Data><Data Name='Company'>Microsoft Corporation</Data><Data Name='OriginalFileName'>svchost.exe</Data><Data Name='CommandLine'>C:\Windows\system32\svchost.exe -k LocalService -p</Data><Data Name='CurrentDirectory'>C:\Windows\system32\</Data><Data Name='User'>NEWMAN-PC\Newman</Data><Data Name='LogonGuid'>{758cb1f7-b319-64bd-4ec6-050000000000}</Data><Data Name='LogonId'>0x5c64e</Data><Data Name='TerminalSessionId'>1</Data><Data Name='IntegrityLevel'>Medium</Data><Data Name='Hashes'>MD5=8EC922C7A58A8701AB481B7BE9644536,SHA256=949BFB5B4C7D58D92F3F9C5F8EC7CA4CEAFFD10EC5F0020F0A987C472D61C54B,IMPHASH=76B4BAE80D2C3B08BB062D97BF9CA791</Data><Data Name='ParentProcessGuid'>{758cb1f7-b312-64bd-0b00-000000004200}</Data><Data Name='ParentProcessId'>752</Data><Data Name='ParentImage'>C:\Windows\System32\services.exe</Data><Data Name='ParentCommandLine'>C:\Windows\system32\services.exe</Data><Data Name='ParentUser'>NT AUTHORITY\SYSTEM</Data></EventData></Event><Event xmlns='http://schemas.microsoft.com/win/2004/08/events/event'><System><Provider Name='Microsoft-Windows-Sysmon' Guid='{5770385f-c22a-43e0-bf4c-06f5698ffbd9}'/><EventID>1</EventID><Version>5</Version><Level>4</Level><Task>1</Task><Opcode>0</Opcode><Keywords>0x8000000000000000</Keywords><TimeCreated SystemTime='2023-07-23T23:14:15.2153284Z'/><EventRecordID>30734</EventRecordID><Correlation/><Execution ProcessID='2924' ThreadID='3284'/><Channel>Microsoft-Windows-Sysmon/Operational</Channel><Computer>Newman-PC</Computer><Security UserID='S-1-5-18'/></System><EventData><Data Name='RuleName'>-</Data><Data Name='UtcTime'>2023-07-23 23:14:15.212</Data><Data Name='ProcessGuid'>{758cb1f7-b447-64bd-af00-000000004200}</Data><Data Name='ProcessId'>4300</Data><Data Name='Image'>C:\Windows\System32\taskhostw.exe</Data><Data Name='FileVersion'>10.0.22621.1635 (WinBuild.160101.0800)</Data><Data Name='Description'>Host Process for Windows Tasks</Data><Data Name='Product'>Microsoft® Windows® Operating System</Data><Data Name='Company'>Microsoft Corporation</Data><Data Name='OriginalFileName'>taskhostw.exe</Data><Data Name='CommandLine'>taskhostw.exe Logon</Data><Data Name='CurrentDirectory'>C:\Windows\system32\</Data><Data Name='User'>NEWMAN-PC\Newman</Data><Data Name='LogonGuid'>{758cb1f7-b319-64bd-4ec6-050000000000}</Data><Data Name='LogonId'>0x5c64e</Data><Data Name='TerminalSessionId'>1</Data><Data Name='IntegrityLevel'>Medium</Data><Data Name='Hashes'>MD5=4887A65FD4F6598AF4986CBC1C0E5488,SHA256=82472A84BCBB4009ADD338200F8E853FE4C5EAFE2E2C3A2D711B85BF29B72D54,IMPHASH=1C4E2D9936E4D9F2490B08AAB4D24260</Data><Data Name='ParentProcessGuid'>{758cb1f7-b312-64bd-1300-000000004200}</Data><Data Name='ParentProcessId'>1056</Data><Data Name='ParentImage'>C:\Windows\System32\svchost.exe</Data><Data Name='ParentCommandLine'>C:\Windows\system32\svchost.exe -k netsvcs -p</Data><Data Name='ParentUser'>NT AUTHORITY\SYSTEM</Data></EventData></Event><Event xmlns='http://schemas.microsoft.com/win/2004/08/events/event'><System><Provider Name='Microsoft-Windows-Sysmon' Guid='{5770385f-c22a-43e0-bf4c-06f5698ffbd9}'/><EventID>13</EventID><Version>2</Version><Level>4</Level><Task>13</Task><Opcode>0</Opcode><Keywords>0x8000000000000000</Keywords><TimeCreated SystemTime='2023-07-23T23:13:30.8904761Z'/><EventRecordID>30733</EventRecordID><Correlation/><Execution ProcessID='2924' ThreadID='3284'/><Channel>Microsoft-Windows-Sysmon/Operational</Channel><Computer>Newman-PC</Computer><Security UserID='S-1-5-18'/></System><EventData><Data Name='RuleName'>Suspicious,ImageBeginWithBackslash</Data><Data Name='EventType'>SetValue</Data><Data Name='UtcTime'>2023-07-23 23:13:30.889</Data><Data Name='ProcessGuid'>{758cb1f7-b405-64bd-ab00-000000004200}</Data><Data Name='ProcessId'>1332</Data><Data Name='Image'>\\?\C:\Windows\system32\wbem\WMIADAP.EXE</Data><Data Name='TargetObject'>HKLM\SOFTWARE\Microsoft\Wbem\PROVIDERS\Performance\Performance Refreshed</Data><Data Name='Details'>DWORD (0x00000001)</Data><Data Name='User'>NT AUTHORITY\SYSTEM</Data></EventData></Event><Event xmlns='http://schemas.microsoft.com/win/2004/08/events/event'><System><Provider Name='Microsoft-Windows-Sysmon' Guid='{5770385f-c22a-43e0-bf4c-06f5698ffbd9}'/><EventID>13</EventID><Version>2</Version><Level>4</Level><Task>13</Task><Opcode>0</Opcode><Keywords>0x8000000000000000</Keywords><TimeCreated SystemTime='2023-07-23T23:13:30.8904338Z'/><EventRecordID>30732</EventRecordID><Correlation/><Execution ProcessID='2924' ThreadID='3284'/><Channel>Microsoft-Windows-Sysmon/Operational</Channel><Computer>Newman-PC</Computer><Security UserID='S-1-5-18'/></System><EventData><Data Name='RuleName'>Suspicious,ImageBeginWithBackslash</Data><Data Name='EventType'>SetValue</Data><Data Name='UtcTime'>2023-07-23 23:13:30.889</Data><Data Name='ProcessGuid'>{758cb1f7-b405-64bd-ab00-000000004200}</Data><Data Name='ProcessId'>1332</Data><Data Name='Image'>\\?\C:\Windows\system32\wbem\WMIADAP.EXE</Data><Data Name='TargetObject'>HKLM\SOFTWARE\Microsoft\Wbem\PROVIDERS\Performance\Performance Refresh</Data><Data Name='Details'>DWORD (0x00000000)</Data><Data Name='User'>NT AUTHORITY\SYSTEM</Data></EventData></Event><Event xmlns='http://schemas.microsoft.com/win/2004/08/events/event'><System><Provider Name='Microsoft-Windows-Sysmon' Guid='{5770385f-c22a-43e0-bf4c-06f5698ffbd9}'/><EventID>13</EventID><Version>2</Version><Level>4</Level><Task>13</Task><Opcode>0</Opcode><Keywords>0x8000000000000000</Keywords><TimeCreated SystemTime='2023-07-23T23:13:30.8903912Z'/><EventRecordID>30731</EventRecordID><Correlation/><Execution ProcessID='2924' ThreadID='3284'/><Channel>Microsoft-Windows-Sysmon/Operational</Channel><Computer>Newman-PC</Computer><Security UserID='S-1-5-18'/></System><EventData><Data Name='RuleName'>Suspicious,ImageBeginWithBackslash</Data><Data Name='EventType'>SetValue</Data><Data Name='UtcTime'>2023-07-23 23:13:30.889</Data><Data Name='ProcessGuid'>{758cb1f7-b405-64bd-ab00-000000004200}</Data><Data Name='ProcessId'>1332</Data><Data Name='Image'>\\?\C:\Windows\system32\wbem\WMIADAP.EXE</Data><Data Name='TargetObject'>HKLM\SOFTWARE\Microsoft\Wbem\WDM\DREDGE\C:\Windows\system32\drivers\battc.sys[BATTCWMI]</Data><Data Name='Details'>LowDateTime:1897618983,HighDateTime:30958000***Binary mof compiled successfully</Data><Data Name='User'>NT AUTHORITY\SYSTEM</Data></EventData></Event><Event xmlns='http://schemas.microsoft.com/win/2004/08/events/event'><System><Provider Name='Microsoft-Windows-Sysmon' Guid='{5770385f-c22a-43e0-bf4c-06f5698ffbd9}'/><EventID>13</EventID><Version>2</Version><Level>4</Level><Task>13</Task><Opcode>0</Opcode><Keywords>0x8000000000000000</Keywords><TimeCreated SystemTime='2023-07-23T23:13:30.8903439Z'/><EventRecordID>30730</EventRecordID><Correlation/><Execution ProcessID='2924' ThreadID='3284'/><Channel>Microsoft-Windows-Sysmon/Operational</Channel><Computer>Newman-PC</Computer><Security UserID='S-1-5-18'/></System><EventData><Data Name='RuleName'>Suspicious,ImageBeginWithBackslash</Data><Data Name='EventType'>SetValue</Data><Data Name='UtcTime'>2023-07-23 23:13:30.889</Data><Data Name='ProcessGuid'>{758cb1f7-b405-64bd-ab00-000000004200}</Data><Data Name='ProcessId'>1332</Data><Data Name='Image'>\\?\C:\Windows\system32\wbem\WMIADAP.EXE</Data><Data Name='TargetObject'>HKLM\SOFTWARE\Microsoft\Wbem\WDM\DREDGE\C:\Windows\System32\Drivers\portcls.SYS[PortclsMof]</Data><Data Name='Details'>LowDateTime:1623249109,HighDateTime:31044615***Binary mof compiled successfully</Data><Data Name='User'>NT AUTHORITY\SYSTEM</Data></EventData></Event><Event xmlns='http://schemas.microsoft.com/win/2004/08/events/event'><System><Provider Name='Microsoft-Windows-Sysmon' Guid='{5770385f-c22a-43e0-bf4c-06f5698ffbd9}'/><EventID>13</EventID><Version>2</Version><Level>4</Level><Task>13</Task><Opcode>0</Opcode><Keywords>0x8000000000000000</Keywords><TimeCreated SystemTime='2023-07-23T23:13:30.8902951Z'/><EventRecordID>30729</EventRecordID><Correlation/><Execution ProcessID='2924' ThreadID='3284'/><Channel>Microsoft-Windows-Sysmon/Operational</Channel><Computer>Newman-PC</Computer><Security UserID='S-1-5-18'/></System><EventData><Data Name='RuleName'>Suspicious,ImageBeginWithBackslash</Data><Data Name='EventType'>SetValue</Data><Data Name='UtcTime'>2023-07-23 23:13:30.889</Data><Data Name='ProcessGuid'>{758cb1f7-b405-64bd-ab00-000000004200}</Data><Data Name='ProcessId'>1332</Data><Data Name='Image'>\\?\C:\Windows\system32\wbem\WMIADAP.EXE</Data><Data Name='TargetObject'>HKLM\SOFTWARE\Microsoft\Wbem\WDM\DREDGE\C:\Windows\System32\drivers\en-US\processr.sys.mui[PROCESSORWMI]</Data><Data Name='Details'>LowDateTime:-1163204993,HighDateTime:30958018***Binary mof compiled successfully</Data><Data Name='User'>NT AUTHORITY\SYSTEM</Data></EventData></Event><Event xmlns='http://schemas.microsoft.com/win/2004/08/events/event'><System><Provider Name='Microsoft-Windows-Sysmon' Guid='{5770385f-c22a-43e0-bf4c-06f5698ffbd9}'/><EventID>13</EventID><Version>2</Version><Level>4</Level><Task>13</Task><Opcode>0</Opcode><Keywords>0x8000000000000000</Keywords><TimeCreated SystemTime='2023-07-23T23:13:30.8902426Z'/><EventRecordID>30728</EventRecordID><Correlation/><Execution ProcessID='2924' ThreadID='3284'/><Channel>Microsoft-Windows-Sysmon/Operational</Channel><Computer>Newman-PC</Computer><Security UserID='S-1-5-18'/></System><EventData><Data Name='RuleName'>Suspicious,ImageBeginWithBackslash</Data><Data Name='EventType'>SetValue</Data><Data Name='UtcTime'>2023-07-23 23:13:30.889</Data><Data Name='ProcessGuid'>{758cb1f7-b405-64bd-ab00-000000004200}</Data><Data Name='ProcessId'>1332</Data><Data Name='Image'>\\?\C:\Windows\system32\wbem\WMIADAP.EXE</Data><Data Name='TargetObject'>HKLM\SOFTWARE\Microsoft\Wbem\WDM\DREDGE\C:\Windows\System32\drivers\processr.sys[PROCESSORWMI]</Data><Data Name='Details'>LowDateTime:-967693411,HighDateTime:31031087***Binary mof compiled successfully</Data><Data Name='User'>NT AUTHORITY\SYSTEM</Data></EventData></Event><Event xmlns='http://schemas.microsoft.com/win/2004/08/events/event'><System><Provider Name='Microsoft-Windows-Sysmon' Guid='{5770385f-c22a-43e0-bf4c-06f5698ffbd9}'/><EventID>13</EventID><Version>2</Version><Level>4</Level><Task>13</Task><Opcode>0</Opcode><Keywords>0x8000000000000000</Keywords><TimeCreated SystemTime='2023-07-23T23:13:30.8901928Z'/><EventRecordID>30727</EventRecordID><Correlation/><Execution ProcessID='2924' ThreadID='3284'/><Channel>Microsoft-Windows-Sysmon/Operational</Channel><Computer>Newman-PC</Computer><Security UserID='S-1-5-18'/></System><EventData><Data Name='RuleName'>Suspicious,ImageBeginWithBackslash</Data><Data Name='EventType'>SetValue</Data><Data Name='UtcTime'>2023-07-23 23:13:30.889</Data><Data Name='ProcessGuid'>{758cb1f7-b405-64bd-ab00-000000004200}</Data><Data Name='ProcessId'>1332</Data><Data Name='Image'>\\?\C:\Windows\system32\wbem\WMIADAP.EXE</Data><Data Name='TargetObject'>HKLM\SOFTWARE\Microsoft\Wbem\WDM\DREDGE\C:\Windows\System32\drivers\HDAudBus.sys[HDAudioMofName]</Data><Data Name='Details'>LowDateTime:-994724719,HighDateTime:31031087***Binary mof compiled successfully</Data><Data Name='User'>NT AUTHORITY\SYSTEM</Data></EventData></Event><Event xmlns='http://schemas.microsoft.com/win/2004/08/events/event'><System><Provider Name='Microsoft-Windows-Sysmon' Guid='{5770385f-c22a-43e0-bf4c-06f5698ffbd9}'/><EventID>13</EventID><Version>2</Version><Level>4</Level><Task>13</Task><Opcode>0</Opcode><Keywords>0x8000000000000000</Keywords><TimeCreated SystemTime='2023-07-23T23:13:30.8901393Z'/><EventRecordID>30726</EventRecordID><Correlation/><Execution ProcessID='2924' ThreadID='3284'/><Channel>Microsoft-Windows-Sysmon/Operational</Channel><Computer>Newman-PC</Computer><Security UserID='S-1-5-18'/></System><EventData><Data Name='RuleName'>Suspicious,ImageBeginWithBackslash</Data><Data Name='EventType'>SetValue</Data><Data Name='UtcTime'>2023-07-23 23:13:30.889</Data><Data Name='ProcessGuid'>{758cb1f7-b405-64bd-ab00-000000004200}</Data><Data Name='ProcessId'>1332</Data><Data Name='Image'>\\?\C:\Windows\system32\wbem\WMIADAP.EXE</Data><Data Name='TargetObject'>HKLM\SOFTWARE\Microsoft\Wbem\WDM\DREDGE\C:\Windows\System32\drivers\mssmbios.sys[MofResource]</Data><Data Name='Details'>LowDateTime:1899337646,HighDateTime:30958000***Binary mof compiled successfully</Data><Data Name='User'>NT AUTHORITY\SYSTEM</Data></EventData></Event><Event xmlns='http://schemas.microsoft.com/win/2004/08/events/event'><System><Provider Name='Microsoft-Windows-Sysmon' Guid='{5770385f-c22a-43e0-bf4c-06f5698ffbd9}'/><EventID>13</EventID><Version>2</Version><Level>4</Level><Task>13</Task><Opcode>0</Opcode><Keywords>0x8000000000000000</Keywords><TimeCreated SystemTime='2023-07-23T23:13:30.8900913Z'/><EventRecordID>30725</EventRecordID><Correlation/><Execution ProcessID='2924' ThreadID='3284'/><Channel>Microsoft-Windows-Sysmon/Operational</Channel><Computer>Newman-PC</Computer><Security UserID='S-1-5-18'/></System><EventData><Data Name='RuleName'>Suspicious,ImageBeginWithBackslash</Data><Data Name='EventType'>SetValue</Data><Data Name='UtcTime'>2023-07-23 23:13:30.889</Data><Data Name='ProcessGuid'>{758cb1f7-b405-64bd-ab00-000000004200}</Data><Data Name='ProcessId'>1332</Data><Data Name='Image'>\\?\C:\Windows\system32\wbem\WMIADAP.EXE</Data><Data Name='TargetObject'>HKLM\SOFTWARE\Microsoft\Wbem\WDM\DREDGE\C:\Windows\System32\drivers\en-US\ACPI.sys.mui[ACPIMOFResource]</Data><Data Name='Details'>LowDateTime:-1163204993,HighDateTime:30958018***Binary mof compiled successfully</Data><Data Name='User'>NT AUTHORITY\SYSTEM</Data></EventData></Event><Event xmlns='http://schemas.microsoft.com/win/2004/08/events/event'><System><Provider Name='Microsoft-Windows-Sysmon' Guid='{5770385f-c22a-43e0-bf4c-06f5698ffbd9}'/><EventID>13</EventID><Version>2</Version><Level>4</Level><Task>13</Task><Opcode>0</Opcode><Keywords>0x8000000000000000</Keywords><TimeCreated SystemTime='2023-07-23T23:13:30.8900379Z'/><EventRecordID>30724</EventRecordID><Correlation/><Execution ProcessID='2924' ThreadID='3284'/><Channel>Microsoft-Windows-Sysmon/Operational</Channel><Computer>Newman-PC</Computer><Security UserID='S-1-5-18'/></System><EventData><Data Name='RuleName'>Suspicious,ImageBeginWithBackslash</Data><Data Name='EventType'>SetValue</Data><Data Name='UtcTime'>2023-07-23 23:13:30.889</Data><Data Name='ProcessGuid'>{758cb1f7-b405-64bd-ab00-000000004200}</Data><Data Name='ProcessId'>1332</Data><Data Name='Image'>\\?\C:\Windows\system32\wbem\WMIADAP.EXE</Data><Data Name='TargetObject'>HKLM\SOFTWARE\Microsoft\Wbem\WDM\DREDGE\C:\Windows\System32\drivers\ACPI.sys[ACPIMOFResource]</Data><Data Name='Details'>LowDateTime:-968318377,HighDateTime:31031087***Binary mof compiled successfully</Data><Data Name='User'>NT AUTHORITY\SYSTEM</Data></EventData></Event><Event xmlns='http://schemas.microsoft.com/win/2004/08/events/event'><System><Provider Name='Microsoft-Windows-Sysmon' Guid='{5770385f-c22a-43e0-bf4c-06f5698ffbd9}'/><EventID>13</EventID><Version>2</Version><Level>4</Level><Task>13</Task><Opcode>0</Opcode><Keywords>0x8000000000000000</Keywords><TimeCreated SystemTime='2023-07-23T23:13:30.8899832Z'/><EventRecordID>30723</EventRecordID><Correlation/><Execution ProcessID='2924' ThreadID='3284'/><Channel>Microsoft-Windows-Sysmon/Operational</Channel><Computer>Newman-PC</Computer><Security UserID='S-1-5-18'/></System><EventData><Data Name='RuleName'>Suspicious,ImageBeginWithBackslash</Data><Data Name='EventType'>SetValue</Data><Data Name='UtcTime'>2023-07-23 23:13:30.889</Data><Data Name='ProcessGuid'>{758cb1f7-b405-64bd-ab00-000000004200}</Data><Data Name='ProcessId'>1332</Data><Data Name='Image'>\\?\C:\Windows\system32\wbem\WMIADAP.EXE</Data><Data Name='TargetObject'>HKLM\SOFTWARE\Microsoft\Wbem\WDM\DREDGE\C:\Windows\system32\en-US\kernelbase.dll.mui[MofResourceName]</Data><Data Name='Details'>LowDateTime:-1838158306,HighDateTime:31044615***Binary mof compiled successfully</Data><Data Name='User'>NT AUTHORITY\SYSTEM</Data></EventData></Event><Event xmlns='http://schemas.microsoft.com/win/2004/08/events/event'><System><Provider Name='Microsoft-Windows-Sysmon' Guid='{5770385f-c22a-43e0-bf4c-06f5698ffbd9}'/><EventID>13</EventID><Version>2</Version><Level>4</Level><Task>13</Task><Opcode>0</Opcode><Keywords>0x8000000000000000</Keywords><TimeCreated SystemTime='2023-07-23T23:13:30.8898995Z'/><EventRecordID>30722</EventRecordID><Correlation/><Execution ProcessID='2924' ThreadID='3284'/><Channel>Microsoft-Windows-Sysmon/Operational</Channel><Computer>Newman-PC</Computer><Security UserID='S-1-5-18'/></System><EventData><Data Name='RuleName'>Suspicious,ImageBeginWithBackslash</Data><Data Name='EventType'>SetValue</Data><Data Name='UtcTime'>2023-07-23 23:13:30.889</Data><Data Name='ProcessGuid'>{758cb1f7-b405-64bd-ab00-000000004200}</Data><Data Name='ProcessId'>1332</Data><Data Name='Image'>\\?\C:\Windows\system32\wbem\WMIADAP.EXE</Data><Data Name='TargetObject'>HKLM\SOFTWARE\Microsoft\Wbem\WDM\DREDGE\C:\Windows\system32\kernelbase.dll[MofResourceName]</Data><Data Name='Details'>LowDateTime:1906391810,HighDateTime:31044615***Binary mof compiled successfully</Data><Data Name='User'>NT AUTHORITY\SYSTEM</Data></EventData></Event><Event xmlns='http://schemas.microsoft.com/win/2004/08/events/event'><System><Provider Name='Microsoft-Windows-Sysmon' Guid='{5770385f-c22a-43e0-bf4c-06f5698ffbd9}'/><EventID>12</EventID><Version>2</Version><Level>4</Level><Task>12</Task><Opcode>0</Opcode><Keywords>0x8000000000000000</Keywords><TimeCreated SystemTime='2023-07-23T23:13:30.8896655Z'/><EventRecordID>30721</EventRecordID><Correlation/><Execution ProcessID='2924' ThreadID='3284'/><Channel>Microsoft-Windows-Sysmon/Operational</Channel><Computer>Newman-PC</Computer><Security UserID='S-1-5-18'/></System><EventData><Data Name='RuleName'>Suspicious,ImageBeginWithBackslash</Data><Data Name='EventType'>DeleteKey</Data><Data Name='UtcTime'>2023-07-23 23:13:30.888</Data><Data Name='ProcessGuid'>{758cb1f7-b405-64bd-ab00-000000004200}</Data><Data Name='ProcessId'>1332</Data><Data Name='Image'>\\?\C:\Windows\system32\wbem\WMIADAP.EXE</Data><Data Name='TargetObject'>HKLM\SOFTWARE\Microsoft\Wbem\WDM\DREDGE</Data><Data Name='User'>NT AUTHORITY\SYSTEM</Data></EventData></Event><Event xmlns='http://schemas.microsoft.com/win/2004/08/events/event'><System><Provider Name='Microsoft-Windows-Sysmon' Guid='{5770385f-c22a-43e0-bf4c-06f5698ffbd9}'/><EventID>13</EventID><Version>2</Version><Level>4</Level><Task>13</Task><Opcode>0</Opcode><Keywords>0x8000000000000000</Keywords><TimeCreated SystemTime='2023-07-23T23:13:30.8893060Z'/><EventRecordID>30720</EventRecordID><Correlation/><Execution ProcessID='2924' ThreadID='3284'/><Channel>Microsoft-Windows-Sysmon/Operational</Channel><Computer>Newman-PC</Computer><Security UserID='S-1-5-18'/></System><EventData><Data Name='RuleName'>Suspicious,ImageBeginWithBackslash</Data><Data Name='EventType'>SetValue</Data><Data Name='UtcTime'>2023-07-23 23:13:30.888</Data><Data Name='ProcessGuid'>{758cb1f7-b405-64bd-ab00-000000004200}</Data><Data Name='ProcessId'>1332</Data><Data Name='Image'>\\?\C:\Windows\system32\wbem\WMIADAP.EXE</Data><Data Name='TargetObject'>HKLM\SOFTWARE\Microsoft\Wbem\PROVIDERS\Performance\Performance Data</Data><Data Name='Details'>Binary Data</Data><Data Name='User'>NT AUTHORITY\SYSTEM</Data></EventData></Event><Event xmlns='http://schemas.microsoft.com/win/2004/08/events/event'><System><Provider Name='Microsoft-Windows-Sysmon' Guid='{5770385f-c22a-43e0-bf4c-06f5698ffbd9}'/><EventID>12</EventID><Version>2</Version><Level>4</Level><Task>12</Task><Opcode>0</Opcode><Keywords>0x8000000000000000</Keywords><TimeCreated SystemTime='2023-07-23T23:13:26.2965415Z'/><EventRecordID>30719</EventRecordID><Correlation/><Execution ProcessID='2924' ThreadID='3284'/><Channel>Microsoft-Windows-Sysmon/Operational</Channel><Computer>Newman-PC</Computer><Security UserID='S-1-5-18'/></System><EventData><Data Name='RuleName'>Suspicious,ImageBeginWithBackslash</Data><Data Name='EventType'>DeleteValue</Data><Data Name='UtcTime'>2023-07-23 23:13:26.281</Data><Data Name='ProcessGuid'>{758cb1f7-b405-64bd-ab00-000000004200}</Data><Data Name='ProcessId'>1332</Data><Data Name='Image'>\\?\C:\Windows\system32\wbem\WMIADAP.EXE</Data><Data Name='TargetObject'>HKLM\SOFTWARE\Microsoft\Windows NT\CurrentVersion\Perflib\Updating</Data><Data Name='User'>NT AUTHORITY\SYSTEM</Data></EventData></Event><Event xmlns='http://schemas.microsoft.com/win/2004/08/events/event'><System><Provider Name='Microsoft-Windows-Sysmon' Guid='{5770385f-c22a-43e0-bf4c-06f5698ffbd9}'/><EventID>13</EventID><Version>2</Version><Level>4</Level><Task>13</Task><Opcode>0</Opcode><Keywords>0x8000000000000000</Keywords><TimeCreated SystemTime='2023-07-23T23:13:26.2964984Z'/><EventRecordID>30718</EventRecordID><Correlation/><Execution ProcessID='2924' ThreadID='3284'/><Channel>Microsoft-Windows-Sysmon/Operational</Channel><Computer>Newman-PC</Computer><Security UserID='S-1-5-18'/></System><EventData><Data Name='RuleName'>Suspicious,ImageBeginWithBackslash</Data><Data Name='EventType'>SetValue</Data><Data Name='UtcTime'>2023-07-23 23:13:26.281</Data><Data Name='ProcessGuid'>{758cb1f7-b405-64bd-ab00-000000004200}</Data><Data Name='ProcessId'>1332</Data><Data Name='Image'>\\?\C:\Windows\system32\wbem\WMIADAP.EXE</Data><Data Name='TargetObject'>HKLM\System\CurrentControlSet\Services\WmiApRpl\Performance\Object List</Data><Data Name='Details'>12900 12906 12918 12928 12938 12958 13002 13012 13050 13056 13072</Data><Data Name='User'>NT AUTHORITY\SYSTEM</Data></EventData></Event><Event xmlns='http://schemas.microsoft.com/win/2004/08/events/event'><System><Provider Name='Microsoft-Windows-Sysmon' Guid='{5770385f-c22a-43e0-bf4c-06f5698ffbd9}'/><EventID>13</EventID><Version>2</Version><Level>4</Level><Task>13</Task><Opcode>0</Opcode><Keywords>0x8000000000000000</Keywords><TimeCreated SystemTime='2023-07-23T23:13:26.2964534Z'/><EventRecordID>30717</EventRecordID><Correlation/><Execution ProcessID='2924' ThreadID='3284'/><Channel>Microsoft-Windows-Sysmon/Operational</Channel><Computer>Newman-PC</Computer><Security UserID='S-1-5-18'/></System><EventData><Data Name='RuleName'>Suspicious,ImageBeginWithBackslash</Data><Data Name='EventType'>SetValue</Data><Data Name='UtcTime'>2023-07-23 23:13:26.281</Data><Data Name='ProcessGuid'>{758cb1f7-b405-64bd-ab00-000000004200}</Data><Data Name='ProcessId'>1332</Data><Data Name='Image'>\\?\C:\Windows\system32\wbem\WMIADAP.EXE</Data><Data Name='TargetObject'>HKLM\System\CurrentControlSet\Services\WmiApRpl\Performance\First Help</Data><Data Name='Details'>DWORD (0x00003265)</Data><Data Name='User'>NT AUTHORITY\SYSTEM</Data></EventData></Event><Event xmlns='http://schemas.microsoft.com/win/2004/08/events/event'><System><Provider Name='Microsoft-Windows-Sysmon' Guid='{5770385f-c22a-43e0-bf4c-06f5698ffbd9}'/><EventID>13</EventID><Version>2</Version><Level>4</Level><Task>13</Task><Opcode>0</Opcode><Keywords>0x8000000000000000</Keywords><TimeCreated SystemTime='2023-07-23T23:13:26.2963898Z'/><EventRecordID>30716</EventRecordID><Correlation/><Execution ProcessID='2924' ThreadID='3284'/><Channel>Microsoft-Windows-Sysmon/Operational</Channel><Computer>Newman-PC</Computer><Security UserID='S-1-5-18'/></System><EventData><Data Name='RuleName'>Suspicious,ImageBeginWithBackslash</Data><Data Name='EventType'>SetValue</Data><Data Name='UtcTime'>2023-07-23 23:13:26.281</Data><Data Name='ProcessGuid'>{758cb1f7-b405-64bd-ab00-000000004200}</Data><Data Name='ProcessId'>1332</Data><Data Name='Image'>\\?\C:\Windows\system32\wbem\WMIADAP.EXE</Data><Data Name='TargetObject'>HKLM\System\CurrentControlSet\Services\WmiApRpl\Performance\First Counter</Data><Data Name='Details'>DWORD (0x00003264)</Data><Data Name='User'>NT AUTHORITY\SYSTEM</Data></EventData></Event><Event xmlns='http://schemas.microsoft.com/win/2004/08/events/event'><System><Provider Name='Microsoft-Windows-Sysmon' Guid='{5770385f-c22a-43e0-bf4c-06f5698ffbd9}'/><EventID>13</EventID><Version>2</Version><Level>4</Level><Task>13</Task><Opcode>0</Opcode><Keywords>0x8000000000000000</Keywords><TimeCreated SystemTime='2023-07-23T23:13:26.2963464Z'/><EventRecordID>30715</EventRecordID><Correlation/><Execution ProcessID='2924' ThreadID='3284'/><Channel>Microsoft-Windows-Sysmon/Operational</Channel><Computer>Newman-PC</Computer><Security UserID='S-1-5-18'/></System><EventData><Data Name='RuleName'>Suspicious,ImageBeginWithBackslash</Data><Data Name='EventType'>SetValue</Data><Data Name='UtcTime'>2023-07-23 23:13:26.281</Data><Data Name='ProcessGuid'>{758cb1f7-b405-64bd-ab00-000000004200}</Data><Data Name='ProcessId'>1332</Data><Data Name='Image'>\\?\C:\Windows\system32\wbem\WMIADAP.EXE</Data><Data Name='TargetObject'>HKLM\System\CurrentControlSet\Services\WmiApRpl\Performance\Last Help</Data><Data Name='Details'>DWORD (0x00003317)</Data><Data Name='User'>NT AUTHORITY\SYSTEM</Data></EventData></Event><Event xmlns='http://schemas.microsoft.com/win/2004/08/events/event'><System><Provider Name='Microsoft-Windows-Sysmon' Guid='{5770385f-c22a-43e0-bf4c-06f5698ffbd9}'/><EventID>13</EventID><Version>2</Version><Level>4</Level><Task>13</Task><Opcode>0</Opcode><Keywords>0x8000000000000000</Keywords><TimeCreated SystemTime='2023-07-23T23:13:26.2962965Z'/><EventRecordID>30714</EventRecordID><Correlation/><Execution ProcessID='2924' ThreadID='3284'/><Channel>Microsoft-Windows-Sysmon/Operational</Channel><Computer>Newman-PC</Computer><Security UserID='S-1-5-18'/></System><EventData><Data Name='RuleName'>Suspicious,ImageBeginWithBackslash</Data><Data Name='EventType'>SetValue</Data><Data Name='UtcTime'>2023-07-23 23:13:26.281</Data><Data Name='ProcessGuid'>{758cb1f7-b405-64bd-ab00-000000004200}</Data><Data Name='ProcessId'>1332</Data><Data Name='Image'>\\?\C:\Windows\system32\wbem\WMIADAP.EXE</Data><Data Name='TargetObject'>HKLM\System\CurrentControlSet\Services\WmiApRpl\Performance\Last Counter</Data><Data Name='Details'>DWORD (0x00003316)</Data><Data Name='User'>NT AUTHORITY\SYSTEM</Data></EventData></Event><Event xmlns='http://schemas.microsoft.com/win/2004/08/events/event'><System><Provider Name='Microsoft-Windows-Sysmon' Guid='{5770385f-c22a-43e0-bf4c-06f5698ffbd9}'/><EventID>13</EventID><Version>2</Version><Level>4</Level><Task>13</Task><Opcode>0</Opcode><Keywords>0x8000000000000000</Keywords><TimeCreated SystemTime='2023-07-23T23:13:26.2962388Z'/><EventRecordID>30713</EventRecordID><Correlation/><Execution ProcessID='2924' ThreadID='3284'/><Channel>Microsoft-Windows-Sysmon/Operational</Channel><Computer>Newman-PC</Computer><Security UserID='S-1-5-18'/></System><EventData><Data Name='RuleName'>Suspicious,ImageBeginWithBackslash</Data><Data Name='EventType'>SetValue</Data><Data Name='UtcTime'>2023-07-23 23:13:26.281</Data><Data Name='ProcessGuid'>{758cb1f7-b405-64bd-ab00-000000004200}</Data><Data Name='ProcessId'>1332</Data><Data Name='Image'>\\?\C:\Windows\system32\wbem\WMIADAP.EXE</Data><Data Name='TargetObject'>HKLM\SOFTWARE\Microsoft\Windows NT\CurrentVersion\Perflib\Last Help</Data><Data Name='Details'>DWORD (0x00003317)</Data><Data Name='User'>NT AUTHORITY\SYSTEM</Data></EventData></Event><Event xmlns='http://schemas.microsoft.com/win/2004/08/events/event'><System><Provider Name='Microsoft-Windows-Sysmon' Guid='{5770385f-c22a-43e0-bf4c-06f5698ffbd9}'/><EventID>13</EventID><Version>2</Version><Level>4</Level><Task>13</Task><Opcode>0</Opcode><Keywords>0x8000000000000000</Keywords><TimeCreated SystemTime='2023-07-23T23:13:26.2961526Z'/><EventRecordID>30712</EventRecordID><Correlation/><Execution ProcessID='2924' ThreadID='3284'/><Channel>Microsoft-Windows-Sysmon/Operational</Channel><Computer>Newman-PC</Computer><Security UserID='S-1-5-18'/></System><EventData><Data Name='RuleName'>Suspicious,ImageBeginWithBackslash</Data><Data Name='EventType'>SetValue</Data><Data Name='UtcTime'>2023-07-23 23:13:26.281</Data><Data Name='ProcessGuid'>{758cb1f7-b405-64bd-ab00-000000004200}</Data><Data Name='ProcessId'>1332</Data><Data Name='Image'>\\?\C:\Windows\system32\wbem\WMIADAP.EXE</Data><Data Name='TargetObject'>HKLM\SOFTWARE\Microsoft\Windows NT\CurrentVersion\Perflib\Last Counter</Data><Data Name='Details'>DWORD (0x00003316)</Data><Data Name='User'>NT AUTHORITY\SYSTEM</Data></EventData></Event><Event xmlns='http://schemas.microsoft.com/win/2004/08/events/event'><System><Provider Name='Microsoft-Windows-Sysmon' Guid='{5770385f-c22a-43e0-bf4c-06f5698ffbd9}'/><EventID>13</EventID><Version>2</Version><Level>4</Level><Task>13</Task><Opcode>0</Opcode><Keywords>0x8000000000000000</Keywords><TimeCreated SystemTime='2023-07-23T23:13:26.2445589Z'/><EventRecordID>30711</EventRecordID><Correlation/><Execution ProcessID='2924' ThreadID='3284'/><Channel>Microsoft-Windows-Sysmon/Operational</Channel><Computer>Newman-PC</Computer><Security UserID='S-1-5-18'/></System><EventData><Data Name='RuleName'>Suspicious,ImageBeginWithBackslash</Data><Data Name='EventType'>SetValue</Data><Data Name='UtcTime'>2023-07-23 23:13:26.233</Data><Data Name='ProcessGuid'>{758cb1f7-b405-64bd-ab00-000000004200}</Data><Data Name='ProcessId'>1332</Data><Data Name='Image'>\\?\C:\Windows\system32\wbem\WMIADAP.EXE</Data><Data Name='TargetObject'>HKLM\SOFTWARE\Microsoft\Windows NT\CurrentVersion\Perflib\Updating</Data><Data Name='Details'>WmiApRpl</Data><Data Name='User'>NT AUTHORITY\SYSTEM</Data></EventData></Event><Event xmlns='http://schemas.microsoft.com/win/2004/08/events/event'><System><Provider Name='Microsoft-Windows-Sysmon' Guid='{5770385f-c22a-43e0-bf4c-06f5698ffbd9}'/><EventID>13</EventID><Version>2</Version><Level>4</Level><Task>13</Task><Opcode>0</Opcode><Keywords>0x8000000000000000</Keywords><TimeCreated SystemTime='2023-07-23T23:13:26.2415304Z'/><EventRecordID>30710</EventRecordID><Correlation/><Execution ProcessID='2924' ThreadID='3284'/><Channel>Microsoft-Windows-Sysmon/Operational</Channel><Computer>Newman-PC</Computer><Security UserID='S-1-5-18'/></System><EventData><Data Name='RuleName'>Suspicious,ImageBeginWithBackslash</Data><Data Name='EventType'>SetValue</Data><Data Name='UtcTime'>2023-07-23 23:13:26.233</Data><Data Name='ProcessGuid'>{758cb1f7-b405-64bd-ab00-000000004200}</Data><Data Name='ProcessId'>1332</Data><Data Name='Image'>\\?\C:\Windows\system32\wbem\WMIADAP.EXE</Data><Data Name='TargetObject'>HKLM\System\CurrentControlSet\Services\WmiApRpl\Performance\PerfIniFile</Data><Data Name='Details'>WmiApRpl.ini</Data><Data Name='User'>NT AUTHORITY\SYSTEM</Data></EventData></Event>