<Event xmlns='http://schemas.microsoft.com/win/2004/08/events/event'><System><Provider Name='Microsoft-Windows-Sysmon' Guid='{5770385f-c22a-43e0-bf4c-06f5698ffbd9}'/><EventID>1</EventID><Version>5</Version><Level>4</Level><Task>1</Task><Opcode>0</Opcode><Keywords>0x8000000000000000</Keywords><TimeCreated SystemTime='2023-07-23T23:09:10.3668474Z'/><EventRecordID>30442</EventRecordID><Correlation/><Execution ProcessID='2924' ThreadID='3284'/><Channel>Microsoft-Windows-Sysmon/Operational</Channel><Computer>Newman-PC</Computer><Security UserID='S-1-5-18'/></System><EventData><Data Name='RuleName'>-</Data><Data Name='UtcTime'>2023-07-23 23:09:07.255</Data><Data Name='ProcessGuid'>{758cb1f7-b313-64bd-1d00-000000004200}</Data><Data Name='ProcessId'>1552</Data><Data Name='Image'>C:\Windows\System32\cmd.exe</Data><Data Name='FileVersion'>10.0.22621.1635 (WinBuild.160101.0800)</Data><Data Name='Description'>Windows Command Processor</Data><Data Name='Product'>Microsoft® Windows® Operating System</Data><Data Name='Company'>Microsoft Corporation</Data><Data Name='OriginalFileName'>Cmd.Exe</Data><Data Name='CommandLine'>C:\Windows\SYSTEM32\cmd.exe /c ""C:\Program Files\Npcap\CheckStatus.bat""</Data><Data Name='CurrentDirectory'>C:\Windows\system32\</Data><Data Name='User'>NT AUTHORITY\SYSTEM</Data><Data Name='LogonGuid'>{758cb1f7-b312-64bd-e703-000000000000}</Data><Data Name='LogonId'>0x3e7</Data><Data Name='TerminalSessionId'>0</Data><Data Name='IntegrityLevel'>System</Data><Data Name='Hashes'>MD5=5A6BE4D2519515241D0C133A26CF62C0,SHA256=423E0E810A69AACEBA0E5670E58AFF898CF0EBFFAB99CCB46EBB3464C3D2FACB,IMPHASH=D73E39DAB3C8B57AA408073D01254964</Data><Data Name='ParentProcessGuid'>{758cb1f7-b312-64bd-1300-000000004200}</Data><Data Name='ParentProcessId'>1056</Data><Data Name='ParentImage'>C:\Windows\System32\svchost.exe</Data><Data Name='ParentCommandLine'>C:\Windows\system32\svchost.exe -k netsvcs -p</Data><Data Name='ParentUser'>NT AUTHORITY\SYSTEM</Data></EventData></Event><Event xmlns='http://schemas.microsoft.com/win/2004/08/events/event'><System><Provider Name='Microsoft-Windows-Sysmon' Guid='{5770385f-c22a-43e0-bf4c-06f5698ffbd9}'/><EventID>1</EventID><Version>5</Version><Level>4</Level><Task>1</Task><Opcode>0</Opcode><Keywords>0x8000000000000000</Keywords><TimeCreated SystemTime='2023-07-23T23:09:10.3649665Z'/><EventRecordID>30441</EventRecordID><Correlation/><Execution ProcessID='2924' ThreadID='3284'/><Channel>Microsoft-Windows-Sysmon/Operational</Channel><Computer>Newman-PC</Computer><Security UserID='S-1-5-18'/></System><EventData><Data Name='RuleName'>-</Data><Data Name='UtcTime'>2023-07-23 23:09:07.153</Data><Data Name='ProcessGuid'>{758cb1f7-b313-64bd-1a00-000000004200}</Data><Data Name='ProcessId'>1348</Data><Data Name='Image'>C:\Windows\System32\svchost.exe</Data><Data Name='FileVersion'>10.0.22621.1 (WinBuild.160101.0800)</Data><Data Name='Description'>Host Process for Windows Services</Data><Data Name='Product'>Microsoft® Windows® Operating System</Data><Data Name='Company'>Microsoft Corporation</Data><Data Name='OriginalFileName'>svchost.exe</Data><Data Name='CommandLine'>C:\Windows\System32\svchost.exe -k netprofm -p</Data><Data Name='CurrentDirectory'>C:\Windows\system32\</Data><Data Name='User'>NT AUTHORITY\NETWORK SERVICE</Data><Data Name='LogonGuid'>{758cb1f7-b312-64bd-e403-000000000000}</Data><Data Name='LogonId'>0x3e4</Data><Data Name='TerminalSessionId'>0</Data><Data Name='IntegrityLevel'>System</Data><Data Name='Hashes'>MD5=8EC922C7A58A8701AB481B7BE9644536,SHA256=949BFB5B4C7D58D92F3F9C5F8EC7CA4CEAFFD10EC5F0020F0A987C472D61C54B,IMPHASH=76B4BAE80D2C3B08BB062D97BF9CA791</Data><Data Name='ParentProcessGuid'>{758cb1f7-b312-64bd-0b00-000000004200}</Data><Data Name='ParentProcessId'>752</Data><Data Name='ParentImage'>C:\Windows\System32\services.exe</Data><Data Name='ParentCommandLine'>C:\Windows\system32\services.exe</Data><Data Name='ParentUser'>NT AUTHORITY\SYSTEM</Data></EventData></Event><Event xmlns='http://schemas.microsoft.com/win/2004/08/events/event'><System><Provider Name='Microsoft-Windows-Sysmon' Guid='{5770385f-c22a-43e0-bf4c-06f5698ffbd9}'/><EventID>1</EventID><Version>5</Version><Level>4</Level><Task>1</Task><Opcode>0</Opcode><Keywords>0x8000000000000000</Keywords><TimeCreated SystemTime='2023-07-23T23:09:10.3645392Z'/><EventRecordID>30440</EventRecordID><Correlation/><Execution ProcessID='2924' ThreadID='3284'/><Channel>Microsoft-Windows-Sysmon/Operational</Channel><Computer>Newman-PC</Computer><Security UserID='S-1-5-18'/></System><EventData><Data Name='RuleName'>-</Data><Data Name='UtcTime'>2023-07-23 23:09:07.150</Data><Data Name='ProcessGuid'>{758cb1f7-b313-64bd-1900-000000004200}</Data><Data Name='ProcessId'>1340</Data><Data Name='Image'>C:\Windows\System32\svchost.exe</Data><Data Name='FileVersion'>10.0.22621.1 (WinBuild.160101.0800)</Data><Data Name='Description'>Host Process for Windows Services</Data><Data Name='Product'>Microsoft® Windows® Operating System</Data><Data Name='Company'>Microsoft Corporation</Data><Data Name='OriginalFileName'>svchost.exe</Data><Data Name='CommandLine'>C:\Windows\system32\svchost.exe -k UserProfileService -p</Data><Data Name='CurrentDirectory'>C:\Windows\system32\</Data><Data Name='User'>NT AUTHORITY\SYSTEM</Data><Data Name='LogonGuid'>{758cb1f7-b312-64bd-e703-000000000000}</Data><Data Name='LogonId'>0x3e7</Data><Data Name='TerminalSessionId'>0</Data><Data Name='IntegrityLevel'>System</Data><Data Name='Hashes'>MD5=8EC922C7A58A8701AB481B7BE9644536,SHA256=949BFB5B4C7D58D92F3F9C5F8EC7CA4CEAFFD10EC5F0020F0A987C472D61C54B,IMPHASH=76B4BAE80D2C3B08BB062D97BF9CA791</Data><Data Name='ParentProcessGuid'>{758cb1f7-b312-64bd-0b00-000000004200}</Data><Data Name='ParentProcessId'>752</Data><Data Name='ParentImage'>C:\Windows\System32\services.exe</Data><Data Name='ParentCommandLine'>C:\Windows\system32\services.exe</Data><Data Name='ParentUser'>NT AUTHORITY\SYSTEM</Data></EventData></Event><Event xmlns='http://schemas.microsoft.com/win/2004/08/events/event'><System><Provider Name='Microsoft-Windows-Sysmon' Guid='{5770385f-c22a-43e0-bf4c-06f5698ffbd9}'/><EventID>11</EventID><Version>2</Version><Level>4</Level><Task>11</Task><Opcode>0</Opcode><Keywords>0x8000000000000000</Keywords><TimeCreated SystemTime='2023-07-23T23:09:10.3301183Z'/><EventRecordID>30439</EventRecordID><Correlation/><Execution ProcessID='2924' ThreadID='3284'/><Channel>Microsoft-Windows-Sysmon/Operational</Channel><Computer>Newman-PC</Computer><Security UserID='S-1-5-18'/></System><EventData><Data Name='RuleName'>T1053</Data><Data Name='UtcTime'>2023-07-23 23:09:07.127</Data><Data Name='ProcessGuid'>{758cb1f7-b312-64bd-1300-000000004200}</Data><Data Name='ProcessId'>1056</Data><Data Name='Image'>C:\Windows\system32\svchost.exe</Data><Data Name='TargetFilename'>C:\Windows\Tasks\SA.DAT</Data><Data Name='CreationUtcTime'>2023-06-27 01:26:31.839</Data><Data Name='User'>NT AUTHORITY\SYSTEM</Data></EventData></Event><Event xmlns='http://schemas.microsoft.com/win/2004/08/events/event'><System><Provider Name='Microsoft-Windows-Sysmon' Guid='{5770385f-c22a-43e0-bf4c-06f5698ffbd9}'/><EventID>1</EventID><Version>5</Version><Level>4</Level><Task>1</Task><Opcode>0</Opcode><Keywords>0x8000000000000000</Keywords><TimeCreated SystemTime='2023-07-23T23:09:10.3298475Z'/><EventRecordID>30438</EventRecordID><Correlation/><Execution ProcessID='2924' ThreadID='3284'/><Channel>Microsoft-Windows-Sysmon/Operational</Channel><Computer>Newman-PC</Computer><Security UserID='S-1-5-18'/></System><EventData><Data Name='RuleName'>-</Data><Data Name='UtcTime'>2023-07-23 23:09:07.109</Data><Data Name='ProcessGuid'>{758cb1f7-b313-64bd-1800-000000004200}</Data><Data Name='ProcessId'>1260</Data><Data Name='Image'>C:\Windows\System32\svchost.exe</Data><Data Name='FileVersion'>10.0.22621.1 (WinBuild.160101.0800)</Data><Data Name='Description'>Host Process for Windows Services</Data><Data Name='Product'>Microsoft® Windows® Operating System</Data><Data Name='Company'>Microsoft Corporation</Data><Data Name='OriginalFileName'>svchost.exe</Data><Data Name='CommandLine'>C:\Windows\system32\svchost.exe -k LocalService -p</Data><Data Name='CurrentDirectory'>C:\Windows\system32\</Data><Data Name='User'>NT AUTHORITY\LOCAL SERVICE</Data><Data Name='LogonGuid'>{758cb1f7-b312-64bd-e503-000000000000}</Data><Data Name='LogonId'>0x3e5</Data><Data Name='TerminalSessionId'>0</Data><Data Name='IntegrityLevel'>System</Data><Data Name='Hashes'>MD5=8EC922C7A58A8701AB481B7BE9644536,SHA256=949BFB5B4C7D58D92F3F9C5F8EC7CA4CEAFFD10EC5F0020F0A987C472D61C54B,IMPHASH=76B4BAE80D2C3B08BB062D97BF9CA791</Data><Data Name='ParentProcessGuid'>{758cb1f7-b312-64bd-0b00-000000004200}</Data><Data Name='ParentProcessId'>752</Data><Data Name='ParentImage'>C:\Windows\System32\services.exe</Data><Data Name='ParentCommandLine'>C:\Windows\system32\services.exe</Data><Data Name='ParentUser'>NT AUTHORITY\SYSTEM</Data></EventData></Event><Event xmlns='http://schemas.microsoft.com/win/2004/08/events/event'><System><Provider Name='Microsoft-Windows-Sysmon' Guid='{5770385f-c22a-43e0-bf4c-06f5698ffbd9}'/><EventID>1</EventID><Version>5</Version><Level>4</Level><Task>1</Task><Opcode>0</Opcode><Keywords>0x8000000000000000</Keywords><TimeCreated SystemTime='2023-07-23T23:09:10.2707613Z'/><EventRecordID>30437</EventRecordID><Correlation/><Execution ProcessID='2924' ThreadID='3284'/><Channel>Microsoft-Windows-Sysmon/Operational</Channel><Computer>Newman-PC</Computer><Security UserID='S-1-5-18'/></System><EventData><Data Name='RuleName'>-</Data><Data Name='UtcTime'>2023-07-23 23:09:06.886</Data><Data Name='ProcessGuid'>{758cb1f7-b312-64bd-1700-000000004200}</Data><Data Name='ProcessId'>1176</Data><Data Name='Image'>C:\Windows\System32\svchost.exe</Data><Data Name='FileVersion'>10.0.22621.1 (WinBuild.160101.0800)</Data><Data Name='Description'>Host Process for Windows Services</Data><Data Name='Product'>Microsoft® Windows® Operating System</Data><Data Name='Company'>Microsoft Corporation</Data><Data Name='OriginalFileName'>svchost.exe</Data><Data Name='CommandLine'>C:\Windows\System32\svchost.exe -k LocalSystemNetworkRestricted -p</Data><Data Name='CurrentDirectory'>C:\Windows\system32\</Data><Data Name='User'>NT AUTHORITY\SYSTEM</Data><Data Name='LogonGuid'>{758cb1f7-b312-64bd-e703-000000000000}</Data><Data Name='LogonId'>0x3e7</Data><Data Name='TerminalSessionId'>0</Data><Data Name='IntegrityLevel'>System</Data><Data Name='Hashes'>MD5=8EC922C7A58A8701AB481B7BE9644536,SHA256=949BFB5B4C7D58D92F3F9C5F8EC7CA4CEAFFD10EC5F0020F0A987C472D61C54B,IMPHASH=76B4BAE80D2C3B08BB062D97BF9CA791</Data><Data Name='ParentProcessGuid'>{758cb1f7-b312-64bd-0b00-000000004200}</Data><Data Name='ParentProcessId'>752</Data><Data Name='ParentImage'>C:\Windows\System32\services.exe</Data><Data Name='ParentCommandLine'>C:\Windows\system32\services.exe</Data><Data Name='ParentUser'>NT AUTHORITY\SYSTEM</Data></EventData></Event><Event xmlns='http://schemas.microsoft.com/win/2004/08/events/event'><System><Provider Name='Microsoft-Windows-Sysmon' Guid='{5770385f-c22a-43e0-bf4c-06f5698ffbd9}'/><EventID>1</EventID><Version>5</Version><Level>4</Level><Task>1</Task><Opcode>0</Opcode><Keywords>0x8000000000000000</Keywords><TimeCreated SystemTime='2023-07-23T23:09:10.2097049Z'/><EventRecordID>30436</EventRecordID><Correlation/><Execution ProcessID='2924' ThreadID='3284'/><Channel>Microsoft-Windows-Sysmon/Operational</Channel><Computer>Newman-PC</Computer><Security UserID='S-1-5-18'/></System><EventData><Data Name='RuleName'>-</Data><Data Name='UtcTime'>2023-07-23 23:09:06.880</Data><Data Name='ProcessGuid'>{758cb1f7-b312-64bd-1600-000000004200}</Data><Data Name='ProcessId'>1160</Data><Data Name='Image'>C:\Windows\System32\svchost.exe</Data><Data Name='FileVersion'>10.0.22621.1 (WinBuild.160101.0800)</Data><Data Name='Description'>Host Process for Windows Services</Data><Data Name='Product'>Microsoft® Windows® Operating System</Data><Data Name='Company'>Microsoft Corporation</Data><Data Name='OriginalFileName'>svchost.exe</Data><Data Name='CommandLine'>C:\Windows\system32\svchost.exe -k LocalServiceNetworkRestricted -p</Data><Data Name='CurrentDirectory'>C:\Windows\system32\</Data><Data Name='User'>NT AUTHORITY\LOCAL SERVICE</Data><Data Name='LogonGuid'>{758cb1f7-b312-64bd-e503-000000000000}</Data><Data Name='LogonId'>0x3e5</Data><Data Name='TerminalSessionId'>0</Data><Data Name='IntegrityLevel'>System</Data><Data Name='Hashes'>MD5=8EC922C7A58A8701AB481B7BE9644536,SHA256=949BFB5B4C7D58D92F3F9C5F8EC7CA4CEAFFD10EC5F0020F0A987C472D61C54B,IMPHASH=76B4BAE80D2C3B08BB062D97BF9CA791</Data><Data Name='ParentProcessGuid'>{758cb1f7-b312-64bd-0b00-000000004200}</Data><Data Name='ParentProcessId'>752</Data><Data Name='ParentImage'>C:\Windows\System32\services.exe</Data><Data Name='ParentCommandLine'>C:\Windows\system32\services.exe</Data><Data Name='ParentUser'>NT AUTHORITY\SYSTEM</Data></EventData></Event><Event xmlns='http://schemas.microsoft.com/win/2004/08/events/event'><System><Provider Name='Microsoft-Windows-Sysmon' Guid='{5770385f-c22a-43e0-bf4c-06f5698ffbd9}'/><EventID>1</EventID><Version>5</Version><Level>4</Level><Task>1</Task><Opcode>0</Opcode><Keywords>0x8000000000000000</Keywords><TimeCreated SystemTime='2023-07-23T23:09:10.2088770Z'/><EventRecordID>30435</EventRecordID><Correlation/><Execution ProcessID='2924' ThreadID='3284'/><Channel>Microsoft-Windows-Sysmon/Operational</Channel><Computer>Newman-PC</Computer><Security UserID='S-1-5-18'/></System><EventData><Data Name='RuleName'>-</Data><Data Name='UtcTime'>2023-07-23 23:09:06.843</Data><Data Name='ProcessGuid'>{758cb1f7-b312-64bd-1500-000000004200}</Data><Data Name='ProcessId'>1080</Data><Data Name='Image'>C:\Windows\System32\svchost.exe</Data><Data Name='FileVersion'>10.0.22621.1 (WinBuild.160101.0800)</Data><Data Name='Description'>Host Process for Windows Services</Data><Data Name='Product'>Microsoft® Windows® Operating System</Data><Data Name='Company'>Microsoft Corporation</Data><Data Name='OriginalFileName'>svchost.exe</Data><Data Name='CommandLine'>C:\Windows\system32\svchost.exe -k LocalServiceNoNetwork -p</Data><Data Name='CurrentDirectory'>C:\Windows\system32\</Data><Data Name='User'>NT AUTHORITY\LOCAL SERVICE</Data><Data Name='LogonGuid'>{758cb1f7-b312-64bd-e503-000000000000}</Data><Data Name='LogonId'>0x3e5</Data><Data Name='TerminalSessionId'>0</Data><Data Name='IntegrityLevel'>System</Data><Data Name='Hashes'>MD5=8EC922C7A58A8701AB481B7BE9644536,SHA256=949BFB5B4C7D58D92F3F9C5F8EC7CA4CEAFFD10EC5F0020F0A987C472D61C54B,IMPHASH=76B4BAE80D2C3B08BB062D97BF9CA791</Data><Data Name='ParentProcessGuid'>{758cb1f7-b312-64bd-0b00-000000004200}</Data><Data Name='ParentProcessId'>752</Data><Data Name='ParentImage'>C:\Windows\System32\services.exe</Data><Data Name='ParentCommandLine'>C:\Windows\system32\services.exe</Data><Data Name='ParentUser'>NT AUTHORITY\SYSTEM</Data></EventData></Event><Event xmlns='http://schemas.microsoft.com/win/2004/08/events/event'><System><Provider Name='Microsoft-Windows-Sysmon' Guid='{5770385f-c22a-43e0-bf4c-06f5698ffbd9}'/><EventID>1</EventID><Version>5</Version><Level>4</Level><Task>1</Task><Opcode>0</Opcode><Keywords>0x8000000000000000</Keywords><TimeCreated SystemTime='2023-07-23T23:09:10.2081724Z'/><EventRecordID>30434</EventRecordID><Correlation/><Execution ProcessID='2924' ThreadID='3284'/><Channel>Microsoft-Windows-Sysmon/Operational</Channel><Computer>Newman-PC</Computer><Security UserID='S-1-5-18'/></System><EventData><Data Name='RuleName'>-</Data><Data Name='UtcTime'>2023-07-23 23:09:06.836</Data><Data Name='ProcessGuid'>{758cb1f7-b312-64bd-1400-000000004200}</Data><Data Name='ProcessId'>1064</Data><Data Name='Image'>C:\Windows\System32\svchost.exe</Data><Data Name='FileVersion'>10.0.22621.1 (WinBuild.160101.0800)</Data><Data Name='Description'>Host Process for Windows Services</Data><Data Name='Product'>Microsoft® Windows® Operating System</Data><Data Name='Company'>Microsoft Corporation</Data><Data Name='OriginalFileName'>svchost.exe</Data><Data Name='CommandLine'>C:\Windows\System32\svchost.exe -k wsappx -p</Data><Data Name='CurrentDirectory'>C:\Windows\system32\</Data><Data Name='User'>NT AUTHORITY\SYSTEM</Data><Data Name='LogonGuid'>{758cb1f7-b312-64bd-e703-000000000000}</Data><Data Name='LogonId'>0x3e7</Data><Data Name='TerminalSessionId'>0</Data><Data Name='IntegrityLevel'>System</Data><Data Name='Hashes'>MD5=8EC922C7A58A8701AB481B7BE9644536,SHA256=949BFB5B4C7D58D92F3F9C5F8EC7CA4CEAFFD10EC5F0020F0A987C472D61C54B,IMPHASH=76B4BAE80D2C3B08BB062D97BF9CA791</Data><Data Name='ParentProcessGuid'>{758cb1f7-b312-64bd-0b00-000000004200}</Data><Data Name='ParentProcessId'>752</Data><Data Name='ParentImage'>C:\Windows\System32\services.exe</Data><Data Name='ParentCommandLine'>C:\Windows\system32\services.exe</Data><Data Name='ParentUser'>NT AUTHORITY\SYSTEM</Data></EventData></Event><Event xmlns='http://schemas.microsoft.com/win/2004/08/events/event'><System><Provider Name='Microsoft-Windows-Sysmon' Guid='{5770385f-c22a-43e0-bf4c-06f5698ffbd9}'/><EventID>1</EventID><Version>5</Version><Level>4</Level><Task>1</Task><Opcode>0</Opcode><Keywords>0x8000000000000000</Keywords><TimeCreated SystemTime='2023-07-23T23:09:10.2076486Z'/><EventRecordID>30433</EventRecordID><Correlation/><Execution ProcessID='2924' ThreadID='3284'/><Channel>Microsoft-Windows-Sysmon/Operational</Channel><Computer>Newman-PC</Computer><Security UserID='S-1-5-18'/></System><EventData><Data Name='RuleName'>-</Data><Data Name='UtcTime'>2023-07-23 23:09:06.833</Data><Data Name='ProcessGuid'>{758cb1f7-b312-64bd-1300-000000004200}</Data><Data Name='ProcessId'>1056</Data><Data Name='Image'>C:\Windows\System32\svchost.exe</Data><Data Name='FileVersion'>10.0.22621.1 (WinBuild.160101.0800)</Data><Data Name='Description'>Host Process for Windows Services</Data><Data Name='Product'>Microsoft® Windows® Operating System</Data><Data Name='Company'>Microsoft Corporation</Data><Data Name='OriginalFileName'>svchost.exe</Data><Data Name='CommandLine'>C:\Windows\system32\svchost.exe -k netsvcs -p</Data><Data Name='CurrentDirectory'>C:\Windows\system32\</Data><Data Name='User'>NT AUTHORITY\SYSTEM</Data><Data Name='LogonGuid'>{758cb1f7-b312-64bd-e703-000000000000}</Data><Data Name='LogonId'>0x3e7</Data><Data Name='TerminalSessionId'>0</Data><Data Name='IntegrityLevel'>System</Data><Data Name='Hashes'>MD5=8EC922C7A58A8701AB481B7BE9644536,SHA256=949BFB5B4C7D58D92F3F9C5F8EC7CA4CEAFFD10EC5F0020F0A987C472D61C54B,IMPHASH=76B4BAE80D2C3B08BB062D97BF9CA791</Data><Data Name='ParentProcessGuid'>{758cb1f7-b312-64bd-0b00-000000004200}</Data><Data Name='ParentProcessId'>752</Data><Data Name='ParentImage'>C:\Windows\System32\services.exe</Data><Data Name='ParentCommandLine'>C:\Windows\system32\services.exe</Data><Data Name='ParentUser'>NT AUTHORITY\SYSTEM</Data></EventData></Event><Event xmlns='http://schemas.microsoft.com/win/2004/08/events/event'><System><Provider Name='Microsoft-Windows-Sysmon' Guid='{5770385f-c22a-43e0-bf4c-06f5698ffbd9}'/><EventID>1</EventID><Version>5</Version><Level>4</Level><Task>1</Task><Opcode>0</Opcode><Keywords>0x8000000000000000</Keywords><TimeCreated SystemTime='2023-07-23T23:09:10.2028988Z'/><EventRecordID>30432</EventRecordID><Correlation/><Execution ProcessID='2924' ThreadID='3284'/><Channel>Microsoft-Windows-Sysmon/Operational</Channel><Computer>Newman-PC</Computer><Security UserID='S-1-5-18'/></System><EventData><Data Name='RuleName'>-</Data><Data Name='UtcTime'>2023-07-23 23:09:06.750</Data><Data Name='ProcessGuid'>{758cb1f7-b312-64bd-1200-000000004200}</Data><Data Name='ProcessId'>540</Data><Data Name='Image'>C:\Windows\System32\dwm.exe</Data><Data Name='FileVersion'>10.0.22621.1635 (WinBuild.160101.0800)</Data><Data Name='Description'>Desktop Window Manager</Data><Data Name='Product'>Microsoft® Windows® Operating System</Data><Data Name='Company'>Microsoft Corporation</Data><Data Name='OriginalFileName'>dwm.exe</Data><Data Name='CommandLine'>"dwm.exe"</Data><Data Name='CurrentDirectory'>C:\Windows\system32\</Data><Data Name='User'>Window Manager\DWM-1</Data><Data Name='LogonGuid'>{758cb1f7-b312-64bd-76f7-000000000000}</Data><Data Name='LogonId'>0xf776</Data><Data Name='TerminalSessionId'>1</Data><Data Name='IntegrityLevel'>System</Data><Data Name='Hashes'>MD5=CC530244EFB34F4AD6D9DA5DC6C5D927,SHA256=76073E284A29C9C20FC11F96199BE4E214FE5CE90454F17E098AE183BB2F9495,IMPHASH=3320624DB644525D7A5834DE633D34F6</Data><Data Name='ParentProcessGuid'>{758cb1f7-b312-64bd-0a00-000000004200}</Data><Data Name='ParentProcessId'>728</Data><Data Name='ParentImage'>C:\Windows\System32\winlogon.exe</Data><Data Name='ParentCommandLine'>winlogon.exe</Data><Data Name='ParentUser'>NT AUTHORITY\SYSTEM</Data></EventData></Event><Event xmlns='http://schemas.microsoft.com/win/2004/08/events/event'><System><Provider Name='Microsoft-Windows-Sysmon' Guid='{5770385f-c22a-43e0-bf4c-06f5698ffbd9}'/><EventID>1</EventID><Version>5</Version><Level>4</Level><Task>1</Task><Opcode>0</Opcode><Keywords>0x8000000000000000</Keywords><TimeCreated SystemTime='2023-07-23T23:09:10.2022279Z'/><EventRecordID>30431</EventRecordID><Correlation/><Execution ProcessID='2924' ThreadID='3284'/><Channel>Microsoft-Windows-Sysmon/Operational</Channel><Computer>Newman-PC</Computer><Security UserID='S-1-5-18'/></System><EventData><Data Name='RuleName'>-</Data><Data Name='UtcTime'>2023-07-23 23:09:06.750</Data><Data Name='ProcessGuid'>{758cb1f7-b312-64bd-1100-000000004200}</Data><Data Name='ProcessId'>848</Data><Data Name='Image'>C:\Windows\System32\LogonUI.exe</Data><Data Name='FileVersion'>10.0.22621.1 (WinBuild.160101.0800)</Data><Data Name='Description'>Windows Logon User Interface Host</Data><Data Name='Product'>Microsoft® Windows® Operating System</Data><Data Name='Company'>Microsoft Corporation</Data><Data Name='OriginalFileName'>logonui.exe</Data><Data Name='CommandLine'>"LogonUI.exe" /flags:0x2 /state0:0xa3b89855 /state1:0x41c64e6d</Data><Data Name='CurrentDirectory'>C:\Windows\system32\</Data><Data Name='User'>NT AUTHORITY\SYSTEM</Data><Data Name='LogonGuid'>{758cb1f7-b312-64bd-e703-000000000000}</Data><Data Name='LogonId'>0x3e7</Data><Data Name='TerminalSessionId'>1</Data><Data Name='IntegrityLevel'>System</Data><Data Name='Hashes'>MD5=B3CC2464BECE9A99D8C755A7CCBFEF52,SHA256=B62E62C7374CE1398B985AF3122FF10A092750F65191FDC3AA6151DE130183A3,IMPHASH=0EF1A1FBF5FA5B3737A8D19C60F416A9</Data><Data Name='ParentProcessGuid'>{758cb1f7-b312-64bd-0a00-000000004200}</Data><Data Name='ParentProcessId'>728</Data><Data Name='ParentImage'>C:\Windows\System32\winlogon.exe</Data><Data Name='ParentCommandLine'>winlogon.exe</Data><Data Name='ParentUser'>NT AUTHORITY\SYSTEM</Data></EventData></Event><Event xmlns='http://schemas.microsoft.com/win/2004/08/events/event'><System><Provider Name='Microsoft-Windows-Sysmon' Guid='{5770385f-c22a-43e0-bf4c-06f5698ffbd9}'/><EventID>1</EventID><Version>5</Version><Level>4</Level><Task>1</Task><Opcode>0</Opcode><Keywords>0x8000000000000000</Keywords><TimeCreated SystemTime='2023-07-23T23:09:10.1932231Z'/><EventRecordID>30430</EventRecordID><Correlation/><Execution ProcessID='2924' ThreadID='3284'/><Channel>Microsoft-Windows-Sysmon/Operational</Channel><Computer>Newman-PC</Computer><Security UserID='S-1-5-18'/></System><EventData><Data Name='RuleName'>-</Data><Data Name='UtcTime'>2023-07-23 23:09:06.657</Data><Data Name='ProcessGuid'>{758cb1f7-b312-64bd-1000-000000004200}</Data><Data Name='ProcessId'>332</Data><Data Name='Image'>C:\Windows\System32\svchost.exe</Data><Data Name='FileVersion'>10.0.22621.1 (WinBuild.160101.0800)</Data><Data Name='Description'>Host Process for Windows Services</Data><Data Name='Product'>Microsoft® Windows® Operating System</Data><Data Name='Company'>Microsoft Corporation</Data><Data Name='OriginalFileName'>svchost.exe</Data><Data Name='CommandLine'>C:\Windows\system32\svchost.exe -k RPCSS -p</Data><Data Name='CurrentDirectory'>C:\Windows\system32\</Data><Data Name='User'>NT AUTHORITY\NETWORK SERVICE</Data><Data Name='LogonGuid'>{758cb1f7-b312-64bd-e403-000000000000}</Data><Data Name='LogonId'>0x3e4</Data><Data Name='TerminalSessionId'>0</Data><Data Name='IntegrityLevel'>System</Data><Data Name='Hashes'>MD5=8EC922C7A58A8701AB481B7BE9644536,SHA256=949BFB5B4C7D58D92F3F9C5F8EC7CA4CEAFFD10EC5F0020F0A987C472D61C54B,IMPHASH=76B4BAE80D2C3B08BB062D97BF9CA791</Data><Data Name='ParentProcessGuid'>{758cb1f7-b312-64bd-0b00-000000004200}</Data><Data Name='ParentProcessId'>752</Data><Data Name='ParentImage'>C:\Windows\System32\services.exe</Data><Data Name='ParentCommandLine'>C:\Windows\system32\services.exe</Data><Data Name='ParentUser'>NT AUTHORITY\SYSTEM</Data></EventData></Event><Event xmlns='http://schemas.microsoft.com/win/2004/08/events/event'><System><Provider Name='Microsoft-Windows-Sysmon' Guid='{5770385f-c22a-43e0-bf4c-06f5698ffbd9}'/><EventID>1</EventID><Version>5</Version><Level>4</Level><Task>1</Task><Opcode>0</Opcode><Keywords>0x8000000000000000</Keywords><TimeCreated SystemTime='2023-07-23T23:09:10.1920015Z'/><EventRecordID>30429</EventRecordID><Correlation/><Execution ProcessID='2924' ThreadID='3284'/><Channel>Microsoft-Windows-Sysmon/Operational</Channel><Computer>Newman-PC</Computer><Security UserID='S-1-5-18'/></System><EventData><Data Name='RuleName'>-</Data><Data Name='UtcTime'>2023-07-23 23:09:06.528</Data><Data Name='ProcessGuid'>{758cb1f7-b312-64bd-0d00-000000004200}</Data><Data Name='ProcessId'>900</Data><Data Name='Image'>C:\Windows\System32\svchost.exe</Data><Data Name='FileVersion'>10.0.22621.1 (WinBuild.160101.0800)</Data><Data Name='Description'>Host Process for Windows Services</Data><Data Name='Product'>Microsoft® Windows® Operating System</Data><Data Name='Company'>Microsoft Corporation</Data><Data Name='OriginalFileName'>svchost.exe</Data><Data Name='CommandLine'>C:\Windows\system32\svchost.exe -k DcomLaunch -p</Data><Data Name='CurrentDirectory'>C:\Windows\system32\</Data><Data Name='User'>NT AUTHORITY\SYSTEM</Data><Data Name='LogonGuid'>{758cb1f7-b312-64bd-e703-000000000000}</Data><Data Name='LogonId'>0x3e7</Data><Data Name='TerminalSessionId'>0</Data><Data Name='IntegrityLevel'>System</Data><Data Name='Hashes'>MD5=8EC922C7A58A8701AB481B7BE9644536,SHA256=949BFB5B4C7D58D92F3F9C5F8EC7CA4CEAFFD10EC5F0020F0A987C472D61C54B,IMPHASH=76B4BAE80D2C3B08BB062D97BF9CA791</Data><Data Name='ParentProcessGuid'>{758cb1f7-b312-64bd-0b00-000000004200}</Data><Data Name='ParentProcessId'>752</Data><Data Name='ParentImage'>C:\Windows\System32\services.exe</Data><Data Name='ParentCommandLine'>C:\Windows\system32\services.exe</Data><Data Name='ParentUser'>NT AUTHORITY\SYSTEM</Data></EventData></Event><Event xmlns='http://schemas.microsoft.com/win/2004/08/events/event'><System><Provider Name='Microsoft-Windows-Sysmon' Guid='{5770385f-c22a-43e0-bf4c-06f5698ffbd9}'/><EventID>13</EventID><Version>2</Version><Level>4</Level><Task>13</Task><Opcode>0</Opcode><Keywords>0x8000000000000000</Keywords><TimeCreated SystemTime='2023-07-23T23:09:10.1900274Z'/><EventRecordID>30428</EventRecordID><Correlation/><Execution ProcessID='2924' ThreadID='3284'/><Channel>Microsoft-Windows-Sysmon/Operational</Channel><Computer>Newman-PC</Computer><Security UserID='S-1-5-18'/></System><EventData><Data Name='RuleName'>T1101</Data><Data Name='EventType'>SetValue</Data><Data Name='UtcTime'>2023-07-23 23:09:06.496</Data><Data Name='ProcessGuid'>{758cb1f7-b312-64bd-0c00-000000004200}</Data><Data Name='ProcessId'>796</Data><Data Name='Image'>C:\Windows\system32\lsass.exe</Data><Data Name='TargetObject'>HKLM\System\CurrentControlSet\Control\Lsa\ProductType</Data><Data Name='Details'>DWORD (0x00000006)</Data><Data Name='User'>NT AUTHORITY\SYSTEM</Data></EventData></Event><Event xmlns='http://schemas.microsoft.com/win/2004/08/events/event'><System><Provider Name='Microsoft-Windows-Sysmon' Guid='{5770385f-c22a-43e0-bf4c-06f5698ffbd9}'/><EventID>13</EventID><Version>2</Version><Level>4</Level><Task>13</Task><Opcode>0</Opcode><Keywords>0x8000000000000000</Keywords><TimeCreated SystemTime='2023-07-23T23:09:10.1887513Z'/><EventRecordID>30427</EventRecordID><Correlation/><Execution ProcessID='2924' ThreadID='3284'/><Channel>Microsoft-Windows-Sysmon/Operational</Channel><Computer>Newman-PC</Computer><Security UserID='S-1-5-18'/></System><EventData><Data Name='RuleName'>T1101</Data><Data Name='EventType'>SetValue</Data><Data Name='UtcTime'>2023-07-23 23:09:06.373</Data><Data Name='ProcessGuid'>{758cb1f7-b312-64bd-0c00-000000004200}</Data><Data Name='ProcessId'>796</Data><Data Name='Image'>C:\Windows\system32\lsass.exe</Data><Data Name='TargetObject'>HKLM\System\CurrentControlSet\Control\Lsa\LsaCfgFlagsDefault</Data><Data Name='Details'>DWORD (0x00000000)</Data><Data Name='User'>NT AUTHORITY\SYSTEM</Data></EventData></Event><Event xmlns='http://schemas.microsoft.com/win/2004/08/events/event'><System><Provider Name='Microsoft-Windows-Sysmon' Guid='{5770385f-c22a-43e0-bf4c-06f5698ffbd9}'/><EventID>1</EventID><Version>5</Version><Level>4</Level><Task>1</Task><Opcode>0</Opcode><Keywords>0x8000000000000000</Keywords><TimeCreated SystemTime='2023-07-23T23:09:10.1884361Z'/><EventRecordID>30426</EventRecordID><Correlation/><Execution ProcessID='2924' ThreadID='3284'/><Channel>Microsoft-Windows-Sysmon/Operational</Channel><Computer>Newman-PC</Computer><Security UserID='S-1-5-18'/></System><EventData><Data Name='RuleName'>-</Data><Data Name='UtcTime'>2023-07-23 23:09:06.355</Data><Data Name='ProcessGuid'>{758cb1f7-b312-64bd-0c00-000000004200}</Data><Data Name='ProcessId'>796</Data><Data Name='Image'>C:\Windows\System32\lsass.exe</Data><Data Name='FileVersion'>10.0.22621.1635 (WinBuild.160101.0800)</Data><Data Name='Description'>Local Security Authority Process</Data><Data Name='Product'>Microsoft® Windows® Operating System</Data><Data Name='Company'>Microsoft Corporation</Data><Data Name='OriginalFileName'>lsass.exe</Data><Data Name='CommandLine'>C:\Windows\system32\lsass.exe</Data><Data Name='CurrentDirectory'>C:\Windows\system32\</Data><Data Name='User'>NT AUTHORITY\SYSTEM</Data><Data Name='LogonGuid'>{758cb1f7-b312-64bd-e703-000000000000}</Data><Data Name='LogonId'>0x3e7</Data><Data Name='TerminalSessionId'>0</Data><Data Name='IntegrityLevel'>System</Data><Data Name='Hashes'>MD5=5777115A8924372002E5740C5309F0C9,SHA256=81E07BBC28F14EE783E4FBB36437206F1AFF645738764073A8973019DF9A9758,IMPHASH=3BDAF07FD26E433F565A3C3AB5543B25</Data><Data Name='ParentProcessGuid'>{758cb1f7-b312-64bd-0800-000000004200}</Data><Data Name='ParentProcessId'>628</Data><Data Name='ParentImage'>C:\Windows\System32\wininit.exe</Data><Data Name='ParentCommandLine'>wininit.exe</Data><Data Name='ParentUser'>NT AUTHORITY\SYSTEM</Data></EventData></Event><Event xmlns='http://schemas.microsoft.com/win/2004/08/events/event'><System><Provider Name='Microsoft-Windows-Sysmon' Guid='{5770385f-c22a-43e0-bf4c-06f5698ffbd9}'/><EventID>13</EventID><Version>2</Version><Level>4</Level><Task>13</Task><Opcode>0</Opcode><Keywords>0x8000000000000000</Keywords><TimeCreated SystemTime='2023-07-23T23:09:10.1877172Z'/><EventRecordID>30425</EventRecordID><Correlation/><Execution ProcessID='2924' ThreadID='3284'/><Channel>Microsoft-Windows-Sysmon/Operational</Channel><Computer>Newman-PC</Computer><Security UserID='S-1-5-18'/></System><EventData><Data Name='RuleName'>T1183,IFEO</Data><Data Name='EventType'>SetValue</Data><Data Name='UtcTime'>2023-07-23 23:09:06.341</Data><Data Name='ProcessGuid'>{758cb1f7-b312-64bd-0800-000000004200}</Data><Data Name='ProcessId'>628</Data><Data Name='Image'>C:\Windows\system32\wininit.exe</Data><Data Name='TargetObject'>HKLM\SOFTWARE\Microsoft\Windows NT\CurrentVersion\Image File Execution Options\LSASS.exe\AuditLevel</Data><Data Name='Details'>DWORD (0x00000008)</Data><Data Name='User'>NT AUTHORITY\SYSTEM</Data></EventData></Event><Event xmlns='http://schemas.microsoft.com/win/2004/08/events/event'><System><Provider Name='Microsoft-Windows-Sysmon' Guid='{5770385f-c22a-43e0-bf4c-06f5698ffbd9}'/><EventID>1</EventID><Version>5</Version><Level>4</Level><Task>1</Task><Opcode>0</Opcode><Keywords>0x8000000000000000</Keywords><TimeCreated SystemTime='2023-07-23T23:09:10.1872408Z'/><EventRecordID>30424</EventRecordID><Correlation/><Execution ProcessID='2924' ThreadID='3284'/><Channel>Microsoft-Windows-Sysmon/Operational</Channel><Computer>Newman-PC</Computer><Security UserID='S-1-5-18'/></System><EventData><Data Name='RuleName'>-</Data><Data Name='UtcTime'>2023-07-23 23:09:06.298</Data><Data Name='ProcessGuid'>{758cb1f7-b312-64bd-0b00-000000004200}</Data><Data Name='ProcessId'>752</Data><Data Name='Image'>C:\Windows\System32\services.exe</Data><Data Name='FileVersion'>10.0.22621.1635 (WinBuild.160101.0800)</Data><Data Name='Description'>Services and Controller app</Data><Data Name='Product'>Microsoft® Windows® Operating System</Data><Data Name='Company'>Microsoft Corporation</Data><Data Name='OriginalFileName'>services.exe</Data><Data Name='CommandLine'>C:\Windows\system32\services.exe</Data><Data Name='CurrentDirectory'>C:\Windows\system32\</Data><Data Name='User'>NT AUTHORITY\SYSTEM</Data><Data Name='LogonGuid'>{758cb1f7-b312-64bd-e703-000000000000}</Data><Data Name='LogonId'>0x3e7</Data><Data Name='TerminalSessionId'>0</Data><Data Name='IntegrityLevel'>System</Data><Data Name='Hashes'>MD5=68483E459F555389AD8BA6424BBAF42F,SHA256=4A12143226B7090D6E9BB8D040618A2C7A9EF5282F7CC10FA374ADC9AB19CBEB,IMPHASH=3CDD0C41EDD2D18FD6B02A17478ED684</Data><Data Name='ParentProcessGuid'>{758cb1f7-b312-64bd-0800-000000004200}</Data><Data Name='ParentProcessId'>628</Data><Data Name='ParentImage'>C:\Windows\System32\wininit.exe</Data><Data Name='ParentCommandLine'>wininit.exe</Data><Data Name='ParentUser'>NT AUTHORITY\SYSTEM</Data></EventData></Event><Event xmlns='http://schemas.microsoft.com/win/2004/08/events/event'><System><Provider Name='Microsoft-Windows-Sysmon' Guid='{5770385f-c22a-43e0-bf4c-06f5698ffbd9}'/><EventID>1</EventID><Version>5</Version><Level>4</Level><Task>1</Task><Opcode>0</Opcode><Keywords>0x8000000000000000</Keywords><TimeCreated SystemTime='2023-07-23T23:09:10.1415223Z'/><EventRecordID>30423</EventRecordID><Correlation/><Execution ProcessID='2924' ThreadID='3284'/><Channel>Microsoft-Windows-Sysmon/Operational</Channel><Computer>Newman-PC</Computer><Security UserID='S-1-5-18'/></System><EventData><Data Name='RuleName'>-</Data><Data Name='UtcTime'>2023-07-23 23:09:06.274</Data><Data Name='ProcessGuid'>{758cb1f7-b312-64bd-0a00-000000004200}</Data><Data Name='ProcessId'>728</Data><Data Name='Image'>C:\Windows\System32\winlogon.exe</Data><Data Name='FileVersion'>10.0.22621.1928 (WinBuild.160101.0800)</Data><Data Name='Description'>Windows Logon Application</Data><Data Name='Product'>Microsoft® Windows® Operating System</Data><Data Name='Company'>Microsoft Corporation</Data><Data Name='OriginalFileName'>WINLOGON.EXE</Data><Data Name='CommandLine'>winlogon.exe</Data><Data Name='CurrentDirectory'>C:\Windows\system32\</Data><Data Name='User'>NT AUTHORITY\SYSTEM</Data><Data Name='LogonGuid'>{758cb1f7-b312-64bd-e703-000000000000}</Data><Data Name='LogonId'>0x3e7</Data><Data Name='TerminalSessionId'>1</Data><Data Name='IntegrityLevel'>System</Data><Data Name='Hashes'>MD5=BC97817D5ACFAFC4AB85ED9C3C576161,SHA256=51750130DCF9442A22EB3A4A4E2EBE77519C95955C9B843ABCFE0D03E0EDE05A,IMPHASH=320A1FCAF70B19B04DD31980EBE4B9E1</Data><Data Name='ParentProcessGuid'>{758cb1f7-b312-64bd-0700-000000004200}</Data><Data Name='ParentProcessId'>620</Data><Data Name='ParentImage'>C:\Windows\System32\smss.exe</Data><Data Name='ParentCommandLine'>\SystemRoot\System32\smss.exe 000000ec 000000cc </Data><Data Name='ParentUser'>NT AUTHORITY\SYSTEM</Data></EventData></Event><Event xmlns='http://schemas.microsoft.com/win/2004/08/events/event'><System><Provider Name='Microsoft-Windows-Sysmon' Guid='{5770385f-c22a-43e0-bf4c-06f5698ffbd9}'/><EventID>1</EventID><Version>5</Version><Level>4</Level><Task>1</Task><Opcode>0</Opcode><Keywords>0x8000000000000000</Keywords><TimeCreated SystemTime='2023-07-23T23:09:10.1351900Z'/><EventRecordID>30422</EventRecordID><Correlation/><Execution ProcessID='2924' ThreadID='3284'/><Channel>Microsoft-Windows-Sysmon/Operational</Channel><Computer>Newman-PC</Computer><Security UserID='S-1-5-18'/></System><EventData><Data Name='RuleName'>-</Data><Data Name='UtcTime'>2023-07-23 23:09:06.246</Data><Data Name='ProcessGuid'>{758cb1f7-b312-64bd-0900-000000004200}</Data><Data Name='ProcessId'>636</Data><Data Name='Image'>C:\Windows\System32\csrss.exe</Data><Data Name='FileVersion'>10.0.22621.1 (WinBuild.160101.0800)</Data><Data Name='Description'>Client Server Runtime Process</Data><Data Name='Product'>Microsoft® Windows® Operating System</Data><Data Name='Company'>Microsoft Corporation</Data><Data Name='OriginalFileName'>CSRSS.Exe</Data><Data Name='CommandLine'>%%SystemRoot%%\system32\csrss.exe ObjectDirectory=\Windows SharedSection=1024,20480,768 Windows=On SubSystemType=Windows ServerDll=basesrv,1 ServerDll=winsrv:UserServerDllInitialization,3 ServerDll=sxssrv,4 ProfileControl=Off MaxRequestThreads=16</Data><Data Name='CurrentDirectory'>C:\Windows\system32\</Data><Data Name='User'>NT AUTHORITY\SYSTEM</Data><Data Name='LogonGuid'>{758cb1f7-b312-64bd-e703-000000000000}</Data><Data Name='LogonId'>0x3e7</Data><Data Name='TerminalSessionId'>1</Data><Data Name='IntegrityLevel'>System</Data><Data Name='Hashes'>MD5=696FB9D7E43F428634F31CF56361D7C3,SHA256=EAC814CEE400A078E2D549BA6E3D7BD09D1BC9805A1C6C9EC0610A0E558472A1,IMPHASH=A96FA9912E09E361274AD77F1A4B252C</Data><Data Name='ParentProcessGuid'>{758cb1f7-b312-64bd-0700-000000004200}</Data><Data Name='ParentProcessId'>620</Data><Data Name='ParentImage'>C:\Windows\System32\smss.exe</Data><Data Name='ParentCommandLine'>\SystemRoot\System32\smss.exe 000000ec 000000cc </Data><Data Name='ParentUser'>NT AUTHORITY\SYSTEM</Data></EventData></Event><Event xmlns='http://schemas.microsoft.com/win/2004/08/events/event'><System><Provider Name='Microsoft-Windows-Sysmon' Guid='{5770385f-c22a-43e0-bf4c-06f5698ffbd9}'/><EventID>1</EventID><Version>5</Version><Level>4</Level><Task>1</Task><Opcode>0</Opcode><Keywords>0x8000000000000000</Keywords><TimeCreated SystemTime='2023-07-23T23:09:10.1340930Z'/><EventRecordID>30421</EventRecordID><Correlation/><Execution ProcessID='2924' ThreadID='3284'/><Channel>Microsoft-Windows-Sysmon/Operational</Channel><Computer>Newman-PC</Computer><Security UserID='S-1-5-18'/></System><EventData><Data Name='RuleName'>-</Data><Data Name='UtcTime'>2023-07-23 23:09:06.238</Data><Data Name='ProcessGuid'>{758cb1f7-b312-64bd-0800-000000004200}</Data><Data Name='ProcessId'>628</Data><Data Name='Image'>C:\Windows\System32\wininit.exe</Data><Data Name='FileVersion'>10.0.22621.1635 (WinBuild.160101.0800)</Data><Data Name='Description'>Windows Start-Up Application</Data><Data Name='Product'>Microsoft® Windows® Operating System</Data><Data Name='Company'>Microsoft Corporation</Data><Data Name='OriginalFileName'>WinInit.exe</Data><Data Name='CommandLine'>wininit.exe</Data><Data Name='CurrentDirectory'>C:\Windows\system32\</Data><Data Name='User'>NT AUTHORITY\SYSTEM</Data><Data Name='LogonGuid'>{758cb1f7-b312-64bd-e703-000000000000}</Data><Data Name='LogonId'>0x3e7</Data><Data Name='TerminalSessionId'>0</Data><Data Name='IntegrityLevel'>System</Data><Data Name='Hashes'>MD5=A6D1FD82F5D7490B0A5157602494A583,SHA256=C68AC230566C1E7E775BEA31A232D0912542C8506391E691795BECE67504AA03,IMPHASH=F2A24D44B58C4A23D796BF6063F86937</Data><Data Name='ParentProcessGuid'>{758cb1f7-b312-64bd-0500-000000004200}</Data><Data Name='ParentProcessId'>548</Data><Data Name='ParentImage'>C:\Windows\System32\smss.exe</Data><Data Name='ParentCommandLine'>\SystemRoot\System32\smss.exe 000000d4 000000cc </Data><Data Name='ParentUser'>NT AUTHORITY\SYSTEM</Data></EventData></Event><Event xmlns='http://schemas.microsoft.com/win/2004/08/events/event'><System><Provider Name='Microsoft-Windows-Sysmon' Guid='{5770385f-c22a-43e0-bf4c-06f5698ffbd9}'/><EventID>1</EventID><Version>5</Version><Level>4</Level><Task>1</Task><Opcode>0</Opcode><Keywords>0x8000000000000000</Keywords><TimeCreated SystemTime='2023-07-23T23:09:10.1335492Z'/><EventRecordID>30420</EventRecordID><Correlation/><Execution ProcessID='2924' ThreadID='3284'/><Channel>Microsoft-Windows-Sysmon/Operational</Channel><Computer>Newman-PC</Computer><Security UserID='S-1-5-18'/></System><EventData><Data Name='RuleName'>-</Data><Data Name='UtcTime'>2023-07-23 23:09:06.236</Data><Data Name='ProcessGuid'>{758cb1f7-b312-64bd-0700-000000004200}</Data><Data Name='ProcessId'>620</Data><Data Name='Image'>C:\Windows\System32\smss.exe</Data><Data Name='FileVersion'>10.0.22621.1 (WinBuild.160101.0800)</Data><Data Name='Description'>Windows Session Manager</Data><Data Name='Product'>Microsoft® Windows® Operating System</Data><Data Name='Company'>Microsoft Corporation</Data><Data Name='OriginalFileName'>smss.exe</Data><Data Name='CommandLine'>\SystemRoot\System32\smss.exe 000000ec 000000cc </Data><Data Name='CurrentDirectory'>C:\Windows\</Data><Data Name='User'>NT AUTHORITY\SYSTEM</Data><Data Name='LogonGuid'>{758cb1f7-b312-64bd-e703-000000000000}</Data><Data Name='LogonId'>0x3e7</Data><Data Name='TerminalSessionId'>1</Data><Data Name='IntegrityLevel'>System</Data><Data Name='Hashes'>MD5=49CE4A7FED5D271A01426F2BC262D23C,SHA256=B6800C2CA4BFEC26C8B8553BEEE774F4EBAB741B1A48ADCCCCE79F07062977BE,IMPHASH=4F94DC57F2BE941DAE6A11A2254F4613</Data><Data Name='ParentProcessGuid'>{758cb1f7-b30e-64bd-0300-000000004200}</Data><Data Name='ParentProcessId'>416</Data><Data Name='ParentImage'>C:\Windows\System32\smss.exe</Data><Data Name='ParentCommandLine'>\SystemRoot\System32\smss.exe</Data><Data Name='ParentUser'>NT AUTHORITY\SYSTEM</Data></EventData></Event><Event xmlns='http://schemas.microsoft.com/win/2004/08/events/event'><System><Provider Name='Microsoft-Windows-Sysmon' Guid='{5770385f-c22a-43e0-bf4c-06f5698ffbd9}'/><EventID>1</EventID><Version>5</Version><Level>4</Level><Task>1</Task><Opcode>0</Opcode><Keywords>0x8000000000000000</Keywords><TimeCreated SystemTime='2023-07-23T23:09:10.1264608Z'/><EventRecordID>30419</EventRecordID><Correlation/><Execution ProcessID='2924' ThreadID='3284'/><Channel>Microsoft-Windows-Sysmon/Operational</Channel><Computer>Newman-PC</Computer><Security UserID='S-1-5-18'/></System><EventData><Data Name='RuleName'>-</Data><Data Name='UtcTime'>2023-07-23 23:09:06.186</Data><Data Name='ProcessGuid'>{758cb1f7-b312-64bd-0600-000000004200}</Data><Data Name='ProcessId'>556</Data><Data Name='Image'>C:\Windows\System32\csrss.exe</Data><Data Name='FileVersion'>10.0.22621.1 (WinBuild.160101.0800)</Data><Data Name='Description'>Client Server Runtime Process</Data><Data Name='Product'>Microsoft® Windows® Operating System</Data><Data Name='Company'>Microsoft Corporation</Data><Data Name='OriginalFileName'>CSRSS.Exe</Data><Data Name='CommandLine'>%%SystemRoot%%\system32\csrss.exe ObjectDirectory=\Windows SharedSection=1024,20480,768 Windows=On SubSystemType=Windows ServerDll=basesrv,1 ServerDll=winsrv:UserServerDllInitialization,3 ServerDll=sxssrv,4 ProfileControl=Off MaxRequestThreads=16</Data><Data Name='CurrentDirectory'>C:\Windows\system32\</Data><Data Name='User'>NT AUTHORITY\SYSTEM</Data><Data Name='LogonGuid'>{758cb1f7-b312-64bd-e703-000000000000}</Data><Data Name='LogonId'>0x3e7</Data><Data Name='TerminalSessionId'>0</Data><Data Name='IntegrityLevel'>System</Data><Data Name='Hashes'>MD5=696FB9D7E43F428634F31CF56361D7C3,SHA256=EAC814CEE400A078E2D549BA6E3D7BD09D1BC9805A1C6C9EC0610A0E558472A1,IMPHASH=A96FA9912E09E361274AD77F1A4B252C</Data><Data Name='ParentProcessGuid'>{758cb1f7-b312-64bd-0500-000000004200}</Data><Data Name='ParentProcessId'>548</Data><Data Name='ParentImage'>C:\Windows\System32\smss.exe</Data><Data Name='ParentCommandLine'>\SystemRoot\System32\smss.exe 000000d4 000000cc </Data><Data Name='ParentUser'>NT AUTHORITY\SYSTEM</Data></EventData></Event><Event xmlns='http://schemas.microsoft.com/win/2004/08/events/event'><System><Provider Name='Microsoft-Windows-Sysmon' Guid='{5770385f-c22a-43e0-bf4c-06f5698ffbd9}'/><EventID>1</EventID><Version>5</Version><Level>4</Level><Task>1</Task><Opcode>0</Opcode><Keywords>0x8000000000000000</Keywords><TimeCreated SystemTime='2023-07-23T23:09:10.1238619Z'/><EventRecordID>30418</EventRecordID><Correlation/><Execution ProcessID='2924' ThreadID='3284'/><Channel>Microsoft-Windows-Sysmon/Operational</Channel><Computer>Newman-PC</Computer><Security UserID='S-1-5-18'/></System><EventData><Data Name='RuleName'>-</Data><Data Name='UtcTime'>2023-07-23 23:09:06.022</Data><Data Name='ProcessGuid'>{758cb1f7-b312-64bd-0500-000000004200}</Data><Data Name='ProcessId'>548</Data><Data Name='Image'>C:\Windows\System32\smss.exe</Data><Data Name='FileVersion'>10.0.22621.1 (WinBuild.160101.0800)</Data><Data Name='Description'>Windows Session Manager</Data><Data Name='Product'>Microsoft® Windows® Operating System</Data><Data Name='Company'>Microsoft Corporation</Data><Data Name='OriginalFileName'>smss.exe</Data><Data Name='CommandLine'>\SystemRoot\System32\smss.exe 000000d4 000000cc </Data><Data Name='CurrentDirectory'>C:\Windows\</Data><Data Name='User'>NT AUTHORITY\SYSTEM</Data><Data Name='LogonGuid'>{758cb1f7-b312-64bd-e703-000000000000}</Data><Data Name='LogonId'>0x3e7</Data><Data Name='TerminalSessionId'>0</Data><Data Name='IntegrityLevel'>System</Data><Data Name='Hashes'>MD5=49CE4A7FED5D271A01426F2BC262D23C,SHA256=B6800C2CA4BFEC26C8B8553BEEE774F4EBAB741B1A48ADCCCCE79F07062977BE,IMPHASH=4F94DC57F2BE941DAE6A11A2254F4613</Data><Data Name='ParentProcessGuid'>{758cb1f7-b30e-64bd-0300-000000004200}</Data><Data Name='ParentProcessId'>416</Data><Data Name='ParentImage'>C:\Windows\System32\smss.exe</Data><Data Name='ParentCommandLine'>\SystemRoot\System32\smss.exe</Data><Data Name='ParentUser'>NT AUTHORITY\SYSTEM</Data></EventData></Event><Event xmlns='http://schemas.microsoft.com/win/2004/08/events/event'><System><Provider Name='Microsoft-Windows-Sysmon' Guid='{5770385f-c22a-43e0-bf4c-06f5698ffbd9}'/><EventID>13</EventID><Version>2</Version><Level>4</Level><Task>13</Task><Opcode>0</Opcode><Keywords>0x8000000000000000</Keywords><TimeCreated SystemTime='2023-07-23T23:09:09.9598004Z'/><EventRecordID>30417</EventRecordID><Correlation/><Execution ProcessID='2924' ThreadID='3284'/><Channel>Microsoft-Windows-Sysmon/Operational</Channel><Computer>Newman-PC</Computer><Security UserID='S-1-5-18'/></System><EventData><Data Name='RuleName'>Context,DeviceConnectedOrUpdated</Data><Data Name='EventType'>SetValue</Data><Data Name='UtcTime'>2023-07-23 23:09:03.009</Data><Data Name='ProcessGuid'>{758cb1f7-b30e-64bd-eb03-000000000000}</Data><Data Name='ProcessId'>4</Data><Data Name='Image'>System</Data><Data Name='TargetObject'>HKLM\System\CurrentControlSet\Control\DeviceClasses\{ffbb6e3f-ccfe-4d84-90d9-421418b03a8e}\##?#ROOT#SYSTEM#0000#{ffbb6e3f-ccfe-4d84-90d9-421418b03a8e}\#{EEC12DB6-AD9C-4168-8658-B03DAEF417FE}&amp;{ABD61E00-9350-47e2-A632-4438B90C6641}\Device Parameters\FriendlyName</Data><Data Name='Details'>Microsoft Trusted Audio Drivers</Data><Data Name='User'>NT AUTHORITY\SYSTEM</Data></EventData></Event><Event xmlns='http://schemas.microsoft.com/win/2004/08/events/event'><System><Provider Name='Microsoft-Windows-Sysmon' Guid='{5770385f-c22a-43e0-bf4c-06f5698ffbd9}'/><EventID>13</EventID><Version>2</Version><Level>4</Level><Task>13</Task><Opcode>0</Opcode><Keywords>0x8000000000000000</Keywords><TimeCreated SystemTime='2023-07-23T23:09:09.9592043Z'/><EventRecordID>30416</EventRecordID><Correlation/><Execution ProcessID='2924' ThreadID='3284'/><Channel>Microsoft-Windows-Sysmon/Operational</Channel><Computer>Newman-PC</Computer><Security UserID='S-1-5-18'/></System><EventData><Data Name='RuleName'>Context,DeviceConnectedOrUpdated</Data><Data Name='EventType'>SetValue</Data><Data Name='UtcTime'>2023-07-23 23:09:03.009</Data><Data Name='ProcessGuid'>{758cb1f7-b30e-64bd-eb03-000000000000}</Data><Data Name='ProcessId'>4</Data><Data Name='Image'>System</Data><Data Name='TargetObject'>HKLM\System\CurrentControlSet\Control\DeviceClasses\{cf1dda2c-9743-11d0-a3ee-00a0c9223196}\##?#ROOT#SYSTEM#0000#{cf1dda2c-9743-11d0-a3ee-00a0c9223196}\#{cfd669f1-9bc2-11d0-8299-0000f822fe8a}&amp;{CF1DDA2C-9743-11D0-A3EE-00A0C9223196}\Device Parameters\FriendlyName</Data><Data Name='Details'>Tee/Sink-to-Sink Converter</Data><Data Name='User'>NT AUTHORITY\SYSTEM</Data></EventData></Event><Event xmlns='http://schemas.microsoft.com/win/2004/08/events/event'><System><Provider Name='Microsoft-Windows-Sysmon' Guid='{5770385f-c22a-43e0-bf4c-06f5698ffbd9}'/><EventID>13</EventID><Version>2</Version><Level>4</Level><Task>13</Task><Opcode>0</Opcode><Keywords>0x8000000000000000</Keywords><TimeCreated SystemTime='2023-07-23T23:09:09.9588373Z'/><EventRecordID>30415</EventRecordID><Correlation/><Execution ProcessID='2924' ThreadID='3284'/><Channel>Microsoft-Windows-Sysmon/Operational</Channel><Computer>Newman-PC</Computer><Security UserID='S-1-5-18'/></System><EventData><Data Name='RuleName'>Context,DeviceConnectedOrUpdated</Data><Data Name='EventType'>SetValue</Data><Data Name='UtcTime'>2023-07-23 23:09:03.009</Data><Data Name='ProcessGuid'>{758cb1f7-b30e-64bd-eb03-000000000000}</Data><Data Name='ProcessId'>4</Data><Data Name='Image'>System</Data><Data Name='TargetObject'>HKLM\System\CurrentControlSet\Control\DeviceClasses\{0a4252a0-7e70-11d0-a5d6-28db04c10000}\##?#ROOT#SYSTEM#0000#{0a4252a0-7e70-11d0-a5d6-28db04c10000}\#{cfd669f1-9bc2-11d0-8299-0000f822fe8a}&amp;{0A4252A0-7E70-11D0-A5D6-28DB04C10000}\Device Parameters\FriendlyName</Data><Data Name='Details'>Tee/Sink-to-Sink Converter</Data><Data Name='User'>NT AUTHORITY\SYSTEM</Data></EventData></Event>