<Event xmlns='http://schemas.microsoft.com/win/2004/08/events/event'><System><Provider Name='Microsoft-Windows-Sysmon' Guid='{5770385f-c22a-43e0-bf4c-06f5698ffbd9}'/><EventID>13</EventID><Version>2</Version><Level>4</Level><Task>13</Task><Opcode>0</Opcode><Keywords>0x8000000000000000</Keywords><TimeCreated SystemTime='2023-07-23T23:13:27.1785904Z'/><EventRecordID>12039</EventRecordID><Correlation/><Execution ProcessID='2760' ThreadID='3284'/><Channel>Microsoft-Windows-Sysmon/Operational</Channel><Computer>Jerry-PC</Computer><Security UserID='S-1-5-18'/></System><EventData><Data Name='RuleName'>Suspicious,ImageBeginWithBackslash</Data><Data Name='EventType'>SetValue</Data><Data Name='UtcTime'>2023-07-23 23:13:27.167</Data><Data Name='ProcessGuid'>{3f0f5ad4-b405-64bd-bf00-000000003100}</Data><Data Name='ProcessId'>3076</Data><Data Name='Image'>\\?\C:\Windows\system32\wbem\WMIADAP.EXE</Data><Data Name='TargetObject'>HKLM\System\CurrentControlSet\Services\WmiApRpl\Performance\Last Help</Data><Data Name='Details'>DWORD (0x00002cbd)</Data><Data Name='User'>NT AUTHORITY\SYSTEM</Data></EventData></Event><Event xmlns='http://schemas.microsoft.com/win/2004/08/events/event'><System><Provider Name='Microsoft-Windows-Sysmon' Guid='{5770385f-c22a-43e0-bf4c-06f5698ffbd9}'/><EventID>13</EventID><Version>2</Version><Level>4</Level><Task>13</Task><Opcode>0</Opcode><Keywords>0x8000000000000000</Keywords><TimeCreated SystemTime='2023-07-23T23:13:27.1785532Z'/><EventRecordID>12038</EventRecordID><Correlation/><Execution ProcessID='2760' ThreadID='3284'/><Channel>Microsoft-Windows-Sysmon/Operational</Channel><Computer>Jerry-PC</Computer><Security UserID='S-1-5-18'/></System><EventData><Data Name='RuleName'>Suspicious,ImageBeginWithBackslash</Data><Data Name='EventType'>SetValue</Data><Data Name='UtcTime'>2023-07-23 23:13:27.167</Data><Data Name='ProcessGuid'>{3f0f5ad4-b405-64bd-bf00-000000003100}</Data><Data Name='ProcessId'>3076</Data><Data Name='Image'>\\?\C:\Windows\system32\wbem\WMIADAP.EXE</Data><Data Name='TargetObject'>HKLM\System\CurrentControlSet\Services\WmiApRpl\Performance\Last Counter</Data><Data Name='Details'>DWORD (0x00002cbc)</Data><Data Name='User'>NT AUTHORITY\SYSTEM</Data></EventData></Event><Event xmlns='http://schemas.microsoft.com/win/2004/08/events/event'><System><Provider Name='Microsoft-Windows-Sysmon' Guid='{5770385f-c22a-43e0-bf4c-06f5698ffbd9}'/><EventID>13</EventID><Version>2</Version><Level>4</Level><Task>13</Task><Opcode>0</Opcode><Keywords>0x8000000000000000</Keywords><TimeCreated SystemTime='2023-07-23T23:13:27.1784844Z'/><EventRecordID>12037</EventRecordID><Correlation/><Execution ProcessID='2760' ThreadID='3284'/><Channel>Microsoft-Windows-Sysmon/Operational</Channel><Computer>Jerry-PC</Computer><Security UserID='S-1-5-18'/></System><EventData><Data Name='RuleName'>Suspicious,ImageBeginWithBackslash</Data><Data Name='EventType'>SetValue</Data><Data Name='UtcTime'>2023-07-23 23:13:27.167</Data><Data Name='ProcessGuid'>{3f0f5ad4-b405-64bd-bf00-000000003100}</Data><Data Name='ProcessId'>3076</Data><Data Name='Image'>\\?\C:\Windows\system32\wbem\WMIADAP.EXE</Data><Data Name='TargetObject'>HKLM\SOFTWARE\Microsoft\Windows NT\CurrentVersion\Perflib\Last Help</Data><Data Name='Details'>DWORD (0x00002cbd)</Data><Data Name='User'>NT AUTHORITY\SYSTEM</Data></EventData></Event><Event xmlns='http://schemas.microsoft.com/win/2004/08/events/event'><System><Provider Name='Microsoft-Windows-Sysmon' Guid='{5770385f-c22a-43e0-bf4c-06f5698ffbd9}'/><EventID>13</EventID><Version>2</Version><Level>4</Level><Task>13</Task><Opcode>0</Opcode><Keywords>0x8000000000000000</Keywords><TimeCreated SystemTime='2023-07-23T23:13:27.1783901Z'/><EventRecordID>12036</EventRecordID><Correlation/><Execution ProcessID='2760' ThreadID='3284'/><Channel>Microsoft-Windows-Sysmon/Operational</Channel><Computer>Jerry-PC</Computer><Security UserID='S-1-5-18'/></System><EventData><Data Name='RuleName'>Suspicious,ImageBeginWithBackslash</Data><Data Name='EventType'>SetValue</Data><Data Name='UtcTime'>2023-07-23 23:13:27.167</Data><Data Name='ProcessGuid'>{3f0f5ad4-b405-64bd-bf00-000000003100}</Data><Data Name='ProcessId'>3076</Data><Data Name='Image'>\\?\C:\Windows\system32\wbem\WMIADAP.EXE</Data><Data Name='TargetObject'>HKLM\SOFTWARE\Microsoft\Windows NT\CurrentVersion\Perflib\Last Counter</Data><Data Name='Details'>DWORD (0x00002cbc)</Data><Data Name='User'>NT AUTHORITY\SYSTEM</Data></EventData></Event><Event xmlns='http://schemas.microsoft.com/win/2004/08/events/event'><System><Provider Name='Microsoft-Windows-Sysmon' Guid='{5770385f-c22a-43e0-bf4c-06f5698ffbd9}'/><EventID>13</EventID><Version>2</Version><Level>4</Level><Task>13</Task><Opcode>0</Opcode><Keywords>0x8000000000000000</Keywords><TimeCreated SystemTime='2023-07-23T23:13:27.1380670Z'/><EventRecordID>12035</EventRecordID><Correlation/><Execution ProcessID='2760' ThreadID='3284'/><Channel>Microsoft-Windows-Sysmon/Operational</Channel><Computer>Jerry-PC</Computer><Security UserID='S-1-5-18'/></System><EventData><Data Name='RuleName'>Suspicious,ImageBeginWithBackslash</Data><Data Name='EventType'>SetValue</Data><Data Name='UtcTime'>2023-07-23 23:13:27.136</Data><Data Name='ProcessGuid'>{3f0f5ad4-b405-64bd-bf00-000000003100}</Data><Data Name='ProcessId'>3076</Data><Data Name='Image'>\\?\C:\Windows\system32\wbem\WMIADAP.EXE</Data><Data Name='TargetObject'>HKLM\SOFTWARE\Microsoft\Windows NT\CurrentVersion\Perflib\Updating</Data><Data Name='Details'>WmiApRpl</Data><Data Name='User'>NT AUTHORITY\SYSTEM</Data></EventData></Event><Event xmlns='http://schemas.microsoft.com/win/2004/08/events/event'><System><Provider Name='Microsoft-Windows-Sysmon' Guid='{5770385f-c22a-43e0-bf4c-06f5698ffbd9}'/><EventID>13</EventID><Version>2</Version><Level>4</Level><Task>13</Task><Opcode>0</Opcode><Keywords>0x8000000000000000</Keywords><TimeCreated SystemTime='2023-07-23T23:13:27.1360516Z'/><EventRecordID>12034</EventRecordID><Correlation/><Execution ProcessID='2760' ThreadID='3284'/><Channel>Microsoft-Windows-Sysmon/Operational</Channel><Computer>Jerry-PC</Computer><Security UserID='S-1-5-18'/></System><EventData><Data Name='RuleName'>Suspicious,ImageBeginWithBackslash</Data><Data Name='EventType'>SetValue</Data><Data Name='UtcTime'>2023-07-23 23:13:27.123</Data><Data Name='ProcessGuid'>{3f0f5ad4-b405-64bd-bf00-000000003100}</Data><Data Name='ProcessId'>3076</Data><Data Name='Image'>\\?\C:\Windows\system32\wbem\WMIADAP.EXE</Data><Data Name='TargetObject'>HKLM\System\CurrentControlSet\Services\WmiApRpl\Performance\PerfIniFile</Data><Data Name='Details'>WmiApRpl.ini</Data><Data Name='User'>NT AUTHORITY\SYSTEM</Data></EventData></Event><Event xmlns='http://schemas.microsoft.com/win/2004/08/events/event'><System><Provider Name='Microsoft-Windows-Sysmon' Guid='{5770385f-c22a-43e0-bf4c-06f5698ffbd9}'/><EventID>12</EventID><Version>2</Version><Level>4</Level><Task>12</Task><Opcode>0</Opcode><Keywords>0x8000000000000000</Keywords><TimeCreated SystemTime='2023-07-23T23:13:27.1322651Z'/><EventRecordID>12033</EventRecordID><Correlation/><Execution ProcessID='2760' ThreadID='3284'/><Channel>Microsoft-Windows-Sysmon/Operational</Channel><Computer>Jerry-PC</Computer><Security UserID='S-1-5-18'/></System><EventData><Data Name='RuleName'>Suspicious,ImageBeginWithBackslash</Data><Data Name='EventType'>DeleteValue</Data><Data Name='UtcTime'>2023-07-23 23:13:27.123</Data><Data Name='ProcessGuid'>{3f0f5ad4-b405-64bd-bf00-000000003100}</Data><Data Name='ProcessId'>3076</Data><Data Name='Image'>\\?\C:\Windows\system32\wbem\WMIADAP.EXE</Data><Data Name='TargetObject'>HKLM\SOFTWARE\Microsoft\Windows NT\CurrentVersion\Perflib\Updating</Data><Data Name='User'>NT AUTHORITY\SYSTEM</Data></EventData></Event><Event xmlns='http://schemas.microsoft.com/win/2004/08/events/event'><System><Provider Name='Microsoft-Windows-Sysmon' Guid='{5770385f-c22a-43e0-bf4c-06f5698ffbd9}'/><EventID>12</EventID><Version>2</Version><Level>4</Level><Task>12</Task><Opcode>0</Opcode><Keywords>0x8000000000000000</Keywords><TimeCreated SystemTime='2023-07-23T23:13:27.1322289Z'/><EventRecordID>12032</EventRecordID><Correlation/><Execution ProcessID='2760' ThreadID='3284'/><Channel>Microsoft-Windows-Sysmon/Operational</Channel><Computer>Jerry-PC</Computer><Security UserID='S-1-5-18'/></System><EventData><Data Name='RuleName'>Suspicious,ImageBeginWithBackslash</Data><Data Name='EventType'>DeleteValue</Data><Data Name='UtcTime'>2023-07-23 23:13:27.123</Data><Data Name='ProcessGuid'>{3f0f5ad4-b405-64bd-bf00-000000003100}</Data><Data Name='ProcessId'>3076</Data><Data Name='Image'>\\?\C:\Windows\system32\wbem\WMIADAP.EXE</Data><Data Name='TargetObject'>HKLM\System\CurrentControlSet\Services\WmiApRpl\Performance\Object List</Data><Data Name='User'>NT AUTHORITY\SYSTEM</Data></EventData></Event><Event xmlns='http://schemas.microsoft.com/win/2004/08/events/event'><System><Provider Name='Microsoft-Windows-Sysmon' Guid='{5770385f-c22a-43e0-bf4c-06f5698ffbd9}'/><EventID>12</EventID><Version>2</Version><Level>4</Level><Task>12</Task><Opcode>0</Opcode><Keywords>0x8000000000000000</Keywords><TimeCreated SystemTime='2023-07-23T23:13:27.1321924Z'/><EventRecordID>12031</EventRecordID><Correlation/><Execution ProcessID='2760' ThreadID='3284'/><Channel>Microsoft-Windows-Sysmon/Operational</Channel><Computer>Jerry-PC</Computer><Security UserID='S-1-5-18'/></System><EventData><Data Name='RuleName'>Suspicious,ImageBeginWithBackslash</Data><Data Name='EventType'>DeleteValue</Data><Data Name='UtcTime'>2023-07-23 23:13:27.123</Data><Data Name='ProcessGuid'>{3f0f5ad4-b405-64bd-bf00-000000003100}</Data><Data Name='ProcessId'>3076</Data><Data Name='Image'>\\?\C:\Windows\system32\wbem\WMIADAP.EXE</Data><Data Name='TargetObject'>HKLM\System\CurrentControlSet\Services\WmiApRpl\Performance\Last Help</Data><Data Name='User'>NT AUTHORITY\SYSTEM</Data></EventData></Event><Event xmlns='http://schemas.microsoft.com/win/2004/08/events/event'><System><Provider Name='Microsoft-Windows-Sysmon' Guid='{5770385f-c22a-43e0-bf4c-06f5698ffbd9}'/><EventID>12</EventID><Version>2</Version><Level>4</Level><Task>12</Task><Opcode>0</Opcode><Keywords>0x8000000000000000</Keywords><TimeCreated SystemTime='2023-07-23T23:13:27.1321513Z'/><EventRecordID>12030</EventRecordID><Correlation/><Execution ProcessID='2760' ThreadID='3284'/><Channel>Microsoft-Windows-Sysmon/Operational</Channel><Computer>Jerry-PC</Computer><Security UserID='S-1-5-18'/></System><EventData><Data Name='RuleName'>Suspicious,ImageBeginWithBackslash</Data><Data Name='EventType'>DeleteValue</Data><Data Name='UtcTime'>2023-07-23 23:13:27.123</Data><Data Name='ProcessGuid'>{3f0f5ad4-b405-64bd-bf00-000000003100}</Data><Data Name='ProcessId'>3076</Data><Data Name='Image'>\\?\C:\Windows\system32\wbem\WMIADAP.EXE</Data><Data Name='TargetObject'>HKLM\System\CurrentControlSet\Services\WmiApRpl\Performance\First Help</Data><Data Name='User'>NT AUTHORITY\SYSTEM</Data></EventData></Event><Event xmlns='http://schemas.microsoft.com/win/2004/08/events/event'><System><Provider Name='Microsoft-Windows-Sysmon' Guid='{5770385f-c22a-43e0-bf4c-06f5698ffbd9}'/><EventID>12</EventID><Version>2</Version><Level>4</Level><Task>12</Task><Opcode>0</Opcode><Keywords>0x8000000000000000</Keywords><TimeCreated SystemTime='2023-07-23T23:13:27.1320958Z'/><EventRecordID>12029</EventRecordID><Correlation/><Execution ProcessID='2760' ThreadID='3284'/><Channel>Microsoft-Windows-Sysmon/Operational</Channel><Computer>Jerry-PC</Computer><Security UserID='S-1-5-18'/></System><EventData><Data Name='RuleName'>Suspicious,ImageBeginWithBackslash</Data><Data Name='EventType'>DeleteValue</Data><Data Name='UtcTime'>2023-07-23 23:13:27.123</Data><Data Name='ProcessGuid'>{3f0f5ad4-b405-64bd-bf00-000000003100}</Data><Data Name='ProcessId'>3076</Data><Data Name='Image'>\\?\C:\Windows\system32\wbem\WMIADAP.EXE</Data><Data Name='TargetObject'>HKLM\System\CurrentControlSet\Services\WmiApRpl\Performance\Last Counter</Data><Data Name='User'>NT AUTHORITY\SYSTEM</Data></EventData></Event><Event xmlns='http://schemas.microsoft.com/win/2004/08/events/event'><System><Provider Name='Microsoft-Windows-Sysmon' Guid='{5770385f-c22a-43e0-bf4c-06f5698ffbd9}'/><EventID>12</EventID><Version>2</Version><Level>4</Level><Task>12</Task><Opcode>0</Opcode><Keywords>0x8000000000000000</Keywords><TimeCreated SystemTime='2023-07-23T23:13:27.1320579Z'/><EventRecordID>12028</EventRecordID><Correlation/><Execution ProcessID='2760' ThreadID='3284'/><Channel>Microsoft-Windows-Sysmon/Operational</Channel><Computer>Jerry-PC</Computer><Security UserID='S-1-5-18'/></System><EventData><Data Name='RuleName'>Suspicious,ImageBeginWithBackslash</Data><Data Name='EventType'>DeleteValue</Data><Data Name='UtcTime'>2023-07-23 23:13:27.123</Data><Data Name='ProcessGuid'>{3f0f5ad4-b405-64bd-bf00-000000003100}</Data><Data Name='ProcessId'>3076</Data><Data Name='Image'>\\?\C:\Windows\system32\wbem\WMIADAP.EXE</Data><Data Name='TargetObject'>HKLM\System\CurrentControlSet\Services\WmiApRpl\Performance\First Counter</Data><Data Name='User'>NT AUTHORITY\SYSTEM</Data></EventData></Event><Event xmlns='http://schemas.microsoft.com/win/2004/08/events/event'><System><Provider Name='Microsoft-Windows-Sysmon' Guid='{5770385f-c22a-43e0-bf4c-06f5698ffbd9}'/><EventID>13</EventID><Version>2</Version><Level>4</Level><Task>13</Task><Opcode>0</Opcode><Keywords>0x8000000000000000</Keywords><TimeCreated SystemTime='2023-07-23T23:13:27.1320152Z'/><EventRecordID>12027</EventRecordID><Correlation/><Execution ProcessID='2760' ThreadID='3284'/><Channel>Microsoft-Windows-Sysmon/Operational</Channel><Computer>Jerry-PC</Computer><Security UserID='S-1-5-18'/></System><EventData><Data Name='RuleName'>Suspicious,ImageBeginWithBackslash</Data><Data Name='EventType'>SetValue</Data><Data Name='UtcTime'>2023-07-23 23:13:27.123</Data><Data Name='ProcessGuid'>{3f0f5ad4-b405-64bd-bf00-000000003100}</Data><Data Name='ProcessId'>3076</Data><Data Name='Image'>\\?\C:\Windows\system32\wbem\WMIADAP.EXE</Data><Data Name='TargetObject'>HKLM\SOFTWARE\Microsoft\Windows NT\CurrentVersion\Perflib\Last Help</Data><Data Name='Details'>DWORD (0x00002c09)</Data><Data Name='User'>NT AUTHORITY\SYSTEM</Data></EventData></Event><Event xmlns='http://schemas.microsoft.com/win/2004/08/events/event'><System><Provider Name='Microsoft-Windows-Sysmon' Guid='{5770385f-c22a-43e0-bf4c-06f5698ffbd9}'/><EventID>13</EventID><Version>2</Version><Level>4</Level><Task>13</Task><Opcode>0</Opcode><Keywords>0x8000000000000000</Keywords><TimeCreated SystemTime='2023-07-23T23:13:27.1319319Z'/><EventRecordID>12026</EventRecordID><Correlation/><Execution ProcessID='2760' ThreadID='3284'/><Channel>Microsoft-Windows-Sysmon/Operational</Channel><Computer>Jerry-PC</Computer><Security UserID='S-1-5-18'/></System><EventData><Data Name='RuleName'>Suspicious,ImageBeginWithBackslash</Data><Data Name='EventType'>SetValue</Data><Data Name='UtcTime'>2023-07-23 23:13:27.123</Data><Data Name='ProcessGuid'>{3f0f5ad4-b405-64bd-bf00-000000003100}</Data><Data Name='ProcessId'>3076</Data><Data Name='Image'>\\?\C:\Windows\system32\wbem\WMIADAP.EXE</Data><Data Name='TargetObject'>HKLM\SOFTWARE\Microsoft\Windows NT\CurrentVersion\Perflib\Last Counter</Data><Data Name='Details'>DWORD (0x00002c08)</Data><Data Name='User'>NT AUTHORITY\SYSTEM</Data></EventData></Event><Event xmlns='http://schemas.microsoft.com/win/2004/08/events/event'><System><Provider Name='Microsoft-Windows-Sysmon' Guid='{5770385f-c22a-43e0-bf4c-06f5698ffbd9}'/><EventID>13</EventID><Version>2</Version><Level>4</Level><Task>13</Task><Opcode>0</Opcode><Keywords>0x8000000000000000</Keywords><TimeCreated SystemTime='2023-07-23T23:13:27.1088064Z'/><EventRecordID>12025</EventRecordID><Correlation/><Execution ProcessID='2760' ThreadID='3284'/><Channel>Microsoft-Windows-Sysmon/Operational</Channel><Computer>Jerry-PC</Computer><Security UserID='S-1-5-18'/></System><EventData><Data Name='RuleName'>Suspicious,ImageBeginWithBackslash</Data><Data Name='EventType'>SetValue</Data><Data Name='UtcTime'>2023-07-23 23:13:27.108</Data><Data Name='ProcessGuid'>{3f0f5ad4-b405-64bd-bf00-000000003100}</Data><Data Name='ProcessId'>3076</Data><Data Name='Image'>\\?\C:\Windows\system32\wbem\WMIADAP.EXE</Data><Data Name='TargetObject'>HKLM\SOFTWARE\Microsoft\Windows NT\CurrentVersion\Perflib\Updating</Data><Data Name='Details'>WmiApRpl</Data><Data Name='User'>NT AUTHORITY\SYSTEM</Data></EventData></Event><Event xmlns='http://schemas.microsoft.com/win/2004/08/events/event'><System><Provider Name='Microsoft-Windows-Sysmon' Guid='{5770385f-c22a-43e0-bf4c-06f5698ffbd9}'/><EventID>1</EventID><Version>5</Version><Level>4</Level><Task>1</Task><Opcode>0</Opcode><Keywords>0x8000000000000000</Keywords><TimeCreated SystemTime='2023-07-23T23:13:19.8996639Z'/><EventRecordID>12024</EventRecordID><Correlation/><Execution ProcessID='2760' ThreadID='3284'/><Channel>Microsoft-Windows-Sysmon/Operational</Channel><Computer>Jerry-PC</Computer><Security UserID='S-1-5-18'/></System><EventData><Data Name='RuleName'>-</Data><Data Name='UtcTime'>2023-07-23 23:13:19.898</Data><Data Name='ProcessGuid'>{3f0f5ad4-b40f-64bd-c500-000000003100}</Data><Data Name='ProcessId'>8172</Data><Data Name='Image'>C:\Windows\System32\HOSTNAME.EXE</Data><Data Name='FileVersion'>10.0.22621.1 (WinBuild.160101.0800)</Data><Data Name='Description'>Hostname APP</Data><Data Name='Product'>Microsoft® Windows® Operating System</Data><Data Name='Company'>Microsoft Corporation</Data><Data Name='OriginalFileName'>hostname.exe</Data><Data Name='CommandLine'>"C:\Windows\system32\HOSTNAME.EXE"</Data><Data Name='CurrentDirectory'>C:\Users\LittleNewman.JERRY-PC\Documents\</Data><Data Name='User'>JERRY-PC\LittleNewman</Data><Data Name='LogonGuid'>{3f0f5ad4-b406-64bd-62c6-1b0000000000}</Data><Data Name='LogonId'>0x1bc662</Data><Data Name='TerminalSessionId'>0</Data><Data Name='IntegrityLevel'>High</Data><Data Name='Hashes'>MD5=26867C731CF949313F118FA0911789CB,SHA256=193D56937965C2EECC6556619CAC6B6CE7ADB1827D12830BFED1A7B038288613,IMPHASH=8CB84C534505B1E47EF25FA2CD9A16BB</Data><Data Name='ParentProcessGuid'>{3f0f5ad4-b406-64bd-c100-000000003100}</Data><Data Name='ParentProcessId'>4000</Data><Data Name='ParentImage'>C:\Windows\System32\wsmprovhost.exe</Data><Data Name='ParentCommandLine'>C:\Windows\system32\wsmprovhost.exe -Embedding</Data><Data Name='ParentUser'>JERRY-PC\LittleNewman</Data></EventData></Event><Event xmlns='http://schemas.microsoft.com/win/2004/08/events/event'><System><Provider Name='Microsoft-Windows-Sysmon' Guid='{5770385f-c22a-43e0-bf4c-06f5698ffbd9}'/><EventID>1</EventID><Version>5</Version><Level>4</Level><Task>1</Task><Opcode>0</Opcode><Keywords>0x8000000000000000</Keywords><TimeCreated SystemTime='2023-07-23T23:13:16.5450721Z'/><EventRecordID>12023</EventRecordID><Correlation/><Execution ProcessID='2760' ThreadID='3284'/><Channel>Microsoft-Windows-Sysmon/Operational</Channel><Computer>Jerry-PC</Computer><Security UserID='S-1-5-18'/></System><EventData><Data Name='RuleName'>-</Data><Data Name='UtcTime'>2023-07-23 23:13:16.542</Data><Data Name='ProcessGuid'>{3f0f5ad4-b40c-64bd-c300-000000003100}</Data><Data Name='ProcessId'>1852</Data><Data Name='Image'>C:\Windows\System32\whoami.exe</Data><Data Name='FileVersion'>10.0.22621.1 (WinBuild.160101.0800)</Data><Data Name='Description'>whoami - displays logged on user information</Data><Data Name='Product'>Microsoft® Windows® Operating System</Data><Data Name='Company'>Microsoft Corporation</Data><Data Name='OriginalFileName'>whoami.exe</Data><Data Name='CommandLine'>"C:\Windows\system32\whoami.exe"</Data><Data Name='CurrentDirectory'>C:\Users\LittleNewman.JERRY-PC\Documents\</Data><Data Name='User'>JERRY-PC\LittleNewman</Data><Data Name='LogonGuid'>{3f0f5ad4-b406-64bd-62c6-1b0000000000}</Data><Data Name='LogonId'>0x1bc662</Data><Data Name='TerminalSessionId'>0</Data><Data Name='IntegrityLevel'>High</Data><Data Name='Hashes'>MD5=E0F37DB23E4F3163159A815610DF8CF2,SHA256=574BC2A2995FE2B1F732CCD39F2D99460ACE980AF29EFDF1EB0D3E888BE7D6F0,IMPHASH=62935820E434AF643547B7F5F5BD0292</Data><Data Name='ParentProcessGuid'>{3f0f5ad4-b406-64bd-c100-000000003100}</Data><Data Name='ParentProcessId'>4000</Data><Data Name='ParentImage'>C:\Windows\System32\wsmprovhost.exe</Data><Data Name='ParentCommandLine'>C:\Windows\system32\wsmprovhost.exe -Embedding</Data><Data Name='ParentUser'>JERRY-PC\LittleNewman</Data></EventData></Event><Event xmlns='http://schemas.microsoft.com/win/2004/08/events/event'><System><Provider Name='Microsoft-Windows-Sysmon' Guid='{5770385f-c22a-43e0-bf4c-06f5698ffbd9}'/><EventID>1</EventID><Version>5</Version><Level>4</Level><Task>1</Task><Opcode>0</Opcode><Keywords>0x8000000000000000</Keywords><TimeCreated SystemTime='2023-07-23T23:13:12.2352820Z'/><EventRecordID>12022</EventRecordID><Correlation/><Execution ProcessID='2760' ThreadID='3284'/><Channel>Microsoft-Windows-Sysmon/Operational</Channel><Computer>Jerry-PC</Computer><Security UserID='S-1-5-18'/></System><EventData><Data Name='RuleName'>-</Data><Data Name='UtcTime'>2023-07-23 23:13:12.233</Data><Data Name='ProcessGuid'>{3f0f5ad4-b408-64bd-c200-000000003100}</Data><Data Name='ProcessId'>5188</Data><Data Name='Image'>C:\Windows\System32\SecurityHealth\1.0.2306.10002-0\SecurityHealthHost.exe</Data><Data Name='FileVersion'>10.0.25873.1001 (WinBuild.160101.0800)</Data><Data Name='Description'>Windows Security Health Host</Data><Data Name='Product'>Microsoft® Windows® Operating System</Data><Data Name='Company'>Microsoft Corporation</Data><Data Name='OriginalFileName'>SecurityHealthHost.exe</Data><Data Name='CommandLine'>\\?\C:\Windows\System32\SecurityHealth\1.0.2306.10002-0\SecurityHealthHost.exe {08728914-3F57-4D52-9E31-49DAECA5A80A} -Embedding</Data><Data Name='CurrentDirectory'>C:\Windows\system32\</Data><Data Name='User'>JERRY-PC\Jerry</Data><Data Name='LogonGuid'>{3f0f5ad4-b317-64bd-795a-050000000000}</Data><Data Name='LogonId'>0x55a79</Data><Data Name='TerminalSessionId'>1</Data><Data Name='IntegrityLevel'>Medium</Data><Data Name='Hashes'>MD5=193DC58240D8AC4EC1618FFAE14CAE71,SHA256=8D771C8A91614B85416B3EB328460E80183B38F2DC35C7A26578206AF145F419,IMPHASH=FBC9E5DE00516A75FFF7C4A11857FB1D</Data><Data Name='ParentProcessGuid'>{3f0f5ad4-b311-64bd-0d00-000000003100}</Data><Data Name='ParentProcessId'>876</Data><Data Name='ParentImage'>C:\Windows\System32\svchost.exe</Data><Data Name='ParentCommandLine'>C:\Windows\system32\svchost.exe -k DcomLaunch -p</Data><Data Name='ParentUser'>NT AUTHORITY\SYSTEM</Data></EventData></Event><Event xmlns='http://schemas.microsoft.com/win/2004/08/events/event'><System><Provider Name='Microsoft-Windows-Sysmon' Guid='{5770385f-c22a-43e0-bf4c-06f5698ffbd9}'/><EventID>5</EventID><Version>3</Version><Level>4</Level><Task>5</Task><Opcode>0</Opcode><Keywords>0x8000000000000000</Keywords><TimeCreated SystemTime='2023-07-23T23:13:11.9297097Z'/><EventRecordID>12021</EventRecordID><Correlation/><Execution ProcessID='2760' ThreadID='3284'/><Channel>Microsoft-Windows-Sysmon/Operational</Channel><Computer>Jerry-PC</Computer><Security UserID='S-1-5-18'/></System><EventData><Data Name='RuleName'>-</Data><Data Name='UtcTime'>2023-07-23 23:13:11.915</Data><Data Name='ProcessGuid'>{3f0f5ad4-b401-64bd-be00-000000003100}</Data><Data Name='ProcessId'>2400</Data><Data Name='Image'>C:\Users\Jerry\AppData\Local\Microsoft\OneDrive\23.127.0618.0001\FileCoAuth.exe</Data><Data Name='User'>JERRY-PC\Jerry</Data></EventData></Event><Event xmlns='http://schemas.microsoft.com/win/2004/08/events/event'><System><Provider Name='Microsoft-Windows-Sysmon' Guid='{5770385f-c22a-43e0-bf4c-06f5698ffbd9}'/><EventID>11</EventID><Version>2</Version><Level>4</Level><Task>11</Task><Opcode>0</Opcode><Keywords>0x8000000000000000</Keywords><TimeCreated SystemTime='2023-07-23T23:13:11.0632343Z'/><EventRecordID>12020</EventRecordID><Correlation/><Execution ProcessID='2760' ThreadID='3284'/><Channel>Microsoft-Windows-Sysmon/Operational</Channel><Computer>Jerry-PC</Computer><Security UserID='S-1-5-18'/></System><EventData><Data Name='RuleName'>-</Data><Data Name='UtcTime'>2023-07-23 23:13:11.047</Data><Data Name='ProcessGuid'>{3f0f5ad4-b406-64bd-c100-000000003100}</Data><Data Name='ProcessId'>4000</Data><Data Name='Image'>C:\Windows\system32\wsmprovhost.exe</Data><Data Name='TargetFilename'>C:\Users\LittleNewman.JERRY-PC\AppData\Local\Temp\__PSScriptPolicyTest_21oycspq.d2l.ps1</Data><Data Name='CreationUtcTime'>2023-07-23 23:13:11.047</Data><Data Name='User'>JERRY-PC\LittleNewman</Data></EventData></Event><Event xmlns='http://schemas.microsoft.com/win/2004/08/events/event'><System><Provider Name='Microsoft-Windows-Sysmon' Guid='{5770385f-c22a-43e0-bf4c-06f5698ffbd9}'/><EventID>1</EventID><Version>5</Version><Level>4</Level><Task>1</Task><Opcode>0</Opcode><Keywords>0x8000000000000000</Keywords><TimeCreated SystemTime='2023-07-23T23:13:10.9542656Z'/><EventRecordID>12019</EventRecordID><Correlation/><Execution ProcessID='2760' ThreadID='3284'/><Channel>Microsoft-Windows-Sysmon/Operational</Channel><Computer>Jerry-PC</Computer><Security UserID='S-1-5-18'/></System><EventData><Data Name='RuleName'>-</Data><Data Name='UtcTime'>2023-07-23 23:13:10.952</Data><Data Name='ProcessGuid'>{3f0f5ad4-b406-64bd-c100-000000003100}</Data><Data Name='ProcessId'>4000</Data><Data Name='Image'>C:\Windows\System32\wsmprovhost.exe</Data><Data Name='FileVersion'>10.0.22621.1485 (WinBuild.160101.0800)</Data><Data Name='Description'>Host process for WinRM plug-ins</Data><Data Name='Product'>Microsoft® Windows® Operating System</Data><Data Name='Company'>Microsoft Corporation</Data><Data Name='OriginalFileName'>wsmprovhost.exe</Data><Data Name='CommandLine'>C:\Windows\system32\wsmprovhost.exe -Embedding</Data><Data Name='CurrentDirectory'>C:\Windows\system32\</Data><Data Name='User'>JERRY-PC\LittleNewman</Data><Data Name='LogonGuid'>{3f0f5ad4-b406-64bd-62c6-1b0000000000}</Data><Data Name='LogonId'>0x1bc662</Data><Data Name='TerminalSessionId'>0</Data><Data Name='IntegrityLevel'>High</Data><Data Name='Hashes'>MD5=36DFD6343147B4172539CB023EF56485,SHA256=30C91BE613CB8BF4A882DEB2D3B77C8ABC0C41617178BA3681CFA746DFCED273,IMPHASH=35C50CC7209A454799C998CDE17C6E24</Data><Data Name='ParentProcessGuid'>{3f0f5ad4-b311-64bd-0d00-000000003100}</Data><Data Name='ParentProcessId'>876</Data><Data Name='ParentImage'>C:\Windows\System32\svchost.exe</Data><Data Name='ParentCommandLine'>C:\Windows\system32\svchost.exe -k DcomLaunch -p</Data><Data Name='ParentUser'>NT AUTHORITY\SYSTEM</Data></EventData></Event><Event xmlns='http://schemas.microsoft.com/win/2004/08/events/event'><System><Provider Name='Microsoft-Windows-Sysmon' Guid='{5770385f-c22a-43e0-bf4c-06f5698ffbd9}'/><EventID>11</EventID><Version>2</Version><Level>4</Level><Task>11</Task><Opcode>0</Opcode><Keywords>0x8000000000000000</Keywords><TimeCreated SystemTime='2023-07-23T23:13:10.8665063Z'/><EventRecordID>12018</EventRecordID><Correlation/><Execution ProcessID='2760' ThreadID='3284'/><Channel>Microsoft-Windows-Sysmon/Operational</Channel><Computer>Jerry-PC</Computer><Security UserID='S-1-5-18'/></System><EventData><Data Name='RuleName'>T1023</Data><Data Name='UtcTime'>2023-07-23 23:13:10.862</Data><Data Name='ProcessGuid'>{3f0f5ad4-b311-64bd-1700-000000003100}</Data><Data Name='ProcessId'>1140</Data><Data Name='Image'>C:\Windows\system32\svchost.exe</Data><Data Name='TargetFilename'>C:\Users\LittleNewman.JERRY-PC\Start Menu</Data><Data Name='CreationUtcTime'>2023-07-23 23:13:10.862</Data><Data Name='User'>NT AUTHORITY\SYSTEM</Data></EventData></Event><Event xmlns='http://schemas.microsoft.com/win/2004/08/events/event'><System><Provider Name='Microsoft-Windows-Sysmon' Guid='{5770385f-c22a-43e0-bf4c-06f5698ffbd9}'/><EventID>11</EventID><Version>2</Version><Level>4</Level><Task>11</Task><Opcode>0</Opcode><Keywords>0x8000000000000000</Keywords><TimeCreated SystemTime='2023-07-23T23:13:10.7499622Z'/><EventRecordID>12017</EventRecordID><Correlation/><Execution ProcessID='2760' ThreadID='3284'/><Channel>Microsoft-Windows-Sysmon/Operational</Channel><Computer>Jerry-PC</Computer><Security UserID='S-1-5-18'/></System><EventData><Data Name='RuleName'>T1023</Data><Data Name='UtcTime'>2023-07-23 23:13:10.738</Data><Data Name='ProcessGuid'>{3f0f5ad4-b311-64bd-1700-000000003100}</Data><Data Name='ProcessId'>1140</Data><Data Name='Image'>C:\Windows\system32\svchost.exe</Data><Data Name='TargetFilename'>C:\Users\LittleNewman.JERRY-PC\AppData\Roaming\Microsoft\Windows\Start Menu\Programs\Accessibility\{e1ce2e7f-1501-4fd0-86a1-ffdb576a03a7}.tmp</Data><Data Name='CreationUtcTime'>2023-07-23 23:13:10.738</Data><Data Name='User'>NT AUTHORITY\SYSTEM</Data></EventData></Event><Event xmlns='http://schemas.microsoft.com/win/2004/08/events/event'><System><Provider Name='Microsoft-Windows-Sysmon' Guid='{5770385f-c22a-43e0-bf4c-06f5698ffbd9}'/><EventID>11</EventID><Version>2</Version><Level>4</Level><Task>11</Task><Opcode>0</Opcode><Keywords>0x8000000000000000</Keywords><TimeCreated SystemTime='2023-07-23T23:13:10.7496488Z'/><EventRecordID>12016</EventRecordID><Correlation/><Execution ProcessID='2760' ThreadID='3284'/><Channel>Microsoft-Windows-Sysmon/Operational</Channel><Computer>Jerry-PC</Computer><Security UserID='S-1-5-18'/></System><EventData><Data Name='RuleName'>T1023</Data><Data Name='UtcTime'>2023-07-23 23:13:10.738</Data><Data Name='ProcessGuid'>{3f0f5ad4-b311-64bd-1700-000000003100}</Data><Data Name='ProcessId'>1140</Data><Data Name='Image'>C:\Windows\system32\svchost.exe</Data><Data Name='TargetFilename'>C:\Users\LittleNewman.JERRY-PC\AppData\Roaming\Microsoft\Windows\Start Menu\Programs\Accessibility\{e1ce2e7f-1501-4fd0-86a1-ffdb576a03a7}.tmp</Data><Data Name='CreationUtcTime'>2023-07-23 23:13:10.738</Data><Data Name='User'>NT AUTHORITY\SYSTEM</Data></EventData></Event><Event xmlns='http://schemas.microsoft.com/win/2004/08/events/event'><System><Provider Name='Microsoft-Windows-Sysmon' Guid='{5770385f-c22a-43e0-bf4c-06f5698ffbd9}'/><EventID>11</EventID><Version>2</Version><Level>4</Level><Task>11</Task><Opcode>0</Opcode><Keywords>0x8000000000000000</Keywords><TimeCreated SystemTime='2023-07-23T23:13:10.7483220Z'/><EventRecordID>12015</EventRecordID><Correlation/><Execution ProcessID='2760' ThreadID='3284'/><Channel>Microsoft-Windows-Sysmon/Operational</Channel><Computer>Jerry-PC</Computer><Security UserID='S-1-5-18'/></System><EventData><Data Name='RuleName'>T1023</Data><Data Name='UtcTime'>2023-07-23 23:13:10.738</Data><Data Name='ProcessGuid'>{3f0f5ad4-b311-64bd-1700-000000003100}</Data><Data Name='ProcessId'>1140</Data><Data Name='Image'>C:\Windows\system32\svchost.exe</Data><Data Name='TargetFilename'>C:\Users\LittleNewman.JERRY-PC\AppData\Roaming\Microsoft\Windows\Start Menu\Programs\Accessibility\{ac97409c-a3b1-4749-98d6-0c0f2b706e65}.tmp</Data><Data Name='CreationUtcTime'>2023-07-23 23:13:10.738</Data><Data Name='User'>NT AUTHORITY\SYSTEM</Data></EventData></Event><Event xmlns='http://schemas.microsoft.com/win/2004/08/events/event'><System><Provider Name='Microsoft-Windows-Sysmon' Guid='{5770385f-c22a-43e0-bf4c-06f5698ffbd9}'/><EventID>11</EventID><Version>2</Version><Level>4</Level><Task>11</Task><Opcode>0</Opcode><Keywords>0x8000000000000000</Keywords><TimeCreated SystemTime='2023-07-23T23:13:10.7482471Z'/><EventRecordID>12014</EventRecordID><Correlation/><Execution ProcessID='2760' ThreadID='3284'/><Channel>Microsoft-Windows-Sysmon/Operational</Channel><Computer>Jerry-PC</Computer><Security UserID='S-1-5-18'/></System><EventData><Data Name='RuleName'>T1023</Data><Data Name='UtcTime'>2023-07-23 23:13:10.738</Data><Data Name='ProcessGuid'>{3f0f5ad4-b311-64bd-1700-000000003100}</Data><Data Name='ProcessId'>1140</Data><Data Name='Image'>C:\Windows\system32\svchost.exe</Data><Data Name='TargetFilename'>C:\Users\LittleNewman.JERRY-PC\AppData\Roaming\Microsoft\Windows\Start Menu\Programs\Accessibility\{dab84eb1-f074-4829-88b0-203e2cabd018}.tmp</Data><Data Name='CreationUtcTime'>2023-07-23 23:13:10.738</Data><Data Name='User'>NT AUTHORITY\SYSTEM</Data></EventData></Event><Event xmlns='http://schemas.microsoft.com/win/2004/08/events/event'><System><Provider Name='Microsoft-Windows-Sysmon' Guid='{5770385f-c22a-43e0-bf4c-06f5698ffbd9}'/><EventID>11</EventID><Version>2</Version><Level>4</Level><Task>11</Task><Opcode>0</Opcode><Keywords>0x8000000000000000</Keywords><TimeCreated SystemTime='2023-07-23T23:13:10.7481846Z'/><EventRecordID>12013</EventRecordID><Correlation/><Execution ProcessID='2760' ThreadID='3284'/><Channel>Microsoft-Windows-Sysmon/Operational</Channel><Computer>Jerry-PC</Computer><Security UserID='S-1-5-18'/></System><EventData><Data Name='RuleName'>T1023</Data><Data Name='UtcTime'>2023-07-23 23:13:10.738</Data><Data Name='ProcessGuid'>{3f0f5ad4-b311-64bd-1700-000000003100}</Data><Data Name='ProcessId'>1140</Data><Data Name='Image'>C:\Windows\system32\svchost.exe</Data><Data Name='TargetFilename'>C:\Users\LittleNewman.JERRY-PC\AppData\Roaming\Microsoft\Windows\Start Menu\Programs\Accessibility\{ac97409c-a3b1-4749-98d6-0c0f2b706e65}.tmp</Data><Data Name='CreationUtcTime'>2023-07-23 23:13:10.738</Data><Data Name='User'>NT AUTHORITY\SYSTEM</Data></EventData></Event><Event xmlns='http://schemas.microsoft.com/win/2004/08/events/event'><System><Provider Name='Microsoft-Windows-Sysmon' Guid='{5770385f-c22a-43e0-bf4c-06f5698ffbd9}'/><EventID>11</EventID><Version>2</Version><Level>4</Level><Task>11</Task><Opcode>0</Opcode><Keywords>0x8000000000000000</Keywords><TimeCreated SystemTime='2023-07-23T23:13:10.7477120Z'/><EventRecordID>12012</EventRecordID><Correlation/><Execution ProcessID='2760' ThreadID='3284'/><Channel>Microsoft-Windows-Sysmon/Operational</Channel><Computer>Jerry-PC</Computer><Security UserID='S-1-5-18'/></System><EventData><Data Name='RuleName'>T1023</Data><Data Name='UtcTime'>2023-07-23 23:13:10.738</Data><Data Name='ProcessGuid'>{3f0f5ad4-b311-64bd-1700-000000003100}</Data><Data Name='ProcessId'>1140</Data><Data Name='Image'>C:\Windows\system32\svchost.exe</Data><Data Name='TargetFilename'>C:\Users\LittleNewman.JERRY-PC\AppData\Roaming\Microsoft\Windows\Start Menu\Programs\Accessibility\{dab84eb1-f074-4829-88b0-203e2cabd018}.tmp</Data><Data Name='CreationUtcTime'>2023-07-23 23:13:10.738</Data><Data Name='User'>NT AUTHORITY\SYSTEM</Data></EventData></Event><Event xmlns='http://schemas.microsoft.com/win/2004/08/events/event'><System><Provider Name='Microsoft-Windows-Sysmon' Guid='{5770385f-c22a-43e0-bf4c-06f5698ffbd9}'/><EventID>11</EventID><Version>2</Version><Level>4</Level><Task>11</Task><Opcode>0</Opcode><Keywords>0x8000000000000000</Keywords><TimeCreated SystemTime='2023-07-23T23:13:10.7462604Z'/><EventRecordID>12011</EventRecordID><Correlation/><Execution ProcessID='2760' ThreadID='3284'/><Channel>Microsoft-Windows-Sysmon/Operational</Channel><Computer>Jerry-PC</Computer><Security UserID='S-1-5-18'/></System><EventData><Data Name='RuleName'>T1023</Data><Data Name='UtcTime'>2023-07-23 23:13:10.738</Data><Data Name='ProcessGuid'>{3f0f5ad4-b311-64bd-1700-000000003100}</Data><Data Name='ProcessId'>1140</Data><Data Name='Image'>C:\Windows\system32\svchost.exe</Data><Data Name='TargetFilename'>C:\Users\LittleNewman.JERRY-PC\AppData\Roaming\Microsoft\Windows\Start Menu\Programs\Accessibility\{de1777d4-9d78-413d-8fad-72cec333526f}.tmp</Data><Data Name='CreationUtcTime'>2023-07-23 23:13:10.738</Data><Data Name='User'>NT AUTHORITY\SYSTEM</Data></EventData></Event><Event xmlns='http://schemas.microsoft.com/win/2004/08/events/event'><System><Provider Name='Microsoft-Windows-Sysmon' Guid='{5770385f-c22a-43e0-bf4c-06f5698ffbd9}'/><EventID>11</EventID><Version>2</Version><Level>4</Level><Task>11</Task><Opcode>0</Opcode><Keywords>0x8000000000000000</Keywords><TimeCreated SystemTime='2023-07-23T23:13:10.7461170Z'/><EventRecordID>12010</EventRecordID><Correlation/><Execution ProcessID='2760' ThreadID='3284'/><Channel>Microsoft-Windows-Sysmon/Operational</Channel><Computer>Jerry-PC</Computer><Security UserID='S-1-5-18'/></System><EventData><Data Name='RuleName'>T1023</Data><Data Name='UtcTime'>2023-07-23 23:13:10.738</Data><Data Name='ProcessGuid'>{3f0f5ad4-b311-64bd-1700-000000003100}</Data><Data Name='ProcessId'>1140</Data><Data Name='Image'>C:\Windows\system32\svchost.exe</Data><Data Name='TargetFilename'>C:\Users\LittleNewman.JERRY-PC\AppData\Roaming\Microsoft\Windows\Start Menu\Programs\Accessibility\{de1777d4-9d78-413d-8fad-72cec333526f}.tmp</Data><Data Name='CreationUtcTime'>2023-07-23 23:13:10.738</Data><Data Name='User'>NT AUTHORITY\SYSTEM</Data></EventData></Event><Event xmlns='http://schemas.microsoft.com/win/2004/08/events/event'><System><Provider Name='Microsoft-Windows-Sysmon' Guid='{5770385f-c22a-43e0-bf4c-06f5698ffbd9}'/><EventID>11</EventID><Version>2</Version><Level>4</Level><Task>11</Task><Opcode>0</Opcode><Keywords>0x8000000000000000</Keywords><TimeCreated SystemTime='2023-07-23T23:13:10.7460947Z'/><EventRecordID>12009</EventRecordID><Correlation/><Execution ProcessID='2760' ThreadID='3284'/><Channel>Microsoft-Windows-Sysmon/Operational</Channel><Computer>Jerry-PC</Computer><Security UserID='S-1-5-18'/></System><EventData><Data Name='RuleName'>T1023</Data><Data Name='UtcTime'>2023-07-23 23:13:10.738</Data><Data Name='ProcessGuid'>{3f0f5ad4-b311-64bd-1700-000000003100}</Data><Data Name='ProcessId'>1140</Data><Data Name='Image'>C:\Windows\system32\svchost.exe</Data><Data Name='TargetFilename'>C:\Users\LittleNewman.JERRY-PC\AppData\Roaming\Microsoft\Windows\Start Menu\Programs\Accessibility\{4bbff736-c246-48c2-9bba-b6287decfaa0}.tmp</Data><Data Name='CreationUtcTime'>2023-07-23 23:13:10.738</Data><Data Name='User'>NT AUTHORITY\SYSTEM</Data></EventData></Event><Event xmlns='http://schemas.microsoft.com/win/2004/08/events/event'><System><Provider Name='Microsoft-Windows-Sysmon' Guid='{5770385f-c22a-43e0-bf4c-06f5698ffbd9}'/><EventID>11</EventID><Version>2</Version><Level>4</Level><Task>11</Task><Opcode>0</Opcode><Keywords>0x8000000000000000</Keywords><TimeCreated SystemTime='2023-07-23T23:13:10.7454169Z'/><EventRecordID>12008</EventRecordID><Correlation/><Execution ProcessID='2760' ThreadID='3284'/><Channel>Microsoft-Windows-Sysmon/Operational</Channel><Computer>Jerry-PC</Computer><Security UserID='S-1-5-18'/></System><EventData><Data Name='RuleName'>T1023</Data><Data Name='UtcTime'>2023-07-23 23:13:10.738</Data><Data Name='ProcessGuid'>{3f0f5ad4-b311-64bd-1700-000000003100}</Data><Data Name='ProcessId'>1140</Data><Data Name='Image'>C:\Windows\system32\svchost.exe</Data><Data Name='TargetFilename'>C:\Users\LittleNewman.JERRY-PC\AppData\Roaming\Microsoft\Windows\Start Menu\Programs\Accessibility\{4bbff736-c246-48c2-9bba-b6287decfaa0}.tmp</Data><Data Name='CreationUtcTime'>2023-07-23 23:13:10.738</Data><Data Name='User'>NT AUTHORITY\SYSTEM</Data></EventData></Event><Event xmlns='http://schemas.microsoft.com/win/2004/08/events/event'><System><Provider Name='Microsoft-Windows-Sysmon' Guid='{5770385f-c22a-43e0-bf4c-06f5698ffbd9}'/><EventID>11</EventID><Version>2</Version><Level>4</Level><Task>11</Task><Opcode>0</Opcode><Keywords>0x8000000000000000</Keywords><TimeCreated SystemTime='2023-07-23T23:13:10.7445159Z'/><EventRecordID>12007</EventRecordID><Correlation/><Execution ProcessID='2760' ThreadID='3284'/><Channel>Microsoft-Windows-Sysmon/Operational</Channel><Computer>Jerry-PC</Computer><Security UserID='S-1-5-18'/></System><EventData><Data Name='RuleName'>T1023</Data><Data Name='UtcTime'>2023-07-23 23:13:10.738</Data><Data Name='ProcessGuid'>{3f0f5ad4-b311-64bd-1700-000000003100}</Data><Data Name='ProcessId'>1140</Data><Data Name='Image'>C:\Windows\system32\svchost.exe</Data><Data Name='TargetFilename'>C:\Users\LittleNewman.JERRY-PC\AppData\Roaming\Microsoft\Windows\Start Menu\Programs\Accessibility\{20d298f8-d7cc-4760-879e-933d929f3dd8}.tmp</Data><Data Name='CreationUtcTime'>2023-07-23 23:13:10.738</Data><Data Name='User'>NT AUTHORITY\SYSTEM</Data></EventData></Event><Event xmlns='http://schemas.microsoft.com/win/2004/08/events/event'><System><Provider Name='Microsoft-Windows-Sysmon' Guid='{5770385f-c22a-43e0-bf4c-06f5698ffbd9}'/><EventID>11</EventID><Version>2</Version><Level>4</Level><Task>11</Task><Opcode>0</Opcode><Keywords>0x8000000000000000</Keywords><TimeCreated SystemTime='2023-07-23T23:13:10.7442290Z'/><EventRecordID>12006</EventRecordID><Correlation/><Execution ProcessID='2760' ThreadID='3284'/><Channel>Microsoft-Windows-Sysmon/Operational</Channel><Computer>Jerry-PC</Computer><Security UserID='S-1-5-18'/></System><EventData><Data Name='RuleName'>T1023</Data><Data Name='UtcTime'>2023-07-23 23:13:10.738</Data><Data Name='ProcessGuid'>{3f0f5ad4-b311-64bd-1700-000000003100}</Data><Data Name='ProcessId'>1140</Data><Data Name='Image'>C:\Windows\system32\svchost.exe</Data><Data Name='TargetFilename'>C:\Users\LittleNewman.JERRY-PC\AppData\Roaming\Microsoft\Windows\Start Menu\Programs\Accessibility\{20d298f8-d7cc-4760-879e-933d929f3dd8}.tmp</Data><Data Name='CreationUtcTime'>2023-07-23 23:13:10.738</Data><Data Name='User'>NT AUTHORITY\SYSTEM</Data></EventData></Event><Event xmlns='http://schemas.microsoft.com/win/2004/08/events/event'><System><Provider Name='Microsoft-Windows-Sysmon' Guid='{5770385f-c22a-43e0-bf4c-06f5698ffbd9}'/><EventID>11</EventID><Version>2</Version><Level>4</Level><Task>11</Task><Opcode>0</Opcode><Keywords>0x8000000000000000</Keywords><TimeCreated SystemTime='2023-07-23T23:13:10.7438436Z'/><EventRecordID>12005</EventRecordID><Correlation/><Execution ProcessID='2760' ThreadID='3284'/><Channel>Microsoft-Windows-Sysmon/Operational</Channel><Computer>Jerry-PC</Computer><Security UserID='S-1-5-18'/></System><EventData><Data Name='RuleName'>T1023</Data><Data Name='UtcTime'>2023-07-23 23:13:10.738</Data><Data Name='ProcessGuid'>{3f0f5ad4-b311-64bd-1700-000000003100}</Data><Data Name='ProcessId'>1140</Data><Data Name='Image'>C:\Windows\system32\svchost.exe</Data><Data Name='TargetFilename'>C:\Users\LittleNewman.JERRY-PC\AppData\Roaming\Microsoft\Windows\Start Menu\Programs\Accessories\{6d6cb08a-2000-4d38-b15e-57835875da87}.tmp</Data><Data Name='CreationUtcTime'>2023-07-23 23:13:10.738</Data><Data Name='User'>NT AUTHORITY\SYSTEM</Data></EventData></Event><Event xmlns='http://schemas.microsoft.com/win/2004/08/events/event'><System><Provider Name='Microsoft-Windows-Sysmon' Guid='{5770385f-c22a-43e0-bf4c-06f5698ffbd9}'/><EventID>11</EventID><Version>2</Version><Level>4</Level><Task>11</Task><Opcode>0</Opcode><Keywords>0x8000000000000000</Keywords><TimeCreated SystemTime='2023-07-23T23:13:10.7431296Z'/><EventRecordID>12004</EventRecordID><Correlation/><Execution ProcessID='2760' ThreadID='3284'/><Channel>Microsoft-Windows-Sysmon/Operational</Channel><Computer>Jerry-PC</Computer><Security UserID='S-1-5-18'/></System><EventData><Data Name='RuleName'>T1023</Data><Data Name='UtcTime'>2023-07-23 23:13:10.738</Data><Data Name='ProcessGuid'>{3f0f5ad4-b311-64bd-1700-000000003100}</Data><Data Name='ProcessId'>1140</Data><Data Name='Image'>C:\Windows\system32\svchost.exe</Data><Data Name='TargetFilename'>C:\Users\LittleNewman.JERRY-PC\AppData\Roaming\Microsoft\Windows\Start Menu\Programs\Accessories\{6d6cb08a-2000-4d38-b15e-57835875da87}.tmp</Data><Data Name='CreationUtcTime'>2023-07-23 23:13:10.738</Data><Data Name='User'>NT AUTHORITY\SYSTEM</Data></EventData></Event><Event xmlns='http://schemas.microsoft.com/win/2004/08/events/event'><System><Provider Name='Microsoft-Windows-Sysmon' Guid='{5770385f-c22a-43e0-bf4c-06f5698ffbd9}'/><EventID>11</EventID><Version>2</Version><Level>4</Level><Task>11</Task><Opcode>0</Opcode><Keywords>0x8000000000000000</Keywords><TimeCreated SystemTime='2023-07-23T23:13:10.7426076Z'/><EventRecordID>12003</EventRecordID><Correlation/><Execution ProcessID='2760' ThreadID='3284'/><Channel>Microsoft-Windows-Sysmon/Operational</Channel><Computer>Jerry-PC</Computer><Security UserID='S-1-5-18'/></System><EventData><Data Name='RuleName'>T1023</Data><Data Name='UtcTime'>2023-07-23 23:13:10.738</Data><Data Name='ProcessGuid'>{3f0f5ad4-b311-64bd-1700-000000003100}</Data><Data Name='ProcessId'>1140</Data><Data Name='Image'>C:\Windows\system32\svchost.exe</Data><Data Name='TargetFilename'>C:\Users\LittleNewman.JERRY-PC\AppData\Roaming\Microsoft\Windows\Start Menu\Programs\{ea6c3208-ccfa-4569-89cb-99ceee76f540}.tmp</Data><Data Name='CreationUtcTime'>2023-07-23 23:13:10.738</Data><Data Name='User'>NT AUTHORITY\SYSTEM</Data></EventData></Event><Event xmlns='http://schemas.microsoft.com/win/2004/08/events/event'><System><Provider Name='Microsoft-Windows-Sysmon' Guid='{5770385f-c22a-43e0-bf4c-06f5698ffbd9}'/><EventID>11</EventID><Version>2</Version><Level>4</Level><Task>11</Task><Opcode>0</Opcode><Keywords>0x8000000000000000</Keywords><TimeCreated SystemTime='2023-07-23T23:13:10.7420338Z'/><EventRecordID>12002</EventRecordID><Correlation/><Execution ProcessID='2760' ThreadID='3284'/><Channel>Microsoft-Windows-Sysmon/Operational</Channel><Computer>Jerry-PC</Computer><Security UserID='S-1-5-18'/></System><EventData><Data Name='RuleName'>T1023</Data><Data Name='UtcTime'>2023-07-23 23:13:10.738</Data><Data Name='ProcessGuid'>{3f0f5ad4-b311-64bd-1700-000000003100}</Data><Data Name='ProcessId'>1140</Data><Data Name='Image'>C:\Windows\system32\svchost.exe</Data><Data Name='TargetFilename'>C:\Users\LittleNewman.JERRY-PC\AppData\Roaming\Microsoft\Windows\Start Menu\Programs\{ea6c3208-ccfa-4569-89cb-99ceee76f540}.tmp</Data><Data Name='CreationUtcTime'>2023-07-23 23:13:10.738</Data><Data Name='User'>NT AUTHORITY\SYSTEM</Data></EventData></Event><Event xmlns='http://schemas.microsoft.com/win/2004/08/events/event'><System><Provider Name='Microsoft-Windows-Sysmon' Guid='{5770385f-c22a-43e0-bf4c-06f5698ffbd9}'/><EventID>11</EventID><Version>2</Version><Level>4</Level><Task>11</Task><Opcode>0</Opcode><Keywords>0x8000000000000000</Keywords><TimeCreated SystemTime='2023-07-23T23:13:10.7412503Z'/><EventRecordID>12001</EventRecordID><Correlation/><Execution ProcessID='2760' ThreadID='3284'/><Channel>Microsoft-Windows-Sysmon/Operational</Channel><Computer>Jerry-PC</Computer><Security UserID='S-1-5-18'/></System><EventData><Data Name='RuleName'>T1023</Data><Data Name='UtcTime'>2023-07-23 23:13:10.738</Data><Data Name='ProcessGuid'>{3f0f5ad4-b311-64bd-1700-000000003100}</Data><Data Name='ProcessId'>1140</Data><Data Name='Image'>C:\Windows\system32\svchost.exe</Data><Data Name='TargetFilename'>C:\Users\LittleNewman.JERRY-PC\AppData\Roaming\Microsoft\Windows\Start Menu\Programs\{98d4004f-cf1a-4032-b5f3-0f87fc50cae3}.tmp</Data><Data Name='CreationUtcTime'>2023-07-23 23:13:10.738</Data><Data Name='User'>NT AUTHORITY\SYSTEM</Data></EventData></Event><Event xmlns='http://schemas.microsoft.com/win/2004/08/events/event'><System><Provider Name='Microsoft-Windows-Sysmon' Guid='{5770385f-c22a-43e0-bf4c-06f5698ffbd9}'/><EventID>11</EventID><Version>2</Version><Level>4</Level><Task>11</Task><Opcode>0</Opcode><Keywords>0x8000000000000000</Keywords><TimeCreated SystemTime='2023-07-23T23:13:10.7412240Z'/><EventRecordID>12000</EventRecordID><Correlation/><Execution ProcessID='2760' ThreadID='3284'/><Channel>Microsoft-Windows-Sysmon/Operational</Channel><Computer>Jerry-PC</Computer><Security UserID='S-1-5-18'/></System><EventData><Data Name='RuleName'>T1023</Data><Data Name='UtcTime'>2023-07-23 23:13:10.738</Data><Data Name='ProcessGuid'>{3f0f5ad4-b311-64bd-1700-000000003100}</Data><Data Name='ProcessId'>1140</Data><Data Name='Image'>C:\Windows\system32\svchost.exe</Data><Data Name='TargetFilename'>C:\Users\LittleNewman.JERRY-PC\AppData\Roaming\Microsoft\Windows\Start Menu\Programs\{98d4004f-cf1a-4032-b5f3-0f87fc50cae3}.tmp</Data><Data Name='CreationUtcTime'>2023-07-23 23:13:10.738</Data><Data Name='User'>NT AUTHORITY\SYSTEM</Data></EventData></Event><Event xmlns='http://schemas.microsoft.com/win/2004/08/events/event'><System><Provider Name='Microsoft-Windows-Sysmon' Guid='{5770385f-c22a-43e0-bf4c-06f5698ffbd9}'/><EventID>11</EventID><Version>2</Version><Level>4</Level><Task>11</Task><Opcode>0</Opcode><Keywords>0x8000000000000000</Keywords><TimeCreated SystemTime='2023-07-23T23:13:10.7410303Z'/><EventRecordID>11999</EventRecordID><Correlation/><Execution ProcessID='2760' ThreadID='3284'/><Channel>Microsoft-Windows-Sysmon/Operational</Channel><Computer>Jerry-PC</Computer><Security UserID='S-1-5-18'/></System><EventData><Data Name='RuleName'>T1023</Data><Data Name='UtcTime'>2023-07-23 23:13:10.738</Data><Data Name='ProcessGuid'>{3f0f5ad4-b311-64bd-1700-000000003100}</Data><Data Name='ProcessId'>1140</Data><Data Name='Image'>C:\Windows\system32\svchost.exe</Data><Data Name='TargetFilename'>C:\Users\LittleNewman.JERRY-PC\AppData\Roaming\Microsoft\Windows\Start Menu\Programs\{89ce444c-4d94-44d5-9f77-ac5f505bed14}.tmp</Data><Data Name='CreationUtcTime'>2023-07-23 23:13:10.738</Data><Data Name='User'>NT AUTHORITY\SYSTEM</Data></EventData></Event><Event xmlns='http://schemas.microsoft.com/win/2004/08/events/event'><System><Provider Name='Microsoft-Windows-Sysmon' Guid='{5770385f-c22a-43e0-bf4c-06f5698ffbd9}'/><EventID>11</EventID><Version>2</Version><Level>4</Level><Task>11</Task><Opcode>0</Opcode><Keywords>0x8000000000000000</Keywords><TimeCreated SystemTime='2023-07-23T23:13:10.7403767Z'/><EventRecordID>11998</EventRecordID><Correlation/><Execution ProcessID='2760' ThreadID='3284'/><Channel>Microsoft-Windows-Sysmon/Operational</Channel><Computer>Jerry-PC</Computer><Security UserID='S-1-5-18'/></System><EventData><Data Name='RuleName'>T1023</Data><Data Name='UtcTime'>2023-07-23 23:13:10.738</Data><Data Name='ProcessGuid'>{3f0f5ad4-b311-64bd-1700-000000003100}</Data><Data Name='ProcessId'>1140</Data><Data Name='Image'>C:\Windows\system32\svchost.exe</Data><Data Name='TargetFilename'>C:\Users\LittleNewman.JERRY-PC\AppData\Roaming\Microsoft\Windows\Start Menu\Programs\{89ce444c-4d94-44d5-9f77-ac5f505bed14}.tmp</Data><Data Name='CreationUtcTime'>2023-07-23 23:13:10.738</Data><Data Name='User'>NT AUTHORITY\SYSTEM</Data></EventData></Event>