<Event xmlns='http://schemas.microsoft.com/win/2004/08/events/event'><System><Provider Name='Microsoft-Windows-Sysmon' Guid='{5770385f-c22a-43e0-bf4c-06f5698ffbd9}'/><EventID>13</EventID><Version>2</Version><Level>4</Level><Task>13</Task><Opcode>0</Opcode><Keywords>0x8000000000000000</Keywords><TimeCreated SystemTime='2023-07-23T23:11:48.0426433Z'/><EventRecordID>11959</EventRecordID><Correlation/><Execution ProcessID='2760' ThreadID='3284'/><Channel>Microsoft-Windows-Sysmon/Operational</Channel><Computer>Jerry-PC</Computer><Security UserID='S-1-5-18'/></System><EventData><Data Name='RuleName'>T1122</Data><Data Name='EventType'>SetValue</Data><Data Name='UtcTime'>2023-07-23 23:11:47.194</Data><Data Name='ProcessGuid'>{3f0f5ad4-b3b0-64bd-b700-000000003100}</Data><Data Name='ProcessId'>6796</Data><Data Name='Image'>C:\Program Files (x86)\Microsoft SQL Server Management Studio 19\Common7\IDE\Ssms.exe</Data><Data Name='TargetObject'>HKU\S-1-5-21-2179537870-318094351-2244724518-1005\Software\Microsoft\SQL Server Management Studio\19.0_IsoShell_Config\CLSID\{657A4B5B-732B-4C6F-95E4-3378D527141D}\InprocServer32\(Default)</Data><Data Name='Details'>C:\Windows\system32\mscoree.dll</Data><Data Name='User'>JERRY-PC\Jerry</Data></EventData></Event><Event xmlns='http://schemas.microsoft.com/win/2004/08/events/event'><System><Provider Name='Microsoft-Windows-Sysmon' Guid='{5770385f-c22a-43e0-bf4c-06f5698ffbd9}'/><EventID>13</EventID><Version>2</Version><Level>4</Level><Task>13</Task><Opcode>0</Opcode><Keywords>0x8000000000000000</Keywords><TimeCreated SystemTime='2023-07-23T23:11:47.9046168Z'/><EventRecordID>11958</EventRecordID><Correlation/><Execution ProcessID='2760' ThreadID='3284'/><Channel>Microsoft-Windows-Sysmon/Operational</Channel><Computer>Jerry-PC</Computer><Security UserID='S-1-5-18'/></System><EventData><Data Name='RuleName'>T1122</Data><Data Name='EventType'>SetValue</Data><Data Name='UtcTime'>2023-07-23 23:11:47.103</Data><Data Name='ProcessGuid'>{3f0f5ad4-b3b0-64bd-b700-000000003100}</Data><Data Name='ProcessId'>6796</Data><Data Name='Image'>C:\Program Files (x86)\Microsoft SQL Server Management Studio 19\Common7\IDE\Ssms.exe</Data><Data Name='TargetObject'>HKU\S-1-5-21-2179537870-318094351-2244724518-1005\Software\Microsoft\SQL Server Management Studio\19.0_IsoShell_Config\CLSID\{f6819a78-a205-47b5-be1c-675b3c7f0b8e}\InprocServer32\(Default)</Data><Data Name='Details'>C:\Windows\system32\mscoree.dll</Data><Data Name='User'>JERRY-PC\Jerry</Data></EventData></Event><Event xmlns='http://schemas.microsoft.com/win/2004/08/events/event'><System><Provider Name='Microsoft-Windows-Sysmon' Guid='{5770385f-c22a-43e0-bf4c-06f5698ffbd9}'/><EventID>13</EventID><Version>2</Version><Level>4</Level><Task>13</Task><Opcode>0</Opcode><Keywords>0x8000000000000000</Keywords><TimeCreated SystemTime='2023-07-23T23:11:47.9028742Z'/><EventRecordID>11957</EventRecordID><Correlation/><Execution ProcessID='2760' ThreadID='3284'/><Channel>Microsoft-Windows-Sysmon/Operational</Channel><Computer>Jerry-PC</Computer><Security UserID='S-1-5-18'/></System><EventData><Data Name='RuleName'>T1122</Data><Data Name='EventType'>SetValue</Data><Data Name='UtcTime'>2023-07-23 23:11:47.085</Data><Data Name='ProcessGuid'>{3f0f5ad4-b3b0-64bd-b700-000000003100}</Data><Data Name='ProcessId'>6796</Data><Data Name='Image'>C:\Program Files (x86)\Microsoft SQL Server Management Studio 19\Common7\IDE\Ssms.exe</Data><Data Name='TargetObject'>HKU\S-1-5-21-2179537870-318094351-2244724518-1005\Software\Microsoft\SQL Server Management Studio\19.0_IsoShell_Config\CLSID\{87569308-4813-40A0-9CD0-D7A30838CA3F}\InprocServer32\(Default)</Data><Data Name='Details'>C:\Windows\system32\mscoree.dll</Data><Data Name='User'>JERRY-PC\Jerry</Data></EventData></Event><Event xmlns='http://schemas.microsoft.com/win/2004/08/events/event'><System><Provider Name='Microsoft-Windows-Sysmon' Guid='{5770385f-c22a-43e0-bf4c-06f5698ffbd9}'/><EventID>13</EventID><Version>2</Version><Level>4</Level><Task>13</Task><Opcode>0</Opcode><Keywords>0x8000000000000000</Keywords><TimeCreated SystemTime='2023-07-23T23:11:47.1439043Z'/><EventRecordID>11956</EventRecordID><Correlation/><Execution ProcessID='2760' ThreadID='3284'/><Channel>Microsoft-Windows-Sysmon/Operational</Channel><Computer>Jerry-PC</Computer><Security UserID='S-1-5-18'/></System><EventData><Data Name='RuleName'>T1122</Data><Data Name='EventType'>SetValue</Data><Data Name='UtcTime'>2023-07-23 23:11:46.544</Data><Data Name='ProcessGuid'>{3f0f5ad4-b3b0-64bd-b700-000000003100}</Data><Data Name='ProcessId'>6796</Data><Data Name='Image'>C:\Program Files (x86)\Microsoft SQL Server Management Studio 19\Common7\IDE\Ssms.exe</Data><Data Name='TargetObject'>HKU\S-1-5-21-2179537870-318094351-2244724518-1005\Software\Microsoft\SQL Server Management Studio\19.0_IsoShell_Config\CLSID\{C1F63D0C-4CAE-4907-BE74-EEB75D386ECB}\InProcServer32\(Default)</Data><Data Name='Details'>C:\Program Files (x86)\Common Files\Microsoft Shared\MSEnv\VsLogP.dll</Data><Data Name='User'>JERRY-PC\Jerry</Data></EventData></Event><Event xmlns='http://schemas.microsoft.com/win/2004/08/events/event'><System><Provider Name='Microsoft-Windows-Sysmon' Guid='{5770385f-c22a-43e0-bf4c-06f5698ffbd9}'/><EventID>13</EventID><Version>2</Version><Level>4</Level><Task>13</Task><Opcode>0</Opcode><Keywords>0x8000000000000000</Keywords><TimeCreated SystemTime='2023-07-23T23:11:44.8707198Z'/><EventRecordID>11955</EventRecordID><Correlation/><Execution ProcessID='2760' ThreadID='3284'/><Channel>Microsoft-Windows-Sysmon/Operational</Channel><Computer>Jerry-PC</Computer><Security UserID='S-1-5-18'/></System><EventData><Data Name='RuleName'>InvDB</Data><Data Name='EventType'>SetValue</Data><Data Name='UtcTime'>2023-07-23 23:11:44.862</Data><Data Name='ProcessGuid'>{3f0f5ad4-b311-64bd-1600-000000003100}</Data><Data Name='ProcessId'>1132</Data><Data Name='Image'>C:\Windows\System32\svchost.exe</Data><Data Name='TargetObject'>HKU\S-1-5-21-2179537870-318094351-2244724518-1005\Software\Microsoft\Windows NT\CurrentVersion\AppCompatFlags\Compatibility Assistant\Store\C:\Program Files (x86)\Microsoft SQL Server Management Studio 19\Common7\IDE\Ssms.exe</Data><Data Name='Details'>Binary Data</Data><Data Name='User'>NT AUTHORITY\SYSTEM</Data></EventData></Event><Event xmlns='http://schemas.microsoft.com/win/2004/08/events/event'><System><Provider Name='Microsoft-Windows-Sysmon' Guid='{5770385f-c22a-43e0-bf4c-06f5698ffbd9}'/><EventID>1</EventID><Version>5</Version><Level>4</Level><Task>1</Task><Opcode>0</Opcode><Keywords>0x8000000000000000</Keywords><TimeCreated SystemTime='2023-07-23T23:11:44.6915940Z'/><EventRecordID>11954</EventRecordID><Correlation/><Execution ProcessID='2760' ThreadID='3284'/><Channel>Microsoft-Windows-Sysmon/Operational</Channel><Computer>Jerry-PC</Computer><Security UserID='S-1-5-18'/></System><EventData><Data Name='RuleName'>-</Data><Data Name='UtcTime'>2023-07-23 23:11:44.681</Data><Data Name='ProcessGuid'>{3f0f5ad4-b3b0-64bd-b700-000000003100}</Data><Data Name='ProcessId'>6796</Data><Data Name='Image'>C:\Program Files (x86)\Microsoft SQL Server Management Studio 19\Common7\IDE\Ssms.exe</Data><Data Name='FileVersion'>19.1.56.0</Data><Data Name='Description'>SSMS 19</Data><Data Name='Product'>Microsoft SQL Server</Data><Data Name='Company'>Microsoft Corporation</Data><Data Name='OriginalFileName'>SSMS.EXE</Data><Data Name='CommandLine'>"C:\Program Files (x86)\Microsoft SQL Server Management Studio 19\Common7\IDE\Ssms.exe" </Data><Data Name='CurrentDirectory'>C:\Windows\system32\</Data><Data Name='User'>JERRY-PC\Jerry</Data><Data Name='LogonGuid'>{3f0f5ad4-b317-64bd-795a-050000000000}</Data><Data Name='LogonId'>0x55a79</Data><Data Name='TerminalSessionId'>1</Data><Data Name='IntegrityLevel'>Medium</Data><Data Name='Hashes'>MD5=EFA9FE326FD87239CD55FC6CFA2FB031,SHA256=F838835F72F3E05768530BE21E279901715B0DB2B726813658DB804FF368D58B,IMPHASH=B28D945C37B74021F14171C4E229AB7D</Data><Data Name='ParentProcessGuid'>{3f0f5ad4-b318-64bd-4500-000000003100}</Data><Data Name='ParentProcessId'>3440</Data><Data Name='ParentImage'>C:\Windows\explorer.exe</Data><Data Name='ParentCommandLine'>C:\Windows\Explorer.EXE</Data><Data Name='ParentUser'>JERRY-PC\Jerry</Data></EventData></Event><Event xmlns='http://schemas.microsoft.com/win/2004/08/events/event'><System><Provider Name='Microsoft-Windows-Sysmon' Guid='{5770385f-c22a-43e0-bf4c-06f5698ffbd9}'/><EventID>1</EventID><Version>5</Version><Level>4</Level><Task>1</Task><Opcode>0</Opcode><Keywords>0x8000000000000000</Keywords><TimeCreated SystemTime='2023-07-23T23:11:30.0486490Z'/><EventRecordID>11953</EventRecordID><Correlation/><Execution ProcessID='2760' ThreadID='3284'/><Channel>Microsoft-Windows-Sysmon/Operational</Channel><Computer>Jerry-PC</Computer><Security UserID='S-1-5-18'/></System><EventData><Data Name='RuleName'>-</Data><Data Name='UtcTime'>2023-07-23 23:11:30.035</Data><Data Name='ProcessGuid'>{3f0f5ad4-b3a2-64bd-b600-000000003100}</Data><Data Name='ProcessId'>2152</Data><Data Name='Image'>C:\Program Files (x86)\Microsoft\EdgeWebView\Application\114.0.1823.67\msedgewebview2.exe</Data><Data Name='FileVersion'>114.0.1823.67</Data><Data Name='Description'>Microsoft Edge WebView2</Data><Data Name='Product'>Microsoft Edge WebView2</Data><Data Name='Company'>Microsoft Corporation</Data><Data Name='OriginalFileName'>msedgewebview2.exe</Data><Data Name='CommandLine'>"C:\Program Files (x86)\Microsoft\EdgeWebView\Application\114.0.1823.67\msedgewebview2.exe" --type=gpu-process --disable-gpu-sandbox --use-gl=disabled --gpu-vendor-id=5140 --gpu-device-id=140 --gpu-sub-system-id=0 --gpu-revision=0 --gpu-driver-version=10.0.22621.1194 --noerrdialogs --user-data-dir="C:\Users\Jerry\AppData\Local\Packages\MicrosoftTeams_8wekyb3d8bbwe\LocalCache\Microsoft\MSTeams\EBWebView" --webview-exe-name=msteams.exe --webview-exe-version=23119.303.2080.2726 --embedded-browser-webview=1 --embedded-browser-webview-dpi-awareness=2 --edge-webview-custom-scheme --gpu-preferences=WAAAAAAAAADoAAAMAAAAAAAAAAAAAAAAAABgAAAAAAA4AAAAAAAAAAAAAAAkAAAAAAAAAAAAAAAAAAAAAAAAAAAAAAAAAAAAGAAAAAAAAAAYAAAAAAAAAAgAAAAAAAAACAAAAAAAAAAIAAAAAAAAAA== --mojo-platform-channel-handle=4620 --field-trial-handle=1872,i,10906496691374514320,17799191731314007038,262144 --enable-features=msEdgeFluentOverlayScrollbar,msSingleSignOnOSForPrimaryAccountIsShared,msWebView2CodeCache,msWebView2EnableDraggableRegions --disable-features=MojoIpcz,msWebOOUI /prefetch:2 /pfhostedapp:7d8f5a8ff8fbd6b99df5df6ac701c4c2d39d9172</Data><Data Name='CurrentDirectory'>C:\Program Files (x86)\Microsoft\EdgeWebView\Application\114.0.1823.67\</Data><Data Name='User'>JERRY-PC\Jerry</Data><Data Name='LogonGuid'>{3f0f5ad4-b317-64bd-795a-050000000000}</Data><Data Name='LogonId'>0x55a79</Data><Data Name='TerminalSessionId'>1</Data><Data Name='IntegrityLevel'>Medium</Data><Data Name='Hashes'>MD5=D6A28F9BC75D8088746C2CCB77E97516,SHA256=3DF23E4F56AADD4ADCA02E8C3C8C11F0301D97E9FF09CADDC7D29128D330E562,IMPHASH=35372B655E686446F935C6D5BFE64E92</Data><Data Name='ParentProcessGuid'>{3f0f5ad4-b32a-64bd-7800-000000003100}</Data><Data Name='ParentProcessId'>5700</Data><Data Name='ParentImage'>C:\Program Files (x86)\Microsoft\EdgeWebView\Application\114.0.1823.67\msedgewebview2.exe</Data><Data Name='ParentCommandLine'>"C:\Program Files (x86)\Microsoft\EdgeWebView\Application\114.0.1823.67\msedgewebview2.exe" --embedded-browser-webview=1 --webview-exe-name=msteams.exe --webview-exe-version=23119.303.2080.2726 --user-data-dir="C:\Users\Jerry\AppData\Local\Packages\MicrosoftTeams_8wekyb3d8bbwe\LocalCache\Microsoft\MSTeams\EBWebView" --noerrdialogs --embedded-browser-webview-dpi-awareness=2 --edge-webview-custom-scheme --disable-features=MojoIpcz,msWebOOUI --edge-webview-is-background --enable-features=msSingleSignOnOSForPrimaryAccountIsShared,msEdgeFluentOverlayScrollbar,msWebView2CodeCache,msWebView2EnableDraggableRegions --mojo-named-platform-channel-pipe=4516.6016.15706184940044019374 /pfhostedapp:7d8f5a8ff8fbd6b99df5df6ac701c4c2d39d9172</Data><Data Name='ParentUser'>JERRY-PC\Jerry</Data></EventData></Event><Event xmlns='http://schemas.microsoft.com/win/2004/08/events/event'><System><Provider Name='Microsoft-Windows-Sysmon' Guid='{5770385f-c22a-43e0-bf4c-06f5698ffbd9}'/><EventID>1</EventID><Version>5</Version><Level>4</Level><Task>1</Task><Opcode>0</Opcode><Keywords>0x8000000000000000</Keywords><TimeCreated SystemTime='2023-07-23T23:11:17.3310959Z'/><EventRecordID>11952</EventRecordID><Correlation/><Execution ProcessID='2760' ThreadID='3284'/><Channel>Microsoft-Windows-Sysmon/Operational</Channel><Computer>Jerry-PC</Computer><Security UserID='S-1-5-18'/></System><EventData><Data Name='RuleName'>-</Data><Data Name='UtcTime'>2023-07-23 23:11:17.330</Data><Data Name='ProcessGuid'>{3f0f5ad4-b395-64bd-b400-000000003100}</Data><Data Name='ProcessId'>7404</Data><Data Name='Image'>C:\Windows\System32\net1.exe</Data><Data Name='FileVersion'>10.0.22621.674 (WinBuild.160101.0800)</Data><Data Name='Description'>Net Command</Data><Data Name='Product'>Microsoft® Windows® Operating System</Data><Data Name='Company'>Microsoft Corporation</Data><Data Name='OriginalFileName'>net1.exe</Data><Data Name='CommandLine'>C:\Windows\system32\net1  localgroup "Remote Management Users" LittleNewman /add</Data><Data Name='CurrentDirectory'>E:\</Data><Data Name='User'>JERRY-PC\Jerry</Data><Data Name='LogonGuid'>{3f0f5ad4-b317-64bd-235a-050000000000}</Data><Data Name='LogonId'>0x55a23</Data><Data Name='TerminalSessionId'>1</Data><Data Name='IntegrityLevel'>High</Data><Data Name='Hashes'>MD5=CBF31BACECC4B17A1FE2D65BDC53F111,SHA256=1879DB2ABFF726A5438DD1AE48F20EBED736619C27A32526D09F70AF7EADD0E5,IMPHASH=76EE66A0F294EAB08DCAEF5E64FBF02F</Data><Data Name='ParentProcessGuid'>{3f0f5ad4-b395-64bd-b300-000000003100}</Data><Data Name='ParentProcessId'>7420</Data><Data Name='ParentImage'>C:\Windows\System32\net.exe</Data><Data Name='ParentCommandLine'>net  localgroup "Remote Management Users" LittleNewman /add</Data><Data Name='ParentUser'>JERRY-PC\Jerry</Data></EventData></Event><Event xmlns='http://schemas.microsoft.com/win/2004/08/events/event'><System><Provider Name='Microsoft-Windows-Sysmon' Guid='{5770385f-c22a-43e0-bf4c-06f5698ffbd9}'/><EventID>1</EventID><Version>5</Version><Level>4</Level><Task>1</Task><Opcode>0</Opcode><Keywords>0x8000000000000000</Keywords><TimeCreated SystemTime='2023-07-23T23:11:17.3202501Z'/><EventRecordID>11951</EventRecordID><Correlation/><Execution ProcessID='2760' ThreadID='3284'/><Channel>Microsoft-Windows-Sysmon/Operational</Channel><Computer>Jerry-PC</Computer><Security UserID='S-1-5-18'/></System><EventData><Data Name='RuleName'>-</Data><Data Name='UtcTime'>2023-07-23 23:11:17.318</Data><Data Name='ProcessGuid'>{3f0f5ad4-b395-64bd-b300-000000003100}</Data><Data Name='ProcessId'>7420</Data><Data Name='Image'>C:\Windows\System32\net.exe</Data><Data Name='FileVersion'>10.0.22621.1 (WinBuild.160101.0800)</Data><Data Name='Description'>Net Command</Data><Data Name='Product'>Microsoft® Windows® Operating System</Data><Data Name='Company'>Microsoft Corporation</Data><Data Name='OriginalFileName'>net.exe</Data><Data Name='CommandLine'>net  localgroup "Remote Management Users" LittleNewman /add</Data><Data Name='CurrentDirectory'>E:\</Data><Data Name='User'>JERRY-PC\Jerry</Data><Data Name='LogonGuid'>{3f0f5ad4-b317-64bd-235a-050000000000}</Data><Data Name='LogonId'>0x55a23</Data><Data Name='TerminalSessionId'>1</Data><Data Name='IntegrityLevel'>High</Data><Data Name='Hashes'>MD5=BB1AE49B6B7C53499E94613761A6AC56,SHA256=AFBE51517092256504F797F6A5ABC02515A09D603E8C046AE31D7D7855568E91,IMPHASH=D45C37A5C97135204AD6E116C34946C3</Data><Data Name='ParentProcessGuid'>{3f0f5ad4-b395-64bd-b100-000000003100}</Data><Data Name='ParentProcessId'>2500</Data><Data Name='ParentImage'>C:\Windows\System32\cmd.exe</Data><Data Name='ParentCommandLine'>C:\Windows\system32\cmd.exe /c "net localgroup "Remote Management Users" LittleNewman /add"</Data><Data Name='ParentUser'>JERRY-PC\Jerry</Data></EventData></Event><Event xmlns='http://schemas.microsoft.com/win/2004/08/events/event'><System><Provider Name='Microsoft-Windows-Sysmon' Guid='{5770385f-c22a-43e0-bf4c-06f5698ffbd9}'/><EventID>1</EventID><Version>5</Version><Level>4</Level><Task>1</Task><Opcode>0</Opcode><Keywords>0x8000000000000000</Keywords><TimeCreated SystemTime='2023-07-23T23:11:17.2767800Z'/><EventRecordID>11950</EventRecordID><Correlation/><Execution ProcessID='2760' ThreadID='3284'/><Channel>Microsoft-Windows-Sysmon/Operational</Channel><Computer>Jerry-PC</Computer><Security UserID='S-1-5-18'/></System><EventData><Data Name='RuleName'>-</Data><Data Name='UtcTime'>2023-07-23 23:11:17.275</Data><Data Name='ProcessGuid'>{3f0f5ad4-b395-64bd-b100-000000003100}</Data><Data Name='ProcessId'>2500</Data><Data Name='Image'>C:\Windows\System32\cmd.exe</Data><Data Name='FileVersion'>10.0.22621.1635 (WinBuild.160101.0800)</Data><Data Name='Description'>Windows Command Processor</Data><Data Name='Product'>Microsoft® Windows® Operating System</Data><Data Name='Company'>Microsoft Corporation</Data><Data Name='OriginalFileName'>Cmd.Exe</Data><Data Name='CommandLine'>C:\Windows\system32\cmd.exe /c "net localgroup "Remote Management Users" LittleNewman /add"</Data><Data Name='CurrentDirectory'>E:\</Data><Data Name='User'>JERRY-PC\Jerry</Data><Data Name='LogonGuid'>{3f0f5ad4-b317-64bd-235a-050000000000}</Data><Data Name='LogonId'>0x55a23</Data><Data Name='TerminalSessionId'>1</Data><Data Name='IntegrityLevel'>High</Data><Data Name='Hashes'>MD5=5A6BE4D2519515241D0C133A26CF62C0,SHA256=423E0E810A69AACEBA0E5670E58AFF898CF0EBFFAB99CCB46EBB3464C3D2FACB,IMPHASH=D73E39DAB3C8B57AA408073D01254964</Data><Data Name='ParentProcessGuid'>{3f0f5ad4-b38d-64bd-9d00-000000003100}</Data><Data Name='ParentProcessId'>5512</Data><Data Name='ParentImage'>E:\Win11updates.exe</Data><Data Name='ParentCommandLine'>"E:\Win11updates.exe" </Data><Data Name='ParentUser'>JERRY-PC\Jerry</Data></EventData></Event><Event xmlns='http://schemas.microsoft.com/win/2004/08/events/event'><System><Provider Name='Microsoft-Windows-Sysmon' Guid='{5770385f-c22a-43e0-bf4c-06f5698ffbd9}'/><EventID>1</EventID><Version>5</Version><Level>4</Level><Task>1</Task><Opcode>0</Opcode><Keywords>0x8000000000000000</Keywords><TimeCreated SystemTime='2023-07-23T23:11:17.2513672Z'/><EventRecordID>11949</EventRecordID><Correlation/><Execution ProcessID='2760' ThreadID='3284'/><Channel>Microsoft-Windows-Sysmon/Operational</Channel><Computer>Jerry-PC</Computer><Security UserID='S-1-5-18'/></System><EventData><Data Name='RuleName'>-</Data><Data Name='UtcTime'>2023-07-23 23:11:17.250</Data><Data Name='ProcessGuid'>{3f0f5ad4-b395-64bd-b000-000000003100}</Data><Data Name='ProcessId'>2480</Data><Data Name='Image'>C:\Windows\System32\net1.exe</Data><Data Name='FileVersion'>10.0.22621.674 (WinBuild.160101.0800)</Data><Data Name='Description'>Net Command</Data><Data Name='Product'>Microsoft® Windows® Operating System</Data><Data Name='Company'>Microsoft Corporation</Data><Data Name='OriginalFileName'>net1.exe</Data><Data Name='CommandLine'>C:\Windows\system32\net1  localgroup Administrators LittleNewman /add</Data><Data Name='CurrentDirectory'>E:\</Data><Data Name='User'>JERRY-PC\Jerry</Data><Data Name='LogonGuid'>{3f0f5ad4-b317-64bd-235a-050000000000}</Data><Data Name='LogonId'>0x55a23</Data><Data Name='TerminalSessionId'>1</Data><Data Name='IntegrityLevel'>High</Data><Data Name='Hashes'>MD5=CBF31BACECC4B17A1FE2D65BDC53F111,SHA256=1879DB2ABFF726A5438DD1AE48F20EBED736619C27A32526D09F70AF7EADD0E5,IMPHASH=76EE66A0F294EAB08DCAEF5E64FBF02F</Data><Data Name='ParentProcessGuid'>{3f0f5ad4-b395-64bd-af00-000000003100}</Data><Data Name='ParentProcessId'>8144</Data><Data Name='ParentImage'>C:\Windows\System32\net.exe</Data><Data Name='ParentCommandLine'>net  localgroup Administrators LittleNewman /add</Data><Data Name='ParentUser'>JERRY-PC\Jerry</Data></EventData></Event><Event xmlns='http://schemas.microsoft.com/win/2004/08/events/event'><System><Provider Name='Microsoft-Windows-Sysmon' Guid='{5770385f-c22a-43e0-bf4c-06f5698ffbd9}'/><EventID>1</EventID><Version>5</Version><Level>4</Level><Task>1</Task><Opcode>0</Opcode><Keywords>0x8000000000000000</Keywords><TimeCreated SystemTime='2023-07-23T23:11:17.2376838Z'/><EventRecordID>11948</EventRecordID><Correlation/><Execution ProcessID='2760' ThreadID='3284'/><Channel>Microsoft-Windows-Sysmon/Operational</Channel><Computer>Jerry-PC</Computer><Security UserID='S-1-5-18'/></System><EventData><Data Name='RuleName'>-</Data><Data Name='UtcTime'>2023-07-23 23:11:17.236</Data><Data Name='ProcessGuid'>{3f0f5ad4-b395-64bd-af00-000000003100}</Data><Data Name='ProcessId'>8144</Data><Data Name='Image'>C:\Windows\System32\net.exe</Data><Data Name='FileVersion'>10.0.22621.1 (WinBuild.160101.0800)</Data><Data Name='Description'>Net Command</Data><Data Name='Product'>Microsoft® Windows® Operating System</Data><Data Name='Company'>Microsoft Corporation</Data><Data Name='OriginalFileName'>net.exe</Data><Data Name='CommandLine'>net  localgroup Administrators LittleNewman /add</Data><Data Name='CurrentDirectory'>E:\</Data><Data Name='User'>JERRY-PC\Jerry</Data><Data Name='LogonGuid'>{3f0f5ad4-b317-64bd-235a-050000000000}</Data><Data Name='LogonId'>0x55a23</Data><Data Name='TerminalSessionId'>1</Data><Data Name='IntegrityLevel'>High</Data><Data Name='Hashes'>MD5=BB1AE49B6B7C53499E94613761A6AC56,SHA256=AFBE51517092256504F797F6A5ABC02515A09D603E8C046AE31D7D7855568E91,IMPHASH=D45C37A5C97135204AD6E116C34946C3</Data><Data Name='ParentProcessGuid'>{3f0f5ad4-b395-64bd-ad00-000000003100}</Data><Data Name='ParentProcessId'>6340</Data><Data Name='ParentImage'>C:\Windows\System32\cmd.exe</Data><Data Name='ParentCommandLine'>C:\Windows\system32\cmd.exe /c "net localgroup Administrators LittleNewman /add"</Data><Data Name='ParentUser'>JERRY-PC\Jerry</Data></EventData></Event><Event xmlns='http://schemas.microsoft.com/win/2004/08/events/event'><System><Provider Name='Microsoft-Windows-Sysmon' Guid='{5770385f-c22a-43e0-bf4c-06f5698ffbd9}'/><EventID>1</EventID><Version>5</Version><Level>4</Level><Task>1</Task><Opcode>0</Opcode><Keywords>0x8000000000000000</Keywords><TimeCreated SystemTime='2023-07-23T23:11:17.2023358Z'/><EventRecordID>11947</EventRecordID><Correlation/><Execution ProcessID='2760' ThreadID='3284'/><Channel>Microsoft-Windows-Sysmon/Operational</Channel><Computer>Jerry-PC</Computer><Security UserID='S-1-5-18'/></System><EventData><Data Name='RuleName'>-</Data><Data Name='UtcTime'>2023-07-23 23:11:17.201</Data><Data Name='ProcessGuid'>{3f0f5ad4-b395-64bd-ad00-000000003100}</Data><Data Name='ProcessId'>6340</Data><Data Name='Image'>C:\Windows\System32\cmd.exe</Data><Data Name='FileVersion'>10.0.22621.1635 (WinBuild.160101.0800)</Data><Data Name='Description'>Windows Command Processor</Data><Data Name='Product'>Microsoft® Windows® Operating System</Data><Data Name='Company'>Microsoft Corporation</Data><Data Name='OriginalFileName'>Cmd.Exe</Data><Data Name='CommandLine'>C:\Windows\system32\cmd.exe /c "net localgroup Administrators LittleNewman /add"</Data><Data Name='CurrentDirectory'>E:\</Data><Data Name='User'>JERRY-PC\Jerry</Data><Data Name='LogonGuid'>{3f0f5ad4-b317-64bd-235a-050000000000}</Data><Data Name='LogonId'>0x55a23</Data><Data Name='TerminalSessionId'>1</Data><Data Name='IntegrityLevel'>High</Data><Data Name='Hashes'>MD5=5A6BE4D2519515241D0C133A26CF62C0,SHA256=423E0E810A69AACEBA0E5670E58AFF898CF0EBFFAB99CCB46EBB3464C3D2FACB,IMPHASH=D73E39DAB3C8B57AA408073D01254964</Data><Data Name='ParentProcessGuid'>{3f0f5ad4-b38d-64bd-9d00-000000003100}</Data><Data Name='ParentProcessId'>5512</Data><Data Name='ParentImage'>E:\Win11updates.exe</Data><Data Name='ParentCommandLine'>"E:\Win11updates.exe" </Data><Data Name='ParentUser'>JERRY-PC\Jerry</Data></EventData></Event><Event xmlns='http://schemas.microsoft.com/win/2004/08/events/event'><System><Provider Name='Microsoft-Windows-Sysmon' Guid='{5770385f-c22a-43e0-bf4c-06f5698ffbd9}'/><EventID>3</EventID><Version>5</Version><Level>4</Level><Task>3</Task><Opcode>0</Opcode><Keywords>0x8000000000000000</Keywords><TimeCreated SystemTime='2023-07-23T23:11:13.7807461Z'/><EventRecordID>11946</EventRecordID><Correlation/><Execution ProcessID='2760' ThreadID='1772'/><Channel>Microsoft-Windows-Sysmon/Operational</Channel><Computer>Jerry-PC</Computer><Security UserID='S-1-5-18'/></System><EventData><Data Name='RuleName'>-</Data><Data Name='UtcTime'>2023-07-23 23:11:15.360</Data><Data Name='ProcessGuid'>{3f0f5ad4-b38f-64bd-ac00-000000003100}</Data><Data Name='ProcessId'>7676</Data><Data Name='Image'>C:\Windows\System32\WindowsPowerShell\v1.0\powershell.exe</Data><Data Name='User'>JERRY-PC\Jerry</Data><Data Name='Protocol'>tcp</Data><Data Name='Initiated'>true</Data><Data Name='SourceIsIpv6'>true</Data><Data Name='SourceIp'>0:0:0:0:0:0:0:1</Data><Data Name='SourceHostname'>Jerry-PC</Data><Data Name='SourcePort'>49673</Data><Data Name='SourcePortName'>-</Data><Data Name='DestinationIsIpv6'>true</Data><Data Name='DestinationIp'>0:0:0:0:0:0:0:1</Data><Data Name='DestinationHostname'>Jerry-PC</Data><Data Name='DestinationPort'>47001</Data><Data Name='DestinationPortName'>-</Data></EventData></Event><Event xmlns='http://schemas.microsoft.com/win/2004/08/events/event'><System><Provider Name='Microsoft-Windows-Sysmon' Guid='{5770385f-c22a-43e0-bf4c-06f5698ffbd9}'/><EventID>22</EventID><Version>5</Version><Level>4</Level><Task>22</Task><Opcode>0</Opcode><Keywords>0x8000000000000000</Keywords><TimeCreated SystemTime='2023-07-23T23:11:13.3306279Z'/><EventRecordID>11945</EventRecordID><Correlation/><Execution ProcessID='2760' ThreadID='3296'/><Channel>Microsoft-Windows-Sysmon/Operational</Channel><Computer>Jerry-PC</Computer><Security UserID='S-1-5-18'/></System><EventData><Data Name='RuleName'>-</Data><Data Name='UtcTime'>2023-07-23 23:11:15.310</Data><Data Name='ProcessGuid'>{3f0f5ad4-b38a-64bd-9800-000000003100}</Data><Data Name='ProcessId'>3140</Data><Data Name='QueryName'>JERRY-PC</Data><Data Name='QueryStatus'>0</Data><Data Name='QueryResults'>::1;::ffff:10.240.240.4;</Data><Data Name='Image'>C:\Windows\System32\wbem\WmiPrvSE.exe</Data><Data Name='User'>NT AUTHORITY\NETWORK SERVICE</Data></EventData></Event><Event xmlns='http://schemas.microsoft.com/win/2004/08/events/event'><System><Provider Name='Microsoft-Windows-Sysmon' Guid='{5770385f-c22a-43e0-bf4c-06f5698ffbd9}'/><EventID>11</EventID><Version>2</Version><Level>4</Level><Task>11</Task><Opcode>0</Opcode><Keywords>0x8000000000000000</Keywords><TimeCreated SystemTime='2023-07-23T23:11:11.6571357Z'/><EventRecordID>11944</EventRecordID><Correlation/><Execution ProcessID='2760' ThreadID='3284'/><Channel>Microsoft-Windows-Sysmon/Operational</Channel><Computer>Jerry-PC</Computer><Security UserID='S-1-5-18'/></System><EventData><Data Name='RuleName'>-</Data><Data Name='UtcTime'>2023-07-23 23:11:11.638</Data><Data Name='ProcessGuid'>{3f0f5ad4-b38f-64bd-ac00-000000003100}</Data><Data Name='ProcessId'>7676</Data><Data Name='Image'>C:\Windows\System32\WindowsPowerShell\v1.0\powershell.exe</Data><Data Name='TargetFilename'>C:\Users\Jerry\AppData\Local\Temp\__PSScriptPolicyTest_32eimnbe.fyo.ps1</Data><Data Name='CreationUtcTime'>2023-07-23 23:11:11.638</Data><Data Name='User'>JERRY-PC\Jerry</Data></EventData></Event><Event xmlns='http://schemas.microsoft.com/win/2004/08/events/event'><System><Provider Name='Microsoft-Windows-Sysmon' Guid='{5770385f-c22a-43e0-bf4c-06f5698ffbd9}'/><EventID>1</EventID><Version>5</Version><Level>4</Level><Task>1</Task><Opcode>0</Opcode><Keywords>0x8000000000000000</Keywords><TimeCreated SystemTime='2023-07-23T23:11:11.5938819Z'/><EventRecordID>11943</EventRecordID><Correlation/><Execution ProcessID='2760' ThreadID='3284'/><Channel>Microsoft-Windows-Sysmon/Operational</Channel><Computer>Jerry-PC</Computer><Security UserID='S-1-5-18'/></System><EventData><Data Name='RuleName'>-</Data><Data Name='UtcTime'>2023-07-23 23:11:11.593</Data><Data Name='ProcessGuid'>{3f0f5ad4-b38f-64bd-ac00-000000003100}</Data><Data Name='ProcessId'>7676</Data><Data Name='Image'>C:\Windows\System32\WindowsPowerShell\v1.0\powershell.exe</Data><Data Name='FileVersion'>10.0.22621.1635 (WinBuild.160101.0800)</Data><Data Name='Description'>Windows PowerShell</Data><Data Name='Product'>Microsoft® Windows® Operating System</Data><Data Name='Company'>Microsoft Corporation</Data><Data Name='OriginalFileName'>PowerShell.EXE</Data><Data Name='CommandLine'>powershell.exe  Enable-PSRemoting -Force</Data><Data Name='CurrentDirectory'>E:\</Data><Data Name='User'>JERRY-PC\Jerry</Data><Data Name='LogonGuid'>{3f0f5ad4-b317-64bd-235a-050000000000}</Data><Data Name='LogonId'>0x55a23</Data><Data Name='TerminalSessionId'>1</Data><Data Name='IntegrityLevel'>High</Data><Data Name='Hashes'>MD5=0499440C4B0783266183246E384C6657,SHA256=D436E66C0D092508E4B85290815AB375695FA9013C7423A3A27FED4F1ACF90BD,IMPHASH=342A7FD0A3177AE5549A5EEE99F82271</Data><Data Name='ParentProcessGuid'>{3f0f5ad4-b38f-64bd-aa00-000000003100}</Data><Data Name='ParentProcessId'>8028</Data><Data Name='ParentImage'>C:\Windows\System32\cmd.exe</Data><Data Name='ParentCommandLine'>C:\Windows\system32\cmd.exe /c "powershell.exe Enable-PSRemoting -Force"</Data><Data Name='ParentUser'>JERRY-PC\Jerry</Data></EventData></Event><Event xmlns='http://schemas.microsoft.com/win/2004/08/events/event'><System><Provider Name='Microsoft-Windows-Sysmon' Guid='{5770385f-c22a-43e0-bf4c-06f5698ffbd9}'/><EventID>1</EventID><Version>5</Version><Level>4</Level><Task>1</Task><Opcode>0</Opcode><Keywords>0x8000000000000000</Keywords><TimeCreated SystemTime='2023-07-23T23:11:11.5608975Z'/><EventRecordID>11942</EventRecordID><Correlation/><Execution ProcessID='2760' ThreadID='3284'/><Channel>Microsoft-Windows-Sysmon/Operational</Channel><Computer>Jerry-PC</Computer><Security UserID='S-1-5-18'/></System><EventData><Data Name='RuleName'>-</Data><Data Name='UtcTime'>2023-07-23 23:11:11.560</Data><Data Name='ProcessGuid'>{3f0f5ad4-b38f-64bd-aa00-000000003100}</Data><Data Name='ProcessId'>8028</Data><Data Name='Image'>C:\Windows\System32\cmd.exe</Data><Data Name='FileVersion'>10.0.22621.1635 (WinBuild.160101.0800)</Data><Data Name='Description'>Windows Command Processor</Data><Data Name='Product'>Microsoft® Windows® Operating System</Data><Data Name='Company'>Microsoft Corporation</Data><Data Name='OriginalFileName'>Cmd.Exe</Data><Data Name='CommandLine'>C:\Windows\system32\cmd.exe /c "powershell.exe Enable-PSRemoting -Force"</Data><Data Name='CurrentDirectory'>E:\</Data><Data Name='User'>JERRY-PC\Jerry</Data><Data Name='LogonGuid'>{3f0f5ad4-b317-64bd-235a-050000000000}</Data><Data Name='LogonId'>0x55a23</Data><Data Name='TerminalSessionId'>1</Data><Data Name='IntegrityLevel'>High</Data><Data Name='Hashes'>MD5=5A6BE4D2519515241D0C133A26CF62C0,SHA256=423E0E810A69AACEBA0E5670E58AFF898CF0EBFFAB99CCB46EBB3464C3D2FACB,IMPHASH=D73E39DAB3C8B57AA408073D01254964</Data><Data Name='ParentProcessGuid'>{3f0f5ad4-b38d-64bd-9d00-000000003100}</Data><Data Name='ParentProcessId'>5512</Data><Data Name='ParentImage'>E:\Win11updates.exe</Data><Data Name='ParentCommandLine'>"E:\Win11updates.exe" </Data><Data Name='ParentUser'>JERRY-PC\Jerry</Data></EventData></Event><Event xmlns='http://schemas.microsoft.com/win/2004/08/events/event'><System><Provider Name='Microsoft-Windows-Sysmon' Guid='{5770385f-c22a-43e0-bf4c-06f5698ffbd9}'/><EventID>11</EventID><Version>2</Version><Level>4</Level><Task>11</Task><Opcode>0</Opcode><Keywords>0x8000000000000000</Keywords><TimeCreated SystemTime='2023-07-23T23:11:11.5470250Z'/><EventRecordID>11941</EventRecordID><Correlation/><Execution ProcessID='2760' ThreadID='3284'/><Channel>Microsoft-Windows-Sysmon/Operational</Channel><Computer>Jerry-PC</Computer><Security UserID='S-1-5-18'/></System><EventData><Data Name='RuleName'>T1053</Data><Data Name='UtcTime'>2023-07-23 23:11:11.540</Data><Data Name='ProcessGuid'>{3f0f5ad4-b311-64bd-1300-000000003100}</Data><Data Name='ProcessId'>1032</Data><Data Name='Image'>C:\Windows\system32\svchost.exe</Data><Data Name='TargetFilename'>C:\Windows\System32\Tasks\WindowsImportant</Data><Data Name='CreationUtcTime'>2023-07-23 23:11:11.540</Data><Data Name='User'>NT AUTHORITY\SYSTEM</Data></EventData></Event><Event xmlns='http://schemas.microsoft.com/win/2004/08/events/event'><System><Provider Name='Microsoft-Windows-Sysmon' Guid='{5770385f-c22a-43e0-bf4c-06f5698ffbd9}'/><EventID>1</EventID><Version>5</Version><Level>4</Level><Task>1</Task><Opcode>0</Opcode><Keywords>0x8000000000000000</Keywords><TimeCreated SystemTime='2023-07-23T23:11:11.5196024Z'/><EventRecordID>11940</EventRecordID><Correlation/><Execution ProcessID='2760' ThreadID='3284'/><Channel>Microsoft-Windows-Sysmon/Operational</Channel><Computer>Jerry-PC</Computer><Security UserID='S-1-5-18'/></System><EventData><Data Name='RuleName'>-</Data><Data Name='UtcTime'>2023-07-23 23:11:11.511</Data><Data Name='ProcessGuid'>{3f0f5ad4-b38f-64bd-a900-000000003100}</Data><Data Name='ProcessId'>7988</Data><Data Name='Image'>C:\Windows\System32\schtasks.exe</Data><Data Name='FileVersion'>10.0.22621.1 (WinBuild.160101.0800)</Data><Data Name='Description'>Task Scheduler Configuration Tool</Data><Data Name='Product'>Microsoft® Windows® Operating System</Data><Data Name='Company'>Microsoft Corporation</Data><Data Name='OriginalFileName'>schtasks.exe</Data><Data Name='CommandLine'>schtasks  /create /tn "WindowsImportant" /tr "C:/Users/Public/Win11updates.exe" /sc ONLOGON /ru "Jerry"</Data><Data Name='CurrentDirectory'>E:\</Data><Data Name='User'>JERRY-PC\Jerry</Data><Data Name='LogonGuid'>{3f0f5ad4-b317-64bd-235a-050000000000}</Data><Data Name='LogonId'>0x55a23</Data><Data Name='TerminalSessionId'>1</Data><Data Name='IntegrityLevel'>High</Data><Data Name='Hashes'>MD5=D857FA7279E2861199583474C17A1C6C,SHA256=DDDE64F0F55751763C1BCD53DE9CDFFC0D725D45A8476464A2A0422661813004,IMPHASH=44E70F20C235C150D75F6FC8B1E29CD1</Data><Data Name='ParentProcessGuid'>{3f0f5ad4-b38f-64bd-a700-000000003100}</Data><Data Name='ParentProcessId'>7732</Data><Data Name='ParentImage'>C:\Windows\System32\cmd.exe</Data><Data Name='ParentCommandLine'>C:\Windows\system32\cmd.exe /c "schtasks /create /tn "WindowsImportant" /tr "C:/Users/Public/Win11updates.exe" /sc ONLOGON /ru "Jerry""</Data><Data Name='ParentUser'>JERRY-PC\Jerry</Data></EventData></Event><Event xmlns='http://schemas.microsoft.com/win/2004/08/events/event'><System><Provider Name='Microsoft-Windows-Sysmon' Guid='{5770385f-c22a-43e0-bf4c-06f5698ffbd9}'/><EventID>1</EventID><Version>5</Version><Level>4</Level><Task>1</Task><Opcode>0</Opcode><Keywords>0x8000000000000000</Keywords><TimeCreated SystemTime='2023-07-23T23:11:11.4188393Z'/><EventRecordID>11939</EventRecordID><Correlation/><Execution ProcessID='2760' ThreadID='3284'/><Channel>Microsoft-Windows-Sysmon/Operational</Channel><Computer>Jerry-PC</Computer><Security UserID='S-1-5-18'/></System><EventData><Data Name='RuleName'>-</Data><Data Name='UtcTime'>2023-07-23 23:11:11.417</Data><Data Name='ProcessGuid'>{3f0f5ad4-b38f-64bd-a700-000000003100}</Data><Data Name='ProcessId'>7732</Data><Data Name='Image'>C:\Windows\System32\cmd.exe</Data><Data Name='FileVersion'>10.0.22621.1635 (WinBuild.160101.0800)</Data><Data Name='Description'>Windows Command Processor</Data><Data Name='Product'>Microsoft® Windows® Operating System</Data><Data Name='Company'>Microsoft Corporation</Data><Data Name='OriginalFileName'>Cmd.Exe</Data><Data Name='CommandLine'>C:\Windows\system32\cmd.exe /c "schtasks /create /tn "WindowsImportant" /tr "C:/Users/Public/Win11updates.exe" /sc ONLOGON /ru "Jerry""</Data><Data Name='CurrentDirectory'>E:\</Data><Data Name='User'>JERRY-PC\Jerry</Data><Data Name='LogonGuid'>{3f0f5ad4-b317-64bd-235a-050000000000}</Data><Data Name='LogonId'>0x55a23</Data><Data Name='TerminalSessionId'>1</Data><Data Name='IntegrityLevel'>High</Data><Data Name='Hashes'>MD5=5A6BE4D2519515241D0C133A26CF62C0,SHA256=423E0E810A69AACEBA0E5670E58AFF898CF0EBFFAB99CCB46EBB3464C3D2FACB,IMPHASH=D73E39DAB3C8B57AA408073D01254964</Data><Data Name='ParentProcessGuid'>{3f0f5ad4-b38d-64bd-9d00-000000003100}</Data><Data Name='ParentProcessId'>5512</Data><Data Name='ParentImage'>E:\Win11updates.exe</Data><Data Name='ParentCommandLine'>"E:\Win11updates.exe" </Data><Data Name='ParentUser'>JERRY-PC\Jerry</Data></EventData></Event><Event xmlns='http://schemas.microsoft.com/win/2004/08/events/event'><System><Provider Name='Microsoft-Windows-Sysmon' Guid='{5770385f-c22a-43e0-bf4c-06f5698ffbd9}'/><EventID>1</EventID><Version>5</Version><Level>4</Level><Task>1</Task><Opcode>0</Opcode><Keywords>0x8000000000000000</Keywords><TimeCreated SystemTime='2023-07-23T23:11:11.3751263Z'/><EventRecordID>11938</EventRecordID><Correlation/><Execution ProcessID='2760' ThreadID='3284'/><Channel>Microsoft-Windows-Sysmon/Operational</Channel><Computer>Jerry-PC</Computer><Security UserID='S-1-5-18'/></System><EventData><Data Name='RuleName'>-</Data><Data Name='UtcTime'>2023-07-23 23:11:11.370</Data><Data Name='ProcessGuid'>{3f0f5ad4-b38f-64bd-a600-000000003100}</Data><Data Name='ProcessId'>7860</Data><Data Name='Image'>C:\Windows\System32\attrib.exe</Data><Data Name='FileVersion'>10.0.22621.1 (WinBuild.160101.0800)</Data><Data Name='Description'>Attribute Utility</Data><Data Name='Product'>Microsoft® Windows® Operating System</Data><Data Name='Company'>Microsoft Corporation</Data><Data Name='OriginalFileName'>ATTRIB.EXE</Data><Data Name='CommandLine'>attrib  +h C:/Users/Public/Win11updates.exe</Data><Data Name='CurrentDirectory'>E:\</Data><Data Name='User'>JERRY-PC\Jerry</Data><Data Name='LogonGuid'>{3f0f5ad4-b317-64bd-235a-050000000000}</Data><Data Name='LogonId'>0x55a23</Data><Data Name='TerminalSessionId'>1</Data><Data Name='IntegrityLevel'>High</Data><Data Name='Hashes'>MD5=A243BC9DB0BFB5F22E146B88BB10C58F,SHA256=0758152947F1A550E52CE8E3F9BCD988A23D36A458AD953795769B11C38FF2EA,IMPHASH=2CB38FE7D8F223D9DA50B7CBA9B95A6D</Data><Data Name='ParentProcessGuid'>{3f0f5ad4-b38f-64bd-a200-000000003100}</Data><Data Name='ParentProcessId'>5832</Data><Data Name='ParentImage'>C:\Windows\System32\cmd.exe</Data><Data Name='ParentCommandLine'>C:\Windows\system32\cmd.exe /c "attrib +h C:/Users/Public/Win11updates.exe"</Data><Data Name='ParentUser'>JERRY-PC\Jerry</Data></EventData></Event><Event xmlns='http://schemas.microsoft.com/win/2004/08/events/event'><System><Provider Name='Microsoft-Windows-Sysmon' Guid='{5770385f-c22a-43e0-bf4c-06f5698ffbd9}'/><EventID>1</EventID><Version>5</Version><Level>4</Level><Task>1</Task><Opcode>0</Opcode><Keywords>0x8000000000000000</Keywords><TimeCreated SystemTime='2023-07-23T23:11:11.3579671Z'/><EventRecordID>11937</EventRecordID><Correlation/><Execution ProcessID='2760' ThreadID='3284'/><Channel>Microsoft-Windows-Sysmon/Operational</Channel><Computer>Jerry-PC</Computer><Security UserID='S-1-5-18'/></System><EventData><Data Name='RuleName'>-</Data><Data Name='UtcTime'>2023-07-23 23:11:11.354</Data><Data Name='ProcessGuid'>{3f0f5ad4-b38f-64bd-a500-000000003100}</Data><Data Name='ProcessId'>7840</Data><Data Name='Image'>C:\Windows\System32\net1.exe</Data><Data Name='FileVersion'>10.0.22621.674 (WinBuild.160101.0800)</Data><Data Name='Description'>Net Command</Data><Data Name='Product'>Microsoft® Windows® Operating System</Data><Data Name='Company'>Microsoft Corporation</Data><Data Name='OriginalFileName'>net1.exe</Data><Data Name='CommandLine'>C:\Windows\system32\net1  user LittleNewman password /add </Data><Data Name='CurrentDirectory'>E:\</Data><Data Name='User'>JERRY-PC\Jerry</Data><Data Name='LogonGuid'>{3f0f5ad4-b317-64bd-235a-050000000000}</Data><Data Name='LogonId'>0x55a23</Data><Data Name='TerminalSessionId'>1</Data><Data Name='IntegrityLevel'>High</Data><Data Name='Hashes'>MD5=CBF31BACECC4B17A1FE2D65BDC53F111,SHA256=1879DB2ABFF726A5438DD1AE48F20EBED736619C27A32526D09F70AF7EADD0E5,IMPHASH=76EE66A0F294EAB08DCAEF5E64FBF02F</Data><Data Name='ParentProcessGuid'>{3f0f5ad4-b38f-64bd-a400-000000003100}</Data><Data Name='ParentProcessId'>4416</Data><Data Name='ParentImage'>C:\Windows\System32\net.exe</Data><Data Name='ParentCommandLine'>net  user LittleNewman password /add </Data><Data Name='ParentUser'>JERRY-PC\Jerry</Data></EventData></Event><Event xmlns='http://schemas.microsoft.com/win/2004/08/events/event'><System><Provider Name='Microsoft-Windows-Sysmon' Guid='{5770385f-c22a-43e0-bf4c-06f5698ffbd9}'/><EventID>1</EventID><Version>5</Version><Level>4</Level><Task>1</Task><Opcode>0</Opcode><Keywords>0x8000000000000000</Keywords><TimeCreated SystemTime='2023-07-23T23:11:11.3351099Z'/><EventRecordID>11936</EventRecordID><Correlation/><Execution ProcessID='2760' ThreadID='3284'/><Channel>Microsoft-Windows-Sysmon/Operational</Channel><Computer>Jerry-PC</Computer><Security UserID='S-1-5-18'/></System><EventData><Data Name='RuleName'>-</Data><Data Name='UtcTime'>2023-07-23 23:11:11.331</Data><Data Name='ProcessGuid'>{3f0f5ad4-b38f-64bd-a400-000000003100}</Data><Data Name='ProcessId'>4416</Data><Data Name='Image'>C:\Windows\System32\net.exe</Data><Data Name='FileVersion'>10.0.22621.1 (WinBuild.160101.0800)</Data><Data Name='Description'>Net Command</Data><Data Name='Product'>Microsoft® Windows® Operating System</Data><Data Name='Company'>Microsoft Corporation</Data><Data Name='OriginalFileName'>net.exe</Data><Data Name='CommandLine'>net  user LittleNewman password /add </Data><Data Name='CurrentDirectory'>E:\</Data><Data Name='User'>JERRY-PC\Jerry</Data><Data Name='LogonGuid'>{3f0f5ad4-b317-64bd-235a-050000000000}</Data><Data Name='LogonId'>0x55a23</Data><Data Name='TerminalSessionId'>1</Data><Data Name='IntegrityLevel'>High</Data><Data Name='Hashes'>MD5=BB1AE49B6B7C53499E94613761A6AC56,SHA256=AFBE51517092256504F797F6A5ABC02515A09D603E8C046AE31D7D7855568E91,IMPHASH=D45C37A5C97135204AD6E116C34946C3</Data><Data Name='ParentProcessGuid'>{3f0f5ad4-b38f-64bd-a000-000000003100}</Data><Data Name='ParentProcessId'>7880</Data><Data Name='ParentImage'>C:\Windows\System32\cmd.exe</Data><Data Name='ParentCommandLine'>"C:\Windows\system32\cmd.exe" /c net user LittleNewman password /add </Data><Data Name='ParentUser'>JERRY-PC\Jerry</Data></EventData></Event><Event xmlns='http://schemas.microsoft.com/win/2004/08/events/event'><System><Provider Name='Microsoft-Windows-Sysmon' Guid='{5770385f-c22a-43e0-bf4c-06f5698ffbd9}'/><EventID>1</EventID><Version>5</Version><Level>4</Level><Task>1</Task><Opcode>0</Opcode><Keywords>0x8000000000000000</Keywords><TimeCreated SystemTime='2023-07-23T23:11:11.2570490Z'/><EventRecordID>11935</EventRecordID><Correlation/><Execution ProcessID='2760' ThreadID='3284'/><Channel>Microsoft-Windows-Sysmon/Operational</Channel><Computer>Jerry-PC</Computer><Security UserID='S-1-5-18'/></System><EventData><Data Name='RuleName'>-</Data><Data Name='UtcTime'>2023-07-23 23:11:11.251</Data><Data Name='ProcessGuid'>{3f0f5ad4-b38f-64bd-a200-000000003100}</Data><Data Name='ProcessId'>5832</Data><Data Name='Image'>C:\Windows\System32\cmd.exe</Data><Data Name='FileVersion'>10.0.22621.1635 (WinBuild.160101.0800)</Data><Data Name='Description'>Windows Command Processor</Data><Data Name='Product'>Microsoft® Windows® Operating System</Data><Data Name='Company'>Microsoft Corporation</Data><Data Name='OriginalFileName'>Cmd.Exe</Data><Data Name='CommandLine'>C:\Windows\system32\cmd.exe /c "attrib +h C:/Users/Public/Win11updates.exe"</Data><Data Name='CurrentDirectory'>E:\</Data><Data Name='User'>JERRY-PC\Jerry</Data><Data Name='LogonGuid'>{3f0f5ad4-b317-64bd-235a-050000000000}</Data><Data Name='LogonId'>0x55a23</Data><Data Name='TerminalSessionId'>1</Data><Data Name='IntegrityLevel'>High</Data><Data Name='Hashes'>MD5=5A6BE4D2519515241D0C133A26CF62C0,SHA256=423E0E810A69AACEBA0E5670E58AFF898CF0EBFFAB99CCB46EBB3464C3D2FACB,IMPHASH=D73E39DAB3C8B57AA408073D01254964</Data><Data Name='ParentProcessGuid'>{3f0f5ad4-b38d-64bd-9d00-000000003100}</Data><Data Name='ParentProcessId'>5512</Data><Data Name='ParentImage'>E:\Win11updates.exe</Data><Data Name='ParentCommandLine'>"E:\Win11updates.exe" </Data><Data Name='ParentUser'>JERRY-PC\Jerry</Data></EventData></Event><Event xmlns='http://schemas.microsoft.com/win/2004/08/events/event'><System><Provider Name='Microsoft-Windows-Sysmon' Guid='{5770385f-c22a-43e0-bf4c-06f5698ffbd9}'/><EventID>11</EventID><Version>2</Version><Level>4</Level><Task>11</Task><Opcode>0</Opcode><Keywords>0x8000000000000000</Keywords><TimeCreated SystemTime='2023-07-23T23:11:11.2455169Z'/><EventRecordID>11934</EventRecordID><Correlation/><Execution ProcessID='2760' ThreadID='3284'/><Channel>Microsoft-Windows-Sysmon/Operational</Channel><Computer>Jerry-PC</Computer><Security UserID='S-1-5-18'/></System><EventData><Data Name='RuleName'>EXE</Data><Data Name='UtcTime'>2023-07-23 23:11:11.229</Data><Data Name='ProcessGuid'>{3f0f5ad4-b38d-64bd-9d00-000000003100}</Data><Data Name='ProcessId'>5512</Data><Data Name='Image'>E:\Win11updates.exe</Data><Data Name='TargetFilename'>C:\Users\Public\Win11updates.exe</Data><Data Name='CreationUtcTime'>2023-07-23 23:11:11.229</Data><Data Name='User'>JERRY-PC\Jerry</Data></EventData></Event><Event xmlns='http://schemas.microsoft.com/win/2004/08/events/event'><System><Provider Name='Microsoft-Windows-Sysmon' Guid='{5770385f-c22a-43e0-bf4c-06f5698ffbd9}'/><EventID>1</EventID><Version>5</Version><Level>4</Level><Task>1</Task><Opcode>0</Opcode><Keywords>0x8000000000000000</Keywords><TimeCreated SystemTime='2023-07-23T23:11:11.1828551Z'/><EventRecordID>11933</EventRecordID><Correlation/><Execution ProcessID='2760' ThreadID='3284'/><Channel>Microsoft-Windows-Sysmon/Operational</Channel><Computer>Jerry-PC</Computer><Security UserID='S-1-5-18'/></System><EventData><Data Name='RuleName'>-</Data><Data Name='UtcTime'>2023-07-23 23:11:11.181</Data><Data Name='ProcessGuid'>{3f0f5ad4-b38f-64bd-a000-000000003100}</Data><Data Name='ProcessId'>7880</Data><Data Name='Image'>C:\Windows\System32\cmd.exe</Data><Data Name='FileVersion'>10.0.22621.1635 (WinBuild.160101.0800)</Data><Data Name='Description'>Windows Command Processor</Data><Data Name='Product'>Microsoft® Windows® Operating System</Data><Data Name='Company'>Microsoft Corporation</Data><Data Name='OriginalFileName'>Cmd.Exe</Data><Data Name='CommandLine'>"C:\Windows\system32\cmd.exe" /c net user LittleNewman password /add </Data><Data Name='CurrentDirectory'>E:\</Data><Data Name='User'>JERRY-PC\Jerry</Data><Data Name='LogonGuid'>{3f0f5ad4-b317-64bd-235a-050000000000}</Data><Data Name='LogonId'>0x55a23</Data><Data Name='TerminalSessionId'>1</Data><Data Name='IntegrityLevel'>High</Data><Data Name='Hashes'>MD5=5A6BE4D2519515241D0C133A26CF62C0,SHA256=423E0E810A69AACEBA0E5670E58AFF898CF0EBFFAB99CCB46EBB3464C3D2FACB,IMPHASH=D73E39DAB3C8B57AA408073D01254964</Data><Data Name='ParentProcessGuid'>{3f0f5ad4-b38e-64bd-9e00-000000003100}</Data><Data Name='ParentProcessId'>6236</Data><Data Name='ParentImage'>C:\Windows\System32\WindowsPowerShell\v1.0\powershell.exe</Data><Data Name='ParentCommandLine'>powershell -Command "Start-Process -FilePath \"cmd.exe\" -ArgumentList \"/c net user LittleNewman password /add\" -Verb RunAs"</Data><Data Name='ParentUser'>JERRY-PC\Jerry</Data></EventData></Event><Event xmlns='http://schemas.microsoft.com/win/2004/08/events/event'><System><Provider Name='Microsoft-Windows-Sysmon' Guid='{5770385f-c22a-43e0-bf4c-06f5698ffbd9}'/><EventID>11</EventID><Version>2</Version><Level>4</Level><Task>11</Task><Opcode>0</Opcode><Keywords>0x8000000000000000</Keywords><TimeCreated SystemTime='2023-07-23T23:11:10.8959921Z'/><EventRecordID>11932</EventRecordID><Correlation/><Execution ProcessID='2760' ThreadID='3284'/><Channel>Microsoft-Windows-Sysmon/Operational</Channel><Computer>Jerry-PC</Computer><Security UserID='S-1-5-18'/></System><EventData><Data Name='RuleName'>-</Data><Data Name='UtcTime'>2023-07-23 23:11:10.873</Data><Data Name='ProcessGuid'>{3f0f5ad4-b38e-64bd-9e00-000000003100}</Data><Data Name='ProcessId'>6236</Data><Data Name='Image'>C:\Windows\System32\WindowsPowerShell\v1.0\powershell.exe</Data><Data Name='TargetFilename'>C:\Users\Jerry\AppData\Local\Temp\__PSScriptPolicyTest_hqltpvo0.4b4.ps1</Data><Data Name='CreationUtcTime'>2023-07-23 23:11:10.873</Data><Data Name='User'>JERRY-PC\Jerry</Data></EventData></Event>