<Event xmlns='http://schemas.microsoft.com/win/2004/08/events/event'><System><Provider Name='Microsoft-Windows-Sysmon' Guid='{5770385f-c22a-43e0-bf4c-06f5698ffbd9}'/><EventID>1</EventID><Version>5</Version><Level>4</Level><Task>1</Task><Opcode>0</Opcode><Keywords>0x8000000000000000</Keywords><TimeCreated SystemTime='2023-07-23T23:09:24.0368445Z'/><EventRecordID>30577</EventRecordID><Correlation/><Execution ProcessID='2924' ThreadID='3284'/><Channel>Microsoft-Windows-Sysmon/Operational</Channel><Computer>Newman-PC</Computer><Security UserID='S-1-5-18'/></System><EventData><Data Name='RuleName'>-</Data><Data Name='UtcTime'>2023-07-23 23:09:24.030</Data><Data Name='ProcessGuid'>{758cb1f7-b324-64bd-7100-000000004200}</Data><Data Name='ProcessId'>5384</Data><Data Name='Image'>C:\Windows\System32\slui.exe</Data><Data Name='FileVersion'>10.0.22621.608 (WinBuild.160101.0800)</Data><Data Name='Description'>Windows Activation Client</Data><Data Name='Product'>Microsoft® Windows® Operating System</Data><Data Name='Company'>Microsoft Corporation</Data><Data Name='OriginalFileName'>slui.exe</Data><Data Name='CommandLine'>"C:\Windows\System32\SLUI.exe" RuleId=31e71c49-8da7-4a2f-ad92-45d98a1c79ba;Action=AutoActivate;AppId=55c92734-d682-4d71-983e-d6ec3f16059f;SkuId=4de7cb65-cdf1-4de9-8ae8-e3cce27b9f2c;NotificationInterval=1440;Trigger=UserLogon;SessionId=1</Data><Data Name='CurrentDirectory'>C:\Windows\system32\</Data><Data Name='User'>NT AUTHORITY\NETWORK SERVICE</Data><Data Name='LogonGuid'>{758cb1f7-b312-64bd-e403-000000000000}</Data><Data Name='LogonId'>0x3e4</Data><Data Name='TerminalSessionId'>0</Data><Data Name='IntegrityLevel'>System</Data><Data Name='Hashes'>MD5=8E53B1367C9585441A4C89E8C9D8B8FA,SHA256=3153281D561D1AAB71FD280AD2BB8A6C61E1D87442175AE25FFBAFF24EBA458D,IMPHASH=6EB4912648D34BED5F53C7ACEF7B44DF</Data><Data Name='ParentProcessGuid'>{758cb1f7-b323-64bd-7000-000000004200}</Data><Data Name='ParentProcessId'>5100</Data><Data Name='ParentImage'>C:\Windows\System32\SppExtComObj.Exe</Data><Data Name='ParentCommandLine'>C:\Windows\system32\SppExtComObj.exe -Embedding</Data><Data Name='ParentUser'>NT AUTHORITY\NETWORK SERVICE</Data></EventData></Event><Event xmlns='http://schemas.microsoft.com/win/2004/08/events/event'><System><Provider Name='Microsoft-Windows-Sysmon' Guid='{5770385f-c22a-43e0-bf4c-06f5698ffbd9}'/><EventID>1</EventID><Version>5</Version><Level>4</Level><Task>1</Task><Opcode>0</Opcode><Keywords>0x8000000000000000</Keywords><TimeCreated SystemTime='2023-07-23T23:09:22.6066623Z'/><EventRecordID>30576</EventRecordID><Correlation/><Execution ProcessID='2924' ThreadID='3284'/><Channel>Microsoft-Windows-Sysmon/Operational</Channel><Computer>Newman-PC</Computer><Security UserID='S-1-5-18'/></System><EventData><Data Name='RuleName'>-</Data><Data Name='UtcTime'>2023-07-23 23:09:22.514</Data><Data Name='ProcessGuid'>{758cb1f7-b322-64bd-6e00-000000004200}</Data><Data Name='ProcessId'>5872</Data><Data Name='Image'>C:\Windows\System32\ctfmon.exe</Data><Data Name='FileVersion'>10.0.22621.1 (WinBuild.160101.0800)</Data><Data Name='Description'>CTF Loader</Data><Data Name='Product'>Microsoft® Windows® Operating System</Data><Data Name='Company'>Microsoft Corporation</Data><Data Name='OriginalFileName'>CTFMON.EXE</Data><Data Name='CommandLine'>"ctfmon.exe"</Data><Data Name='CurrentDirectory'>C:\Windows\system32\</Data><Data Name='User'>NEWMAN-PC\Newman</Data><Data Name='LogonGuid'>{758cb1f7-b319-64bd-4ec6-050000000000}</Data><Data Name='LogonId'>0x5c64e</Data><Data Name='TerminalSessionId'>1</Data><Data Name='IntegrityLevel'>High</Data><Data Name='Hashes'>MD5=4D6ADD8B85F8E33937B8483BF5D040C1,SHA256=7E067B7DA5DA60458B5F7D5A99BC7C7C1F41999CD2559985F09267B1EC2E56EC,IMPHASH=6FD43544FB51C12382CAD7C88F550240</Data><Data Name='ParentProcessGuid'>{758cb1f7-b312-64bd-1700-000000004200}</Data><Data Name='ParentProcessId'>1176</Data><Data Name='ParentImage'>C:\Windows\System32\svchost.exe</Data><Data Name='ParentCommandLine'>C:\Windows\System32\svchost.exe -k LocalSystemNetworkRestricted -p</Data><Data Name='ParentUser'>NT AUTHORITY\SYSTEM</Data></EventData></Event><Event xmlns='http://schemas.microsoft.com/win/2004/08/events/event'><System><Provider Name='Microsoft-Windows-Sysmon' Guid='{5770385f-c22a-43e0-bf4c-06f5698ffbd9}'/><EventID>1</EventID><Version>5</Version><Level>4</Level><Task>1</Task><Opcode>0</Opcode><Keywords>0x8000000000000000</Keywords><TimeCreated SystemTime='2023-07-23T23:09:22.4098010Z'/><EventRecordID>30575</EventRecordID><Correlation/><Execution ProcessID='2924' ThreadID='3284'/><Channel>Microsoft-Windows-Sysmon/Operational</Channel><Computer>Newman-PC</Computer><Security UserID='S-1-5-18'/></System><EventData><Data Name='RuleName'>-</Data><Data Name='UtcTime'>2023-07-23 23:09:22.407</Data><Data Name='ProcessGuid'>{758cb1f7-b322-64bd-6d00-000000004200}</Data><Data Name='ProcessId'>5816</Data><Data Name='Image'>C:\Windows\System32\taskhostw.exe</Data><Data Name='FileVersion'>10.0.22621.1635 (WinBuild.160101.0800)</Data><Data Name='Description'>Host Process for Windows Tasks</Data><Data Name='Product'>Microsoft® Windows® Operating System</Data><Data Name='Company'>Microsoft Corporation</Data><Data Name='OriginalFileName'>taskhostw.exe</Data><Data Name='CommandLine'>taskhostw.exe KEYROAMING</Data><Data Name='CurrentDirectory'>C:\Windows\system32\</Data><Data Name='User'>NEWMAN-PC\Newman</Data><Data Name='LogonGuid'>{758cb1f7-b319-64bd-4ec6-050000000000}</Data><Data Name='LogonId'>0x5c64e</Data><Data Name='TerminalSessionId'>1</Data><Data Name='IntegrityLevel'>Medium</Data><Data Name='Hashes'>MD5=4887A65FD4F6598AF4986CBC1C0E5488,SHA256=82472A84BCBB4009ADD338200F8E853FE4C5EAFE2E2C3A2D711B85BF29B72D54,IMPHASH=1C4E2D9936E4D9F2490B08AAB4D24260</Data><Data Name='ParentProcessGuid'>{758cb1f7-b312-64bd-1300-000000004200}</Data><Data Name='ParentProcessId'>1056</Data><Data Name='ParentImage'>C:\Windows\System32\svchost.exe</Data><Data Name='ParentCommandLine'>C:\Windows\system32\svchost.exe -k netsvcs -p</Data><Data Name='ParentUser'>NT AUTHORITY\SYSTEM</Data></EventData></Event><Event xmlns='http://schemas.microsoft.com/win/2004/08/events/event'><System><Provider Name='Microsoft-Windows-Sysmon' Guid='{5770385f-c22a-43e0-bf4c-06f5698ffbd9}'/><EventID>1</EventID><Version>5</Version><Level>4</Level><Task>1</Task><Opcode>0</Opcode><Keywords>0x8000000000000000</Keywords><TimeCreated SystemTime='2023-07-23T23:09:22.3485759Z'/><EventRecordID>30574</EventRecordID><Correlation/><Execution ProcessID='2924' ThreadID='3284'/><Channel>Microsoft-Windows-Sysmon/Operational</Channel><Computer>Newman-PC</Computer><Security UserID='S-1-5-18'/></System><EventData><Data Name='RuleName'>-</Data><Data Name='UtcTime'>2023-07-23 23:09:22.347</Data><Data Name='ProcessGuid'>{758cb1f7-b322-64bd-6c00-000000004200}</Data><Data Name='ProcessId'>5764</Data><Data Name='Image'>C:\Windows\System32\svchost.exe</Data><Data Name='FileVersion'>10.0.22621.1 (WinBuild.160101.0800)</Data><Data Name='Description'>Host Process for Windows Services</Data><Data Name='Product'>Microsoft® Windows® Operating System</Data><Data Name='Company'>Microsoft Corporation</Data><Data Name='OriginalFileName'>svchost.exe</Data><Data Name='CommandLine'>C:\Windows\System32\svchost.exe -k CameraMonitor</Data><Data Name='CurrentDirectory'>C:\Windows\system32\</Data><Data Name='User'>NT AUTHORITY\SYSTEM</Data><Data Name='LogonGuid'>{758cb1f7-b312-64bd-e703-000000000000}</Data><Data Name='LogonId'>0x3e7</Data><Data Name='TerminalSessionId'>0</Data><Data Name='IntegrityLevel'>System</Data><Data Name='Hashes'>MD5=8EC922C7A58A8701AB481B7BE9644536,SHA256=949BFB5B4C7D58D92F3F9C5F8EC7CA4CEAFFD10EC5F0020F0A987C472D61C54B,IMPHASH=76B4BAE80D2C3B08BB062D97BF9CA791</Data><Data Name='ParentProcessGuid'>{758cb1f7-b312-64bd-0b00-000000004200}</Data><Data Name='ParentProcessId'>752</Data><Data Name='ParentImage'>C:\Windows\System32\services.exe</Data><Data Name='ParentCommandLine'>C:\Windows\system32\services.exe</Data><Data Name='ParentUser'>NT AUTHORITY\SYSTEM</Data></EventData></Event><Event xmlns='http://schemas.microsoft.com/win/2004/08/events/event'><System><Provider Name='Microsoft-Windows-Sysmon' Guid='{5770385f-c22a-43e0-bf4c-06f5698ffbd9}'/><EventID>1</EventID><Version>5</Version><Level>4</Level><Task>1</Task><Opcode>0</Opcode><Keywords>0x8000000000000000</Keywords><TimeCreated SystemTime='2023-07-23T23:09:22.3072895Z'/><EventRecordID>30573</EventRecordID><Correlation/><Execution ProcessID='2924' ThreadID='3284'/><Channel>Microsoft-Windows-Sysmon/Operational</Channel><Computer>Newman-PC</Computer><Security UserID='S-1-5-18'/></System><EventData><Data Name='RuleName'>-</Data><Data Name='UtcTime'>2023-07-23 23:09:22.296</Data><Data Name='ProcessGuid'>{758cb1f7-b322-64bd-6b00-000000004200}</Data><Data Name='ProcessId'>5748</Data><Data Name='Image'>C:\Windows\System32\svchost.exe</Data><Data Name='FileVersion'>10.0.22621.1 (WinBuild.160101.0800)</Data><Data Name='Description'>Host Process for Windows Services</Data><Data Name='Product'>Microsoft® Windows® Operating System</Data><Data Name='Company'>Microsoft Corporation</Data><Data Name='OriginalFileName'>svchost.exe</Data><Data Name='CommandLine'>C:\Windows\system32\svchost.exe -k WebThreatDefense -p</Data><Data Name='CurrentDirectory'>C:\Windows\system32\</Data><Data Name='User'>NT AUTHORITY\LOCAL SERVICE</Data><Data Name='LogonGuid'>{758cb1f7-b312-64bd-e503-000000000000}</Data><Data Name='LogonId'>0x3e5</Data><Data Name='TerminalSessionId'>0</Data><Data Name='IntegrityLevel'>System</Data><Data Name='Hashes'>MD5=8EC922C7A58A8701AB481B7BE9644536,SHA256=949BFB5B4C7D58D92F3F9C5F8EC7CA4CEAFFD10EC5F0020F0A987C472D61C54B,IMPHASH=76B4BAE80D2C3B08BB062D97BF9CA791</Data><Data Name='ParentProcessGuid'>{758cb1f7-b312-64bd-0b00-000000004200}</Data><Data Name='ParentProcessId'>752</Data><Data Name='ParentImage'>C:\Windows\System32\services.exe</Data><Data Name='ParentCommandLine'>C:\Windows\system32\services.exe</Data><Data Name='ParentUser'>NT AUTHORITY\SYSTEM</Data></EventData></Event><Event xmlns='http://schemas.microsoft.com/win/2004/08/events/event'><System><Provider Name='Microsoft-Windows-Sysmon' Guid='{5770385f-c22a-43e0-bf4c-06f5698ffbd9}'/><EventID>13</EventID><Version>2</Version><Level>4</Level><Task>13</Task><Opcode>0</Opcode><Keywords>0x8000000000000000</Keywords><TimeCreated SystemTime='2023-07-23T23:09:22.2885820Z'/><EventRecordID>30572</EventRecordID><Correlation/><Execution ProcessID='2924' ThreadID='3284'/><Channel>Microsoft-Windows-Sysmon/Operational</Channel><Computer>Newman-PC</Computer><Security UserID='S-1-5-18'/></System><EventData><Data Name='RuleName'>-</Data><Data Name='EventType'>SetValue</Data><Data Name='UtcTime'>2023-07-23 23:09:22.272</Data><Data Name='ProcessGuid'>{758cb1f7-b312-64bd-1100-000000004200}</Data><Data Name='ProcessId'>848</Data><Data Name='Image'>C:\Windows\system32\LogonUI.exe</Data><Data Name='TargetObject'>HKLM\SOFTWARE\Microsoft\Windows\CurrentVersion\Authentication\LogonUI\LastLoggedOnUser</Data><Data Name='Details'>.\Newman</Data><Data Name='User'>NT AUTHORITY\SYSTEM</Data></EventData></Event><Event xmlns='http://schemas.microsoft.com/win/2004/08/events/event'><System><Provider Name='Microsoft-Windows-Sysmon' Guid='{5770385f-c22a-43e0-bf4c-06f5698ffbd9}'/><EventID>22</EventID><Version>5</Version><Level>4</Level><Task>22</Task><Opcode>0</Opcode><Keywords>0x8000000000000000</Keywords><TimeCreated SystemTime='2023-07-23T23:09:20.9792810Z'/><EventRecordID>30571</EventRecordID><Correlation/><Execution ProcessID='2924' ThreadID='3336'/><Channel>Microsoft-Windows-Sysmon/Operational</Channel><Computer>Newman-PC</Computer><Security UserID='S-1-5-18'/></System><EventData><Data Name='RuleName'>-</Data><Data Name='UtcTime'>2023-07-23 23:09:18.516</Data><Data Name='ProcessGuid'>{758cb1f7-b314-64bd-2b00-000000004200}</Data><Data Name='ProcessId'>2172</Data><Data Name='QueryName'>NEWMAN-PC</Data><Data Name='QueryStatus'>0</Data><Data Name='QueryResults'>::1;</Data><Data Name='Image'>C:\Windows\System32\spoolsv.exe</Data><Data Name='User'>NT AUTHORITY\SYSTEM</Data></EventData></Event><Event xmlns='http://schemas.microsoft.com/win/2004/08/events/event'><System><Provider Name='Microsoft-Windows-Sysmon' Guid='{5770385f-c22a-43e0-bf4c-06f5698ffbd9}'/><EventID>22</EventID><Version>5</Version><Level>4</Level><Task>22</Task><Opcode>0</Opcode><Keywords>0x8000000000000000</Keywords><TimeCreated SystemTime='2023-07-23T23:09:20.9792567Z'/><EventRecordID>30570</EventRecordID><Correlation/><Execution ProcessID='2924' ThreadID='3336'/><Channel>Microsoft-Windows-Sysmon/Operational</Channel><Computer>Newman-PC</Computer><Security UserID='S-1-5-18'/></System><EventData><Data Name='RuleName'>-</Data><Data Name='UtcTime'>2023-07-23 23:09:18.516</Data><Data Name='ProcessGuid'>{758cb1f7-b314-64bd-2b00-000000004200}</Data><Data Name='ProcessId'>2172</Data><Data Name='QueryName'>NEWMAN-PC</Data><Data Name='QueryStatus'>0</Data><Data Name='QueryResults'>10.240.240.5;</Data><Data Name='Image'>C:\Windows\System32\spoolsv.exe</Data><Data Name='User'>NT AUTHORITY\SYSTEM</Data></EventData></Event><Event xmlns='http://schemas.microsoft.com/win/2004/08/events/event'><System><Provider Name='Microsoft-Windows-Sysmon' Guid='{5770385f-c22a-43e0-bf4c-06f5698ffbd9}'/><EventID>1</EventID><Version>5</Version><Level>4</Level><Task>1</Task><Opcode>0</Opcode><Keywords>0x8000000000000000</Keywords><TimeCreated SystemTime='2023-07-23T23:09:20.2052025Z'/><EventRecordID>30569</EventRecordID><Correlation/><Execution ProcessID='2924' ThreadID='3284'/><Channel>Microsoft-Windows-Sysmon/Operational</Channel><Computer>Newman-PC</Computer><Security UserID='S-1-5-18'/></System><EventData><Data Name='RuleName'>-</Data><Data Name='UtcTime'>2023-07-23 23:09:20.175</Data><Data Name='ProcessGuid'>{758cb1f7-b320-64bd-6800-000000004200}</Data><Data Name='ProcessId'>3612</Data><Data Name='Image'>C:\Windows\System32\svchost.exe</Data><Data Name='FileVersion'>10.0.22621.1 (WinBuild.160101.0800)</Data><Data Name='Description'>Host Process for Windows Services</Data><Data Name='Product'>Microsoft® Windows® Operating System</Data><Data Name='Company'>Microsoft Corporation</Data><Data Name='OriginalFileName'>svchost.exe</Data><Data Name='CommandLine'>C:\Windows\system32\svchost.exe -k UdkSvcGroup</Data><Data Name='CurrentDirectory'>C:\Windows\system32\</Data><Data Name='User'>NEWMAN-PC\Newman</Data><Data Name='LogonGuid'>{758cb1f7-b319-64bd-4ec6-050000000000}</Data><Data Name='LogonId'>0x5c64e</Data><Data Name='TerminalSessionId'>1</Data><Data Name='IntegrityLevel'>Medium</Data><Data Name='Hashes'>MD5=8EC922C7A58A8701AB481B7BE9644536,SHA256=949BFB5B4C7D58D92F3F9C5F8EC7CA4CEAFFD10EC5F0020F0A987C472D61C54B,IMPHASH=76B4BAE80D2C3B08BB062D97BF9CA791</Data><Data Name='ParentProcessGuid'>{758cb1f7-b312-64bd-0b00-000000004200}</Data><Data Name='ParentProcessId'>752</Data><Data Name='ParentImage'>C:\Windows\System32\services.exe</Data><Data Name='ParentCommandLine'>C:\Windows\system32\services.exe</Data><Data Name='ParentUser'>NT AUTHORITY\SYSTEM</Data></EventData></Event><Event xmlns='http://schemas.microsoft.com/win/2004/08/events/event'><System><Provider Name='Microsoft-Windows-Sysmon' Guid='{5770385f-c22a-43e0-bf4c-06f5698ffbd9}'/><EventID>22</EventID><Version>5</Version><Level>4</Level><Task>22</Task><Opcode>0</Opcode><Keywords>0x8000000000000000</Keywords><TimeCreated SystemTime='2023-07-23T23:09:19.9671354Z'/><EventRecordID>30568</EventRecordID><Correlation/><Execution ProcessID='2924' ThreadID='3336'/><Channel>Microsoft-Windows-Sysmon/Operational</Channel><Computer>Newman-PC</Computer><Security UserID='S-1-5-18'/></System><EventData><Data Name='RuleName'>-</Data><Data Name='UtcTime'>2023-07-23 23:09:18.243</Data><Data Name='ProcessGuid'>{758cb1f7-b314-64bd-2b00-000000004200}</Data><Data Name='ProcessId'>2172</Data><Data Name='QueryName'>NEWMAN-PC</Data><Data Name='QueryStatus'>0</Data><Data Name='QueryResults'>::1;::ffff:10.240.240.5;</Data><Data Name='Image'>C:\Windows\System32\spoolsv.exe</Data><Data Name='User'>NT AUTHORITY\SYSTEM</Data></EventData></Event><Event xmlns='http://schemas.microsoft.com/win/2004/08/events/event'><System><Provider Name='Microsoft-Windows-Sysmon' Guid='{5770385f-c22a-43e0-bf4c-06f5698ffbd9}'/><EventID>1</EventID><Version>5</Version><Level>4</Level><Task>1</Task><Opcode>0</Opcode><Keywords>0x8000000000000000</Keywords><TimeCreated SystemTime='2023-07-23T23:09:19.4789472Z'/><EventRecordID>30567</EventRecordID><Correlation/><Execution ProcessID='2924' ThreadID='3284'/><Channel>Microsoft-Windows-Sysmon/Operational</Channel><Computer>Newman-PC</Computer><Security UserID='S-1-5-18'/></System><EventData><Data Name='RuleName'>-</Data><Data Name='UtcTime'>2023-07-23 23:09:19.455</Data><Data Name='ProcessGuid'>{758cb1f7-b31f-64bd-6500-000000004200}</Data><Data Name='ProcessId'>4892</Data><Data Name='Image'>C:\Program Files\WindowsApps\MicrosoftWindows.Client.WebExperience_423.13900.0.0_x64__cw5n1h2txyewy\Dashboard\Widgets.exe</Data><Data Name='FileVersion'>421.20070.1670.0</Data><Data Name='Description'>-</Data><Data Name='Product'>Microsoft® Windows® Operating System</Data><Data Name='Company'>Microsoft Corporation</Data><Data Name='OriginalFileName'>Widgets.exe</Data><Data Name='CommandLine'>"C:\Program Files\WindowsApps\MicrosoftWindows.Client.WebExperience_423.13900.0.0_x64__cw5n1h2txyewy\Dashboard\Widgets.exe" -ServerName:Microsoft.Windows.DashboardServer</Data><Data Name='CurrentDirectory'>C:\Windows\system32\</Data><Data Name='User'>NEWMAN-PC\Newman</Data><Data Name='LogonGuid'>{758cb1f7-b319-64bd-4ec6-050000000000}</Data><Data Name='LogonId'>0x5c64e</Data><Data Name='TerminalSessionId'>1</Data><Data Name='IntegrityLevel'>Medium</Data><Data Name='Hashes'>MD5=E8F459CE6D7091C1D6B5D9C80AF27405,SHA256=CF5231D757D7A1CF135D2F41C7404820C03C5361B3C2C1826878A77D69C813FB,IMPHASH=344FD217BDCC037920AA7193B73015F0</Data><Data Name='ParentProcessGuid'>{758cb1f7-b312-64bd-0d00-000000004200}</Data><Data Name='ParentProcessId'>900</Data><Data Name='ParentImage'>C:\Windows\System32\svchost.exe</Data><Data Name='ParentCommandLine'>C:\Windows\system32\svchost.exe -k DcomLaunch -p</Data><Data Name='ParentUser'>NT AUTHORITY\SYSTEM</Data></EventData></Event><Event xmlns='http://schemas.microsoft.com/win/2004/08/events/event'><System><Provider Name='Microsoft-Windows-Sysmon' Guid='{5770385f-c22a-43e0-bf4c-06f5698ffbd9}'/><EventID>13</EventID><Version>2</Version><Level>4</Level><Task>13</Task><Opcode>0</Opcode><Keywords>0x8000000000000000</Keywords><TimeCreated SystemTime='2023-07-23T23:09:18.3421322Z'/><EventRecordID>30566</EventRecordID><Correlation/><Execution ProcessID='2924' ThreadID='3284'/><Channel>Microsoft-Windows-Sysmon/Operational</Channel><Computer>Newman-PC</Computer><Security UserID='S-1-5-18'/></System><EventData><Data Name='RuleName'>-</Data><Data Name='EventType'>SetValue</Data><Data Name='UtcTime'>2023-07-23 23:09:18.288</Data><Data Name='ProcessGuid'>{758cb1f7-b312-64bd-1100-000000004200}</Data><Data Name='ProcessId'>848</Data><Data Name='Image'>C:\Windows\system32\LogonUI.exe</Data><Data Name='TargetObject'>HKU\.DEFAULT\Keyboard Layout\Preload\1</Data><Data Name='Details'>00000409</Data><Data Name='User'>NT AUTHORITY\SYSTEM</Data></EventData></Event><Event xmlns='http://schemas.microsoft.com/win/2004/08/events/event'><System><Provider Name='Microsoft-Windows-Sysmon' Guid='{5770385f-c22a-43e0-bf4c-06f5698ffbd9}'/><EventID>12</EventID><Version>2</Version><Level>4</Level><Task>12</Task><Opcode>0</Opcode><Keywords>0x8000000000000000</Keywords><TimeCreated SystemTime='2023-07-23T23:09:18.3420748Z'/><EventRecordID>30565</EventRecordID><Correlation/><Execution ProcessID='2924' ThreadID='3284'/><Channel>Microsoft-Windows-Sysmon/Operational</Channel><Computer>Newman-PC</Computer><Security UserID='S-1-5-18'/></System><EventData><Data Name='RuleName'>-</Data><Data Name='EventType'>DeleteValue</Data><Data Name='UtcTime'>2023-07-23 23:09:18.288</Data><Data Name='ProcessGuid'>{758cb1f7-b312-64bd-1100-000000004200}</Data><Data Name='ProcessId'>848</Data><Data Name='Image'>C:\Windows\system32\LogonUI.exe</Data><Data Name='TargetObject'>HKU\.DEFAULT\Keyboard Layout\Preload\1</Data><Data Name='User'>NT AUTHORITY\SYSTEM</Data></EventData></Event><Event xmlns='http://schemas.microsoft.com/win/2004/08/events/event'><System><Provider Name='Microsoft-Windows-Sysmon' Guid='{5770385f-c22a-43e0-bf4c-06f5698ffbd9}'/><EventID>1</EventID><Version>5</Version><Level>4</Level><Task>1</Task><Opcode>0</Opcode><Keywords>0x8000000000000000</Keywords><TimeCreated SystemTime='2023-07-23T23:09:17.5669670Z'/><EventRecordID>30564</EventRecordID><Correlation/><Execution ProcessID='2924' ThreadID='3284'/><Channel>Microsoft-Windows-Sysmon/Operational</Channel><Computer>Newman-PC</Computer><Security UserID='S-1-5-18'/></System><EventData><Data Name='RuleName'>-</Data><Data Name='UtcTime'>2023-07-23 23:09:17.561</Data><Data Name='ProcessGuid'>{758cb1f7-b31d-64bd-6100-000000004200}</Data><Data Name='ProcessId'>4544</Data><Data Name='Image'>C:\Windows\System32\svchost.exe</Data><Data Name='FileVersion'>10.0.22621.1 (WinBuild.160101.0800)</Data><Data Name='Description'>Host Process for Windows Services</Data><Data Name='Product'>Microsoft® Windows® Operating System</Data><Data Name='Company'>Microsoft Corporation</Data><Data Name='OriginalFileName'>svchost.exe</Data><Data Name='CommandLine'>C:\Windows\system32\svchost.exe -k osprivacy -p</Data><Data Name='CurrentDirectory'>C:\Windows\system32\</Data><Data Name='User'>NT AUTHORITY\SYSTEM</Data><Data Name='LogonGuid'>{758cb1f7-b312-64bd-e703-000000000000}</Data><Data Name='LogonId'>0x3e7</Data><Data Name='TerminalSessionId'>0</Data><Data Name='IntegrityLevel'>System</Data><Data Name='Hashes'>MD5=8EC922C7A58A8701AB481B7BE9644536,SHA256=949BFB5B4C7D58D92F3F9C5F8EC7CA4CEAFFD10EC5F0020F0A987C472D61C54B,IMPHASH=76B4BAE80D2C3B08BB062D97BF9CA791</Data><Data Name='ParentProcessGuid'>{758cb1f7-b312-64bd-0b00-000000004200}</Data><Data Name='ParentProcessId'>752</Data><Data Name='ParentImage'>C:\Windows\System32\services.exe</Data><Data Name='ParentCommandLine'>C:\Windows\system32\services.exe</Data><Data Name='ParentUser'>NT AUTHORITY\SYSTEM</Data></EventData></Event><Event xmlns='http://schemas.microsoft.com/win/2004/08/events/event'><System><Provider Name='Microsoft-Windows-Sysmon' Guid='{5770385f-c22a-43e0-bf4c-06f5698ffbd9}'/><EventID>13</EventID><Version>2</Version><Level>4</Level><Task>13</Task><Opcode>0</Opcode><Keywords>0x8000000000000000</Keywords><TimeCreated SystemTime='2023-07-23T23:09:17.3024227Z'/><EventRecordID>30563</EventRecordID><Correlation/><Execution ProcessID='2924' ThreadID='3284'/><Channel>Microsoft-Windows-Sysmon/Operational</Channel><Computer>Newman-PC</Computer><Security UserID='S-1-5-18'/></System><EventData><Data Name='RuleName'>-</Data><Data Name='EventType'>SetValue</Data><Data Name='UtcTime'>2023-07-23 23:09:17.297</Data><Data Name='ProcessGuid'>{758cb1f7-b314-64bd-3500-000000004200}</Data><Data Name='ProcessId'>2932</Data><Data Name='Image'>C:\ProgramData\Microsoft\Windows Defender\Platform\4.18.23050.5-0\MsMpEng.exe</Data><Data Name='TargetObject'>HKCR\Directory\shellex\ContextMenuHandlers\EPP\(Default)</Data><Data Name='Details'>{09A47860-11B0-4DA5-AFA5-26D86198A780}</Data><Data Name='User'>NT AUTHORITY\SYSTEM</Data></EventData></Event><Event xmlns='http://schemas.microsoft.com/win/2004/08/events/event'><System><Provider Name='Microsoft-Windows-Sysmon' Guid='{5770385f-c22a-43e0-bf4c-06f5698ffbd9}'/><EventID>13</EventID><Version>2</Version><Level>4</Level><Task>13</Task><Opcode>0</Opcode><Keywords>0x8000000000000000</Keywords><TimeCreated SystemTime='2023-07-23T23:09:17.3023860Z'/><EventRecordID>30562</EventRecordID><Correlation/><Execution ProcessID='2924' ThreadID='3284'/><Channel>Microsoft-Windows-Sysmon/Operational</Channel><Computer>Newman-PC</Computer><Security UserID='S-1-5-18'/></System><EventData><Data Name='RuleName'>-</Data><Data Name='EventType'>SetValue</Data><Data Name='UtcTime'>2023-07-23 23:09:17.297</Data><Data Name='ProcessGuid'>{758cb1f7-b314-64bd-3500-000000004200}</Data><Data Name='ProcessId'>2932</Data><Data Name='Image'>C:\ProgramData\Microsoft\Windows Defender\Platform\4.18.23050.5-0\MsMpEng.exe</Data><Data Name='TargetObject'>HKCR\Drive\shellex\ContextMenuHandlers\EPP\(Default)</Data><Data Name='Details'>{09A47860-11B0-4DA5-AFA5-26D86198A780}</Data><Data Name='User'>NT AUTHORITY\SYSTEM</Data></EventData></Event><Event xmlns='http://schemas.microsoft.com/win/2004/08/events/event'><System><Provider Name='Microsoft-Windows-Sysmon' Guid='{5770385f-c22a-43e0-bf4c-06f5698ffbd9}'/><EventID>13</EventID><Version>2</Version><Level>4</Level><Task>13</Task><Opcode>0</Opcode><Keywords>0x8000000000000000</Keywords><TimeCreated SystemTime='2023-07-23T23:09:17.3023476Z'/><EventRecordID>30561</EventRecordID><Correlation/><Execution ProcessID='2924' ThreadID='3284'/><Channel>Microsoft-Windows-Sysmon/Operational</Channel><Computer>Newman-PC</Computer><Security UserID='S-1-5-18'/></System><EventData><Data Name='RuleName'>-</Data><Data Name='EventType'>SetValue</Data><Data Name='UtcTime'>2023-07-23 23:09:17.297</Data><Data Name='ProcessGuid'>{758cb1f7-b314-64bd-3500-000000004200}</Data><Data Name='ProcessId'>2932</Data><Data Name='Image'>C:\ProgramData\Microsoft\Windows Defender\Platform\4.18.23050.5-0\MsMpEng.exe</Data><Data Name='TargetObject'>HKCR\*\shellex\ContextMenuHandlers\EPP\(Default)</Data><Data Name='Details'>{09A47860-11B0-4DA5-AFA5-26D86198A780}</Data><Data Name='User'>NT AUTHORITY\SYSTEM</Data></EventData></Event><Event xmlns='http://schemas.microsoft.com/win/2004/08/events/event'><System><Provider Name='Microsoft-Windows-Sysmon' Guid='{5770385f-c22a-43e0-bf4c-06f5698ffbd9}'/><EventID>13</EventID><Version>2</Version><Level>4</Level><Task>13</Task><Opcode>0</Opcode><Keywords>0x8000000000000000</Keywords><TimeCreated SystemTime='2023-07-23T23:09:17.1451282Z'/><EventRecordID>30560</EventRecordID><Correlation/><Execution ProcessID='2924' ThreadID='3284'/><Channel>Microsoft-Windows-Sysmon/Operational</Channel><Computer>Newman-PC</Computer><Security UserID='S-1-5-18'/></System><EventData><Data Name='RuleName'>T1122</Data><Data Name='EventType'>SetValue</Data><Data Name='UtcTime'>2023-07-23 23:09:17.139</Data><Data Name='ProcessGuid'>{758cb1f7-b314-64bd-3500-000000004200}</Data><Data Name='ProcessId'>2932</Data><Data Name='Image'>C:\ProgramData\Microsoft\Windows Defender\Platform\4.18.23050.5-0\MsMpEng.exe</Data><Data Name='TargetObject'>HKCR\CLSID\{4DB116D1-9B24-4DFC-946B-BFE03E852002}\InProcServer32\(Default)</Data><Data Name='Details'>C:\ProgramData\Microsoft\Windows Defender\Platform\4.18.23050.5-0\MPUXAGENT.DLL</Data><Data Name='User'>NT AUTHORITY\SYSTEM</Data></EventData></Event><Event xmlns='http://schemas.microsoft.com/win/2004/08/events/event'><System><Provider Name='Microsoft-Windows-Sysmon' Guid='{5770385f-c22a-43e0-bf4c-06f5698ffbd9}'/><EventID>13</EventID><Version>2</Version><Level>4</Level><Task>13</Task><Opcode>0</Opcode><Keywords>0x8000000000000000</Keywords><TimeCreated SystemTime='2023-07-23T23:09:17.1414639Z'/><EventRecordID>30559</EventRecordID><Correlation/><Execution ProcessID='2924' ThreadID='3284'/><Channel>Microsoft-Windows-Sysmon/Operational</Channel><Computer>Newman-PC</Computer><Security UserID='S-1-5-18'/></System><EventData><Data Name='RuleName'>T1122</Data><Data Name='EventType'>SetValue</Data><Data Name='UtcTime'>2023-07-23 23:09:17.139</Data><Data Name='ProcessGuid'>{758cb1f7-b314-64bd-3500-000000004200}</Data><Data Name='ProcessId'>2932</Data><Data Name='Image'>C:\ProgramData\Microsoft\Windows Defender\Platform\4.18.23050.5-0\MsMpEng.exe</Data><Data Name='TargetObject'>HKCR\CLSID\{2DCD7FDB-8809-48E4-8E4F-3157C57CF987}\InprocServer32\(Default)</Data><Data Name='Details'>C:\ProgramData\Microsoft\Windows Defender\Platform\4.18.23050.5-0\MPUXAGENT.DLL</Data><Data Name='User'>NT AUTHORITY\SYSTEM</Data></EventData></Event><Event xmlns='http://schemas.microsoft.com/win/2004/08/events/event'><System><Provider Name='Microsoft-Windows-Sysmon' Guid='{5770385f-c22a-43e0-bf4c-06f5698ffbd9}'/><EventID>1</EventID><Version>5</Version><Level>4</Level><Task>1</Task><Opcode>0</Opcode><Keywords>0x8000000000000000</Keywords><TimeCreated SystemTime='2023-07-23T23:09:17.0782999Z'/><EventRecordID>30558</EventRecordID><Correlation/><Execution ProcessID='2924' ThreadID='3284'/><Channel>Microsoft-Windows-Sysmon/Operational</Channel><Computer>Newman-PC</Computer><Security UserID='S-1-5-18'/></System><EventData><Data Name='RuleName'>-</Data><Data Name='UtcTime'>2023-07-23 23:09:17.072</Data><Data Name='ProcessGuid'>{758cb1f7-b31d-64bd-6000-000000004200}</Data><Data Name='ProcessId'>4380</Data><Data Name='Image'>C:\Windows\System32\svchost.exe</Data><Data Name='FileVersion'>10.0.22621.1 (WinBuild.160101.0800)</Data><Data Name='Description'>Host Process for Windows Services</Data><Data Name='Product'>Microsoft® Windows® Operating System</Data><Data Name='Company'>Microsoft Corporation</Data><Data Name='OriginalFileName'>svchost.exe</Data><Data Name='CommandLine'>C:\Windows\system32\svchost.exe -k ClipboardSvcGroup -p</Data><Data Name='CurrentDirectory'>C:\Windows\system32\</Data><Data Name='User'>NEWMAN-PC\Newman</Data><Data Name='LogonGuid'>{758cb1f7-b319-64bd-4ec6-050000000000}</Data><Data Name='LogonId'>0x5c64e</Data><Data Name='TerminalSessionId'>1</Data><Data Name='IntegrityLevel'>Medium</Data><Data Name='Hashes'>MD5=8EC922C7A58A8701AB481B7BE9644536,SHA256=949BFB5B4C7D58D92F3F9C5F8EC7CA4CEAFFD10EC5F0020F0A987C472D61C54B,IMPHASH=76B4BAE80D2C3B08BB062D97BF9CA791</Data><Data Name='ParentProcessGuid'>{758cb1f7-b312-64bd-0b00-000000004200}</Data><Data Name='ParentProcessId'>752</Data><Data Name='ParentImage'>C:\Windows\System32\services.exe</Data><Data Name='ParentCommandLine'>C:\Windows\system32\services.exe</Data><Data Name='ParentUser'>NT AUTHORITY\SYSTEM</Data></EventData></Event><Event xmlns='http://schemas.microsoft.com/win/2004/08/events/event'><System><Provider Name='Microsoft-Windows-Sysmon' Guid='{5770385f-c22a-43e0-bf4c-06f5698ffbd9}'/><EventID>6</EventID><Version>4</Version><Level>4</Level><Task>6</Task><Opcode>0</Opcode><Keywords>0x8000000000000000</Keywords><TimeCreated SystemTime='2023-07-23T23:09:17.0182520Z'/><EventRecordID>30557</EventRecordID><Correlation/><Execution ProcessID='2924' ThreadID='3316'/><Channel>Microsoft-Windows-Sysmon/Operational</Channel><Computer>Newman-PC</Computer><Security UserID='S-1-5-18'/></System><EventData><Data Name='RuleName'>-</Data><Data Name='UtcTime'>2023-07-23 23:09:02.930</Data><Data Name='ImageLoaded'>C:\Windows\System32\drivers\USBPcap.sys</Data><Data Name='Hashes'>MD5=01304FC31498030C789E80910A356E6B,SHA256=F340A8CF2F127BE2E6B558586B76B51BA5E8C58C462A8D9EECC1955771CB2974,IMPHASH=6731F01CDF6C15CF46785D99D9CB789F</Data><Data Name='Signed'>true</Data><Data Name='Signature'>Tomasz Moń</Data><Data Name='SignatureStatus'>Valid</Data></EventData></Event><Event xmlns='http://schemas.microsoft.com/win/2004/08/events/event'><System><Provider Name='Microsoft-Windows-Sysmon' Guid='{5770385f-c22a-43e0-bf4c-06f5698ffbd9}'/><EventID>6</EventID><Version>4</Version><Level>4</Level><Task>6</Task><Opcode>0</Opcode><Keywords>0x8000000000000000</Keywords><TimeCreated SystemTime='2023-07-23T23:09:17.0180264Z'/><EventRecordID>30556</EventRecordID><Correlation/><Execution ProcessID='2924' ThreadID='3316'/><Channel>Microsoft-Windows-Sysmon/Operational</Channel><Computer>Newman-PC</Computer><Security UserID='S-1-5-18'/></System><EventData><Data Name='RuleName'>-</Data><Data Name='UtcTime'>2023-07-23 23:09:03.186</Data><Data Name='ImageLoaded'>C:\Windows\System32\drivers\USBPcap.sys</Data><Data Name='Hashes'>MD5=01304FC31498030C789E80910A356E6B,SHA256=F340A8CF2F127BE2E6B558586B76B51BA5E8C58C462A8D9EECC1955771CB2974,IMPHASH=6731F01CDF6C15CF46785D99D9CB789F</Data><Data Name='Signed'>true</Data><Data Name='Signature'>Tomasz Moń</Data><Data Name='SignatureStatus'>Valid</Data></EventData></Event><Event xmlns='http://schemas.microsoft.com/win/2004/08/events/event'><System><Provider Name='Microsoft-Windows-Sysmon' Guid='{5770385f-c22a-43e0-bf4c-06f5698ffbd9}'/><EventID>22</EventID><Version>5</Version><Level>4</Level><Task>22</Task><Opcode>0</Opcode><Keywords>0x8000000000000000</Keywords><TimeCreated SystemTime='2023-07-23T23:09:16.8387247Z'/><EventRecordID>30555</EventRecordID><Correlation/><Execution ProcessID='2924' ThreadID='3336'/><Channel>Microsoft-Windows-Sysmon/Operational</Channel><Computer>Newman-PC</Computer><Security UserID='S-1-5-18'/></System><EventData><Data Name='RuleName'>-</Data><Data Name='UtcTime'>2023-07-23 23:09:15.336</Data><Data Name='ProcessGuid'>{758cb1f7-b314-64bd-3400-000000004200}</Data><Data Name='ProcessId'>2924</Data><Data Name='QueryName'>cscasha2.ocsp-certum.com</Data><Data Name='QueryStatus'>9852</Data><Data Name='QueryResults'>-</Data><Data Name='Image'>C:\Windows\Sysmon.exe</Data><Data Name='User'>NT AUTHORITY\SYSTEM</Data></EventData></Event><Event xmlns='http://schemas.microsoft.com/win/2004/08/events/event'><System><Provider Name='Microsoft-Windows-Sysmon' Guid='{5770385f-c22a-43e0-bf4c-06f5698ffbd9}'/><EventID>1</EventID><Version>5</Version><Level>4</Level><Task>1</Task><Opcode>0</Opcode><Keywords>0x8000000000000000</Keywords><TimeCreated SystemTime='2023-07-23T23:09:16.2673323Z'/><EventRecordID>30554</EventRecordID><Correlation/><Execution ProcessID='2924' ThreadID='3284'/><Channel>Microsoft-Windows-Sysmon/Operational</Channel><Computer>Newman-PC</Computer><Security UserID='S-1-5-18'/></System><EventData><Data Name='RuleName'>-</Data><Data Name='UtcTime'>2023-07-23 23:09:16.043</Data><Data Name='ProcessGuid'>{758cb1f7-b31c-64bd-5d00-000000004200}</Data><Data Name='ProcessId'>4132</Data><Data Name='Image'>C:\Windows\explorer.exe</Data><Data Name='FileVersion'>10.0.22621.1992 (WinBuild.160101.0800)</Data><Data Name='Description'>Windows Explorer</Data><Data Name='Product'>Microsoft® Windows® Operating System</Data><Data Name='Company'>Microsoft Corporation</Data><Data Name='OriginalFileName'>EXPLORER.EXE</Data><Data Name='CommandLine'>C:\Windows\Explorer.EXE</Data><Data Name='CurrentDirectory'>C:\Windows\system32\</Data><Data Name='User'>NEWMAN-PC\Newman</Data><Data Name='LogonGuid'>{758cb1f7-b319-64bd-4ec6-050000000000}</Data><Data Name='LogonId'>0x5c64e</Data><Data Name='TerminalSessionId'>1</Data><Data Name='IntegrityLevel'>Medium</Data><Data Name='Hashes'>MD5=357B678C68D3D5EE86E1B706FBFD994B,SHA256=8375581B32E510A1DDF90B1FF8FFB8A756D71E1D5572B1C7C027E9B7393CCD3B,IMPHASH=0E7BB0830BDB6737EEDB4D5307C69BBD</Data><Data Name='ParentProcessGuid'>{758cb1f7-b31b-64bd-5b00-000000004200}</Data><Data Name='ParentProcessId'>2108</Data><Data Name='ParentImage'>C:\Windows\System32\userinit.exe</Data><Data Name='ParentCommandLine'>C:\Windows\system32\userinit.exe</Data><Data Name='ParentUser'>NEWMAN-PC\Newman</Data></EventData></Event><Event xmlns='http://schemas.microsoft.com/win/2004/08/events/event'><System><Provider Name='Microsoft-Windows-Sysmon' Guid='{5770385f-c22a-43e0-bf4c-06f5698ffbd9}'/><EventID>1</EventID><Version>5</Version><Level>4</Level><Task>1</Task><Opcode>0</Opcode><Keywords>0x8000000000000000</Keywords><TimeCreated SystemTime='2023-07-23T23:09:16.2667200Z'/><EventRecordID>30553</EventRecordID><Correlation/><Execution ProcessID='2924' ThreadID='3284'/><Channel>Microsoft-Windows-Sysmon/Operational</Channel><Computer>Newman-PC</Computer><Security UserID='S-1-5-18'/></System><EventData><Data Name='RuleName'>-</Data><Data Name='UtcTime'>2023-07-23 23:09:16.229</Data><Data Name='ProcessGuid'>{758cb1f7-b31c-64bd-5e00-000000004200}</Data><Data Name='ProcessId'>4184</Data><Data Name='Image'>C:\Windows\System32\wevtutil.exe</Data><Data Name='FileVersion'>10.0.22621.1778 (WinBuild.160101.0800)</Data><Data Name='Description'>Windows Event Log Utility</Data><Data Name='Product'>Microsoft® Windows® Operating System</Data><Data Name='Company'>Microsoft Corporation</Data><Data Name='OriginalFileName'>wevtutil.exe</Data><Data Name='CommandLine'>C:\Windows\system32\wevtutil.exe install-manifest "C:\ProgramData\Microsoft\Windows Defender\Platform\4.18.23050.5-0\Microsoft-Antimalware-Protection.man" "/resourceFilePath:C:\ProgramData\Microsoft\Windows Defender\Platform\4.18.23050.5-0\MpClient.dll" "/messageFilePath:C:\ProgramData\Microsoft\Windows Defender\Platform\4.18.23050.5-0\MpClient.dll" "/parameterFilePath:C:\ProgramData\Microsoft\Windows Defender\Platform\4.18.23050.5-0\MpClient.dll"</Data><Data Name='CurrentDirectory'>C:\Windows\system32\</Data><Data Name='User'>NT AUTHORITY\SYSTEM</Data><Data Name='LogonGuid'>{758cb1f7-b312-64bd-e703-000000000000}</Data><Data Name='LogonId'>0x3e7</Data><Data Name='TerminalSessionId'>0</Data><Data Name='IntegrityLevel'>System</Data><Data Name='Hashes'>MD5=DFE4A9613993ECAFE6B38DEFE8D495F2,SHA256=3635324AA002EBB7FD99D50E63ACDAC0C34E831A7F35E7B33F37854557538588,IMPHASH=92CA71320A49850E970004A94EA5D695</Data><Data Name='ParentProcessGuid'>{758cb1f7-b314-64bd-3500-000000004200}</Data><Data Name='ParentProcessId'>2932</Data><Data Name='ParentImage'>C:\ProgramData\Microsoft\Windows Defender\Platform\4.18.23050.5-0\MsMpEng.exe</Data><Data Name='ParentCommandLine'>"C:\ProgramData\Microsoft\Windows Defender\Platform\4.18.23050.5-0\MsMpEng.exe"</Data><Data Name='ParentUser'>NT AUTHORITY\SYSTEM</Data></EventData></Event><Event xmlns='http://schemas.microsoft.com/win/2004/08/events/event'><System><Provider Name='Microsoft-Windows-Sysmon' Guid='{5770385f-c22a-43e0-bf4c-06f5698ffbd9}'/><EventID>1</EventID><Version>5</Version><Level>4</Level><Task>1</Task><Opcode>0</Opcode><Keywords>0x8000000000000000</Keywords><TimeCreated SystemTime='2023-07-23T23:09:15.7142771Z'/><EventRecordID>30552</EventRecordID><Correlation/><Execution ProcessID='2924' ThreadID='3284'/><Channel>Microsoft-Windows-Sysmon/Operational</Channel><Computer>Newman-PC</Computer><Security UserID='S-1-5-18'/></System><EventData><Data Name='RuleName'>-</Data><Data Name='UtcTime'>2023-07-23 23:09:15.675</Data><Data Name='ProcessGuid'>{758cb1f7-b31b-64bd-5b00-000000004200}</Data><Data Name='ProcessId'>2108</Data><Data Name='Image'>C:\Windows\System32\userinit.exe</Data><Data Name='FileVersion'>10.0.22621.1928 (WinBuild.160101.0800)</Data><Data Name='Description'>Userinit Logon Application</Data><Data Name='Product'>Microsoft® Windows® Operating System</Data><Data Name='Company'>Microsoft Corporation</Data><Data Name='OriginalFileName'>USERINIT.EXE</Data><Data Name='CommandLine'>C:\Windows\system32\userinit.exe</Data><Data Name='CurrentDirectory'>C:\Windows\system32\</Data><Data Name='User'>NEWMAN-PC\Newman</Data><Data Name='LogonGuid'>{758cb1f7-b319-64bd-4ec6-050000000000}</Data><Data Name='LogonId'>0x5c64e</Data><Data Name='TerminalSessionId'>1</Data><Data Name='IntegrityLevel'>Medium</Data><Data Name='Hashes'>MD5=FC003295BCCC472CF80DE65788F64978,SHA256=F098CE116049A2024FA282FD62764159F451A9C1CC21A7845D155D439CF52B27,IMPHASH=4505BC1D077A07C1ECCB3C0B5910ADE4</Data><Data Name='ParentProcessGuid'>{758cb1f7-b312-64bd-0a00-000000004200}</Data><Data Name='ParentProcessId'>728</Data><Data Name='ParentImage'>C:\Windows\System32\winlogon.exe</Data><Data Name='ParentCommandLine'>winlogon.exe</Data><Data Name='ParentUser'>NT AUTHORITY\SYSTEM</Data></EventData></Event><Event xmlns='http://schemas.microsoft.com/win/2004/08/events/event'><System><Provider Name='Microsoft-Windows-Sysmon' Guid='{5770385f-c22a-43e0-bf4c-06f5698ffbd9}'/><EventID>22</EventID><Version>5</Version><Level>4</Level><Task>22</Task><Opcode>0</Opcode><Keywords>0x8000000000000000</Keywords><TimeCreated SystemTime='2023-07-23T23:09:15.7130970Z'/><EventRecordID>30551</EventRecordID><Correlation/><Execution ProcessID='2924' ThreadID='3336'/><Channel>Microsoft-Windows-Sysmon/Operational</Channel><Computer>Newman-PC</Computer><Security UserID='S-1-5-18'/></System><EventData><Data Name='RuleName'>-</Data><Data Name='UtcTime'>2023-07-23 23:09:15.026</Data><Data Name='ProcessGuid'>{758cb1f7-b314-64bd-3400-000000004200}</Data><Data Name='ProcessId'>2924</Data><Data Name='QueryName'>crl.certum.pl</Data><Data Name='QueryStatus'>9852</Data><Data Name='QueryResults'>-</Data><Data Name='Image'>C:\Windows\Sysmon.exe</Data><Data Name='User'>NT AUTHORITY\SYSTEM</Data></EventData></Event><Event xmlns='http://schemas.microsoft.com/win/2004/08/events/event'><System><Provider Name='Microsoft-Windows-Sysmon' Guid='{5770385f-c22a-43e0-bf4c-06f5698ffbd9}'/><EventID>22</EventID><Version>5</Version><Level>4</Level><Task>22</Task><Opcode>0</Opcode><Keywords>0x8000000000000000</Keywords><TimeCreated SystemTime='2023-07-23T23:09:15.7130726Z'/><EventRecordID>30550</EventRecordID><Correlation/><Execution ProcessID='2924' ThreadID='3336'/><Channel>Microsoft-Windows-Sysmon/Operational</Channel><Computer>Newman-PC</Computer><Security UserID='S-1-5-18'/></System><EventData><Data Name='RuleName'>-</Data><Data Name='UtcTime'>2023-07-23 23:09:14.600</Data><Data Name='ProcessGuid'>{758cb1f7-b314-64bd-3400-000000004200}</Data><Data Name='ProcessId'>2924</Data><Data Name='QueryName'>subca.ocsp-certum.com</Data><Data Name='QueryStatus'>9852</Data><Data Name='QueryResults'>-</Data><Data Name='Image'>C:\Windows\Sysmon.exe</Data><Data Name='User'>NT AUTHORITY\SYSTEM</Data></EventData></Event><Event xmlns='http://schemas.microsoft.com/win/2004/08/events/event'><System><Provider Name='Microsoft-Windows-Sysmon' Guid='{5770385f-c22a-43e0-bf4c-06f5698ffbd9}'/><EventID>1</EventID><Version>5</Version><Level>4</Level><Task>1</Task><Opcode>0</Opcode><Keywords>0x8000000000000000</Keywords><TimeCreated SystemTime='2023-07-23T23:09:15.4559333Z'/><EventRecordID>30549</EventRecordID><Correlation/><Execution ProcessID='2924' ThreadID='3284'/><Channel>Microsoft-Windows-Sysmon/Operational</Channel><Computer>Newman-PC</Computer><Security UserID='S-1-5-18'/></System><EventData><Data Name='RuleName'>-</Data><Data Name='UtcTime'>2023-07-23 23:09:15.431</Data><Data Name='ProcessGuid'>{758cb1f7-b31b-64bd-5900-000000004200}</Data><Data Name='ProcessId'>1072</Data><Data Name='Image'>C:\Windows\System32\wevtutil.exe</Data><Data Name='FileVersion'>10.0.22621.1778 (WinBuild.160101.0800)</Data><Data Name='Description'>Windows Event Log Utility</Data><Data Name='Product'>Microsoft® Windows® Operating System</Data><Data Name='Company'>Microsoft Corporation</Data><Data Name='OriginalFileName'>wevtutil.exe</Data><Data Name='CommandLine'>C:\Windows\system32\wevtutil.exe uninstall-manifest "C:\ProgramData\Microsoft\Windows Defender\Platform\4.18.23050.5-0\Microsoft-Antimalware-Protection.man"</Data><Data Name='CurrentDirectory'>C:\Windows\system32\</Data><Data Name='User'>NT AUTHORITY\SYSTEM</Data><Data Name='LogonGuid'>{758cb1f7-b312-64bd-e703-000000000000}</Data><Data Name='LogonId'>0x3e7</Data><Data Name='TerminalSessionId'>0</Data><Data Name='IntegrityLevel'>System</Data><Data Name='Hashes'>MD5=DFE4A9613993ECAFE6B38DEFE8D495F2,SHA256=3635324AA002EBB7FD99D50E63ACDAC0C34E831A7F35E7B33F37854557538588,IMPHASH=92CA71320A49850E970004A94EA5D695</Data><Data Name='ParentProcessGuid'>{758cb1f7-b314-64bd-3500-000000004200}</Data><Data Name='ParentProcessId'>2932</Data><Data Name='ParentImage'>C:\ProgramData\Microsoft\Windows Defender\Platform\4.18.23050.5-0\MsMpEng.exe</Data><Data Name='ParentCommandLine'>"C:\ProgramData\Microsoft\Windows Defender\Platform\4.18.23050.5-0\MsMpEng.exe"</Data><Data Name='ParentUser'>NT AUTHORITY\SYSTEM</Data></EventData></Event><Event xmlns='http://schemas.microsoft.com/win/2004/08/events/event'><System><Provider Name='Microsoft-Windows-Sysmon' Guid='{5770385f-c22a-43e0-bf4c-06f5698ffbd9}'/><EventID>1</EventID><Version>5</Version><Level>4</Level><Task>1</Task><Opcode>0</Opcode><Keywords>0x8000000000000000</Keywords><TimeCreated SystemTime='2023-07-23T23:09:14.9157261Z'/><EventRecordID>30548</EventRecordID><Correlation/><Execution ProcessID='2924' ThreadID='3284'/><Channel>Microsoft-Windows-Sysmon/Operational</Channel><Computer>Newman-PC</Computer><Security UserID='S-1-5-18'/></System><EventData><Data Name='RuleName'>-</Data><Data Name='UtcTime'>2023-07-23 23:09:14.900</Data><Data Name='ProcessGuid'>{758cb1f7-b31a-64bd-5600-000000004200}</Data><Data Name='ProcessId'>3992</Data><Data Name='Image'>C:\Windows\System32\wevtutil.exe</Data><Data Name='FileVersion'>10.0.22621.1778 (WinBuild.160101.0800)</Data><Data Name='Description'>Windows Event Log Utility</Data><Data Name='Product'>Microsoft® Windows® Operating System</Data><Data Name='Company'>Microsoft Corporation</Data><Data Name='OriginalFileName'>wevtutil.exe</Data><Data Name='CommandLine'>C:\Windows\system32\wevtutil.exe install-manifest "C:\ProgramData\Microsoft\Windows Defender\Platform\4.18.23050.5-0\Microsoft-Antimalware-RTP.man" "/resourceFilePath:C:\ProgramData\Microsoft\Windows Defender\Platform\4.18.23050.5-0\MpRtp.dll" "/messageFilePath:C:\ProgramData\Microsoft\Windows Defender\Platform\4.18.23050.5-0\MpRtp.dll" "/parameterFilePath:C:\ProgramData\Microsoft\Windows Defender\Platform\4.18.23050.5-0\MpRtp.dll"</Data><Data Name='CurrentDirectory'>C:\Windows\system32\</Data><Data Name='User'>NT AUTHORITY\SYSTEM</Data><Data Name='LogonGuid'>{758cb1f7-b312-64bd-e703-000000000000}</Data><Data Name='LogonId'>0x3e7</Data><Data Name='TerminalSessionId'>0</Data><Data Name='IntegrityLevel'>System</Data><Data Name='Hashes'>MD5=DFE4A9613993ECAFE6B38DEFE8D495F2,SHA256=3635324AA002EBB7FD99D50E63ACDAC0C34E831A7F35E7B33F37854557538588,IMPHASH=92CA71320A49850E970004A94EA5D695</Data><Data Name='ParentProcessGuid'>{758cb1f7-b314-64bd-3500-000000004200}</Data><Data Name='ParentProcessId'>2932</Data><Data Name='ParentImage'>C:\ProgramData\Microsoft\Windows Defender\Platform\4.18.23050.5-0\MsMpEng.exe</Data><Data Name='ParentCommandLine'>"C:\ProgramData\Microsoft\Windows Defender\Platform\4.18.23050.5-0\MsMpEng.exe"</Data><Data Name='ParentUser'>NT AUTHORITY\SYSTEM</Data></EventData></Event><Event xmlns='http://schemas.microsoft.com/win/2004/08/events/event'><System><Provider Name='Microsoft-Windows-Sysmon' Guid='{5770385f-c22a-43e0-bf4c-06f5698ffbd9}'/><EventID>1</EventID><Version>5</Version><Level>4</Level><Task>1</Task><Opcode>0</Opcode><Keywords>0x8000000000000000</Keywords><TimeCreated SystemTime='2023-07-23T23:09:14.7903106Z'/><EventRecordID>30547</EventRecordID><Correlation/><Execution ProcessID='2924' ThreadID='3284'/><Channel>Microsoft-Windows-Sysmon/Operational</Channel><Computer>Newman-PC</Computer><Security UserID='S-1-5-18'/></System><EventData><Data Name='RuleName'>-</Data><Data Name='UtcTime'>2023-07-23 23:09:14.770</Data><Data Name='ProcessGuid'>{758cb1f7-b31a-64bd-5500-000000004200}</Data><Data Name='ProcessId'>3836</Data><Data Name='Image'>C:\Windows\System32\taskhostw.exe</Data><Data Name='FileVersion'>10.0.22621.1635 (WinBuild.160101.0800)</Data><Data Name='Description'>Host Process for Windows Tasks</Data><Data Name='Product'>Microsoft® Windows® Operating System</Data><Data Name='Company'>Microsoft Corporation</Data><Data Name='OriginalFileName'>taskhostw.exe</Data><Data Name='CommandLine'>taskhostw.exe</Data><Data Name='CurrentDirectory'>C:\Windows\system32\</Data><Data Name='User'>NEWMAN-PC\Newman</Data><Data Name='LogonGuid'>{758cb1f7-b319-64bd-f4c5-050000000000}</Data><Data Name='LogonId'>0x5c5f4</Data><Data Name='TerminalSessionId'>1</Data><Data Name='IntegrityLevel'>High</Data><Data Name='Hashes'>MD5=4887A65FD4F6598AF4986CBC1C0E5488,SHA256=82472A84BCBB4009ADD338200F8E853FE4C5EAFE2E2C3A2D711B85BF29B72D54,IMPHASH=1C4E2D9936E4D9F2490B08AAB4D24260</Data><Data Name='ParentProcessGuid'>{758cb1f7-b312-64bd-1300-000000004200}</Data><Data Name='ParentProcessId'>1056</Data><Data Name='ParentImage'>C:\Windows\System32\svchost.exe</Data><Data Name='ParentCommandLine'>C:\Windows\system32\svchost.exe -k netsvcs -p</Data><Data Name='ParentUser'>NT AUTHORITY\SYSTEM</Data></EventData></Event><Event xmlns='http://schemas.microsoft.com/win/2004/08/events/event'><System><Provider Name='Microsoft-Windows-Sysmon' Guid='{5770385f-c22a-43e0-bf4c-06f5698ffbd9}'/><EventID>1</EventID><Version>5</Version><Level>4</Level><Task>1</Task><Opcode>0</Opcode><Keywords>0x8000000000000000</Keywords><TimeCreated SystemTime='2023-07-23T23:09:14.7888880Z'/><EventRecordID>30546</EventRecordID><Correlation/><Execution ProcessID='2924' ThreadID='3284'/><Channel>Microsoft-Windows-Sysmon/Operational</Channel><Computer>Newman-PC</Computer><Security UserID='S-1-5-18'/></System><EventData><Data Name='RuleName'>-</Data><Data Name='UtcTime'>2023-07-23 23:09:14.767</Data><Data Name='ProcessGuid'>{758cb1f7-b31a-64bd-5400-000000004200}</Data><Data Name='ProcessId'>3808</Data><Data Name='Image'>C:\Program Files (x86)\Microsoft\EdgeUpdate\MicrosoftEdgeUpdate.exe</Data><Data Name='FileVersion'>1.3.155.85</Data><Data Name='Description'>Microsoft Edge Update</Data><Data Name='Product'>Microsoft Edge Update</Data><Data Name='Company'>Microsoft Corporation</Data><Data Name='OriginalFileName'>msedgeupdate.dll</Data><Data Name='CommandLine'>"C:\Program Files (x86)\Microsoft\EdgeUpdate\MicrosoftEdgeUpdate.exe" /c</Data><Data Name='CurrentDirectory'>C:\Windows\system32\</Data><Data Name='User'>NT AUTHORITY\SYSTEM</Data><Data Name='LogonGuid'>{758cb1f7-b312-64bd-e703-000000000000}</Data><Data Name='LogonId'>0x3e7</Data><Data Name='TerminalSessionId'>0</Data><Data Name='IntegrityLevel'>System</Data><Data Name='Hashes'>MD5=A4FC8EC5BC41C41918B0C1541E4E4BE6,SHA256=54545F352215A9C0F370A01980AADCD5749A93589931662D89A974D7BD60F476,IMPHASH=E00D60405A249A05D3B09AA7FE924B17</Data><Data Name='ParentProcessGuid'>{758cb1f7-b312-64bd-1300-000000004200}</Data><Data Name='ParentProcessId'>1056</Data><Data Name='ParentImage'>C:\Windows\System32\svchost.exe</Data><Data Name='ParentCommandLine'>C:\Windows\system32\svchost.exe -k netsvcs -p</Data><Data Name='ParentUser'>NT AUTHORITY\SYSTEM</Data></EventData></Event>