<Event xmlns='http://schemas.microsoft.com/win/2004/08/events/event'><System><Provider Name='Microsoft-Windows-Sysmon' Guid='{5770385f-c22a-43e0-bf4c-06f5698ffbd9}'/><EventID>1</EventID><Version>5</Version><Level>4</Level><Task>1</Task><Opcode>0</Opcode><Keywords>0x8000000000000000</Keywords><TimeCreated SystemTime='2023-07-23T23:10:05.7301449Z'/><EventRecordID>30644</EventRecordID><Correlation/><Execution ProcessID='2924' ThreadID='3284'/><Channel>Microsoft-Windows-Sysmon/Operational</Channel><Computer>Newman-PC</Computer><Security UserID='S-1-5-18'/></System><EventData><Data Name='RuleName'>-</Data><Data Name='UtcTime'>2023-07-23 23:10:05.705</Data><Data Name='ProcessGuid'>{758cb1f7-b34d-64bd-8e00-000000004200}</Data><Data Name='ProcessId'>6708</Data><Data Name='Image'>C:\Program Files (x86)\Nmap\nmap.exe</Data><Data Name='FileVersion'>7.94</Data><Data Name='Description'>Nmap</Data><Data Name='Product'>Nmap</Data><Data Name='Company'>Insecure.Org</Data><Data Name='OriginalFileName'>nmap.exe</Data><Data Name='CommandLine'>"C:\Program Files (x86)\Nmap\nmap.exe" -sV -T4 -O -F -oX C:\Users\Newman\AppData\Local\Temp\zenmap-cjwelvey.xml --version-light 10.240.240.0/24</Data><Data Name='CurrentDirectory'>C:\Program Files (x86)\Nmap\</Data><Data Name='User'>NEWMAN-PC\Newman</Data><Data Name='LogonGuid'>{758cb1f7-b319-64bd-4ec6-050000000000}</Data><Data Name='LogonId'>0x5c64e</Data><Data Name='TerminalSessionId'>1</Data><Data Name='IntegrityLevel'>Medium</Data><Data Name='Hashes'>MD5=C7796D918785956C9235CCF3490132BF,SHA256=9C5B213A5E910E49781F540F1AB975B38BEC460C3B7B8DDA04B0C415D7C5343A,IMPHASH=5AFF993A0259F16A3997F947B2EEBD27</Data><Data Name='ParentProcessGuid'>{758cb1f7-b345-64bd-8c00-000000004200}</Data><Data Name='ParentProcessId'>6540</Data><Data Name='ParentImage'>C:\Program Files (x86)\Nmap\zenmap\bin\pythonw.exe</Data><Data Name='ParentCommandLine'>"C:\Program Files (x86)\Nmap\zenmap\bin\pythonw.exe" -c "from zenmapGUI.App import run;run()"</Data><Data Name='ParentUser'>NEWMAN-PC\Newman</Data></EventData></Event><Event xmlns='http://schemas.microsoft.com/win/2004/08/events/event'><System><Provider Name='Microsoft-Windows-Sysmon' Guid='{5770385f-c22a-43e0-bf4c-06f5698ffbd9}'/><EventID>1</EventID><Version>5</Version><Level>4</Level><Task>1</Task><Opcode>0</Opcode><Keywords>0x8000000000000000</Keywords><TimeCreated SystemTime='2023-07-23T23:09:57.9853777Z'/><EventRecordID>30643</EventRecordID><Correlation/><Execution ProcessID='2924' ThreadID='3284'/><Channel>Microsoft-Windows-Sysmon/Operational</Channel><Computer>Newman-PC</Computer><Security UserID='S-1-5-18'/></System><EventData><Data Name='RuleName'>-</Data><Data Name='UtcTime'>2023-07-23 23:09:57.980</Data><Data Name='ProcessGuid'>{758cb1f7-b345-64bd-8d00-000000004200}</Data><Data Name='ProcessId'>6568</Data><Data Name='Image'>C:\Windows\System32\pcaui.exe</Data><Data Name='FileVersion'>10.0.22621.1 (WinBuild.160101.0800)</Data><Data Name='Description'>Program Compatibility Assistant User Interface</Data><Data Name='Product'>Microsoft® Windows® Operating System</Data><Data Name='Company'>Microsoft Corporation</Data><Data Name='OriginalFileName'>pcaui.exe</Data><Data Name='CommandLine'>C:\Windows\System32\pcaui.exe -n 0 -a "" -v "" -g "" -x ""</Data><Data Name='CurrentDirectory'>C:\Windows\system32\</Data><Data Name='User'>NEWMAN-PC\Newman</Data><Data Name='LogonGuid'>{758cb1f7-b319-64bd-4ec6-050000000000}</Data><Data Name='LogonId'>0x5c64e</Data><Data Name='TerminalSessionId'>1</Data><Data Name='IntegrityLevel'>Medium</Data><Data Name='Hashes'>MD5=8D29290ADFE61369AB2D85AFEEEE5BF9,SHA256=F75AC3FA5D67CE788F1AF41C63EF93D6081B4A97BD0EB4AE41DD97ADE27C0B19,IMPHASH=1D4DB61F5E62D596A70292E2A5C1C046</Data><Data Name='ParentProcessGuid'>{758cb1f7-b312-64bd-1700-000000004200}</Data><Data Name='ParentProcessId'>1176</Data><Data Name='ParentImage'>C:\Windows\System32\svchost.exe</Data><Data Name='ParentCommandLine'>C:\Windows\System32\svchost.exe -k LocalSystemNetworkRestricted -p</Data><Data Name='ParentUser'>NT AUTHORITY\SYSTEM</Data></EventData></Event><Event xmlns='http://schemas.microsoft.com/win/2004/08/events/event'><System><Provider Name='Microsoft-Windows-Sysmon' Guid='{5770385f-c22a-43e0-bf4c-06f5698ffbd9}'/><EventID>1</EventID><Version>5</Version><Level>4</Level><Task>1</Task><Opcode>0</Opcode><Keywords>0x8000000000000000</Keywords><TimeCreated SystemTime='2023-07-23T23:09:57.9516567Z'/><EventRecordID>30642</EventRecordID><Correlation/><Execution ProcessID='2924' ThreadID='3284'/><Channel>Microsoft-Windows-Sysmon/Operational</Channel><Computer>Newman-PC</Computer><Security UserID='S-1-5-18'/></System><EventData><Data Name='RuleName'>-</Data><Data Name='UtcTime'>2023-07-23 23:09:57.946</Data><Data Name='ProcessGuid'>{758cb1f7-b345-64bd-8c00-000000004200}</Data><Data Name='ProcessId'>6540</Data><Data Name='Image'>C:\Program Files (x86)\Nmap\zenmap\bin\pythonw.exe</Data><Data Name='FileVersion'>3.10.11</Data><Data Name='Description'>Python</Data><Data Name='Product'>Python</Data><Data Name='Company'>Python Software Foundation</Data><Data Name='OriginalFileName'>pythonw.exe</Data><Data Name='CommandLine'>"C:\Program Files (x86)\Nmap\zenmap\bin\pythonw.exe" -c "from zenmapGUI.App import run;run()"</Data><Data Name='CurrentDirectory'>C:\Program Files (x86)\Nmap\</Data><Data Name='User'>NEWMAN-PC\Newman</Data><Data Name='LogonGuid'>{758cb1f7-b319-64bd-4ec6-050000000000}</Data><Data Name='LogonId'>0x5c64e</Data><Data Name='TerminalSessionId'>1</Data><Data Name='IntegrityLevel'>Medium</Data><Data Name='Hashes'>MD5=0B3043DC9F9DB2C90D6E116F0862B2D1,SHA256=5198F9DCE2295F913EA0C1D21F0E3C92296F3926E7C1DC87B0308EE0BFD140FE,IMPHASH=CF4CF1ED1C13C236668C924DFD14E4B4</Data><Data Name='ParentProcessGuid'>{758cb1f7-b31c-64bd-5d00-000000004200}</Data><Data Name='ParentProcessId'>4132</Data><Data Name='ParentImage'>C:\Windows\explorer.exe</Data><Data Name='ParentCommandLine'>C:\Windows\Explorer.EXE</Data><Data Name='ParentUser'>NEWMAN-PC\Newman</Data></EventData></Event><Event xmlns='http://schemas.microsoft.com/win/2004/08/events/event'><System><Provider Name='Microsoft-Windows-Sysmon' Guid='{5770385f-c22a-43e0-bf4c-06f5698ffbd9}'/><EventID>1</EventID><Version>5</Version><Level>4</Level><Task>1</Task><Opcode>0</Opcode><Keywords>0x8000000000000000</Keywords><TimeCreated SystemTime='2023-07-23T23:09:56.2941321Z'/><EventRecordID>30641</EventRecordID><Correlation/><Execution ProcessID='2924' ThreadID='3284'/><Channel>Microsoft-Windows-Sysmon/Operational</Channel><Computer>Newman-PC</Computer><Security UserID='S-1-5-18'/></System><EventData><Data Name='RuleName'>-</Data><Data Name='UtcTime'>2023-07-23 23:09:56.289</Data><Data Name='ProcessGuid'>{758cb1f7-b344-64bd-8b00-000000004200}</Data><Data Name='ProcessId'>6460</Data><Data Name='Image'>C:\Windows\System32\SecurityHealth\1.0.2306.10002-0\SecurityHealthHost.exe</Data><Data Name='FileVersion'>10.0.25873.1001 (WinBuild.160101.0800)</Data><Data Name='Description'>Windows Security Health Host</Data><Data Name='Product'>Microsoft® Windows® Operating System</Data><Data Name='Company'>Microsoft Corporation</Data><Data Name='OriginalFileName'>SecurityHealthHost.exe</Data><Data Name='CommandLine'>\\?\C:\Windows\System32\SecurityHealth\1.0.2306.10002-0\SecurityHealthHost.exe {08728914-3F57-4D52-9E31-49DAECA5A80A} -Embedding</Data><Data Name='CurrentDirectory'>C:\Windows\system32\</Data><Data Name='User'>NEWMAN-PC\Newman</Data><Data Name='LogonGuid'>{758cb1f7-b319-64bd-4ec6-050000000000}</Data><Data Name='LogonId'>0x5c64e</Data><Data Name='TerminalSessionId'>1</Data><Data Name='IntegrityLevel'>Medium</Data><Data Name='Hashes'>MD5=193DC58240D8AC4EC1618FFAE14CAE71,SHA256=8D771C8A91614B85416B3EB328460E80183B38F2DC35C7A26578206AF145F419,IMPHASH=FBC9E5DE00516A75FFF7C4A11857FB1D</Data><Data Name='ParentProcessGuid'>{758cb1f7-b312-64bd-0d00-000000004200}</Data><Data Name='ParentProcessId'>900</Data><Data Name='ParentImage'>C:\Windows\System32\svchost.exe</Data><Data Name='ParentCommandLine'>C:\Windows\system32\svchost.exe -k DcomLaunch -p</Data><Data Name='ParentUser'>NT AUTHORITY\SYSTEM</Data></EventData></Event><Event xmlns='http://schemas.microsoft.com/win/2004/08/events/event'><System><Provider Name='Microsoft-Windows-Sysmon' Guid='{5770385f-c22a-43e0-bf4c-06f5698ffbd9}'/><EventID>1</EventID><Version>5</Version><Level>4</Level><Task>1</Task><Opcode>0</Opcode><Keywords>0x8000000000000000</Keywords><TimeCreated SystemTime='2023-07-23T23:09:52.2877001Z'/><EventRecordID>30640</EventRecordID><Correlation/><Execution ProcessID='2924' ThreadID='3284'/><Channel>Microsoft-Windows-Sysmon/Operational</Channel><Computer>Newman-PC</Computer><Security UserID='S-1-5-18'/></System><EventData><Data Name='RuleName'>-</Data><Data Name='UtcTime'>2023-07-23 23:09:52.282</Data><Data Name='ProcessGuid'>{758cb1f7-b340-64bd-8a00-000000004200}</Data><Data Name='ProcessId'>6384</Data><Data Name='Image'>C:\Windows\System32\wlrmdr.exe</Data><Data Name='FileVersion'>10.0.22621.1 (WinBuild.160101.0800)</Data><Data Name='Description'>Windows logon reminder</Data><Data Name='Product'>Microsoft® Windows® Operating System</Data><Data Name='Company'>Microsoft Corporation</Data><Data Name='OriginalFileName'>WLRMNDR.EXE</Data><Data Name='CommandLine'> -c -s 0 -f 0 -t Empty -m Empty -a 0 -u Empty</Data><Data Name='CurrentDirectory'>C:\Windows\system32\</Data><Data Name='User'>NEWMAN-PC\Newman</Data><Data Name='LogonGuid'>{758cb1f7-b319-64bd-4ec6-050000000000}</Data><Data Name='LogonId'>0x5c64e</Data><Data Name='TerminalSessionId'>1</Data><Data Name='IntegrityLevel'>Medium</Data><Data Name='Hashes'>MD5=624184528091DAA448D0FD412FD7E178,SHA256=CCCA8B15B974977C0FE467DF44DF99451900521173AE602D8C144172FED67187,IMPHASH=5300F56B60921830A01F38BA09708878</Data><Data Name='ParentProcessGuid'>{758cb1f7-b312-64bd-0a00-000000004200}</Data><Data Name='ParentProcessId'>728</Data><Data Name='ParentImage'>C:\Windows\System32\winlogon.exe</Data><Data Name='ParentCommandLine'>winlogon.exe</Data><Data Name='ParentUser'>NT AUTHORITY\SYSTEM</Data></EventData></Event><Event xmlns='http://schemas.microsoft.com/win/2004/08/events/event'><System><Provider Name='Microsoft-Windows-Sysmon' Guid='{5770385f-c22a-43e0-bf4c-06f5698ffbd9}'/><EventID>1</EventID><Version>5</Version><Level>4</Level><Task>1</Task><Opcode>0</Opcode><Keywords>0x8000000000000000</Keywords><TimeCreated SystemTime='2023-07-23T23:09:45.2101274Z'/><EventRecordID>30639</EventRecordID><Correlation/><Execution ProcessID='2924' ThreadID='3284'/><Channel>Microsoft-Windows-Sysmon/Operational</Channel><Computer>Newman-PC</Computer><Security UserID='S-1-5-18'/></System><EventData><Data Name='RuleName'>-</Data><Data Name='UtcTime'>2023-07-23 23:09:45.207</Data><Data Name='ProcessGuid'>{758cb1f7-b339-64bd-8900-000000004200}</Data><Data Name='ProcessId'>6336</Data><Data Name='Image'>C:\Windows\System32\taskhostw.exe</Data><Data Name='FileVersion'>10.0.22621.1635 (WinBuild.160101.0800)</Data><Data Name='Description'>Host Process for Windows Tasks</Data><Data Name='Product'>Microsoft® Windows® Operating System</Data><Data Name='Company'>Microsoft Corporation</Data><Data Name='OriginalFileName'>taskhostw.exe</Data><Data Name='CommandLine'>taskhostw.exe SyncFromCloud</Data><Data Name='CurrentDirectory'>C:\Windows\system32\</Data><Data Name='User'>NEWMAN-PC\Newman</Data><Data Name='LogonGuid'>{758cb1f7-b319-64bd-4ec6-050000000000}</Data><Data Name='LogonId'>0x5c64e</Data><Data Name='TerminalSessionId'>1</Data><Data Name='IntegrityLevel'>Medium</Data><Data Name='Hashes'>MD5=4887A65FD4F6598AF4986CBC1C0E5488,SHA256=82472A84BCBB4009ADD338200F8E853FE4C5EAFE2E2C3A2D711B85BF29B72D54,IMPHASH=1C4E2D9936E4D9F2490B08AAB4D24260</Data><Data Name='ParentProcessGuid'>{758cb1f7-b312-64bd-1300-000000004200}</Data><Data Name='ParentProcessId'>1056</Data><Data Name='ParentImage'>C:\Windows\System32\svchost.exe</Data><Data Name='ParentCommandLine'>C:\Windows\system32\svchost.exe -k netsvcs -p</Data><Data Name='ParentUser'>NT AUTHORITY\SYSTEM</Data></EventData></Event><Event xmlns='http://schemas.microsoft.com/win/2004/08/events/event'><System><Provider Name='Microsoft-Windows-Sysmon' Guid='{5770385f-c22a-43e0-bf4c-06f5698ffbd9}'/><EventID>13</EventID><Version>2</Version><Level>4</Level><Task>13</Task><Opcode>0</Opcode><Keywords>0x8000000000000000</Keywords><TimeCreated SystemTime='2023-07-23T23:09:28.8272459Z'/><EventRecordID>30638</EventRecordID><Correlation/><Execution ProcessID='2924' ThreadID='3284'/><Channel>Microsoft-Windows-Sysmon/Operational</Channel><Computer>Newman-PC</Computer><Security UserID='S-1-5-18'/></System><EventData><Data Name='RuleName'>T1042</Data><Data Name='EventType'>SetValue</Data><Data Name='UtcTime'>2023-07-23 23:09:28.813</Data><Data Name='ProcessGuid'>{758cb1f7-b328-64bd-8500-000000004200}</Data><Data Name='ProcessId'>3204</Data><Data Name='Image'>C:\Users\Newman\AppData\Local\Microsoft\OneDrive\OneDrive.exe</Data><Data Name='TargetObject'>HKU\S-1-5-21-2404277346-2099594652-1884649452-1010_Classes\grvopen\shell\open\command\(Default)</Data><Data Name='Details'>"C:\Users\Newman\AppData\Local\Microsoft\OneDrive\OneDrive.exe" /url:"%%1"</Data><Data Name='User'>NEWMAN-PC\Newman</Data></EventData></Event><Event xmlns='http://schemas.microsoft.com/win/2004/08/events/event'><System><Provider Name='Microsoft-Windows-Sysmon' Guid='{5770385f-c22a-43e0-bf4c-06f5698ffbd9}'/><EventID>13</EventID><Version>2</Version><Level>4</Level><Task>13</Task><Opcode>0</Opcode><Keywords>0x8000000000000000</Keywords><TimeCreated SystemTime='2023-07-23T23:09:28.8271750Z'/><EventRecordID>30637</EventRecordID><Correlation/><Execution ProcessID='2924' ThreadID='3284'/><Channel>Microsoft-Windows-Sysmon/Operational</Channel><Computer>Newman-PC</Computer><Security UserID='S-1-5-18'/></System><EventData><Data Name='RuleName'>T1042</Data><Data Name='EventType'>SetValue</Data><Data Name='UtcTime'>2023-07-23 23:09:28.813</Data><Data Name='ProcessGuid'>{758cb1f7-b328-64bd-8500-000000004200}</Data><Data Name='ProcessId'>3204</Data><Data Name='Image'>C:\Users\Newman\AppData\Local\Microsoft\OneDrive\OneDrive.exe</Data><Data Name='TargetObject'>HKU\S-1-5-21-2404277346-2099594652-1884649452-1010_Classes\grvopen\shell\open\command\(Default)</Data><Data Name='Details'>"C:\Users\Newman\AppData\Local\Microsoft\OneDrive\OneDrive.exe" /url:"%%1"</Data><Data Name='User'>NEWMAN-PC\Newman</Data></EventData></Event><Event xmlns='http://schemas.microsoft.com/win/2004/08/events/event'><System><Provider Name='Microsoft-Windows-Sysmon' Guid='{5770385f-c22a-43e0-bf4c-06f5698ffbd9}'/><EventID>13</EventID><Version>2</Version><Level>4</Level><Task>13</Task><Opcode>0</Opcode><Keywords>0x8000000000000000</Keywords><TimeCreated SystemTime='2023-07-23T23:09:28.5645471Z'/><EventRecordID>30636</EventRecordID><Correlation/><Execution ProcessID='2924' ThreadID='3284'/><Channel>Microsoft-Windows-Sysmon/Operational</Channel><Computer>Newman-PC</Computer><Security UserID='S-1-5-18'/></System><EventData><Data Name='RuleName'>T1042</Data><Data Name='EventType'>SetValue</Data><Data Name='UtcTime'>2023-07-23 23:09:28.509</Data><Data Name='ProcessGuid'>{758cb1f7-b328-64bd-8500-000000004200}</Data><Data Name='ProcessId'>3204</Data><Data Name='Image'>C:\Users\Newman\AppData\Local\Microsoft\OneDrive\OneDrive.exe</Data><Data Name='TargetObject'>HKU\S-1-5-21-2404277346-2099594652-1884649452-1010_Classes\grvopen\shell\open\command\(Default)</Data><Data Name='Details'>"C:\Users\Newman\AppData\Local\Microsoft\OneDrive\OneDrive.exe" /url:"%%1"</Data><Data Name='User'>NEWMAN-PC\Newman</Data></EventData></Event><Event xmlns='http://schemas.microsoft.com/win/2004/08/events/event'><System><Provider Name='Microsoft-Windows-Sysmon' Guid='{5770385f-c22a-43e0-bf4c-06f5698ffbd9}'/><EventID>13</EventID><Version>2</Version><Level>4</Level><Task>13</Task><Opcode>0</Opcode><Keywords>0x8000000000000000</Keywords><TimeCreated SystemTime='2023-07-23T23:09:28.5644819Z'/><EventRecordID>30635</EventRecordID><Correlation/><Execution ProcessID='2924' ThreadID='3284'/><Channel>Microsoft-Windows-Sysmon/Operational</Channel><Computer>Newman-PC</Computer><Security UserID='S-1-5-18'/></System><EventData><Data Name='RuleName'>T1042</Data><Data Name='EventType'>SetValue</Data><Data Name='UtcTime'>2023-07-23 23:09:28.509</Data><Data Name='ProcessGuid'>{758cb1f7-b328-64bd-8500-000000004200}</Data><Data Name='ProcessId'>3204</Data><Data Name='Image'>C:\Users\Newman\AppData\Local\Microsoft\OneDrive\OneDrive.exe</Data><Data Name='TargetObject'>HKU\S-1-5-21-2404277346-2099594652-1884649452-1010_Classes\grvopen\shell\open\command\(Default)</Data><Data Name='Details'>"C:\Users\Newman\AppData\Local\Microsoft\OneDrive\OneDrive.exe" /url:"%%1"</Data><Data Name='User'>NEWMAN-PC\Newman</Data></EventData></Event><Event xmlns='http://schemas.microsoft.com/win/2004/08/events/event'><System><Provider Name='Microsoft-Windows-Sysmon' Guid='{5770385f-c22a-43e0-bf4c-06f5698ffbd9}'/><EventID>13</EventID><Version>2</Version><Level>4</Level><Task>13</Task><Opcode>0</Opcode><Keywords>0x8000000000000000</Keywords><TimeCreated SystemTime='2023-07-23T23:09:28.5643318Z'/><EventRecordID>30634</EventRecordID><Correlation/><Execution ProcessID='2924' ThreadID='3284'/><Channel>Microsoft-Windows-Sysmon/Operational</Channel><Computer>Newman-PC</Computer><Security UserID='S-1-5-18'/></System><EventData><Data Name='RuleName'>T1042</Data><Data Name='EventType'>SetValue</Data><Data Name='UtcTime'>2023-07-23 23:09:28.509</Data><Data Name='ProcessGuid'>{758cb1f7-b328-64bd-8500-000000004200}</Data><Data Name='ProcessId'>3204</Data><Data Name='Image'>C:\Users\Newman\AppData\Local\Microsoft\OneDrive\OneDrive.exe</Data><Data Name='TargetObject'>HKU\S-1-5-21-2404277346-2099594652-1884649452-1010_Classes\odopen\shell\open\command\(Default)</Data><Data Name='Details'>"C:\Users\Newman\AppData\Local\Microsoft\OneDrive\OneDrive.exe" /url:"%%1"</Data><Data Name='User'>NEWMAN-PC\Newman</Data></EventData></Event><Event xmlns='http://schemas.microsoft.com/win/2004/08/events/event'><System><Provider Name='Microsoft-Windows-Sysmon' Guid='{5770385f-c22a-43e0-bf4c-06f5698ffbd9}'/><EventID>13</EventID><Version>2</Version><Level>4</Level><Task>13</Task><Opcode>0</Opcode><Keywords>0x8000000000000000</Keywords><TimeCreated SystemTime='2023-07-23T23:09:28.5642652Z'/><EventRecordID>30633</EventRecordID><Correlation/><Execution ProcessID='2924' ThreadID='3284'/><Channel>Microsoft-Windows-Sysmon/Operational</Channel><Computer>Newman-PC</Computer><Security UserID='S-1-5-18'/></System><EventData><Data Name='RuleName'>T1042</Data><Data Name='EventType'>SetValue</Data><Data Name='UtcTime'>2023-07-23 23:09:28.509</Data><Data Name='ProcessGuid'>{758cb1f7-b328-64bd-8500-000000004200}</Data><Data Name='ProcessId'>3204</Data><Data Name='Image'>C:\Users\Newman\AppData\Local\Microsoft\OneDrive\OneDrive.exe</Data><Data Name='TargetObject'>HKU\S-1-5-21-2404277346-2099594652-1884649452-1010_Classes\odopen\shell\open\command\(Default)</Data><Data Name='Details'>"C:\Users\Newman\AppData\Local\Microsoft\OneDrive\OneDrive.exe" /url:"%%1"</Data><Data Name='User'>NEWMAN-PC\Newman</Data></EventData></Event><Event xmlns='http://schemas.microsoft.com/win/2004/08/events/event'><System><Provider Name='Microsoft-Windows-Sysmon' Guid='{5770385f-c22a-43e0-bf4c-06f5698ffbd9}'/><EventID>13</EventID><Version>2</Version><Level>4</Level><Task>13</Task><Opcode>0</Opcode><Keywords>0x8000000000000000</Keywords><TimeCreated SystemTime='2023-07-23T23:09:28.5628580Z'/><EventRecordID>30632</EventRecordID><Correlation/><Execution ProcessID='2924' ThreadID='3284'/><Channel>Microsoft-Windows-Sysmon/Operational</Channel><Computer>Newman-PC</Computer><Security UserID='S-1-5-18'/></System><EventData><Data Name='RuleName'>T1122</Data><Data Name='EventType'>SetValue</Data><Data Name='UtcTime'>2023-07-23 23:09:28.499</Data><Data Name='ProcessGuid'>{758cb1f7-b328-64bd-8500-000000004200}</Data><Data Name='ProcessId'>3204</Data><Data Name='Image'>C:\Users\Newman\AppData\Local\Microsoft\OneDrive\OneDrive.exe</Data><Data Name='TargetObject'>HKU\S-1-5-21-2404277346-2099594652-1884649452-1010_Classes\CLSID\{4410DC33-BC7C-496B-AA84-4AEA3EEE75F7}\InProcServer32\(Default)</Data><Data Name='Details'>C:\Users\Newman\AppData\Local\Microsoft\OneDrive\23.132.0625.0001\FileCoAuthLib64.dll</Data><Data Name='User'>NEWMAN-PC\Newman</Data></EventData></Event><Event xmlns='http://schemas.microsoft.com/win/2004/08/events/event'><System><Provider Name='Microsoft-Windows-Sysmon' Guid='{5770385f-c22a-43e0-bf4c-06f5698ffbd9}'/><EventID>13</EventID><Version>2</Version><Level>4</Level><Task>13</Task><Opcode>0</Opcode><Keywords>0x8000000000000000</Keywords><TimeCreated SystemTime='2023-07-23T23:09:28.5580827Z'/><EventRecordID>30631</EventRecordID><Correlation/><Execution ProcessID='2924' ThreadID='3284'/><Channel>Microsoft-Windows-Sysmon/Operational</Channel><Computer>Newman-PC</Computer><Security UserID='S-1-5-18'/></System><EventData><Data Name='RuleName'>T1122</Data><Data Name='EventType'>SetValue</Data><Data Name='UtcTime'>2023-07-23 23:09:28.499</Data><Data Name='ProcessGuid'>{758cb1f7-b328-64bd-8500-000000004200}</Data><Data Name='ProcessId'>3204</Data><Data Name='Image'>C:\Users\Newman\AppData\Local\Microsoft\OneDrive\OneDrive.exe</Data><Data Name='TargetObject'>HKU\S-1-5-21-2404277346-2099594652-1884649452-1010_Classes\WOW6432Node\CLSID\{4410DC33-BC7C-496B-AA84-4AEA3EEE75F7}\InProcServer32\(Default)</Data><Data Name='Details'>C:\Users\Newman\AppData\Local\Microsoft\OneDrive\23.132.0625.0001\i386\FileCoAuthLib.dll</Data><Data Name='User'>NEWMAN-PC\Newman</Data></EventData></Event><Event xmlns='http://schemas.microsoft.com/win/2004/08/events/event'><System><Provider Name='Microsoft-Windows-Sysmon' Guid='{5770385f-c22a-43e0-bf4c-06f5698ffbd9}'/><EventID>13</EventID><Version>2</Version><Level>4</Level><Task>13</Task><Opcode>0</Opcode><Keywords>0x8000000000000000</Keywords><TimeCreated SystemTime='2023-07-23T23:09:28.5490626Z'/><EventRecordID>30630</EventRecordID><Correlation/><Execution ProcessID='2924' ThreadID='3284'/><Channel>Microsoft-Windows-Sysmon/Operational</Channel><Computer>Newman-PC</Computer><Security UserID='S-1-5-18'/></System><EventData><Data Name='RuleName'>-</Data><Data Name='EventType'>SetValue</Data><Data Name='UtcTime'>2023-07-23 23:09:28.493</Data><Data Name='ProcessGuid'>{758cb1f7-b328-64bd-8500-000000004200}</Data><Data Name='ProcessId'>3204</Data><Data Name='Image'>C:\Users\Newman\AppData\Local\Microsoft\OneDrive\OneDrive.exe</Data><Data Name='TargetObject'>HKU\S-1-5-21-2404277346-2099594652-1884649452-1010_Classes\lnkfile\shellex\ContextMenuHandlers\ FileSyncEx\(Default)</Data><Data Name='Details'>{CB3D0F55-BC2C-4C1A-85ED-23ED75B5106B}</Data><Data Name='User'>NEWMAN-PC\Newman</Data></EventData></Event><Event xmlns='http://schemas.microsoft.com/win/2004/08/events/event'><System><Provider Name='Microsoft-Windows-Sysmon' Guid='{5770385f-c22a-43e0-bf4c-06f5698ffbd9}'/><EventID>13</EventID><Version>2</Version><Level>4</Level><Task>13</Task><Opcode>0</Opcode><Keywords>0x8000000000000000</Keywords><TimeCreated SystemTime='2023-07-23T23:09:28.5490067Z'/><EventRecordID>30629</EventRecordID><Correlation/><Execution ProcessID='2924' ThreadID='3284'/><Channel>Microsoft-Windows-Sysmon/Operational</Channel><Computer>Newman-PC</Computer><Security UserID='S-1-5-18'/></System><EventData><Data Name='RuleName'>-</Data><Data Name='EventType'>SetValue</Data><Data Name='UtcTime'>2023-07-23 23:09:28.493</Data><Data Name='ProcessGuid'>{758cb1f7-b328-64bd-8500-000000004200}</Data><Data Name='ProcessId'>3204</Data><Data Name='Image'>C:\Users\Newman\AppData\Local\Microsoft\OneDrive\OneDrive.exe</Data><Data Name='TargetObject'>HKU\S-1-5-21-2404277346-2099594652-1884649452-1010_Classes\lnkfile\shellex\ContextMenuHandlers\ FileSyncEx\(Default)</Data><Data Name='Details'>{CB3D0F55-BC2C-4C1A-85ED-23ED75B5106B}</Data><Data Name='User'>NEWMAN-PC\Newman</Data></EventData></Event><Event xmlns='http://schemas.microsoft.com/win/2004/08/events/event'><System><Provider Name='Microsoft-Windows-Sysmon' Guid='{5770385f-c22a-43e0-bf4c-06f5698ffbd9}'/><EventID>13</EventID><Version>2</Version><Level>4</Level><Task>13</Task><Opcode>0</Opcode><Keywords>0x8000000000000000</Keywords><TimeCreated SystemTime='2023-07-23T23:09:28.5489495Z'/><EventRecordID>30628</EventRecordID><Correlation/><Execution ProcessID='2924' ThreadID='3284'/><Channel>Microsoft-Windows-Sysmon/Operational</Channel><Computer>Newman-PC</Computer><Security UserID='S-1-5-18'/></System><EventData><Data Name='RuleName'>-</Data><Data Name='EventType'>SetValue</Data><Data Name='UtcTime'>2023-07-23 23:09:28.493</Data><Data Name='ProcessGuid'>{758cb1f7-b328-64bd-8500-000000004200}</Data><Data Name='ProcessId'>3204</Data><Data Name='Image'>C:\Users\Newman\AppData\Local\Microsoft\OneDrive\OneDrive.exe</Data><Data Name='TargetObject'>HKU\S-1-5-21-2404277346-2099594652-1884649452-1010_Classes\IE.AssocFile.URL\shellex\ContextMenuHandlers\ FileSyncEx\(Default)</Data><Data Name='Details'>{CB3D0F55-BC2C-4C1A-85ED-23ED75B5106B}</Data><Data Name='User'>NEWMAN-PC\Newman</Data></EventData></Event><Event xmlns='http://schemas.microsoft.com/win/2004/08/events/event'><System><Provider Name='Microsoft-Windows-Sysmon' Guid='{5770385f-c22a-43e0-bf4c-06f5698ffbd9}'/><EventID>13</EventID><Version>2</Version><Level>4</Level><Task>13</Task><Opcode>0</Opcode><Keywords>0x8000000000000000</Keywords><TimeCreated SystemTime='2023-07-23T23:09:28.5488909Z'/><EventRecordID>30627</EventRecordID><Correlation/><Execution ProcessID='2924' ThreadID='3284'/><Channel>Microsoft-Windows-Sysmon/Operational</Channel><Computer>Newman-PC</Computer><Security UserID='S-1-5-18'/></System><EventData><Data Name='RuleName'>-</Data><Data Name='EventType'>SetValue</Data><Data Name='UtcTime'>2023-07-23 23:09:28.493</Data><Data Name='ProcessGuid'>{758cb1f7-b328-64bd-8500-000000004200}</Data><Data Name='ProcessId'>3204</Data><Data Name='Image'>C:\Users\Newman\AppData\Local\Microsoft\OneDrive\OneDrive.exe</Data><Data Name='TargetObject'>HKU\S-1-5-21-2404277346-2099594652-1884649452-1010_Classes\IE.AssocFile.URL\shellex\ContextMenuHandlers\ FileSyncEx\(Default)</Data><Data Name='Details'>{CB3D0F55-BC2C-4C1A-85ED-23ED75B5106B}</Data><Data Name='User'>NEWMAN-PC\Newman</Data></EventData></Event><Event xmlns='http://schemas.microsoft.com/win/2004/08/events/event'><System><Provider Name='Microsoft-Windows-Sysmon' Guid='{5770385f-c22a-43e0-bf4c-06f5698ffbd9}'/><EventID>13</EventID><Version>2</Version><Level>4</Level><Task>13</Task><Opcode>0</Opcode><Keywords>0x8000000000000000</Keywords><TimeCreated SystemTime='2023-07-23T23:09:28.5488315Z'/><EventRecordID>30626</EventRecordID><Correlation/><Execution ProcessID='2924' ThreadID='3284'/><Channel>Microsoft-Windows-Sysmon/Operational</Channel><Computer>Newman-PC</Computer><Security UserID='S-1-5-18'/></System><EventData><Data Name='RuleName'>-</Data><Data Name='EventType'>SetValue</Data><Data Name='UtcTime'>2023-07-23 23:09:28.493</Data><Data Name='ProcessGuid'>{758cb1f7-b328-64bd-8500-000000004200}</Data><Data Name='ProcessId'>3204</Data><Data Name='Image'>C:\Users\Newman\AppData\Local\Microsoft\OneDrive\OneDrive.exe</Data><Data Name='TargetObject'>HKU\S-1-5-21-2404277346-2099594652-1884649452-1010_Classes\Directory\shellex\ContextMenuHandlers\ FileSyncEx\(Default)</Data><Data Name='Details'>{CB3D0F55-BC2C-4C1A-85ED-23ED75B5106B}</Data><Data Name='User'>NEWMAN-PC\Newman</Data></EventData></Event><Event xmlns='http://schemas.microsoft.com/win/2004/08/events/event'><System><Provider Name='Microsoft-Windows-Sysmon' Guid='{5770385f-c22a-43e0-bf4c-06f5698ffbd9}'/><EventID>13</EventID><Version>2</Version><Level>4</Level><Task>13</Task><Opcode>0</Opcode><Keywords>0x8000000000000000</Keywords><TimeCreated SystemTime='2023-07-23T23:09:28.5487774Z'/><EventRecordID>30625</EventRecordID><Correlation/><Execution ProcessID='2924' ThreadID='3284'/><Channel>Microsoft-Windows-Sysmon/Operational</Channel><Computer>Newman-PC</Computer><Security UserID='S-1-5-18'/></System><EventData><Data Name='RuleName'>-</Data><Data Name='EventType'>SetValue</Data><Data Name='UtcTime'>2023-07-23 23:09:28.493</Data><Data Name='ProcessGuid'>{758cb1f7-b328-64bd-8500-000000004200}</Data><Data Name='ProcessId'>3204</Data><Data Name='Image'>C:\Users\Newman\AppData\Local\Microsoft\OneDrive\OneDrive.exe</Data><Data Name='TargetObject'>HKU\S-1-5-21-2404277346-2099594652-1884649452-1010_Classes\Directory\shellex\ContextMenuHandlers\ FileSyncEx\(Default)</Data><Data Name='Details'>{CB3D0F55-BC2C-4C1A-85ED-23ED75B5106B}</Data><Data Name='User'>NEWMAN-PC\Newman</Data></EventData></Event><Event xmlns='http://schemas.microsoft.com/win/2004/08/events/event'><System><Provider Name='Microsoft-Windows-Sysmon' Guid='{5770385f-c22a-43e0-bf4c-06f5698ffbd9}'/><EventID>13</EventID><Version>2</Version><Level>4</Level><Task>13</Task><Opcode>0</Opcode><Keywords>0x8000000000000000</Keywords><TimeCreated SystemTime='2023-07-23T23:09:28.5487232Z'/><EventRecordID>30624</EventRecordID><Correlation/><Execution ProcessID='2924' ThreadID='3284'/><Channel>Microsoft-Windows-Sysmon/Operational</Channel><Computer>Newman-PC</Computer><Security UserID='S-1-5-18'/></System><EventData><Data Name='RuleName'>-</Data><Data Name='EventType'>SetValue</Data><Data Name='UtcTime'>2023-07-23 23:09:28.493</Data><Data Name='ProcessGuid'>{758cb1f7-b328-64bd-8500-000000004200}</Data><Data Name='ProcessId'>3204</Data><Data Name='Image'>C:\Users\Newman\AppData\Local\Microsoft\OneDrive\OneDrive.exe</Data><Data Name='TargetObject'>HKU\S-1-5-21-2404277346-2099594652-1884649452-1010_Classes\Directory\Background\shellex\ContextMenuHandlers\ FileSyncEx\(Default)</Data><Data Name='Details'>{CB3D0F55-BC2C-4C1A-85ED-23ED75B5106B}</Data><Data Name='User'>NEWMAN-PC\Newman</Data></EventData></Event><Event xmlns='http://schemas.microsoft.com/win/2004/08/events/event'><System><Provider Name='Microsoft-Windows-Sysmon' Guid='{5770385f-c22a-43e0-bf4c-06f5698ffbd9}'/><EventID>13</EventID><Version>2</Version><Level>4</Level><Task>13</Task><Opcode>0</Opcode><Keywords>0x8000000000000000</Keywords><TimeCreated SystemTime='2023-07-23T23:09:28.5486632Z'/><EventRecordID>30623</EventRecordID><Correlation/><Execution ProcessID='2924' ThreadID='3284'/><Channel>Microsoft-Windows-Sysmon/Operational</Channel><Computer>Newman-PC</Computer><Security UserID='S-1-5-18'/></System><EventData><Data Name='RuleName'>-</Data><Data Name='EventType'>SetValue</Data><Data Name='UtcTime'>2023-07-23 23:09:28.493</Data><Data Name='ProcessGuid'>{758cb1f7-b328-64bd-8500-000000004200}</Data><Data Name='ProcessId'>3204</Data><Data Name='Image'>C:\Users\Newman\AppData\Local\Microsoft\OneDrive\OneDrive.exe</Data><Data Name='TargetObject'>HKU\S-1-5-21-2404277346-2099594652-1884649452-1010_Classes\Directory\Background\shellex\ContextMenuHandlers\ FileSyncEx\(Default)</Data><Data Name='Details'>{CB3D0F55-BC2C-4C1A-85ED-23ED75B5106B}</Data><Data Name='User'>NEWMAN-PC\Newman</Data></EventData></Event><Event xmlns='http://schemas.microsoft.com/win/2004/08/events/event'><System><Provider Name='Microsoft-Windows-Sysmon' Guid='{5770385f-c22a-43e0-bf4c-06f5698ffbd9}'/><EventID>13</EventID><Version>2</Version><Level>4</Level><Task>13</Task><Opcode>0</Opcode><Keywords>0x8000000000000000</Keywords><TimeCreated SystemTime='2023-07-23T23:09:28.5486075Z'/><EventRecordID>30622</EventRecordID><Correlation/><Execution ProcessID='2924' ThreadID='3284'/><Channel>Microsoft-Windows-Sysmon/Operational</Channel><Computer>Newman-PC</Computer><Security UserID='S-1-5-18'/></System><EventData><Data Name='RuleName'>-</Data><Data Name='EventType'>SetValue</Data><Data Name='UtcTime'>2023-07-23 23:09:28.493</Data><Data Name='ProcessGuid'>{758cb1f7-b328-64bd-8500-000000004200}</Data><Data Name='ProcessId'>3204</Data><Data Name='Image'>C:\Users\Newman\AppData\Local\Microsoft\OneDrive\OneDrive.exe</Data><Data Name='TargetObject'>HKU\S-1-5-21-2404277346-2099594652-1884649452-1010_Classes\*\shellex\ContextMenuHandlers\ FileSyncEx\(Default)</Data><Data Name='Details'>{CB3D0F55-BC2C-4C1A-85ED-23ED75B5106B}</Data><Data Name='User'>NEWMAN-PC\Newman</Data></EventData></Event><Event xmlns='http://schemas.microsoft.com/win/2004/08/events/event'><System><Provider Name='Microsoft-Windows-Sysmon' Guid='{5770385f-c22a-43e0-bf4c-06f5698ffbd9}'/><EventID>13</EventID><Version>2</Version><Level>4</Level><Task>13</Task><Opcode>0</Opcode><Keywords>0x8000000000000000</Keywords><TimeCreated SystemTime='2023-07-23T23:09:28.5485160Z'/><EventRecordID>30621</EventRecordID><Correlation/><Execution ProcessID='2924' ThreadID='3284'/><Channel>Microsoft-Windows-Sysmon/Operational</Channel><Computer>Newman-PC</Computer><Security UserID='S-1-5-18'/></System><EventData><Data Name='RuleName'>-</Data><Data Name='EventType'>SetValue</Data><Data Name='UtcTime'>2023-07-23 23:09:28.493</Data><Data Name='ProcessGuid'>{758cb1f7-b328-64bd-8500-000000004200}</Data><Data Name='ProcessId'>3204</Data><Data Name='Image'>C:\Users\Newman\AppData\Local\Microsoft\OneDrive\OneDrive.exe</Data><Data Name='TargetObject'>HKU\S-1-5-21-2404277346-2099594652-1884649452-1010_Classes\*\shellex\ContextMenuHandlers\ FileSyncEx\(Default)</Data><Data Name='Details'>{CB3D0F55-BC2C-4C1A-85ED-23ED75B5106B}</Data><Data Name='User'>NEWMAN-PC\Newman</Data></EventData></Event><Event xmlns='http://schemas.microsoft.com/win/2004/08/events/event'><System><Provider Name='Microsoft-Windows-Sysmon' Guid='{5770385f-c22a-43e0-bf4c-06f5698ffbd9}'/><EventID>13</EventID><Version>2</Version><Level>4</Level><Task>13</Task><Opcode>0</Opcode><Keywords>0x8000000000000000</Keywords><TimeCreated SystemTime='2023-07-23T23:09:28.5484475Z'/><EventRecordID>30620</EventRecordID><Correlation/><Execution ProcessID='2924' ThreadID='3284'/><Channel>Microsoft-Windows-Sysmon/Operational</Channel><Computer>Newman-PC</Computer><Security UserID='S-1-5-18'/></System><EventData><Data Name='RuleName'>T1122</Data><Data Name='EventType'>SetValue</Data><Data Name='UtcTime'>2023-07-23 23:09:28.493</Data><Data Name='ProcessGuid'>{758cb1f7-b328-64bd-8500-000000004200}</Data><Data Name='ProcessId'>3204</Data><Data Name='Image'>C:\Users\Newman\AppData\Local\Microsoft\OneDrive\OneDrive.exe</Data><Data Name='TargetObject'>HKU\S-1-5-21-2404277346-2099594652-1884649452-1010_Classes\WOW6432Node\CLSID\{CB3D0F55-BC2C-4C1A-85ED-23ED75B5106B}\InprocServer32\(Default)</Data><Data Name='Details'>C:\Users\Newman\AppData\Local\Microsoft\OneDrive\23.132.0625.0001\i386\FileSyncShell.dll</Data><Data Name='User'>NEWMAN-PC\Newman</Data></EventData></Event><Event xmlns='http://schemas.microsoft.com/win/2004/08/events/event'><System><Provider Name='Microsoft-Windows-Sysmon' Guid='{5770385f-c22a-43e0-bf4c-06f5698ffbd9}'/><EventID>13</EventID><Version>2</Version><Level>4</Level><Task>13</Task><Opcode>0</Opcode><Keywords>0x8000000000000000</Keywords><TimeCreated SystemTime='2023-07-23T23:09:28.5483583Z'/><EventRecordID>30619</EventRecordID><Correlation/><Execution ProcessID='2924' ThreadID='3284'/><Channel>Microsoft-Windows-Sysmon/Operational</Channel><Computer>Newman-PC</Computer><Security UserID='S-1-5-18'/></System><EventData><Data Name='RuleName'>T1122</Data><Data Name='EventType'>SetValue</Data><Data Name='UtcTime'>2023-07-23 23:09:28.493</Data><Data Name='ProcessGuid'>{758cb1f7-b328-64bd-8500-000000004200}</Data><Data Name='ProcessId'>3204</Data><Data Name='Image'>C:\Users\Newman\AppData\Local\Microsoft\OneDrive\OneDrive.exe</Data><Data Name='TargetObject'>HKU\S-1-5-21-2404277346-2099594652-1884649452-1010_Classes\CLSID\{CB3D0F55-BC2C-4C1A-85ED-23ED75B5106B}\InprocServer32\(Default)</Data><Data Name='Details'>C:\Users\Newman\AppData\Local\Microsoft\OneDrive\23.132.0625.0001\FileSyncShell64.dll</Data><Data Name='User'>NEWMAN-PC\Newman</Data></EventData></Event><Event xmlns='http://schemas.microsoft.com/win/2004/08/events/event'><System><Provider Name='Microsoft-Windows-Sysmon' Guid='{5770385f-c22a-43e0-bf4c-06f5698ffbd9}'/><EventID>13</EventID><Version>2</Version><Level>4</Level><Task>13</Task><Opcode>0</Opcode><Keywords>0x8000000000000000</Keywords><TimeCreated SystemTime='2023-07-23T23:09:28.5479392Z'/><EventRecordID>30618</EventRecordID><Correlation/><Execution ProcessID='2924' ThreadID='3284'/><Channel>Microsoft-Windows-Sysmon/Operational</Channel><Computer>Newman-PC</Computer><Security UserID='S-1-5-18'/></System><EventData><Data Name='RuleName'>T1122</Data><Data Name='EventType'>SetValue</Data><Data Name='UtcTime'>2023-07-23 23:09:28.493</Data><Data Name='ProcessGuid'>{758cb1f7-b328-64bd-8500-000000004200}</Data><Data Name='ProcessId'>3204</Data><Data Name='Image'>C:\Users\Newman\AppData\Local\Microsoft\OneDrive\OneDrive.exe</Data><Data Name='TargetObject'>HKU\S-1-5-21-2404277346-2099594652-1884649452-1010_Classes\WOW6432Node\CLSID\{20894375-46AE-46E2-BAFD-CB38975CDCE6}\InprocServer32\(Default)</Data><Data Name='Details'>C:\Users\Newman\AppData\Local\Microsoft\OneDrive\23.132.0625.0001\i386\FileSyncShell.dll</Data><Data Name='User'>NEWMAN-PC\Newman</Data></EventData></Event><Event xmlns='http://schemas.microsoft.com/win/2004/08/events/event'><System><Provider Name='Microsoft-Windows-Sysmon' Guid='{5770385f-c22a-43e0-bf4c-06f5698ffbd9}'/><EventID>13</EventID><Version>2</Version><Level>4</Level><Task>13</Task><Opcode>0</Opcode><Keywords>0x8000000000000000</Keywords><TimeCreated SystemTime='2023-07-23T23:09:28.5478834Z'/><EventRecordID>30617</EventRecordID><Correlation/><Execution ProcessID='2924' ThreadID='3284'/><Channel>Microsoft-Windows-Sysmon/Operational</Channel><Computer>Newman-PC</Computer><Security UserID='S-1-5-18'/></System><EventData><Data Name='RuleName'>T1122</Data><Data Name='EventType'>SetValue</Data><Data Name='UtcTime'>2023-07-23 23:09:28.493</Data><Data Name='ProcessGuid'>{758cb1f7-b328-64bd-8500-000000004200}</Data><Data Name='ProcessId'>3204</Data><Data Name='Image'>C:\Users\Newman\AppData\Local\Microsoft\OneDrive\OneDrive.exe</Data><Data Name='TargetObject'>HKU\S-1-5-21-2404277346-2099594652-1884649452-1010_Classes\CLSID\{20894375-46AE-46E2-BAFD-CB38975CDCE6}\InprocServer32\(Default)</Data><Data Name='Details'>C:\Users\Newman\AppData\Local\Microsoft\OneDrive\23.132.0625.0001\FileSyncShell64.dll</Data><Data Name='User'>NEWMAN-PC\Newman</Data></EventData></Event><Event xmlns='http://schemas.microsoft.com/win/2004/08/events/event'><System><Provider Name='Microsoft-Windows-Sysmon' Guid='{5770385f-c22a-43e0-bf4c-06f5698ffbd9}'/><EventID>13</EventID><Version>2</Version><Level>4</Level><Task>13</Task><Opcode>0</Opcode><Keywords>0x8000000000000000</Keywords><TimeCreated SystemTime='2023-07-23T23:09:28.5475392Z'/><EventRecordID>30616</EventRecordID><Correlation/><Execution ProcessID='2924' ThreadID='3284'/><Channel>Microsoft-Windows-Sysmon/Operational</Channel><Computer>Newman-PC</Computer><Security UserID='S-1-5-18'/></System><EventData><Data Name='RuleName'>T1122</Data><Data Name='EventType'>SetValue</Data><Data Name='UtcTime'>2023-07-23 23:09:28.477</Data><Data Name='ProcessGuid'>{758cb1f7-b328-64bd-8500-000000004200}</Data><Data Name='ProcessId'>3204</Data><Data Name='Image'>C:\Users\Newman\AppData\Local\Microsoft\OneDrive\OneDrive.exe</Data><Data Name='TargetObject'>HKU\S-1-5-21-2404277346-2099594652-1884649452-1010_Classes\WOW6432Node\CLSID\{1BF42E4C-4AF4-4CFD-A1A0-CF2960B8F63E}\InprocServer32\(Default)</Data><Data Name='Details'>C:\Users\Newman\AppData\Local\Microsoft\OneDrive\23.132.0625.0001\i386\FileSyncShell.dll</Data><Data Name='User'>NEWMAN-PC\Newman</Data></EventData></Event><Event xmlns='http://schemas.microsoft.com/win/2004/08/events/event'><System><Provider Name='Microsoft-Windows-Sysmon' Guid='{5770385f-c22a-43e0-bf4c-06f5698ffbd9}'/><EventID>13</EventID><Version>2</Version><Level>4</Level><Task>13</Task><Opcode>0</Opcode><Keywords>0x8000000000000000</Keywords><TimeCreated SystemTime='2023-07-23T23:09:28.5474812Z'/><EventRecordID>30615</EventRecordID><Correlation/><Execution ProcessID='2924' ThreadID='3284'/><Channel>Microsoft-Windows-Sysmon/Operational</Channel><Computer>Newman-PC</Computer><Security UserID='S-1-5-18'/></System><EventData><Data Name='RuleName'>T1122</Data><Data Name='EventType'>SetValue</Data><Data Name='UtcTime'>2023-07-23 23:09:28.477</Data><Data Name='ProcessGuid'>{758cb1f7-b328-64bd-8500-000000004200}</Data><Data Name='ProcessId'>3204</Data><Data Name='Image'>C:\Users\Newman\AppData\Local\Microsoft\OneDrive\OneDrive.exe</Data><Data Name='TargetObject'>HKU\S-1-5-21-2404277346-2099594652-1884649452-1010_Classes\CLSID\{1BF42E4C-4AF4-4CFD-A1A0-CF2960B8F63E}\InprocServer32\(Default)</Data><Data Name='Details'>C:\Users\Newman\AppData\Local\Microsoft\OneDrive\23.132.0625.0001\FileSyncShell64.dll</Data><Data Name='User'>NEWMAN-PC\Newman</Data></EventData></Event><Event xmlns='http://schemas.microsoft.com/win/2004/08/events/event'><System><Provider Name='Microsoft-Windows-Sysmon' Guid='{5770385f-c22a-43e0-bf4c-06f5698ffbd9}'/><EventID>13</EventID><Version>2</Version><Level>4</Level><Task>13</Task><Opcode>0</Opcode><Keywords>0x8000000000000000</Keywords><TimeCreated SystemTime='2023-07-23T23:09:28.5470179Z'/><EventRecordID>30614</EventRecordID><Correlation/><Execution ProcessID='2924' ThreadID='3284'/><Channel>Microsoft-Windows-Sysmon/Operational</Channel><Computer>Newman-PC</Computer><Security UserID='S-1-5-18'/></System><EventData><Data Name='RuleName'>T1122</Data><Data Name='EventType'>SetValue</Data><Data Name='UtcTime'>2023-07-23 23:09:28.477</Data><Data Name='ProcessGuid'>{758cb1f7-b328-64bd-8500-000000004200}</Data><Data Name='ProcessId'>3204</Data><Data Name='Image'>C:\Users\Newman\AppData\Local\Microsoft\OneDrive\OneDrive.exe</Data><Data Name='TargetObject'>HKU\S-1-5-21-2404277346-2099594652-1884649452-1010_Classes\WOW6432Node\CLSID\{82CA8DE3-01AD-4CEA-9D75-BE4C51810A9E}\InprocServer32\(Default)</Data><Data Name='Details'>C:\Users\Newman\AppData\Local\Microsoft\OneDrive\23.132.0625.0001\i386\FileSyncShell.dll</Data><Data Name='User'>NEWMAN-PC\Newman</Data></EventData></Event><Event xmlns='http://schemas.microsoft.com/win/2004/08/events/event'><System><Provider Name='Microsoft-Windows-Sysmon' Guid='{5770385f-c22a-43e0-bf4c-06f5698ffbd9}'/><EventID>13</EventID><Version>2</Version><Level>4</Level><Task>13</Task><Opcode>0</Opcode><Keywords>0x8000000000000000</Keywords><TimeCreated SystemTime='2023-07-23T23:09:28.5469624Z'/><EventRecordID>30613</EventRecordID><Correlation/><Execution ProcessID='2924' ThreadID='3284'/><Channel>Microsoft-Windows-Sysmon/Operational</Channel><Computer>Newman-PC</Computer><Security UserID='S-1-5-18'/></System><EventData><Data Name='RuleName'>T1122</Data><Data Name='EventType'>SetValue</Data><Data Name='UtcTime'>2023-07-23 23:09:28.477</Data><Data Name='ProcessGuid'>{758cb1f7-b328-64bd-8500-000000004200}</Data><Data Name='ProcessId'>3204</Data><Data Name='Image'>C:\Users\Newman\AppData\Local\Microsoft\OneDrive\OneDrive.exe</Data><Data Name='TargetObject'>HKU\S-1-5-21-2404277346-2099594652-1884649452-1010_Classes\CLSID\{82CA8DE3-01AD-4CEA-9D75-BE4C51810A9E}\InprocServer32\(Default)</Data><Data Name='Details'>C:\Users\Newman\AppData\Local\Microsoft\OneDrive\23.132.0625.0001\FileSyncShell64.dll</Data><Data Name='User'>NEWMAN-PC\Newman</Data></EventData></Event><Event xmlns='http://schemas.microsoft.com/win/2004/08/events/event'><System><Provider Name='Microsoft-Windows-Sysmon' Guid='{5770385f-c22a-43e0-bf4c-06f5698ffbd9}'/><EventID>13</EventID><Version>2</Version><Level>4</Level><Task>13</Task><Opcode>0</Opcode><Keywords>0x8000000000000000</Keywords><TimeCreated SystemTime='2023-07-23T23:09:28.5465843Z'/><EventRecordID>30612</EventRecordID><Correlation/><Execution ProcessID='2924' ThreadID='3284'/><Channel>Microsoft-Windows-Sysmon/Operational</Channel><Computer>Newman-PC</Computer><Security UserID='S-1-5-18'/></System><EventData><Data Name='RuleName'>T1122</Data><Data Name='EventType'>SetValue</Data><Data Name='UtcTime'>2023-07-23 23:09:28.477</Data><Data Name='ProcessGuid'>{758cb1f7-b328-64bd-8500-000000004200}</Data><Data Name='ProcessId'>3204</Data><Data Name='Image'>C:\Users\Newman\AppData\Local\Microsoft\OneDrive\OneDrive.exe</Data><Data Name='TargetObject'>HKU\S-1-5-21-2404277346-2099594652-1884649452-1010_Classes\WOW6432Node\CLSID\{7AFDFDDB-F914-11E4-8377-6C3BE50D980C}\InprocServer32\(Default)</Data><Data Name='Details'>C:\Users\Newman\AppData\Local\Microsoft\OneDrive\23.132.0625.0001\i386\FileSyncShell.dll</Data><Data Name='User'>NEWMAN-PC\Newman</Data></EventData></Event><Event xmlns='http://schemas.microsoft.com/win/2004/08/events/event'><System><Provider Name='Microsoft-Windows-Sysmon' Guid='{5770385f-c22a-43e0-bf4c-06f5698ffbd9}'/><EventID>13</EventID><Version>2</Version><Level>4</Level><Task>13</Task><Opcode>0</Opcode><Keywords>0x8000000000000000</Keywords><TimeCreated SystemTime='2023-07-23T23:09:28.5465292Z'/><EventRecordID>30611</EventRecordID><Correlation/><Execution ProcessID='2924' ThreadID='3284'/><Channel>Microsoft-Windows-Sysmon/Operational</Channel><Computer>Newman-PC</Computer><Security UserID='S-1-5-18'/></System><EventData><Data Name='RuleName'>T1122</Data><Data Name='EventType'>SetValue</Data><Data Name='UtcTime'>2023-07-23 23:09:28.477</Data><Data Name='ProcessGuid'>{758cb1f7-b328-64bd-8500-000000004200}</Data><Data Name='ProcessId'>3204</Data><Data Name='Image'>C:\Users\Newman\AppData\Local\Microsoft\OneDrive\OneDrive.exe</Data><Data Name='TargetObject'>HKU\S-1-5-21-2404277346-2099594652-1884649452-1010_Classes\CLSID\{7AFDFDDB-F914-11E4-8377-6C3BE50D980C}\InprocServer32\(Default)</Data><Data Name='Details'>C:\Users\Newman\AppData\Local\Microsoft\OneDrive\23.132.0625.0001\FileSyncShell64.dll</Data><Data Name='User'>NEWMAN-PC\Newman</Data></EventData></Event><Event xmlns='http://schemas.microsoft.com/win/2004/08/events/event'><System><Provider Name='Microsoft-Windows-Sysmon' Guid='{5770385f-c22a-43e0-bf4c-06f5698ffbd9}'/><EventID>13</EventID><Version>2</Version><Level>4</Level><Task>13</Task><Opcode>0</Opcode><Keywords>0x8000000000000000</Keywords><TimeCreated SystemTime='2023-07-23T23:09:28.5461298Z'/><EventRecordID>30610</EventRecordID><Correlation/><Execution ProcessID='2924' ThreadID='3284'/><Channel>Microsoft-Windows-Sysmon/Operational</Channel><Computer>Newman-PC</Computer><Security UserID='S-1-5-18'/></System><EventData><Data Name='RuleName'>T1122</Data><Data Name='EventType'>SetValue</Data><Data Name='UtcTime'>2023-07-23 23:09:28.477</Data><Data Name='ProcessGuid'>{758cb1f7-b328-64bd-8500-000000004200}</Data><Data Name='ProcessId'>3204</Data><Data Name='Image'>C:\Users\Newman\AppData\Local\Microsoft\OneDrive\OneDrive.exe</Data><Data Name='TargetObject'>HKU\S-1-5-21-2404277346-2099594652-1884649452-1010_Classes\WOW6432Node\CLSID\{C5FF006E-2AE9-408C-B85B-2DFDD5449D9C}\InprocServer32\(Default)</Data><Data Name='Details'>C:\Users\Newman\AppData\Local\Microsoft\OneDrive\23.132.0625.0001\i386\FileSyncShell.dll</Data><Data Name='User'>NEWMAN-PC\Newman</Data></EventData></Event><Event xmlns='http://schemas.microsoft.com/win/2004/08/events/event'><System><Provider Name='Microsoft-Windows-Sysmon' Guid='{5770385f-c22a-43e0-bf4c-06f5698ffbd9}'/><EventID>13</EventID><Version>2</Version><Level>4</Level><Task>13</Task><Opcode>0</Opcode><Keywords>0x8000000000000000</Keywords><TimeCreated SystemTime='2023-07-23T23:09:28.5460652Z'/><EventRecordID>30609</EventRecordID><Correlation/><Execution ProcessID='2924' ThreadID='3284'/><Channel>Microsoft-Windows-Sysmon/Operational</Channel><Computer>Newman-PC</Computer><Security UserID='S-1-5-18'/></System><EventData><Data Name='RuleName'>T1122</Data><Data Name='EventType'>SetValue</Data><Data Name='UtcTime'>2023-07-23 23:09:28.477</Data><Data Name='ProcessGuid'>{758cb1f7-b328-64bd-8500-000000004200}</Data><Data Name='ProcessId'>3204</Data><Data Name='Image'>C:\Users\Newman\AppData\Local\Microsoft\OneDrive\OneDrive.exe</Data><Data Name='TargetObject'>HKU\S-1-5-21-2404277346-2099594652-1884649452-1010_Classes\CLSID\{C5FF006E-2AE9-408C-B85B-2DFDD5449D9C}\InprocServer32\(Default)</Data><Data Name='Details'>C:\Users\Newman\AppData\Local\Microsoft\OneDrive\23.132.0625.0001\FileSyncShell64.dll</Data><Data Name='User'>NEWMAN-PC\Newman</Data></EventData></Event><Event xmlns='http://schemas.microsoft.com/win/2004/08/events/event'><System><Provider Name='Microsoft-Windows-Sysmon' Guid='{5770385f-c22a-43e0-bf4c-06f5698ffbd9}'/><EventID>13</EventID><Version>2</Version><Level>4</Level><Task>13</Task><Opcode>0</Opcode><Keywords>0x8000000000000000</Keywords><TimeCreated SystemTime='2023-07-23T23:09:28.5456884Z'/><EventRecordID>30608</EventRecordID><Correlation/><Execution ProcessID='2924' ThreadID='3284'/><Channel>Microsoft-Windows-Sysmon/Operational</Channel><Computer>Newman-PC</Computer><Security UserID='S-1-5-18'/></System><EventData><Data Name='RuleName'>T1122</Data><Data Name='EventType'>SetValue</Data><Data Name='UtcTime'>2023-07-23 23:09:28.477</Data><Data Name='ProcessGuid'>{758cb1f7-b328-64bd-8500-000000004200}</Data><Data Name='ProcessId'>3204</Data><Data Name='Image'>C:\Users\Newman\AppData\Local\Microsoft\OneDrive\OneDrive.exe</Data><Data Name='TargetObject'>HKU\S-1-5-21-2404277346-2099594652-1884649452-1010_Classes\WOW6432Node\CLSID\{9AA2F32D-362A-42D9-9328-24A483E2CCC3}\InprocServer32\(Default)</Data><Data Name='Details'>C:\Users\Newman\AppData\Local\Microsoft\OneDrive\23.132.0625.0001\i386\FileSyncShell.dll</Data><Data Name='User'>NEWMAN-PC\Newman</Data></EventData></Event>