<Event xmlns='http://schemas.microsoft.com/win/2004/08/events/event'><System><Provider Name='Microsoft-Windows-Sysmon' Guid='{5770385f-c22a-43e0-bf4c-06f5698ffbd9}'/><EventID>13</EventID><Version>2</Version><Level>4</Level><Task>13</Task><Opcode>0</Opcode><Keywords>0x8000000000000000</Keywords><TimeCreated SystemTime='2023-07-23T23:09:28.5456327Z'/><EventRecordID>30607</EventRecordID><Correlation/><Execution ProcessID='2924' ThreadID='3284'/><Channel>Microsoft-Windows-Sysmon/Operational</Channel><Computer>Newman-PC</Computer><Security UserID='S-1-5-18'/></System><EventData><Data Name='RuleName'>T1122</Data><Data Name='EventType'>SetValue</Data><Data Name='UtcTime'>2023-07-23 23:09:28.477</Data><Data Name='ProcessGuid'>{758cb1f7-b328-64bd-8500-000000004200}</Data><Data Name='ProcessId'>3204</Data><Data Name='Image'>C:\Users\Newman\AppData\Local\Microsoft\OneDrive\OneDrive.exe</Data><Data Name='TargetObject'>HKU\S-1-5-21-2404277346-2099594652-1884649452-1010_Classes\CLSID\{9AA2F32D-362A-42D9-9328-24A483E2CCC3}\InprocServer32\(Default)</Data><Data Name='Details'>C:\Users\Newman\AppData\Local\Microsoft\OneDrive\23.132.0625.0001\FileSyncShell64.dll</Data><Data Name='User'>NEWMAN-PC\Newman</Data></EventData></Event><Event xmlns='http://schemas.microsoft.com/win/2004/08/events/event'><System><Provider Name='Microsoft-Windows-Sysmon' Guid='{5770385f-c22a-43e0-bf4c-06f5698ffbd9}'/><EventID>13</EventID><Version>2</Version><Level>4</Level><Task>13</Task><Opcode>0</Opcode><Keywords>0x8000000000000000</Keywords><TimeCreated SystemTime='2023-07-23T23:09:28.5452303Z'/><EventRecordID>30606</EventRecordID><Correlation/><Execution ProcessID='2924' ThreadID='3284'/><Channel>Microsoft-Windows-Sysmon/Operational</Channel><Computer>Newman-PC</Computer><Security UserID='S-1-5-18'/></System><EventData><Data Name='RuleName'>T1122</Data><Data Name='EventType'>SetValue</Data><Data Name='UtcTime'>2023-07-23 23:09:28.477</Data><Data Name='ProcessGuid'>{758cb1f7-b328-64bd-8500-000000004200}</Data><Data Name='ProcessId'>3204</Data><Data Name='Image'>C:\Users\Newman\AppData\Local\Microsoft\OneDrive\OneDrive.exe</Data><Data Name='TargetObject'>HKU\S-1-5-21-2404277346-2099594652-1884649452-1010_Classes\WOW6432Node\CLSID\{F241C880-6982-4CE5-8CF7-7085BA96DA5A}\InprocServer32\(Default)</Data><Data Name='Details'>C:\Users\Newman\AppData\Local\Microsoft\OneDrive\23.132.0625.0001\i386\FileSyncShell.dll</Data><Data Name='User'>NEWMAN-PC\Newman</Data></EventData></Event><Event xmlns='http://schemas.microsoft.com/win/2004/08/events/event'><System><Provider Name='Microsoft-Windows-Sysmon' Guid='{5770385f-c22a-43e0-bf4c-06f5698ffbd9}'/><EventID>13</EventID><Version>2</Version><Level>4</Level><Task>13</Task><Opcode>0</Opcode><Keywords>0x8000000000000000</Keywords><TimeCreated SystemTime='2023-07-23T23:09:28.5451736Z'/><EventRecordID>30605</EventRecordID><Correlation/><Execution ProcessID='2924' ThreadID='3284'/><Channel>Microsoft-Windows-Sysmon/Operational</Channel><Computer>Newman-PC</Computer><Security UserID='S-1-5-18'/></System><EventData><Data Name='RuleName'>T1122</Data><Data Name='EventType'>SetValue</Data><Data Name='UtcTime'>2023-07-23 23:09:28.477</Data><Data Name='ProcessGuid'>{758cb1f7-b328-64bd-8500-000000004200}</Data><Data Name='ProcessId'>3204</Data><Data Name='Image'>C:\Users\Newman\AppData\Local\Microsoft\OneDrive\OneDrive.exe</Data><Data Name='TargetObject'>HKU\S-1-5-21-2404277346-2099594652-1884649452-1010_Classes\CLSID\{F241C880-6982-4CE5-8CF7-7085BA96DA5A}\InprocServer32\(Default)</Data><Data Name='Details'>C:\Users\Newman\AppData\Local\Microsoft\OneDrive\23.132.0625.0001\FileSyncShell64.dll</Data><Data Name='User'>NEWMAN-PC\Newman</Data></EventData></Event><Event xmlns='http://schemas.microsoft.com/win/2004/08/events/event'><System><Provider Name='Microsoft-Windows-Sysmon' Guid='{5770385f-c22a-43e0-bf4c-06f5698ffbd9}'/><EventID>13</EventID><Version>2</Version><Level>4</Level><Task>13</Task><Opcode>0</Opcode><Keywords>0x8000000000000000</Keywords><TimeCreated SystemTime='2023-07-23T23:09:28.5447649Z'/><EventRecordID>30604</EventRecordID><Correlation/><Execution ProcessID='2924' ThreadID='3284'/><Channel>Microsoft-Windows-Sysmon/Operational</Channel><Computer>Newman-PC</Computer><Security UserID='S-1-5-18'/></System><EventData><Data Name='RuleName'>T1122</Data><Data Name='EventType'>SetValue</Data><Data Name='UtcTime'>2023-07-23 23:09:28.477</Data><Data Name='ProcessGuid'>{758cb1f7-b328-64bd-8500-000000004200}</Data><Data Name='ProcessId'>3204</Data><Data Name='Image'>C:\Users\Newman\AppData\Local\Microsoft\OneDrive\OneDrive.exe</Data><Data Name='TargetObject'>HKU\S-1-5-21-2404277346-2099594652-1884649452-1010_Classes\WOW6432Node\CLSID\{A0396A93-DC06-4AEF-BEE9-95FFCCAEF20E}\InprocServer32\(Default)</Data><Data Name='Details'>C:\Users\Newman\AppData\Local\Microsoft\OneDrive\23.132.0625.0001\i386\FileSyncShell.dll</Data><Data Name='User'>NEWMAN-PC\Newman</Data></EventData></Event><Event xmlns='http://schemas.microsoft.com/win/2004/08/events/event'><System><Provider Name='Microsoft-Windows-Sysmon' Guid='{5770385f-c22a-43e0-bf4c-06f5698ffbd9}'/><EventID>13</EventID><Version>2</Version><Level>4</Level><Task>13</Task><Opcode>0</Opcode><Keywords>0x8000000000000000</Keywords><TimeCreated SystemTime='2023-07-23T23:09:28.5447082Z'/><EventRecordID>30603</EventRecordID><Correlation/><Execution ProcessID='2924' ThreadID='3284'/><Channel>Microsoft-Windows-Sysmon/Operational</Channel><Computer>Newman-PC</Computer><Security UserID='S-1-5-18'/></System><EventData><Data Name='RuleName'>T1122</Data><Data Name='EventType'>SetValue</Data><Data Name='UtcTime'>2023-07-23 23:09:28.477</Data><Data Name='ProcessGuid'>{758cb1f7-b328-64bd-8500-000000004200}</Data><Data Name='ProcessId'>3204</Data><Data Name='Image'>C:\Users\Newman\AppData\Local\Microsoft\OneDrive\OneDrive.exe</Data><Data Name='TargetObject'>HKU\S-1-5-21-2404277346-2099594652-1884649452-1010_Classes\CLSID\{A0396A93-DC06-4AEF-BEE9-95FFCCAEF20E}\InprocServer32\(Default)</Data><Data Name='Details'>C:\Users\Newman\AppData\Local\Microsoft\OneDrive\23.132.0625.0001\FileSyncShell64.dll</Data><Data Name='User'>NEWMAN-PC\Newman</Data></EventData></Event><Event xmlns='http://schemas.microsoft.com/win/2004/08/events/event'><System><Provider Name='Microsoft-Windows-Sysmon' Guid='{5770385f-c22a-43e0-bf4c-06f5698ffbd9}'/><EventID>13</EventID><Version>2</Version><Level>4</Level><Task>13</Task><Opcode>0</Opcode><Keywords>0x8000000000000000</Keywords><TimeCreated SystemTime='2023-07-23T23:09:28.5443030Z'/><EventRecordID>30602</EventRecordID><Correlation/><Execution ProcessID='2924' ThreadID='3284'/><Channel>Microsoft-Windows-Sysmon/Operational</Channel><Computer>Newman-PC</Computer><Security UserID='S-1-5-18'/></System><EventData><Data Name='RuleName'>T1122</Data><Data Name='EventType'>SetValue</Data><Data Name='UtcTime'>2023-07-23 23:09:28.477</Data><Data Name='ProcessGuid'>{758cb1f7-b328-64bd-8500-000000004200}</Data><Data Name='ProcessId'>3204</Data><Data Name='Image'>C:\Users\Newman\AppData\Local\Microsoft\OneDrive\OneDrive.exe</Data><Data Name='TargetObject'>HKU\S-1-5-21-2404277346-2099594652-1884649452-1010_Classes\WOW6432Node\CLSID\{A78ED123-AB77-406B-9962-2A5D9D2F7F30}\InprocServer32\(Default)</Data><Data Name='Details'>C:\Users\Newman\AppData\Local\Microsoft\OneDrive\23.132.0625.0001\i386\FileSyncShell.dll</Data><Data Name='User'>NEWMAN-PC\Newman</Data></EventData></Event><Event xmlns='http://schemas.microsoft.com/win/2004/08/events/event'><System><Provider Name='Microsoft-Windows-Sysmon' Guid='{5770385f-c22a-43e0-bf4c-06f5698ffbd9}'/><EventID>13</EventID><Version>2</Version><Level>4</Level><Task>13</Task><Opcode>0</Opcode><Keywords>0x8000000000000000</Keywords><TimeCreated SystemTime='2023-07-23T23:09:28.5442467Z'/><EventRecordID>30601</EventRecordID><Correlation/><Execution ProcessID='2924' ThreadID='3284'/><Channel>Microsoft-Windows-Sysmon/Operational</Channel><Computer>Newman-PC</Computer><Security UserID='S-1-5-18'/></System><EventData><Data Name='RuleName'>T1122</Data><Data Name='EventType'>SetValue</Data><Data Name='UtcTime'>2023-07-23 23:09:28.477</Data><Data Name='ProcessGuid'>{758cb1f7-b328-64bd-8500-000000004200}</Data><Data Name='ProcessId'>3204</Data><Data Name='Image'>C:\Users\Newman\AppData\Local\Microsoft\OneDrive\OneDrive.exe</Data><Data Name='TargetObject'>HKU\S-1-5-21-2404277346-2099594652-1884649452-1010_Classes\CLSID\{A78ED123-AB77-406B-9962-2A5D9D2F7F30}\InprocServer32\(Default)</Data><Data Name='Details'>C:\Users\Newman\AppData\Local\Microsoft\OneDrive\23.132.0625.0001\FileSyncShell64.dll</Data><Data Name='User'>NEWMAN-PC\Newman</Data></EventData></Event><Event xmlns='http://schemas.microsoft.com/win/2004/08/events/event'><System><Provider Name='Microsoft-Windows-Sysmon' Guid='{5770385f-c22a-43e0-bf4c-06f5698ffbd9}'/><EventID>13</EventID><Version>2</Version><Level>4</Level><Task>13</Task><Opcode>0</Opcode><Keywords>0x8000000000000000</Keywords><TimeCreated SystemTime='2023-07-23T23:09:28.5439003Z'/><EventRecordID>30600</EventRecordID><Correlation/><Execution ProcessID='2924' ThreadID='3284'/><Channel>Microsoft-Windows-Sysmon/Operational</Channel><Computer>Newman-PC</Computer><Security UserID='S-1-5-18'/></System><EventData><Data Name='RuleName'>T1122</Data><Data Name='EventType'>SetValue</Data><Data Name='UtcTime'>2023-07-23 23:09:28.477</Data><Data Name='ProcessGuid'>{758cb1f7-b328-64bd-8500-000000004200}</Data><Data Name='ProcessId'>3204</Data><Data Name='Image'>C:\Users\Newman\AppData\Local\Microsoft\OneDrive\OneDrive.exe</Data><Data Name='TargetObject'>HKU\S-1-5-21-2404277346-2099594652-1884649452-1010_Classes\WOW6432Node\CLSID\{5AB7172C-9C11-405C-8DD5-AF20F3606282}\InprocServer32\(Default)</Data><Data Name='Details'>C:\Users\Newman\AppData\Local\Microsoft\OneDrive\23.132.0625.0001\i386\FileSyncShell.dll</Data><Data Name='User'>NEWMAN-PC\Newman</Data></EventData></Event><Event xmlns='http://schemas.microsoft.com/win/2004/08/events/event'><System><Provider Name='Microsoft-Windows-Sysmon' Guid='{5770385f-c22a-43e0-bf4c-06f5698ffbd9}'/><EventID>13</EventID><Version>2</Version><Level>4</Level><Task>13</Task><Opcode>0</Opcode><Keywords>0x8000000000000000</Keywords><TimeCreated SystemTime='2023-07-23T23:09:28.5438442Z'/><EventRecordID>30599</EventRecordID><Correlation/><Execution ProcessID='2924' ThreadID='3284'/><Channel>Microsoft-Windows-Sysmon/Operational</Channel><Computer>Newman-PC</Computer><Security UserID='S-1-5-18'/></System><EventData><Data Name='RuleName'>T1122</Data><Data Name='EventType'>SetValue</Data><Data Name='UtcTime'>2023-07-23 23:09:28.477</Data><Data Name='ProcessGuid'>{758cb1f7-b328-64bd-8500-000000004200}</Data><Data Name='ProcessId'>3204</Data><Data Name='Image'>C:\Users\Newman\AppData\Local\Microsoft\OneDrive\OneDrive.exe</Data><Data Name='TargetObject'>HKU\S-1-5-21-2404277346-2099594652-1884649452-1010_Classes\CLSID\{5AB7172C-9C11-405C-8DD5-AF20F3606282}\InprocServer32\(Default)</Data><Data Name='Details'>C:\Users\Newman\AppData\Local\Microsoft\OneDrive\23.132.0625.0001\FileSyncShell64.dll</Data><Data Name='User'>NEWMAN-PC\Newman</Data></EventData></Event><Event xmlns='http://schemas.microsoft.com/win/2004/08/events/event'><System><Provider Name='Microsoft-Windows-Sysmon' Guid='{5770385f-c22a-43e0-bf4c-06f5698ffbd9}'/><EventID>13</EventID><Version>2</Version><Level>4</Level><Task>13</Task><Opcode>0</Opcode><Keywords>0x8000000000000000</Keywords><TimeCreated SystemTime='2023-07-23T23:09:28.5433813Z'/><EventRecordID>30598</EventRecordID><Correlation/><Execution ProcessID='2924' ThreadID='3284'/><Channel>Microsoft-Windows-Sysmon/Operational</Channel><Computer>Newman-PC</Computer><Security UserID='S-1-5-18'/></System><EventData><Data Name='RuleName'>T1122</Data><Data Name='EventType'>SetValue</Data><Data Name='UtcTime'>2023-07-23 23:09:28.477</Data><Data Name='ProcessGuid'>{758cb1f7-b328-64bd-8500-000000004200}</Data><Data Name='ProcessId'>3204</Data><Data Name='Image'>C:\Users\Newman\AppData\Local\Microsoft\OneDrive\OneDrive.exe</Data><Data Name='TargetObject'>HKU\S-1-5-21-2404277346-2099594652-1884649452-1010_Classes\WOW6432Node\CLSID\{BBACC218-34EA-4666-9D7A-C78F2274A524}\InprocServer32\(Default)</Data><Data Name='Details'>C:\Users\Newman\AppData\Local\Microsoft\OneDrive\23.132.0625.0001\i386\FileSyncShell.dll</Data><Data Name='User'>NEWMAN-PC\Newman</Data></EventData></Event><Event xmlns='http://schemas.microsoft.com/win/2004/08/events/event'><System><Provider Name='Microsoft-Windows-Sysmon' Guid='{5770385f-c22a-43e0-bf4c-06f5698ffbd9}'/><EventID>13</EventID><Version>2</Version><Level>4</Level><Task>13</Task><Opcode>0</Opcode><Keywords>0x8000000000000000</Keywords><TimeCreated SystemTime='2023-07-23T23:09:28.5433220Z'/><EventRecordID>30597</EventRecordID><Correlation/><Execution ProcessID='2924' ThreadID='3284'/><Channel>Microsoft-Windows-Sysmon/Operational</Channel><Computer>Newman-PC</Computer><Security UserID='S-1-5-18'/></System><EventData><Data Name='RuleName'>T1122</Data><Data Name='EventType'>SetValue</Data><Data Name='UtcTime'>2023-07-23 23:09:28.477</Data><Data Name='ProcessGuid'>{758cb1f7-b328-64bd-8500-000000004200}</Data><Data Name='ProcessId'>3204</Data><Data Name='Image'>C:\Users\Newman\AppData\Local\Microsoft\OneDrive\OneDrive.exe</Data><Data Name='TargetObject'>HKU\S-1-5-21-2404277346-2099594652-1884649452-1010_Classes\CLSID\{BBACC218-34EA-4666-9D7A-C78F2274A524}\InprocServer32\(Default)</Data><Data Name='Details'>C:\Users\Newman\AppData\Local\Microsoft\OneDrive\23.132.0625.0001\FileSyncShell64.dll</Data><Data Name='User'>NEWMAN-PC\Newman</Data></EventData></Event><Event xmlns='http://schemas.microsoft.com/win/2004/08/events/event'><System><Provider Name='Microsoft-Windows-Sysmon' Guid='{5770385f-c22a-43e0-bf4c-06f5698ffbd9}'/><EventID>1</EventID><Version>5</Version><Level>4</Level><Task>1</Task><Opcode>0</Opcode><Keywords>0x8000000000000000</Keywords><TimeCreated SystemTime='2023-07-23T23:09:28.2384799Z'/><EventRecordID>30596</EventRecordID><Correlation/><Execution ProcessID='2924' ThreadID='3284'/><Channel>Microsoft-Windows-Sysmon/Operational</Channel><Computer>Newman-PC</Computer><Security UserID='S-1-5-18'/></System><EventData><Data Name='RuleName'>-</Data><Data Name='UtcTime'>2023-07-23 23:09:28.215</Data><Data Name='ProcessGuid'>{758cb1f7-b328-64bd-8500-000000004200}</Data><Data Name='ProcessId'>3204</Data><Data Name='Image'>C:\Users\Newman\AppData\Local\Microsoft\OneDrive\OneDrive.exe</Data><Data Name='FileVersion'>23.132.0625.0001</Data><Data Name='Description'>Microsoft OneDrive</Data><Data Name='Product'>Microsoft OneDrive</Data><Data Name='Company'>Microsoft Corporation</Data><Data Name='OriginalFileName'>OneDrive.exe</Data><Data Name='CommandLine'>"C:\Users\Newman\AppData\Local\Microsoft\OneDrive\OneDrive.exe" /background</Data><Data Name='CurrentDirectory'>C:\Windows\system32\</Data><Data Name='User'>NEWMAN-PC\Newman</Data><Data Name='LogonGuid'>{758cb1f7-b319-64bd-4ec6-050000000000}</Data><Data Name='LogonId'>0x5c64e</Data><Data Name='TerminalSessionId'>1</Data><Data Name='IntegrityLevel'>Medium</Data><Data Name='Hashes'>MD5=8395B7E922836E33629D67E6CCD46869,SHA256=734DA8FFB983303FA0AFC63301152AA8B59565E3342A7A306DAC73414D23559E,IMPHASH=5315480244CFD577B0540260527774F1</Data><Data Name='ParentProcessGuid'>{758cb1f7-b31c-64bd-5d00-000000004200}</Data><Data Name='ParentProcessId'>4132</Data><Data Name='ParentImage'>C:\Windows\explorer.exe</Data><Data Name='ParentCommandLine'>C:\Windows\Explorer.EXE</Data><Data Name='ParentUser'>NEWMAN-PC\Newman</Data></EventData></Event><Event xmlns='http://schemas.microsoft.com/win/2004/08/events/event'><System><Provider Name='Microsoft-Windows-Sysmon' Guid='{5770385f-c22a-43e0-bf4c-06f5698ffbd9}'/><EventID>1</EventID><Version>5</Version><Level>4</Level><Task>1</Task><Opcode>0</Opcode><Keywords>0x8000000000000000</Keywords><TimeCreated SystemTime='2023-07-23T23:09:27.5413552Z'/><EventRecordID>30595</EventRecordID><Correlation/><Execution ProcessID='2924' ThreadID='3284'/><Channel>Microsoft-Windows-Sysmon/Operational</Channel><Computer>Newman-PC</Computer><Security UserID='S-1-5-18'/></System><EventData><Data Name='RuleName'>-</Data><Data Name='UtcTime'>2023-07-23 23:09:27.532</Data><Data Name='ProcessGuid'>{758cb1f7-b327-64bd-8400-000000004200}</Data><Data Name='ProcessId'>2948</Data><Data Name='Image'>C:\Windows\System32\VBoxTray.exe</Data><Data Name='FileVersion'>7.0.97.157803</Data><Data Name='Description'>VirtualBox Guest Additions Tray Application</Data><Data Name='Product'>Oracle VM VirtualBox Guest Additions</Data><Data Name='Company'>Oracle and/or its affiliates</Data><Data Name='OriginalFileName'>-</Data><Data Name='CommandLine'>"C:\Windows\System32\VBoxTray.exe" </Data><Data Name='CurrentDirectory'>C:\Windows\system32\</Data><Data Name='User'>NEWMAN-PC\Newman</Data><Data Name='LogonGuid'>{758cb1f7-b319-64bd-4ec6-050000000000}</Data><Data Name='LogonId'>0x5c64e</Data><Data Name='TerminalSessionId'>1</Data><Data Name='IntegrityLevel'>Medium</Data><Data Name='Hashes'>MD5=328EE42C0DBFE2FBD07A6D2391C71166,SHA256=F9DDF94E45B053E06F1C111C149B5B77878141E4E61FC0498FDF58A80567898E,IMPHASH=45CEC31CAFCE2061F4586782350EAB96</Data><Data Name='ParentProcessGuid'>{758cb1f7-b31c-64bd-5d00-000000004200}</Data><Data Name='ParentProcessId'>4132</Data><Data Name='ParentImage'>C:\Windows\explorer.exe</Data><Data Name='ParentCommandLine'>C:\Windows\Explorer.EXE</Data><Data Name='ParentUser'>NEWMAN-PC\Newman</Data></EventData></Event><Event xmlns='http://schemas.microsoft.com/win/2004/08/events/event'><System><Provider Name='Microsoft-Windows-Sysmon' Guid='{5770385f-c22a-43e0-bf4c-06f5698ffbd9}'/><EventID>13</EventID><Version>2</Version><Level>4</Level><Task>13</Task><Opcode>0</Opcode><Keywords>0x8000000000000000</Keywords><TimeCreated SystemTime='2023-07-23T23:09:26.1027272Z'/><EventRecordID>30594</EventRecordID><Correlation/><Execution ProcessID='2924' ThreadID='3284'/><Channel>Microsoft-Windows-Sysmon/Operational</Channel><Computer>Newman-PC</Computer><Security UserID='S-1-5-18'/></System><EventData><Data Name='RuleName'>T1042</Data><Data Name='EventType'>SetValue</Data><Data Name='UtcTime'>2023-07-23 23:09:26.101</Data><Data Name='ProcessGuid'>{758cb1f7-b325-64bd-8300-000000004200}</Data><Data Name='ProcessId'>5780</Data><Data Name='Image'>C:\Windows\system32\SecurityHealthService.exe</Data><Data Name='TargetObject'>HKCR\WdMam\Shell\Open\Command\(Default)</Data><Data Name='Details'>C:\Windows\System32\SecurityHealth\1.0.2306.10002-0\SecurityHealthHost.exe %%1</Data><Data Name='User'>NT AUTHORITY\SYSTEM</Data></EventData></Event><Event xmlns='http://schemas.microsoft.com/win/2004/08/events/event'><System><Provider Name='Microsoft-Windows-Sysmon' Guid='{5770385f-c22a-43e0-bf4c-06f5698ffbd9}'/><EventID>1</EventID><Version>5</Version><Level>4</Level><Task>1</Task><Opcode>0</Opcode><Keywords>0x8000000000000000</Keywords><TimeCreated SystemTime='2023-07-23T23:09:25.9797028Z'/><EventRecordID>30593</EventRecordID><Correlation/><Execution ProcessID='2924' ThreadID='3284'/><Channel>Microsoft-Windows-Sysmon/Operational</Channel><Computer>Newman-PC</Computer><Security UserID='S-1-5-18'/></System><EventData><Data Name='RuleName'>-</Data><Data Name='UtcTime'>2023-07-23 23:09:25.976</Data><Data Name='ProcessGuid'>{758cb1f7-b325-64bd-8300-000000004200}</Data><Data Name='ProcessId'>5780</Data><Data Name='Image'>C:\Windows\System32\SecurityHealthService.exe</Data><Data Name='FileVersion'>10.0.22621.1635 (WinBuild.160101.0800)</Data><Data Name='Description'>Windows Security Health Service</Data><Data Name='Product'>Microsoft® Windows® Operating System</Data><Data Name='Company'>Microsoft Corporation</Data><Data Name='OriginalFileName'>SecurityHealthService.exe</Data><Data Name='CommandLine'>C:\Windows\system32\SecurityHealthService.exe</Data><Data Name='CurrentDirectory'>C:\Windows\system32\</Data><Data Name='User'>NT AUTHORITY\SYSTEM</Data><Data Name='LogonGuid'>{758cb1f7-b312-64bd-e703-000000000000}</Data><Data Name='LogonId'>0x3e7</Data><Data Name='TerminalSessionId'>0</Data><Data Name='IntegrityLevel'>System</Data><Data Name='Hashes'>MD5=4C07F9B9C7E3397D3E9D634611C9ADCD,SHA256=97B10920C960EDA7336D2A0B2DD6D0FF6EA83E3484DEDB1156E6EFD96B6A1927,IMPHASH=DD53616D3D0B3E462B077A47D02C95B8</Data><Data Name='ParentProcessGuid'>{758cb1f7-b312-64bd-0b00-000000004200}</Data><Data Name='ParentProcessId'>752</Data><Data Name='ParentImage'>C:\Windows\System32\services.exe</Data><Data Name='ParentCommandLine'>C:\Windows\system32\services.exe</Data><Data Name='ParentUser'>NT AUTHORITY\SYSTEM</Data></EventData></Event><Event xmlns='http://schemas.microsoft.com/win/2004/08/events/event'><System><Provider Name='Microsoft-Windows-Sysmon' Guid='{5770385f-c22a-43e0-bf4c-06f5698ffbd9}'/><EventID>1</EventID><Version>5</Version><Level>4</Level><Task>1</Task><Opcode>0</Opcode><Keywords>0x8000000000000000</Keywords><TimeCreated SystemTime='2023-07-23T23:09:25.9608261Z'/><EventRecordID>30592</EventRecordID><Correlation/><Execution ProcessID='2924' ThreadID='3284'/><Channel>Microsoft-Windows-Sysmon/Operational</Channel><Computer>Newman-PC</Computer><Security UserID='S-1-5-18'/></System><EventData><Data Name='RuleName'>-</Data><Data Name='UtcTime'>2023-07-23 23:09:25.956</Data><Data Name='ProcessGuid'>{758cb1f7-b325-64bd-8200-000000004200}</Data><Data Name='ProcessId'>5704</Data><Data Name='Image'>C:\Windows\System32\SecurityHealthSystray.exe</Data><Data Name='FileVersion'>10.0.22621.608 (WinBuild.160101.0800)</Data><Data Name='Description'>Windows Security notification icon</Data><Data Name='Product'>Microsoft® Windows® Operating System</Data><Data Name='Company'>Microsoft Corporation</Data><Data Name='OriginalFileName'>SecurityHealthSystray.exe</Data><Data Name='CommandLine'>"C:\Windows\System32\SecurityHealthSystray.exe" </Data><Data Name='CurrentDirectory'>C:\Windows\system32\</Data><Data Name='User'>NEWMAN-PC\Newman</Data><Data Name='LogonGuid'>{758cb1f7-b319-64bd-4ec6-050000000000}</Data><Data Name='LogonId'>0x5c64e</Data><Data Name='TerminalSessionId'>1</Data><Data Name='IntegrityLevel'>Medium</Data><Data Name='Hashes'>MD5=9109273FC8711D74B676AC3653D0104F,SHA256=A244EF58012A251C5FCB12B18CF5F18E3C281FE873F0F2B17AA9AD19E5663BB1,IMPHASH=4596ED340B987A02053F76AB442BF380</Data><Data Name='ParentProcessGuid'>{758cb1f7-b31c-64bd-5d00-000000004200}</Data><Data Name='ParentProcessId'>4132</Data><Data Name='ParentImage'>C:\Windows\explorer.exe</Data><Data Name='ParentCommandLine'>C:\Windows\Explorer.EXE</Data><Data Name='ParentUser'>NEWMAN-PC\Newman</Data></EventData></Event><Event xmlns='http://schemas.microsoft.com/win/2004/08/events/event'><System><Provider Name='Microsoft-Windows-Sysmon' Guid='{5770385f-c22a-43e0-bf4c-06f5698ffbd9}'/><EventID>1</EventID><Version>5</Version><Level>4</Level><Task>1</Task><Opcode>0</Opcode><Keywords>0x8000000000000000</Keywords><TimeCreated SystemTime='2023-07-23T23:09:25.9240464Z'/><EventRecordID>30591</EventRecordID><Correlation/><Execution ProcessID='2924' ThreadID='3284'/><Channel>Microsoft-Windows-Sysmon/Operational</Channel><Computer>Newman-PC</Computer><Security UserID='S-1-5-18'/></System><EventData><Data Name='RuleName'>-</Data><Data Name='UtcTime'>2023-07-23 23:09:25.916</Data><Data Name='ProcessGuid'>{758cb1f7-b325-64bd-8100-000000004200}</Data><Data Name='ProcessId'>5860</Data><Data Name='Image'>C:\Windows\System32\smartscreen.exe</Data><Data Name='FileVersion'>10.0.22621.1848 (WinBuild.160101.0800)</Data><Data Name='Description'>Windows Defender SmartScreen</Data><Data Name='Product'>Microsoft® Windows® Operating System</Data><Data Name='Company'>Microsoft Corporation</Data><Data Name='OriginalFileName'>smartscreen.exe</Data><Data Name='CommandLine'>C:\Windows\System32\smartscreen.exe -Embedding</Data><Data Name='CurrentDirectory'>C:\Windows\system32\</Data><Data Name='User'>NEWMAN-PC\Newman</Data><Data Name='LogonGuid'>{758cb1f7-b319-64bd-4ec6-050000000000}</Data><Data Name='LogonId'>0x5c64e</Data><Data Name='TerminalSessionId'>1</Data><Data Name='IntegrityLevel'>Medium</Data><Data Name='Hashes'>MD5=8B71524DB6192B9A19671156E27B1826,SHA256=83C9BD1FF0DD424A841CD1B22993E09E16D1339501070613236B0D1F8BFF92BC,IMPHASH=F4AAAB1255C014F6B6E87E40C3441096</Data><Data Name='ParentProcessGuid'>{758cb1f7-b312-64bd-0d00-000000004200}</Data><Data Name='ParentProcessId'>900</Data><Data Name='ParentImage'>C:\Windows\System32\svchost.exe</Data><Data Name='ParentCommandLine'>C:\Windows\system32\svchost.exe -k DcomLaunch -p</Data><Data Name='ParentUser'>NT AUTHORITY\SYSTEM</Data></EventData></Event><Event xmlns='http://schemas.microsoft.com/win/2004/08/events/event'><System><Provider Name='Microsoft-Windows-Sysmon' Guid='{5770385f-c22a-43e0-bf4c-06f5698ffbd9}'/><EventID>1</EventID><Version>5</Version><Level>4</Level><Task>1</Task><Opcode>0</Opcode><Keywords>0x8000000000000000</Keywords><TimeCreated SystemTime='2023-07-23T23:09:25.1399894Z'/><EventRecordID>30590</EventRecordID><Correlation/><Execution ProcessID='2924' ThreadID='3284'/><Channel>Microsoft-Windows-Sysmon/Operational</Channel><Computer>Newman-PC</Computer><Security UserID='S-1-5-18'/></System><EventData><Data Name='RuleName'>-</Data><Data Name='UtcTime'>2023-07-23 23:09:25.132</Data><Data Name='ProcessGuid'>{758cb1f7-b325-64bd-7f00-000000004200}</Data><Data Name='ProcessId'>5820</Data><Data Name='Image'>C:\Windows\System32\sc.exe</Data><Data Name='FileVersion'>10.0.22621.1 (WinBuild.160101.0800)</Data><Data Name='Description'>Service Control Manager Configuration Tool</Data><Data Name='Product'>Microsoft® Windows® Operating System</Data><Data Name='Company'>Microsoft Corporation</Data><Data Name='OriginalFileName'>sc.exe</Data><Data Name='CommandLine'>sc.exe  qc npcap</Data><Data Name='CurrentDirectory'>C:\Windows\System32\</Data><Data Name='User'>NT AUTHORITY\SYSTEM</Data><Data Name='LogonGuid'>{758cb1f7-b312-64bd-e703-000000000000}</Data><Data Name='LogonId'>0x3e7</Data><Data Name='TerminalSessionId'>0</Data><Data Name='IntegrityLevel'>System</Data><Data Name='Hashes'>MD5=FF2A4319FA5531F0D7B98DBBA9ABBD4A,SHA256=67CBE3A7B9C9B7A2E9FB10A33C1A9A3FD297B6F1598AEA374BD9B5D2DEE352EC,IMPHASH=42DADBD60BBC453DD1773FDC089E19B7</Data><Data Name='ParentProcessGuid'>{758cb1f7-b325-64bd-7e00-000000004200}</Data><Data Name='ParentProcessId'>6016</Data><Data Name='ParentImage'>C:\Windows\System32\cmd.exe</Data><Data Name='ParentCommandLine'>C:\Windows\system32\cmd.exe /c sc.exe qc npcap</Data><Data Name='ParentUser'>NT AUTHORITY\SYSTEM</Data></EventData></Event><Event xmlns='http://schemas.microsoft.com/win/2004/08/events/event'><System><Provider Name='Microsoft-Windows-Sysmon' Guid='{5770385f-c22a-43e0-bf4c-06f5698ffbd9}'/><EventID>1</EventID><Version>5</Version><Level>4</Level><Task>1</Task><Opcode>0</Opcode><Keywords>0x8000000000000000</Keywords><TimeCreated SystemTime='2023-07-23T23:09:25.1137614Z'/><EventRecordID>30589</EventRecordID><Correlation/><Execution ProcessID='2924' ThreadID='3284'/><Channel>Microsoft-Windows-Sysmon/Operational</Channel><Computer>Newman-PC</Computer><Security UserID='S-1-5-18'/></System><EventData><Data Name='RuleName'>-</Data><Data Name='UtcTime'>2023-07-23 23:09:25.107</Data><Data Name='ProcessGuid'>{758cb1f7-b325-64bd-7e00-000000004200}</Data><Data Name='ProcessId'>6016</Data><Data Name='Image'>C:\Windows\System32\cmd.exe</Data><Data Name='FileVersion'>10.0.22621.1635 (WinBuild.160101.0800)</Data><Data Name='Description'>Windows Command Processor</Data><Data Name='Product'>Microsoft® Windows® Operating System</Data><Data Name='Company'>Microsoft Corporation</Data><Data Name='OriginalFileName'>Cmd.Exe</Data><Data Name='CommandLine'>C:\Windows\system32\cmd.exe /c sc.exe qc npcap</Data><Data Name='CurrentDirectory'>C:\Windows\System32\</Data><Data Name='User'>NT AUTHORITY\SYSTEM</Data><Data Name='LogonGuid'>{758cb1f7-b312-64bd-e703-000000000000}</Data><Data Name='LogonId'>0x3e7</Data><Data Name='TerminalSessionId'>0</Data><Data Name='IntegrityLevel'>System</Data><Data Name='Hashes'>MD5=5A6BE4D2519515241D0C133A26CF62C0,SHA256=423E0E810A69AACEBA0E5670E58AFF898CF0EBFFAB99CCB46EBB3464C3D2FACB,IMPHASH=D73E39DAB3C8B57AA408073D01254964</Data><Data Name='ParentProcessGuid'>{758cb1f7-b313-64bd-1d00-000000004200}</Data><Data Name='ParentProcessId'>1552</Data><Data Name='ParentImage'>C:\Windows\System32\cmd.exe</Data><Data Name='ParentCommandLine'>C:\Windows\SYSTEM32\cmd.exe /c ""C:\Program Files\Npcap\CheckStatus.bat""</Data><Data Name='ParentUser'>NT AUTHORITY\SYSTEM</Data></EventData></Event><Event xmlns='http://schemas.microsoft.com/win/2004/08/events/event'><System><Provider Name='Microsoft-Windows-Sysmon' Guid='{5770385f-c22a-43e0-bf4c-06f5698ffbd9}'/><EventID>1</EventID><Version>5</Version><Level>4</Level><Task>1</Task><Opcode>0</Opcode><Keywords>0x8000000000000000</Keywords><TimeCreated SystemTime='2023-07-23T23:09:25.0775847Z'/><EventRecordID>30588</EventRecordID><Correlation/><Execution ProcessID='2924' ThreadID='3284'/><Channel>Microsoft-Windows-Sysmon/Operational</Channel><Computer>Newman-PC</Computer><Security UserID='S-1-5-18'/></System><EventData><Data Name='RuleName'>-</Data><Data Name='UtcTime'>2023-07-23 23:09:25.062</Data><Data Name='ProcessGuid'>{758cb1f7-b325-64bd-7d00-000000004200}</Data><Data Name='ProcessId'>4788</Data><Data Name='Image'>C:\Windows\System32\find.exe</Data><Data Name='FileVersion'>10.0.22621.1 (WinBuild.160101.0800)</Data><Data Name='Description'>Find String (grep) Utility</Data><Data Name='Product'>Microsoft® Windows® Operating System</Data><Data Name='Company'>Microsoft Corporation</Data><Data Name='OriginalFileName'>FIND.EXE</Data><Data Name='CommandLine'>find  "REG_SZ"</Data><Data Name='CurrentDirectory'>C:\Windows\System32\</Data><Data Name='User'>NT AUTHORITY\SYSTEM</Data><Data Name='LogonGuid'>{758cb1f7-b312-64bd-e703-000000000000}</Data><Data Name='LogonId'>0x3e7</Data><Data Name='TerminalSessionId'>0</Data><Data Name='IntegrityLevel'>System</Data><Data Name='Hashes'>MD5=9C1BF6713581EFA9D53BFF87723488EB,SHA256=403BE24097601A89AFF97E17B4834D06957FA0E395DD9F9C329A3AFDF515875C,IMPHASH=53D01F599FA823367954405BF5F690B3</Data><Data Name='ParentProcessGuid'>{758cb1f7-b324-64bd-7b00-000000004200}</Data><Data Name='ParentProcessId'>6132</Data><Data Name='ParentImage'>C:\Windows\System32\cmd.exe</Data><Data Name='ParentCommandLine'>C:\Windows\system32\cmd.exe /c reg query "HKLM\Software\WOW6432Node\Npcap" /ve 2&gt;nul | find "REG_SZ"</Data><Data Name='ParentUser'>NT AUTHORITY\SYSTEM</Data></EventData></Event><Event xmlns='http://schemas.microsoft.com/win/2004/08/events/event'><System><Provider Name='Microsoft-Windows-Sysmon' Guid='{5770385f-c22a-43e0-bf4c-06f5698ffbd9}'/><EventID>1</EventID><Version>5</Version><Level>4</Level><Task>1</Task><Opcode>0</Opcode><Keywords>0x8000000000000000</Keywords><TimeCreated SystemTime='2023-07-23T23:09:25.0541097Z'/><EventRecordID>30587</EventRecordID><Correlation/><Execution ProcessID='2924' ThreadID='3284'/><Channel>Microsoft-Windows-Sysmon/Operational</Channel><Computer>Newman-PC</Computer><Security UserID='S-1-5-18'/></System><EventData><Data Name='RuleName'>-</Data><Data Name='UtcTime'>2023-07-23 23:09:25.048</Data><Data Name='ProcessGuid'>{758cb1f7-b325-64bd-7c00-000000004200}</Data><Data Name='ProcessId'>4044</Data><Data Name='Image'>C:\Windows\System32\reg.exe</Data><Data Name='FileVersion'>10.0.22621.1 (WinBuild.160101.0800)</Data><Data Name='Description'>Registry Console Tool</Data><Data Name='Product'>Microsoft® Windows® Operating System</Data><Data Name='Company'>Microsoft Corporation</Data><Data Name='OriginalFileName'>reg.exe</Data><Data Name='CommandLine'>reg  query "HKLM\Software\WOW6432Node\Npcap" /ve  </Data><Data Name='CurrentDirectory'>C:\Windows\System32\</Data><Data Name='User'>NT AUTHORITY\SYSTEM</Data><Data Name='LogonGuid'>{758cb1f7-b312-64bd-e703-000000000000}</Data><Data Name='LogonId'>0x3e7</Data><Data Name='TerminalSessionId'>0</Data><Data Name='IntegrityLevel'>System</Data><Data Name='Hashes'>MD5=CDB58D0BCABE76AFC60428F364834463,SHA256=411AE446FE37B30C0727888C7FA5E88994A46DAFD41AA5B3B06C9E884549AFDE,IMPHASH=1085BD82B37A225F6D356012D2E69C3D</Data><Data Name='ParentProcessGuid'>{758cb1f7-b324-64bd-7b00-000000004200}</Data><Data Name='ParentProcessId'>6132</Data><Data Name='ParentImage'>C:\Windows\System32\cmd.exe</Data><Data Name='ParentCommandLine'>C:\Windows\system32\cmd.exe /c reg query "HKLM\Software\WOW6432Node\Npcap" /ve 2&gt;nul | find "REG_SZ"</Data><Data Name='ParentUser'>NT AUTHORITY\SYSTEM</Data></EventData></Event><Event xmlns='http://schemas.microsoft.com/win/2004/08/events/event'><System><Provider Name='Microsoft-Windows-Sysmon' Guid='{5770385f-c22a-43e0-bf4c-06f5698ffbd9}'/><EventID>1</EventID><Version>5</Version><Level>4</Level><Task>1</Task><Opcode>0</Opcode><Keywords>0x8000000000000000</Keywords><TimeCreated SystemTime='2023-07-23T23:09:25.0002444Z'/><EventRecordID>30586</EventRecordID><Correlation/><Execution ProcessID='2924' ThreadID='3284'/><Channel>Microsoft-Windows-Sysmon/Operational</Channel><Computer>Newman-PC</Computer><Security UserID='S-1-5-18'/></System><EventData><Data Name='RuleName'>-</Data><Data Name='UtcTime'>2023-07-23 23:09:24.991</Data><Data Name='ProcessGuid'>{758cb1f7-b324-64bd-7b00-000000004200}</Data><Data Name='ProcessId'>6132</Data><Data Name='Image'>C:\Windows\System32\cmd.exe</Data><Data Name='FileVersion'>10.0.22621.1635 (WinBuild.160101.0800)</Data><Data Name='Description'>Windows Command Processor</Data><Data Name='Product'>Microsoft® Windows® Operating System</Data><Data Name='Company'>Microsoft Corporation</Data><Data Name='OriginalFileName'>Cmd.Exe</Data><Data Name='CommandLine'>C:\Windows\system32\cmd.exe /c reg query "HKLM\Software\WOW6432Node\Npcap" /ve 2&gt;nul | find "REG_SZ"</Data><Data Name='CurrentDirectory'>C:\Windows\System32\</Data><Data Name='User'>NT AUTHORITY\SYSTEM</Data><Data Name='LogonGuid'>{758cb1f7-b312-64bd-e703-000000000000}</Data><Data Name='LogonId'>0x3e7</Data><Data Name='TerminalSessionId'>0</Data><Data Name='IntegrityLevel'>System</Data><Data Name='Hashes'>MD5=5A6BE4D2519515241D0C133A26CF62C0,SHA256=423E0E810A69AACEBA0E5670E58AFF898CF0EBFFAB99CCB46EBB3464C3D2FACB,IMPHASH=D73E39DAB3C8B57AA408073D01254964</Data><Data Name='ParentProcessGuid'>{758cb1f7-b313-64bd-1d00-000000004200}</Data><Data Name='ParentProcessId'>1552</Data><Data Name='ParentImage'>C:\Windows\System32\cmd.exe</Data><Data Name='ParentCommandLine'>C:\Windows\SYSTEM32\cmd.exe /c ""C:\Program Files\Npcap\CheckStatus.bat""</Data><Data Name='ParentUser'>NT AUTHORITY\SYSTEM</Data></EventData></Event><Event xmlns='http://schemas.microsoft.com/win/2004/08/events/event'><System><Provider Name='Microsoft-Windows-Sysmon' Guid='{5770385f-c22a-43e0-bf4c-06f5698ffbd9}'/><EventID>11</EventID><Version>2</Version><Level>4</Level><Task>11</Task><Opcode>0</Opcode><Keywords>0x8000000000000000</Keywords><TimeCreated SystemTime='2023-07-23T23:09:24.8460183Z'/><EventRecordID>30585</EventRecordID><Correlation/><Execution ProcessID='2924' ThreadID='3284'/><Channel>Microsoft-Windows-Sysmon/Operational</Channel><Computer>Newman-PC</Computer><Security UserID='S-1-5-18'/></System><EventData><Data Name='RuleName'>EXE</Data><Data Name='UtcTime'>2023-07-23 23:09:24.839</Data><Data Name='ProcessGuid'>{758cb1f7-b324-64bd-7900-000000004200}</Data><Data Name='ProcessId'>1616</Data><Data Name='Image'>C:\ProgramData\Microsoft\Windows Defender\Platform\4.18.23050.5-0\MpCmdRun.exe</Data><Data Name='TargetFilename'>C:\Windows\SystemTemp\mpam-fc919414.exe</Data><Data Name='CreationUtcTime'>2023-07-23 23:09:24.839</Data><Data Name='User'>NT AUTHORITY\SYSTEM</Data></EventData></Event><Event xmlns='http://schemas.microsoft.com/win/2004/08/events/event'><System><Provider Name='Microsoft-Windows-Sysmon' Guid='{5770385f-c22a-43e0-bf4c-06f5698ffbd9}'/><EventID>11</EventID><Version>2</Version><Level>4</Level><Task>11</Task><Opcode>0</Opcode><Keywords>0x8000000000000000</Keywords><TimeCreated SystemTime='2023-07-23T23:09:24.7951582Z'/><EventRecordID>30584</EventRecordID><Correlation/><Execution ProcessID='2924' ThreadID='3284'/><Channel>Microsoft-Windows-Sysmon/Operational</Channel><Computer>Newman-PC</Computer><Security UserID='S-1-5-18'/></System><EventData><Data Name='RuleName'>EXE</Data><Data Name='UtcTime'>2023-07-23 23:09:24.774</Data><Data Name='ProcessGuid'>{758cb1f7-b324-64bd-7900-000000004200}</Data><Data Name='ProcessId'>1616</Data><Data Name='Image'>C:\ProgramData\Microsoft\Windows Defender\Platform\4.18.23050.5-0\MpCmdRun.exe</Data><Data Name='TargetFilename'>C:\Windows\SystemTemp\mpam-798d1f03.exe</Data><Data Name='CreationUtcTime'>2023-07-23 23:09:24.774</Data><Data Name='User'>NT AUTHORITY\SYSTEM</Data></EventData></Event><Event xmlns='http://schemas.microsoft.com/win/2004/08/events/event'><System><Provider Name='Microsoft-Windows-Sysmon' Guid='{5770385f-c22a-43e0-bf4c-06f5698ffbd9}'/><EventID>1</EventID><Version>5</Version><Level>4</Level><Task>1</Task><Opcode>0</Opcode><Keywords>0x8000000000000000</Keywords><TimeCreated SystemTime='2023-07-23T23:09:24.7245332Z'/><EventRecordID>30583</EventRecordID><Correlation/><Execution ProcessID='2924' ThreadID='3284'/><Channel>Microsoft-Windows-Sysmon/Operational</Channel><Computer>Newman-PC</Computer><Security UserID='S-1-5-18'/></System><EventData><Data Name='RuleName'>-</Data><Data Name='UtcTime'>2023-07-23 23:09:24.714</Data><Data Name='ProcessGuid'>{758cb1f7-b324-64bd-7900-000000004200}</Data><Data Name='ProcessId'>1616</Data><Data Name='Image'>C:\ProgramData\Microsoft\Windows Defender\Platform\4.18.23050.5-0\MpCmdRun.exe</Data><Data Name='FileVersion'>4.18.23050.5 (b79513656627928b5505482e6c59e640a77adba5)</Data><Data Name='Description'>Microsoft Malware Protection Command Line Utility</Data><Data Name='Product'>Microsoft® Windows® Operating System</Data><Data Name='Company'>Microsoft Corporation</Data><Data Name='OriginalFileName'>MpCmdRun.exe</Data><Data Name='CommandLine'>"C:\ProgramData\Microsoft\Windows Defender\Platform\4.18.23050.5-0\MpCmdRun.exe" SignaturesUpdateService -ScheduleJob -HttpDownload -RestrictPrivileges</Data><Data Name='CurrentDirectory'>C:\Windows\system32\</Data><Data Name='User'>NT AUTHORITY\SYSTEM</Data><Data Name='LogonGuid'>{758cb1f7-b312-64bd-e703-000000000000}</Data><Data Name='LogonId'>0x3e7</Data><Data Name='TerminalSessionId'>0</Data><Data Name='IntegrityLevel'>System</Data><Data Name='Hashes'>MD5=94E527812DF3B448E18F5CB7B38E0216,SHA256=B370F2D32704CD1BDEA8F1836F68A3AF72CB9385EB8719DD84BE9A6B3018D17A,IMPHASH=FC22E52F90EC346C7C758AAACF835104</Data><Data Name='ParentProcessGuid'>{758cb1f7-b314-64bd-3500-000000004200}</Data><Data Name='ParentProcessId'>2932</Data><Data Name='ParentImage'>C:\ProgramData\Microsoft\Windows Defender\Platform\4.18.23050.5-0\MsMpEng.exe</Data><Data Name='ParentCommandLine'>"C:\ProgramData\Microsoft\Windows Defender\Platform\4.18.23050.5-0\MsMpEng.exe"</Data><Data Name='ParentUser'>NT AUTHORITY\SYSTEM</Data></EventData></Event><Event xmlns='http://schemas.microsoft.com/win/2004/08/events/event'><System><Provider Name='Microsoft-Windows-Sysmon' Guid='{5770385f-c22a-43e0-bf4c-06f5698ffbd9}'/><EventID>1</EventID><Version>5</Version><Level>4</Level><Task>1</Task><Opcode>0</Opcode><Keywords>0x8000000000000000</Keywords><TimeCreated SystemTime='2023-07-23T23:09:24.2896308Z'/><EventRecordID>30582</EventRecordID><Correlation/><Execution ProcessID='2924' ThreadID='3284'/><Channel>Microsoft-Windows-Sysmon/Operational</Channel><Computer>Newman-PC</Computer><Security UserID='S-1-5-18'/></System><EventData><Data Name='RuleName'>-</Data><Data Name='UtcTime'>2023-07-23 23:09:24.286</Data><Data Name='ProcessGuid'>{758cb1f7-b324-64bd-7600-000000004200}</Data><Data Name='ProcessId'>5704</Data><Data Name='Image'>C:\ProgramData\Microsoft\Windows Defender\Platform\4.18.23050.5-0\MpCmdRun.exe</Data><Data Name='FileVersion'>4.18.23050.5 (b79513656627928b5505482e6c59e640a77adba5)</Data><Data Name='Description'>Microsoft Malware Protection Command Line Utility</Data><Data Name='Product'>Microsoft® Windows® Operating System</Data><Data Name='Company'>Microsoft Corporation</Data><Data Name='OriginalFileName'>MpCmdRun.exe</Data><Data Name='CommandLine'>"C:\ProgramData\Microsoft\Windows Defender\Platform\4.18.23050.5-0\MpCmdRun.exe" SignaturesUpdateService -ScheduleJob -UnmanagedUpdate</Data><Data Name='CurrentDirectory'>C:\Windows\system32\</Data><Data Name='User'>NT AUTHORITY\SYSTEM</Data><Data Name='LogonGuid'>{758cb1f7-b312-64bd-e703-000000000000}</Data><Data Name='LogonId'>0x3e7</Data><Data Name='TerminalSessionId'>0</Data><Data Name='IntegrityLevel'>System</Data><Data Name='Hashes'>MD5=94E527812DF3B448E18F5CB7B38E0216,SHA256=B370F2D32704CD1BDEA8F1836F68A3AF72CB9385EB8719DD84BE9A6B3018D17A,IMPHASH=FC22E52F90EC346C7C758AAACF835104</Data><Data Name='ParentProcessGuid'>{758cb1f7-b314-64bd-3500-000000004200}</Data><Data Name='ParentProcessId'>2932</Data><Data Name='ParentImage'>C:\ProgramData\Microsoft\Windows Defender\Platform\4.18.23050.5-0\MsMpEng.exe</Data><Data Name='ParentCommandLine'>"C:\ProgramData\Microsoft\Windows Defender\Platform\4.18.23050.5-0\MsMpEng.exe"</Data><Data Name='ParentUser'>NT AUTHORITY\SYSTEM</Data></EventData></Event><Event xmlns='http://schemas.microsoft.com/win/2004/08/events/event'><System><Provider Name='Microsoft-Windows-Sysmon' Guid='{5770385f-c22a-43e0-bf4c-06f5698ffbd9}'/><EventID>1</EventID><Version>5</Version><Level>4</Level><Task>1</Task><Opcode>0</Opcode><Keywords>0x8000000000000000</Keywords><TimeCreated SystemTime='2023-07-23T23:09:24.2437701Z'/><EventRecordID>30581</EventRecordID><Correlation/><Execution ProcessID='2924' ThreadID='3284'/><Channel>Microsoft-Windows-Sysmon/Operational</Channel><Computer>Newman-PC</Computer><Security UserID='S-1-5-18'/></System><EventData><Data Name='RuleName'>-</Data><Data Name='UtcTime'>2023-07-23 23:09:24.197</Data><Data Name='ProcessGuid'>{758cb1f7-b324-64bd-7500-000000004200}</Data><Data Name='ProcessId'>5568</Data><Data Name='Image'>C:\ProgramData\Microsoft\Windows Defender\Platform\4.18.23050.5-0\NisSrv.exe</Data><Data Name='FileVersion'>4.18.23050.5 (b79513656627928b5505482e6c59e640a77adba5)</Data><Data Name='Description'>Microsoft Network Realtime Inspection Service</Data><Data Name='Product'>Microsoft® Windows® Operating System</Data><Data Name='Company'>Microsoft Corporation</Data><Data Name='OriginalFileName'>NisSrv.exe</Data><Data Name='CommandLine'>"C:\ProgramData\Microsoft\Windows Defender\Platform\4.18.23050.5-0\NisSrv.exe"</Data><Data Name='CurrentDirectory'>C:\Windows\system32\</Data><Data Name='User'>NT AUTHORITY\LOCAL SERVICE</Data><Data Name='LogonGuid'>{758cb1f7-b312-64bd-e503-000000000000}</Data><Data Name='LogonId'>0x3e5</Data><Data Name='TerminalSessionId'>0</Data><Data Name='IntegrityLevel'>System</Data><Data Name='Hashes'>MD5=6FB7137A6C7BFF3C3456DE16C2BE12B7,SHA256=737E970594A58406663666A7FBD910D517D32028CC5640E83BC06340700DD937,IMPHASH=44FEA025F8F7B50307A7C3942542CE95</Data><Data Name='ParentProcessGuid'>{758cb1f7-b312-64bd-0b00-000000004200}</Data><Data Name='ParentProcessId'>752</Data><Data Name='ParentImage'>C:\Windows\System32\services.exe</Data><Data Name='ParentCommandLine'>C:\Windows\system32\services.exe</Data><Data Name='ParentUser'>NT AUTHORITY\SYSTEM</Data></EventData></Event><Event xmlns='http://schemas.microsoft.com/win/2004/08/events/event'><System><Provider Name='Microsoft-Windows-Sysmon' Guid='{5770385f-c22a-43e0-bf4c-06f5698ffbd9}'/><EventID>1</EventID><Version>5</Version><Level>4</Level><Task>1</Task><Opcode>0</Opcode><Keywords>0x8000000000000000</Keywords><TimeCreated SystemTime='2023-07-23T23:09:24.1942586Z'/><EventRecordID>30580</EventRecordID><Correlation/><Execution ProcessID='2924' ThreadID='3284'/><Channel>Microsoft-Windows-Sysmon/Operational</Channel><Computer>Newman-PC</Computer><Security UserID='S-1-5-18'/></System><EventData><Data Name='RuleName'>-</Data><Data Name='UtcTime'>2023-07-23 23:09:24.178</Data><Data Name='ProcessGuid'>{758cb1f7-b324-64bd-7400-000000004200}</Data><Data Name='ProcessId'>5488</Data><Data Name='Image'>C:\Windows\System32\slui.exe</Data><Data Name='FileVersion'>10.0.22621.608 (WinBuild.160101.0800)</Data><Data Name='Description'>Windows Activation Client</Data><Data Name='Product'>Microsoft® Windows® Operating System</Data><Data Name='Company'>Microsoft Corporation</Data><Data Name='OriginalFileName'>slui.exe</Data><Data Name='CommandLine'>C:\Windows\System32\slui.exe -Embedding</Data><Data Name='CurrentDirectory'>C:\Windows\system32\</Data><Data Name='User'>NEWMAN-PC\Newman</Data><Data Name='LogonGuid'>{758cb1f7-b319-64bd-4ec6-050000000000}</Data><Data Name='LogonId'>0x5c64e</Data><Data Name='TerminalSessionId'>1</Data><Data Name='IntegrityLevel'>Medium</Data><Data Name='Hashes'>MD5=8E53B1367C9585441A4C89E8C9D8B8FA,SHA256=3153281D561D1AAB71FD280AD2BB8A6C61E1D87442175AE25FFBAFF24EBA458D,IMPHASH=6EB4912648D34BED5F53C7ACEF7B44DF</Data><Data Name='ParentProcessGuid'>{758cb1f7-b312-64bd-0d00-000000004200}</Data><Data Name='ParentProcessId'>900</Data><Data Name='ParentImage'>C:\Windows\System32\svchost.exe</Data><Data Name='ParentCommandLine'>C:\Windows\system32\svchost.exe -k DcomLaunch -p</Data><Data Name='ParentUser'>NT AUTHORITY\SYSTEM</Data></EventData></Event><Event xmlns='http://schemas.microsoft.com/win/2004/08/events/event'><System><Provider Name='Microsoft-Windows-Sysmon' Guid='{5770385f-c22a-43e0-bf4c-06f5698ffbd9}'/><EventID>13</EventID><Version>2</Version><Level>4</Level><Task>13</Task><Opcode>0</Opcode><Keywords>0x8000000000000000</Keywords><TimeCreated SystemTime='2023-07-23T23:09:24.1603356Z'/><EventRecordID>30579</EventRecordID><Correlation/><Execution ProcessID='2924' ThreadID='3284'/><Channel>Microsoft-Windows-Sysmon/Operational</Channel><Computer>Newman-PC</Computer><Security UserID='S-1-5-18'/></System><EventData><Data Name='RuleName'>T1031,T1050</Data><Data Name='EventType'>SetValue</Data><Data Name='UtcTime'>2023-07-23 23:09:24.135</Data><Data Name='ProcessGuid'>{758cb1f7-b312-64bd-0b00-000000004200}</Data><Data Name='ProcessId'>752</Data><Data Name='Image'>C:\Windows\system32\services.exe</Data><Data Name='TargetObject'>HKLM\System\CurrentControlSet\Services\WdNisDrv\Start</Data><Data Name='Details'>DWORD (0x00000003)</Data><Data Name='User'>NT AUTHORITY\SYSTEM</Data></EventData></Event><Event xmlns='http://schemas.microsoft.com/win/2004/08/events/event'><System><Provider Name='Microsoft-Windows-Sysmon' Guid='{5770385f-c22a-43e0-bf4c-06f5698ffbd9}'/><EventID>1</EventID><Version>5</Version><Level>4</Level><Task>1</Task><Opcode>0</Opcode><Keywords>0x8000000000000000</Keywords><TimeCreated SystemTime='2023-07-23T23:09:24.0948950Z'/><EventRecordID>30578</EventRecordID><Correlation/><Execution ProcessID='2924' ThreadID='3284'/><Channel>Microsoft-Windows-Sysmon/Operational</Channel><Computer>Newman-PC</Computer><Security UserID='S-1-5-18'/></System><EventData><Data Name='RuleName'>-</Data><Data Name='UtcTime'>2023-07-23 23:09:24.048</Data><Data Name='ProcessGuid'>{758cb1f7-b324-64bd-7200-000000004200}</Data><Data Name='ProcessId'>4732</Data><Data Name='Image'>C:\ProgramData\Microsoft\Windows Defender\Platform\4.18.23050.5-0\MpCmdRun.exe</Data><Data Name='FileVersion'>4.18.23050.5 (b79513656627928b5505482e6c59e640a77adba5)</Data><Data Name='Description'>Microsoft Malware Protection Command Line Utility</Data><Data Name='Product'>Microsoft® Windows® Operating System</Data><Data Name='Company'>Microsoft Corporation</Data><Data Name='OriginalFileName'>MpCmdRun.exe</Data><Data Name='CommandLine'>"C:\ProgramData\Microsoft\Windows Defender\Platform\4.18.23050.5-0\MpCmdRun.exe" SignatureUpdate -ScheduleJob -RestrictPrivileges</Data><Data Name='CurrentDirectory'>C:\Windows\system32\</Data><Data Name='User'>NT AUTHORITY\SYSTEM</Data><Data Name='LogonGuid'>{758cb1f7-b312-64bd-e703-000000000000}</Data><Data Name='LogonId'>0x3e7</Data><Data Name='TerminalSessionId'>0</Data><Data Name='IntegrityLevel'>System</Data><Data Name='Hashes'>MD5=94E527812DF3B448E18F5CB7B38E0216,SHA256=B370F2D32704CD1BDEA8F1836F68A3AF72CB9385EB8719DD84BE9A6B3018D17A,IMPHASH=FC22E52F90EC346C7C758AAACF835104</Data><Data Name='ParentProcessGuid'>{758cb1f7-b314-64bd-3500-000000004200}</Data><Data Name='ParentProcessId'>2932</Data><Data Name='ParentImage'>C:\ProgramData\Microsoft\Windows Defender\Platform\4.18.23050.5-0\MsMpEng.exe</Data><Data Name='ParentCommandLine'>"C:\ProgramData\Microsoft\Windows Defender\Platform\4.18.23050.5-0\MsMpEng.exe"</Data><Data Name='ParentUser'>NT AUTHORITY\SYSTEM</Data></EventData></Event>