<Event xmlns='http://schemas.microsoft.com/win/2004/08/events/event'><System><Provider Name='Microsoft-Windows-Sysmon' Guid='{5770385f-c22a-43e0-bf4c-06f5698ffbd9}'/><EventID>1</EventID><Version>5</Version><Level>4</Level><Task>1</Task><Opcode>0</Opcode><Keywords>0x8000000000000000</Keywords><TimeCreated SystemTime='2023-07-23T23:19:47.2184881Z'/><EventRecordID>12201</EventRecordID><Correlation/><Execution ProcessID='2760' ThreadID='3284'/><Channel>Microsoft-Windows-Sysmon/Operational</Channel><Computer>Jerry-PC</Computer><Security UserID='S-1-5-18'/></System><EventData><Data Name='RuleName'>-</Data><Data Name='UtcTime'>2023-07-23 23:19:47.217</Data><Data Name='ProcessGuid'>{3f0f5ad4-b593-64bd-4b01-000000003100}</Data><Data Name='ProcessId'>1984</Data><Data Name='Image'>C:\Windows\SysWOW64\dllhost.exe</Data><Data Name='FileVersion'>10.0.22621.1 (WinBuild.160101.0800)</Data><Data Name='Description'>COM Surrogate</Data><Data Name='Product'>Microsoft® Windows® Operating System</Data><Data Name='Company'>Microsoft Corporation</Data><Data Name='OriginalFileName'>dllhost.exe</Data><Data Name='CommandLine'>C:\Windows\SysWOW64\DllHost.exe /Processid:{60A90A2F-858D-42AF-8929-82BE9D99E8A1}</Data><Data Name='CurrentDirectory'>C:\Windows\system32\</Data><Data Name='User'>JERRY-PC\Jerry</Data><Data Name='LogonGuid'>{3f0f5ad4-b317-64bd-795a-050000000000}</Data><Data Name='LogonId'>0x55a79</Data><Data Name='TerminalSessionId'>1</Data><Data Name='IntegrityLevel'>Medium</Data><Data Name='Hashes'>MD5=BF60B3F6E01EDDEDE8551FA076472057,SHA256=D9B3874AA63F62699D5AE1ADE9959B45860D55233E93A1064D83B63307EA7435,IMPHASH=B7F063F6E914DB6ACB4DCC8D69219A5F</Data><Data Name='ParentProcessGuid'>{3f0f5ad4-b311-64bd-0d00-000000003100}</Data><Data Name='ParentProcessId'>876</Data><Data Name='ParentImage'>C:\Windows\System32\svchost.exe</Data><Data Name='ParentCommandLine'>C:\Windows\system32\svchost.exe -k DcomLaunch -p</Data><Data Name='ParentUser'>NT AUTHORITY\SYSTEM</Data></EventData></Event><Event xmlns='http://schemas.microsoft.com/win/2004/08/events/event'><System><Provider Name='Microsoft-Windows-Sysmon' Guid='{5770385f-c22a-43e0-bf4c-06f5698ffbd9}'/><EventID>1</EventID><Version>5</Version><Level>4</Level><Task>1</Task><Opcode>0</Opcode><Keywords>0x8000000000000000</Keywords><TimeCreated SystemTime='2023-07-23T23:19:42.8020220Z'/><EventRecordID>12200</EventRecordID><Correlation/><Execution ProcessID='2760' ThreadID='3284'/><Channel>Microsoft-Windows-Sysmon/Operational</Channel><Computer>Jerry-PC</Computer><Security UserID='S-1-5-18'/></System><EventData><Data Name='RuleName'>-</Data><Data Name='UtcTime'>2023-07-23 23:19:42.801</Data><Data Name='ProcessGuid'>{3f0f5ad4-b58e-64bd-4a01-000000003100}</Data><Data Name='ProcessId'>844</Data><Data Name='Image'>C:\Windows\SysWOW64\dllhost.exe</Data><Data Name='FileVersion'>10.0.22621.1 (WinBuild.160101.0800)</Data><Data Name='Description'>COM Surrogate</Data><Data Name='Product'>Microsoft® Windows® Operating System</Data><Data Name='Company'>Microsoft Corporation</Data><Data Name='OriginalFileName'>dllhost.exe</Data><Data Name='CommandLine'>C:\Windows\SysWOW64\DllHost.exe /Processid:{53362C32-A296-4F2D-A2F8-FD984D08340B}</Data><Data Name='CurrentDirectory'>C:\Windows\system32\</Data><Data Name='User'>JERRY-PC\Jerry</Data><Data Name='LogonGuid'>{3f0f5ad4-b317-64bd-795a-050000000000}</Data><Data Name='LogonId'>0x55a79</Data><Data Name='TerminalSessionId'>1</Data><Data Name='IntegrityLevel'>Medium</Data><Data Name='Hashes'>MD5=BF60B3F6E01EDDEDE8551FA076472057,SHA256=D9B3874AA63F62699D5AE1ADE9959B45860D55233E93A1064D83B63307EA7435,IMPHASH=B7F063F6E914DB6ACB4DCC8D69219A5F</Data><Data Name='ParentProcessGuid'>{3f0f5ad4-b311-64bd-0d00-000000003100}</Data><Data Name='ParentProcessId'>876</Data><Data Name='ParentImage'>C:\Windows\System32\svchost.exe</Data><Data Name='ParentCommandLine'>C:\Windows\system32\svchost.exe -k DcomLaunch -p</Data><Data Name='ParentUser'>NT AUTHORITY\SYSTEM</Data></EventData></Event><Event xmlns='http://schemas.microsoft.com/win/2004/08/events/event'><System><Provider Name='Microsoft-Windows-Sysmon' Guid='{5770385f-c22a-43e0-bf4c-06f5698ffbd9}'/><EventID>1</EventID><Version>5</Version><Level>4</Level><Task>1</Task><Opcode>0</Opcode><Keywords>0x8000000000000000</Keywords><TimeCreated SystemTime='2023-07-23T23:19:42.3278486Z'/><EventRecordID>12199</EventRecordID><Correlation/><Execution ProcessID='2760' ThreadID='3284'/><Channel>Microsoft-Windows-Sysmon/Operational</Channel><Computer>Jerry-PC</Computer><Security UserID='S-1-5-18'/></System><EventData><Data Name='RuleName'>-</Data><Data Name='UtcTime'>2023-07-23 23:19:42.327</Data><Data Name='ProcessGuid'>{3f0f5ad4-b58e-64bd-4901-000000003100}</Data><Data Name='ProcessId'>6392</Data><Data Name='Image'>C:\Windows\SysWOW64\dllhost.exe</Data><Data Name='FileVersion'>10.0.22621.1 (WinBuild.160101.0800)</Data><Data Name='Description'>COM Surrogate</Data><Data Name='Product'>Microsoft® Windows® Operating System</Data><Data Name='Company'>Microsoft Corporation</Data><Data Name='OriginalFileName'>dllhost.exe</Data><Data Name='CommandLine'>C:\Windows\SysWOW64\DllHost.exe /Processid:{60A90A2F-858D-42AF-8929-82BE9D99E8A1}</Data><Data Name='CurrentDirectory'>C:\Windows\system32\</Data><Data Name='User'>JERRY-PC\Jerry</Data><Data Name='LogonGuid'>{3f0f5ad4-b317-64bd-795a-050000000000}</Data><Data Name='LogonId'>0x55a79</Data><Data Name='TerminalSessionId'>1</Data><Data Name='IntegrityLevel'>Medium</Data><Data Name='Hashes'>MD5=BF60B3F6E01EDDEDE8551FA076472057,SHA256=D9B3874AA63F62699D5AE1ADE9959B45860D55233E93A1064D83B63307EA7435,IMPHASH=B7F063F6E914DB6ACB4DCC8D69219A5F</Data><Data Name='ParentProcessGuid'>{3f0f5ad4-b311-64bd-0d00-000000003100}</Data><Data Name='ParentProcessId'>876</Data><Data Name='ParentImage'>C:\Windows\System32\svchost.exe</Data><Data Name='ParentCommandLine'>C:\Windows\system32\svchost.exe -k DcomLaunch -p</Data><Data Name='ParentUser'>NT AUTHORITY\SYSTEM</Data></EventData></Event><Event xmlns='http://schemas.microsoft.com/win/2004/08/events/event'><System><Provider Name='Microsoft-Windows-Sysmon' Guid='{5770385f-c22a-43e0-bf4c-06f5698ffbd9}'/><EventID>1</EventID><Version>5</Version><Level>4</Level><Task>1</Task><Opcode>0</Opcode><Keywords>0x8000000000000000</Keywords><TimeCreated SystemTime='2023-07-23T23:19:42.1855668Z'/><EventRecordID>12198</EventRecordID><Correlation/><Execution ProcessID='2760' ThreadID='3284'/><Channel>Microsoft-Windows-Sysmon/Operational</Channel><Computer>Jerry-PC</Computer><Security UserID='S-1-5-18'/></System><EventData><Data Name='RuleName'>-</Data><Data Name='UtcTime'>2023-07-23 23:19:42.184</Data><Data Name='ProcessGuid'>{3f0f5ad4-b58e-64bd-4701-000000003100}</Data><Data Name='ProcessId'>6048</Data><Data Name='Image'>C:\Windows\System32\taskhostw.exe</Data><Data Name='FileVersion'>10.0.22621.1635 (WinBuild.160101.0800)</Data><Data Name='Description'>Host Process for Windows Tasks</Data><Data Name='Product'>Microsoft® Windows® Operating System</Data><Data Name='Company'>Microsoft Corporation</Data><Data Name='OriginalFileName'>taskhostw.exe</Data><Data Name='CommandLine'>taskhostw.exe</Data><Data Name='CurrentDirectory'>C:\Windows\system32\</Data><Data Name='User'>NT AUTHORITY\SYSTEM</Data><Data Name='LogonGuid'>{3f0f5ad4-b311-64bd-e703-000000000000}</Data><Data Name='LogonId'>0x3e7</Data><Data Name='TerminalSessionId'>0</Data><Data Name='IntegrityLevel'>System</Data><Data Name='Hashes'>MD5=4887A65FD4F6598AF4986CBC1C0E5488,SHA256=82472A84BCBB4009ADD338200F8E853FE4C5EAFE2E2C3A2D711B85BF29B72D54,IMPHASH=1C4E2D9936E4D9F2490B08AAB4D24260</Data><Data Name='ParentProcessGuid'>{3f0f5ad4-b311-64bd-1300-000000003100}</Data><Data Name='ParentProcessId'>1032</Data><Data Name='ParentImage'>C:\Windows\System32\svchost.exe</Data><Data Name='ParentCommandLine'>C:\Windows\system32\svchost.exe -k netsvcs -p</Data><Data Name='ParentUser'>NT AUTHORITY\SYSTEM</Data></EventData></Event><Event xmlns='http://schemas.microsoft.com/win/2004/08/events/event'><System><Provider Name='Microsoft-Windows-Sysmon' Guid='{5770385f-c22a-43e0-bf4c-06f5698ffbd9}'/><EventID>1</EventID><Version>5</Version><Level>4</Level><Task>1</Task><Opcode>0</Opcode><Keywords>0x8000000000000000</Keywords><TimeCreated SystemTime='2023-07-23T23:19:35.8479178Z'/><EventRecordID>12197</EventRecordID><Correlation/><Execution ProcessID='2760' ThreadID='3284'/><Channel>Microsoft-Windows-Sysmon/Operational</Channel><Computer>Jerry-PC</Computer><Security UserID='S-1-5-18'/></System><EventData><Data Name='RuleName'>-</Data><Data Name='UtcTime'>2023-07-23 23:19:35.846</Data><Data Name='ProcessGuid'>{3f0f5ad4-b587-64bd-4501-000000003100}</Data><Data Name='ProcessId'>6820</Data><Data Name='Image'>C:\Windows\SysWOW64\dllhost.exe</Data><Data Name='FileVersion'>10.0.22621.1 (WinBuild.160101.0800)</Data><Data Name='Description'>COM Surrogate</Data><Data Name='Product'>Microsoft® Windows® Operating System</Data><Data Name='Company'>Microsoft Corporation</Data><Data Name='OriginalFileName'>dllhost.exe</Data><Data Name='CommandLine'>C:\Windows\SysWOW64\DllHost.exe /Processid:{53362C32-A296-4F2D-A2F8-FD984D08340B}</Data><Data Name='CurrentDirectory'>C:\Windows\system32\</Data><Data Name='User'>JERRY-PC\Jerry</Data><Data Name='LogonGuid'>{3f0f5ad4-b317-64bd-795a-050000000000}</Data><Data Name='LogonId'>0x55a79</Data><Data Name='TerminalSessionId'>1</Data><Data Name='IntegrityLevel'>Medium</Data><Data Name='Hashes'>MD5=BF60B3F6E01EDDEDE8551FA076472057,SHA256=D9B3874AA63F62699D5AE1ADE9959B45860D55233E93A1064D83B63307EA7435,IMPHASH=B7F063F6E914DB6ACB4DCC8D69219A5F</Data><Data Name='ParentProcessGuid'>{3f0f5ad4-b311-64bd-0d00-000000003100}</Data><Data Name='ParentProcessId'>876</Data><Data Name='ParentImage'>C:\Windows\System32\svchost.exe</Data><Data Name='ParentCommandLine'>C:\Windows\system32\svchost.exe -k DcomLaunch -p</Data><Data Name='ParentUser'>NT AUTHORITY\SYSTEM</Data></EventData></Event><Event xmlns='http://schemas.microsoft.com/win/2004/08/events/event'><System><Provider Name='Microsoft-Windows-Sysmon' Guid='{5770385f-c22a-43e0-bf4c-06f5698ffbd9}'/><EventID>1</EventID><Version>5</Version><Level>4</Level><Task>1</Task><Opcode>0</Opcode><Keywords>0x8000000000000000</Keywords><TimeCreated SystemTime='2023-07-23T23:19:35.3706720Z'/><EventRecordID>12196</EventRecordID><Correlation/><Execution ProcessID='2760' ThreadID='3284'/><Channel>Microsoft-Windows-Sysmon/Operational</Channel><Computer>Jerry-PC</Computer><Security UserID='S-1-5-18'/></System><EventData><Data Name='RuleName'>-</Data><Data Name='UtcTime'>2023-07-23 23:19:35.369</Data><Data Name='ProcessGuid'>{3f0f5ad4-b587-64bd-4401-000000003100}</Data><Data Name='ProcessId'>7748</Data><Data Name='Image'>C:\Windows\SysWOW64\dllhost.exe</Data><Data Name='FileVersion'>10.0.22621.1 (WinBuild.160101.0800)</Data><Data Name='Description'>COM Surrogate</Data><Data Name='Product'>Microsoft® Windows® Operating System</Data><Data Name='Company'>Microsoft Corporation</Data><Data Name='OriginalFileName'>dllhost.exe</Data><Data Name='CommandLine'>C:\Windows\SysWOW64\DllHost.exe /Processid:{60A90A2F-858D-42AF-8929-82BE9D99E8A1}</Data><Data Name='CurrentDirectory'>C:\Windows\system32\</Data><Data Name='User'>JERRY-PC\Jerry</Data><Data Name='LogonGuid'>{3f0f5ad4-b317-64bd-795a-050000000000}</Data><Data Name='LogonId'>0x55a79</Data><Data Name='TerminalSessionId'>1</Data><Data Name='IntegrityLevel'>Medium</Data><Data Name='Hashes'>MD5=BF60B3F6E01EDDEDE8551FA076472057,SHA256=D9B3874AA63F62699D5AE1ADE9959B45860D55233E93A1064D83B63307EA7435,IMPHASH=B7F063F6E914DB6ACB4DCC8D69219A5F</Data><Data Name='ParentProcessGuid'>{3f0f5ad4-b311-64bd-0d00-000000003100}</Data><Data Name='ParentProcessId'>876</Data><Data Name='ParentImage'>C:\Windows\System32\svchost.exe</Data><Data Name='ParentCommandLine'>C:\Windows\system32\svchost.exe -k DcomLaunch -p</Data><Data Name='ParentUser'>NT AUTHORITY\SYSTEM</Data></EventData></Event><Event xmlns='http://schemas.microsoft.com/win/2004/08/events/event'><System><Provider Name='Microsoft-Windows-Sysmon' Guid='{5770385f-c22a-43e0-bf4c-06f5698ffbd9}'/><EventID>1</EventID><Version>5</Version><Level>4</Level><Task>1</Task><Opcode>0</Opcode><Keywords>0x8000000000000000</Keywords><TimeCreated SystemTime='2023-07-23T23:19:33.6419674Z'/><EventRecordID>12195</EventRecordID><Correlation/><Execution ProcessID='2760' ThreadID='3284'/><Channel>Microsoft-Windows-Sysmon/Operational</Channel><Computer>Jerry-PC</Computer><Security UserID='S-1-5-18'/></System><EventData><Data Name='RuleName'>-</Data><Data Name='UtcTime'>2023-07-23 23:19:33.601</Data><Data Name='ProcessGuid'>{3f0f5ad4-b585-64bd-4201-000000003100}</Data><Data Name='ProcessId'>5792</Data><Data Name='Image'>C:\Program Files (x86)\Microsoft\EdgeUpdate\MicrosoftEdgeUpdate.exe</Data><Data Name='FileVersion'>1.3.155.85</Data><Data Name='Description'>Microsoft Edge Update</Data><Data Name='Product'>Microsoft Edge Update</Data><Data Name='Company'>Microsoft Corporation</Data><Data Name='OriginalFileName'>msedgeupdate.dll</Data><Data Name='CommandLine'>"C:\Program Files (x86)\Microsoft\EdgeUpdate\MicrosoftEdgeUpdate.exe" /ping PD94bWwgdmVyc2lvbj0iMS4wIiBlbmNvZGluZz0iVVRGLTgiPz48cmVxdWVzdCBwcm90b2NvbD0iMy4wIiB1cGRhdGVyPSJPbWFoYSIgdXBkYXRlcnZlcnNpb249IjEuMy4xNzUuMjkiIHNoZWxsX3ZlcnNpb249IjEuMy4xNTUuODUiIGlzbWFjaGluZT0iMSIgc2Vzc2lvbmlkPSJ7MURDNzFFOEMtNUIyNS00Qjc4LUE4RUUtQkUwNDM0RjYyQjQzfSIgdXNlcmlkPSJ7OTEyMDNDNDktOUJCRC00OTI5LUI4QTgtRjlEQUMxRjY4QTExfSIgaW5zdGFsbHNvdXJjZT0ic2NoZWR1bGVyIiByZXF1ZXN0aWQ9InszRTUyQjc3Ny0xMThCLTQ5NEEtOTUyMC0xQ0ZENEIxREFGMER9IiBkZWR1cD0iY3IiIGRvbWFpbmpvaW5lZD0iMCI-PGh3IGxvZ2ljYWxfY3B1cz0iMiIgcGh5c21lbW9yeT0iMiIgZGlza190eXBlPSIxIiBzc2U9IjEiIHNzZTI9IjEiIHNzZTM9IjEiIHNzc2UzPSIxIiBzc2U0MT0iMSIgc3NlNDI9IjEiIGF2eD0iMSIvPjxvcyBwbGF0Zm9ybT0id2luIiB2ZXJzaW9uPSIxMC4wLjIyNjIxLjE4NDgiIHNwPSIiIGFyY2g9Ing2NCIgcHJvZHVjdF90eXBlPSI0OCIgb3NfcmVnaW9uX25hbWU9IlVTIiBvc19yZWdpb25fbmF0aW9uPSIyNDQiIG9zX3JlZ2lvbl9kbWE9IjAiIGlzX3dpcD0iMCIgaXNfaW5fbG9ja2Rvd25fbW9kZT0iMCIvPjxvZW0gcHJvZHVjdF9tYW51ZmFjdHVyZXI9Imlubm90ZWsgR21iSCIgcHJvZHVjdF9uYW1lPSJWaXJ0dWFsQm94Ii8-PGV4cCBldGFnPSImcXVvdDtyNDUydDErazJUZ3EvSFh6anZGTkJSaG9wQldSOXNialh4cWVVREg5dVgwPSZxdW90OyIvPjxhcHAgYXBwaWQ9IntGM0M0RkUwMC1FRkQ1LTQwM0ItOTU2OS0zOThBMjBGMUJBNEF9IiB2ZXJzaW9uPSIxLjMuMTc1LjI5IiBuZXh0dmVyc2lvbj0iIiBsYW5nPSIiIGJyYW5kPSJJTkJYIiBjbGllbnQ9IiIgY29ob3J0PSJycmZAMC41OSI-PHVwZGF0ZWNoZWNrLz48cGluZyByPSIxNSIgcmQ9IjYwMzIiIHBpbmdfZnJlc2huZXNzPSJ7NkY3RDQ0NDItNUE5Ni00QTIzLThEMDItQ0UwOTJGOEVBQ0IzfSIvPjwvYXBwPjxhcHAgYXBwaWQ9Ins1NkVCMThGOC1CMDA4LTRDQkQtQjZEMi04Qzk3RkU3RTkwNjJ9IiB2ZXJzaW9uPSIxMTQuMC4xODIzLjY3IiBuZXh0dmVyc2lvbj0iIiBsYW5nPSIiIGJyYW5kPSJJTkJYIiBjbGllbnQ9IiIgZXhwZXJpbWVudHM9ImNvbnNlbnQ9ZmFsc2UiIGNvaG9ydD0icnJmQDAuNTUiIG9vYmVfaW5zdGFsbF90aW1lPSIxODQ0Njc0NDA3MzcwOTU1MTYwNiIgdXBkYXRlX2NvdW50PSIyIiBpc19waW5uZWRfc3lzdGVtPSJ0cnVlIiBsYXN0X2xhdW5jaF9jb3VudD0iMSIgbGFzdF9sYXVuY2hfdGltZT0iMTMzMzQxMTE2NTU5NzkyMjEwIiBmaXJzdF9mcmVfc2Vlbl90aW1lPSIxMzMzMzMyNzAzNzA3NjY1NjAiIGZpcnN0X2ZyZV9zZWVuX3ZlcnNpb249IjExNC4wLjE4MjMuNjciPjx1cGRhdGVjaGVjay8-PHBpbmcgYWN0aXZlPSIxIiBhPSIxNSIgcj0iMTUiIGFkPSI2MDMyIiByZD0iNjAzMiIgcGluZ19mcmVzaG5lc3M9IntBNzFENDlEMC04NEIyLTQ1MUEtQjFFMy01NzJCRTJBQUM1RTh9Ii8-PC9hcHA-PGFwcCBhcHBpZD0ie0YzMDE3MjI2LUZFMkEtNDI5NS04QkRGLTAwQzNBOUE3RTRDNX0iIHZlcnNpb249IjExNC4wLjE4MjMuNjciIG5leHR2ZXJzaW9uPSIiIGxhbmc9IiIgYnJhbmQ9IklOQlgiIGNsaWVudD0iIiBleHBlcmltZW50cz0iY29uc2VudD1mYWxzZSIgY29ob3J0PSJycmZAMC4yNSIgdXBkYXRlX2NvdW50PSIyIj48dXBkYXRlY2hlY2svPjxwaW5nIHI9IjE1IiByZD0iNjAzMiIgcGluZ19mcmVzaG5lc3M9InsxMzA3NUE2My1FQzRBLTQzOTEtOTE2RC01RTU4MTVGODE4RTB9Ii8-PC9hcHA-PC9yZXF1ZXN0Pg</Data><Data Name='CurrentDirectory'>C:\Program Files (x86)\Microsoft\EdgeUpdate\1.3.175.29\</Data><Data Name='User'>NT AUTHORITY\SYSTEM</Data><Data Name='LogonGuid'>{3f0f5ad4-b311-64bd-e703-000000000000}</Data><Data Name='LogonId'>0x3e7</Data><Data Name='TerminalSessionId'>0</Data><Data Name='IntegrityLevel'>System</Data><Data Name='Hashes'>MD5=A4FC8EC5BC41C41918B0C1541E4E4BE6,SHA256=54545F352215A9C0F370A01980AADCD5749A93589931662D89A974D7BD60F476,IMPHASH=E00D60405A249A05D3B09AA7FE924B17</Data><Data Name='ParentProcessGuid'>{3f0f5ad4-b57d-64bd-3701-000000003100}</Data><Data Name='ParentProcessId'>4588</Data><Data Name='ParentImage'>C:\Program Files (x86)\Microsoft\EdgeUpdate\MicrosoftEdgeUpdate.exe</Data><Data Name='ParentCommandLine'>"C:\Program Files (x86)\Microsoft\EdgeUpdate\MicrosoftEdgeUpdate.exe" /svc</Data><Data Name='ParentUser'>NT AUTHORITY\SYSTEM</Data></EventData></Event><Event xmlns='http://schemas.microsoft.com/win/2004/08/events/event'><System><Provider Name='Microsoft-Windows-Sysmon' Guid='{5770385f-c22a-43e0-bf4c-06f5698ffbd9}'/><EventID>22</EventID><Version>5</Version><Level>4</Level><Task>22</Task><Opcode>0</Opcode><Keywords>0x8000000000000000</Keywords><TimeCreated SystemTime='2023-07-23T23:19:32.1308946Z'/><EventRecordID>12194</EventRecordID><Correlation/><Execution ProcessID='2760' ThreadID='3296'/><Channel>Microsoft-Windows-Sysmon/Operational</Channel><Computer>Jerry-PC</Computer><Security UserID='S-1-5-18'/></System><EventData><Data Name='RuleName'>-</Data><Data Name='UtcTime'>2023-07-23 23:19:32.664</Data><Data Name='ProcessGuid'>{3f0f5ad4-b54f-64bd-2401-000000003100}</Data><Data Name='ProcessId'>2044</Data><Data Name='QueryName'>JERRY-PC</Data><Data Name='QueryStatus'>0</Data><Data Name='QueryResults'>::1;::ffff:10.240.240.4;</Data><Data Name='Image'>C:\Windows\System32\wbem\WmiPrvSE.exe</Data><Data Name='User'>NT AUTHORITY\NETWORK SERVICE</Data></EventData></Event><Event xmlns='http://schemas.microsoft.com/win/2004/08/events/event'><System><Provider Name='Microsoft-Windows-Sysmon' Guid='{5770385f-c22a-43e0-bf4c-06f5698ffbd9}'/><EventID>11</EventID><Version>2</Version><Level>4</Level><Task>11</Task><Opcode>0</Opcode><Keywords>0x8000000000000000</Keywords><TimeCreated SystemTime='2023-07-23T23:19:31.9253644Z'/><EventRecordID>12193</EventRecordID><Correlation/><Execution ProcessID='2760' ThreadID='3284'/><Channel>Microsoft-Windows-Sysmon/Operational</Channel><Computer>Jerry-PC</Computer><Security UserID='S-1-5-18'/></System><EventData><Data Name='RuleName'>-</Data><Data Name='UtcTime'>2023-07-23 23:19:31.923</Data><Data Name='ProcessGuid'>{3f0f5ad4-b583-64bd-4001-000000003100}</Data><Data Name='ProcessId'>5656</Data><Data Name='Image'>C:\Windows\System32\WindowsPowerShell\v1.0\powershell.exe</Data><Data Name='TargetFilename'>C:\Windows\Temp\__PSScriptPolicyTest_qianv0z3.zfs.ps1</Data><Data Name='CreationUtcTime'>2023-07-23 23:19:31.923</Data><Data Name='User'>NT AUTHORITY\SYSTEM</Data></EventData></Event><Event xmlns='http://schemas.microsoft.com/win/2004/08/events/event'><System><Provider Name='Microsoft-Windows-Sysmon' Guid='{5770385f-c22a-43e0-bf4c-06f5698ffbd9}'/><EventID>1</EventID><Version>5</Version><Level>4</Level><Task>1</Task><Opcode>0</Opcode><Keywords>0x8000000000000000</Keywords><TimeCreated SystemTime='2023-07-23T23:19:31.8473570Z'/><EventRecordID>12192</EventRecordID><Correlation/><Execution ProcessID='2760' ThreadID='3284'/><Channel>Microsoft-Windows-Sysmon/Operational</Channel><Computer>Jerry-PC</Computer><Security UserID='S-1-5-18'/></System><EventData><Data Name='RuleName'>-</Data><Data Name='UtcTime'>2023-07-23 23:19:31.846</Data><Data Name='ProcessGuid'>{3f0f5ad4-b583-64bd-4001-000000003100}</Data><Data Name='ProcessId'>5656</Data><Data Name='Image'>C:\Windows\System32\WindowsPowerShell\v1.0\powershell.exe</Data><Data Name='FileVersion'>10.0.22621.1635 (WinBuild.160101.0800)</Data><Data Name='Description'>Windows PowerShell</Data><Data Name='Product'>Microsoft® Windows® Operating System</Data><Data Name='Company'>Microsoft Corporation</Data><Data Name='OriginalFileName'>PowerShell.EXE</Data><Data Name='CommandLine'>powershell.exe -ExecutionPolicy Restricted -Command  $Res = 0; $Infs = Get-Item -Path ($env:WinDir + '\inf\*.inf'); foreach ($Inf in $Infs) { $Data = Get-Content $Inf.FullName; if ($Data -match '\[defaultinstall.nt(amd64|arm|arm64|x86)\]') { $Res = 1; break; } } Write-Host 'Final result:', $Res;</Data><Data Name='CurrentDirectory'>C:\Windows\system32\</Data><Data Name='User'>NT AUTHORITY\SYSTEM</Data><Data Name='LogonGuid'>{3f0f5ad4-b311-64bd-e703-000000000000}</Data><Data Name='LogonId'>0x3e7</Data><Data Name='TerminalSessionId'>0</Data><Data Name='IntegrityLevel'>System</Data><Data Name='Hashes'>MD5=0499440C4B0783266183246E384C6657,SHA256=D436E66C0D092508E4B85290815AB375695FA9013C7423A3A27FED4F1ACF90BD,IMPHASH=342A7FD0A3177AE5549A5EEE99F82271</Data><Data Name='ParentProcessGuid'>{3f0f5ad4-b578-64bd-3601-000000003100}</Data><Data Name='ParentProcessId'>3680</Data><Data Name='ParentImage'>C:\Windows\System32\CompatTelRunner.exe</Data><Data Name='ParentCommandLine'>C:\Windows\system32\compattelrunner.exe -m:appraiser.dll -f:DoScheduledTelemetryRun -cv:whN2jVs6N0uPmffY.0.1.3</Data><Data Name='ParentUser'>NT AUTHORITY\SYSTEM</Data></EventData></Event><Event xmlns='http://schemas.microsoft.com/win/2004/08/events/event'><System><Provider Name='Microsoft-Windows-Sysmon' Guid='{5770385f-c22a-43e0-bf4c-06f5698ffbd9}'/><EventID>11</EventID><Version>2</Version><Level>4</Level><Task>11</Task><Opcode>0</Opcode><Keywords>0x8000000000000000</Keywords><TimeCreated SystemTime='2023-07-23T23:19:30.8657519Z'/><EventRecordID>12191</EventRecordID><Correlation/><Execution ProcessID='2760' ThreadID='3284'/><Channel>Microsoft-Windows-Sysmon/Operational</Channel><Computer>Jerry-PC</Computer><Security UserID='S-1-5-18'/></System><EventData><Data Name='RuleName'>-</Data><Data Name='UtcTime'>2023-07-23 23:19:30.863</Data><Data Name='ProcessGuid'>{3f0f5ad4-b582-64bd-3e01-000000003100}</Data><Data Name='ProcessId'>6564</Data><Data Name='Image'>C:\Windows\System32\WindowsPowerShell\v1.0\powershell.exe</Data><Data Name='TargetFilename'>C:\Windows\Temp\__PSScriptPolicyTest_ceosumkc.tgy.ps1</Data><Data Name='CreationUtcTime'>2023-07-23 23:19:30.863</Data><Data Name='User'>NT AUTHORITY\SYSTEM</Data></EventData></Event><Event xmlns='http://schemas.microsoft.com/win/2004/08/events/event'><System><Provider Name='Microsoft-Windows-Sysmon' Guid='{5770385f-c22a-43e0-bf4c-06f5698ffbd9}'/><EventID>1</EventID><Version>5</Version><Level>4</Level><Task>1</Task><Opcode>0</Opcode><Keywords>0x8000000000000000</Keywords><TimeCreated SystemTime='2023-07-23T23:19:30.5714938Z'/><EventRecordID>12190</EventRecordID><Correlation/><Execution ProcessID='2760' ThreadID='3284'/><Channel>Microsoft-Windows-Sysmon/Operational</Channel><Computer>Jerry-PC</Computer><Security UserID='S-1-5-18'/></System><EventData><Data Name='RuleName'>-</Data><Data Name='UtcTime'>2023-07-23 23:19:30.569</Data><Data Name='ProcessGuid'>{3f0f5ad4-b582-64bd-3e01-000000003100}</Data><Data Name='ProcessId'>6564</Data><Data Name='Image'>C:\Windows\System32\WindowsPowerShell\v1.0\powershell.exe</Data><Data Name='FileVersion'>10.0.22621.1635 (WinBuild.160101.0800)</Data><Data Name='Description'>Windows PowerShell</Data><Data Name='Product'>Microsoft® Windows® Operating System</Data><Data Name='Company'>Microsoft Corporation</Data><Data Name='OriginalFileName'>PowerShell.EXE</Data><Data Name='CommandLine'>powershell.exe -ExecutionPolicy Restricted -Command Write-Host 'Final result: 1';</Data><Data Name='CurrentDirectory'>C:\Windows\system32\</Data><Data Name='User'>NT AUTHORITY\SYSTEM</Data><Data Name='LogonGuid'>{3f0f5ad4-b311-64bd-e703-000000000000}</Data><Data Name='LogonId'>0x3e7</Data><Data Name='TerminalSessionId'>0</Data><Data Name='IntegrityLevel'>System</Data><Data Name='Hashes'>MD5=0499440C4B0783266183246E384C6657,SHA256=D436E66C0D092508E4B85290815AB375695FA9013C7423A3A27FED4F1ACF90BD,IMPHASH=342A7FD0A3177AE5549A5EEE99F82271</Data><Data Name='ParentProcessGuid'>{3f0f5ad4-b578-64bd-3601-000000003100}</Data><Data Name='ParentProcessId'>3680</Data><Data Name='ParentImage'>C:\Windows\System32\CompatTelRunner.exe</Data><Data Name='ParentCommandLine'>C:\Windows\system32\compattelrunner.exe -m:appraiser.dll -f:DoScheduledTelemetryRun -cv:whN2jVs6N0uPmffY.0.1.3</Data><Data Name='ParentUser'>NT AUTHORITY\SYSTEM</Data></EventData></Event><Event xmlns='http://schemas.microsoft.com/win/2004/08/events/event'><System><Provider Name='Microsoft-Windows-Sysmon' Guid='{5770385f-c22a-43e0-bf4c-06f5698ffbd9}'/><EventID>13</EventID><Version>2</Version><Level>4</Level><Task>13</Task><Opcode>0</Opcode><Keywords>0x8000000000000000</Keywords><TimeCreated SystemTime='2023-07-23T23:19:30.5021553Z'/><EventRecordID>12189</EventRecordID><Correlation/><Execution ProcessID='2760' ThreadID='3284'/><Channel>Microsoft-Windows-Sysmon/Operational</Channel><Computer>Jerry-PC</Computer><Security UserID='S-1-5-18'/></System><EventData><Data Name='RuleName'>InvDB-Ver</Data><Data Name='EventType'>SetValue</Data><Data Name='UtcTime'>2023-07-23 23:19:30.499</Data><Data Name='ProcessGuid'>{3f0f5ad4-b578-64bd-3601-000000003100}</Data><Data Name='ProcessId'>3680</Data><Data Name='Image'>C:\Windows\system32\compattelrunner.exe</Data><Data Name='TargetObject'>\REGISTRY\A\{5dfb6902-580d-20f2-eee2-25aecfb2b037}\Root\InventoryApplicationFile\nissrv.exe|1993c370a523d7b0\BinProductVersion</Data><Data Name='Details'>4.18.23050.5</Data><Data Name='User'>NT AUTHORITY\SYSTEM</Data></EventData></Event><Event xmlns='http://schemas.microsoft.com/win/2004/08/events/event'><System><Provider Name='Microsoft-Windows-Sysmon' Guid='{5770385f-c22a-43e0-bf4c-06f5698ffbd9}'/><EventID>13</EventID><Version>2</Version><Level>4</Level><Task>13</Task><Opcode>0</Opcode><Keywords>0x8000000000000000</Keywords><TimeCreated SystemTime='2023-07-23T23:19:30.5020991Z'/><EventRecordID>12188</EventRecordID><Correlation/><Execution ProcessID='2760' ThreadID='3284'/><Channel>Microsoft-Windows-Sysmon/Operational</Channel><Computer>Jerry-PC</Computer><Security UserID='S-1-5-18'/></System><EventData><Data Name='RuleName'>InvDB-CompileTimeClaim</Data><Data Name='EventType'>SetValue</Data><Data Name='UtcTime'>2023-07-23 23:19:30.499</Data><Data Name='ProcessGuid'>{3f0f5ad4-b578-64bd-3601-000000003100}</Data><Data Name='ProcessId'>3680</Data><Data Name='Image'>C:\Windows\system32\compattelrunner.exe</Data><Data Name='TargetObject'>\REGISTRY\A\{5dfb6902-580d-20f2-eee2-25aecfb2b037}\Root\InventoryApplicationFile\nissrv.exe|1993c370a523d7b0\LinkDate</Data><Data Name='Details'>02/02/2088 08:56:07</Data><Data Name='User'>NT AUTHORITY\SYSTEM</Data></EventData></Event><Event xmlns='http://schemas.microsoft.com/win/2004/08/events/event'><System><Provider Name='Microsoft-Windows-Sysmon' Guid='{5770385f-c22a-43e0-bf4c-06f5698ffbd9}'/><EventID>13</EventID><Version>2</Version><Level>4</Level><Task>13</Task><Opcode>0</Opcode><Keywords>0x8000000000000000</Keywords><TimeCreated SystemTime='2023-07-23T23:19:30.5018172Z'/><EventRecordID>12187</EventRecordID><Correlation/><Execution ProcessID='2760' ThreadID='3284'/><Channel>Microsoft-Windows-Sysmon/Operational</Channel><Computer>Jerry-PC</Computer><Security UserID='S-1-5-18'/></System><EventData><Data Name='RuleName'>InvDB-Pub</Data><Data Name='EventType'>SetValue</Data><Data Name='UtcTime'>2023-07-23 23:19:30.499</Data><Data Name='ProcessGuid'>{3f0f5ad4-b578-64bd-3601-000000003100}</Data><Data Name='ProcessId'>3680</Data><Data Name='Image'>C:\Windows\system32\compattelrunner.exe</Data><Data Name='TargetObject'>\REGISTRY\A\{5dfb6902-580d-20f2-eee2-25aecfb2b037}\Root\InventoryApplicationFile\nissrv.exe|1993c370a523d7b0\Publisher</Data><Data Name='Details'>microsoft corporation</Data><Data Name='User'>NT AUTHORITY\SYSTEM</Data></EventData></Event><Event xmlns='http://schemas.microsoft.com/win/2004/08/events/event'><System><Provider Name='Microsoft-Windows-Sysmon' Guid='{5770385f-c22a-43e0-bf4c-06f5698ffbd9}'/><EventID>13</EventID><Version>2</Version><Level>4</Level><Task>13</Task><Opcode>0</Opcode><Keywords>0x8000000000000000</Keywords><TimeCreated SystemTime='2023-07-23T23:19:30.5016116Z'/><EventRecordID>12186</EventRecordID><Correlation/><Execution ProcessID='2760' ThreadID='3284'/><Channel>Microsoft-Windows-Sysmon/Operational</Channel><Computer>Jerry-PC</Computer><Security UserID='S-1-5-18'/></System><EventData><Data Name='RuleName'>InvDB-Path</Data><Data Name='EventType'>SetValue</Data><Data Name='UtcTime'>2023-07-23 23:19:30.499</Data><Data Name='ProcessGuid'>{3f0f5ad4-b578-64bd-3601-000000003100}</Data><Data Name='ProcessId'>3680</Data><Data Name='Image'>C:\Windows\system32\compattelrunner.exe</Data><Data Name='TargetObject'>\REGISTRY\A\{5dfb6902-580d-20f2-eee2-25aecfb2b037}\Root\InventoryApplicationFile\nissrv.exe|1993c370a523d7b0\LowerCaseLongPath</Data><Data Name='Details'>c:\programdata\microsoft\windows defender\platform\4.18.23050.5-0\nissrv.exe</Data><Data Name='User'>NT AUTHORITY\SYSTEM</Data></EventData></Event><Event xmlns='http://schemas.microsoft.com/win/2004/08/events/event'><System><Provider Name='Microsoft-Windows-Sysmon' Guid='{5770385f-c22a-43e0-bf4c-06f5698ffbd9}'/><EventID>13</EventID><Version>2</Version><Level>4</Level><Task>13</Task><Opcode>0</Opcode><Keywords>0x8000000000000000</Keywords><TimeCreated SystemTime='2023-07-23T23:19:30.4928679Z'/><EventRecordID>12185</EventRecordID><Correlation/><Execution ProcessID='2760' ThreadID='3284'/><Channel>Microsoft-Windows-Sysmon/Operational</Channel><Computer>Jerry-PC</Computer><Security UserID='S-1-5-18'/></System><EventData><Data Name='RuleName'>InvDB-Ver</Data><Data Name='EventType'>SetValue</Data><Data Name='UtcTime'>2023-07-23 23:19:30.488</Data><Data Name='ProcessGuid'>{3f0f5ad4-b578-64bd-3601-000000003100}</Data><Data Name='ProcessId'>3680</Data><Data Name='Image'>C:\Windows\system32\compattelrunner.exe</Data><Data Name='TargetObject'>\REGISTRY\A\{5dfb6902-580d-20f2-eee2-25aecfb2b037}\Root\InventoryApplicationFile\msmpeng.exe|5b76166ec5f4aa61\BinProductVersion</Data><Data Name='Details'>4.18.23050.5</Data><Data Name='User'>NT AUTHORITY\SYSTEM</Data></EventData></Event><Event xmlns='http://schemas.microsoft.com/win/2004/08/events/event'><System><Provider Name='Microsoft-Windows-Sysmon' Guid='{5770385f-c22a-43e0-bf4c-06f5698ffbd9}'/><EventID>13</EventID><Version>2</Version><Level>4</Level><Task>13</Task><Opcode>0</Opcode><Keywords>0x8000000000000000</Keywords><TimeCreated SystemTime='2023-07-23T23:19:30.4928337Z'/><EventRecordID>12184</EventRecordID><Correlation/><Execution ProcessID='2760' ThreadID='3284'/><Channel>Microsoft-Windows-Sysmon/Operational</Channel><Computer>Jerry-PC</Computer><Security UserID='S-1-5-18'/></System><EventData><Data Name='RuleName'>InvDB-CompileTimeClaim</Data><Data Name='EventType'>SetValue</Data><Data Name='UtcTime'>2023-07-23 23:19:30.488</Data><Data Name='ProcessGuid'>{3f0f5ad4-b578-64bd-3601-000000003100}</Data><Data Name='ProcessId'>3680</Data><Data Name='Image'>C:\Windows\system32\compattelrunner.exe</Data><Data Name='TargetObject'>\REGISTRY\A\{5dfb6902-580d-20f2-eee2-25aecfb2b037}\Root\InventoryApplicationFile\msmpeng.exe|5b76166ec5f4aa61\LinkDate</Data><Data Name='Details'>12/17/2066 18:20:53</Data><Data Name='User'>NT AUTHORITY\SYSTEM</Data></EventData></Event><Event xmlns='http://schemas.microsoft.com/win/2004/08/events/event'><System><Provider Name='Microsoft-Windows-Sysmon' Guid='{5770385f-c22a-43e0-bf4c-06f5698ffbd9}'/><EventID>13</EventID><Version>2</Version><Level>4</Level><Task>13</Task><Opcode>0</Opcode><Keywords>0x8000000000000000</Keywords><TimeCreated SystemTime='2023-07-23T23:19:30.4926111Z'/><EventRecordID>12183</EventRecordID><Correlation/><Execution ProcessID='2760' ThreadID='3284'/><Channel>Microsoft-Windows-Sysmon/Operational</Channel><Computer>Jerry-PC</Computer><Security UserID='S-1-5-18'/></System><EventData><Data Name='RuleName'>InvDB-Pub</Data><Data Name='EventType'>SetValue</Data><Data Name='UtcTime'>2023-07-23 23:19:30.488</Data><Data Name='ProcessGuid'>{3f0f5ad4-b578-64bd-3601-000000003100}</Data><Data Name='ProcessId'>3680</Data><Data Name='Image'>C:\Windows\system32\compattelrunner.exe</Data><Data Name='TargetObject'>\REGISTRY\A\{5dfb6902-580d-20f2-eee2-25aecfb2b037}\Root\InventoryApplicationFile\msmpeng.exe|5b76166ec5f4aa61\Publisher</Data><Data Name='Details'>microsoft corporation</Data><Data Name='User'>NT AUTHORITY\SYSTEM</Data></EventData></Event><Event xmlns='http://schemas.microsoft.com/win/2004/08/events/event'><System><Provider Name='Microsoft-Windows-Sysmon' Guid='{5770385f-c22a-43e0-bf4c-06f5698ffbd9}'/><EventID>13</EventID><Version>2</Version><Level>4</Level><Task>13</Task><Opcode>0</Opcode><Keywords>0x8000000000000000</Keywords><TimeCreated SystemTime='2023-07-23T23:19:30.4925058Z'/><EventRecordID>12182</EventRecordID><Correlation/><Execution ProcessID='2760' ThreadID='3284'/><Channel>Microsoft-Windows-Sysmon/Operational</Channel><Computer>Jerry-PC</Computer><Security UserID='S-1-5-18'/></System><EventData><Data Name='RuleName'>InvDB-Path</Data><Data Name='EventType'>SetValue</Data><Data Name='UtcTime'>2023-07-23 23:19:30.488</Data><Data Name='ProcessGuid'>{3f0f5ad4-b578-64bd-3601-000000003100}</Data><Data Name='ProcessId'>3680</Data><Data Name='Image'>C:\Windows\system32\compattelrunner.exe</Data><Data Name='TargetObject'>\REGISTRY\A\{5dfb6902-580d-20f2-eee2-25aecfb2b037}\Root\InventoryApplicationFile\msmpeng.exe|5b76166ec5f4aa61\LowerCaseLongPath</Data><Data Name='Details'>c:\programdata\microsoft\windows defender\platform\4.18.23050.5-0\msmpeng.exe</Data><Data Name='User'>NT AUTHORITY\SYSTEM</Data></EventData></Event><Event xmlns='http://schemas.microsoft.com/win/2004/08/events/event'><System><Provider Name='Microsoft-Windows-Sysmon' Guid='{5770385f-c22a-43e0-bf4c-06f5698ffbd9}'/><EventID>13</EventID><Version>2</Version><Level>4</Level><Task>13</Task><Opcode>0</Opcode><Keywords>0x8000000000000000</Keywords><TimeCreated SystemTime='2023-07-23T23:19:30.4886595Z'/><EventRecordID>12181</EventRecordID><Correlation/><Execution ProcessID='2760' ThreadID='3284'/><Channel>Microsoft-Windows-Sysmon/Operational</Channel><Computer>Jerry-PC</Computer><Security UserID='S-1-5-18'/></System><EventData><Data Name='RuleName'>InvDB-Ver</Data><Data Name='EventType'>SetValue</Data><Data Name='UtcTime'>2023-07-23 23:19:30.481</Data><Data Name='ProcessGuid'>{3f0f5ad4-b578-64bd-3601-000000003100}</Data><Data Name='ProcessId'>3680</Data><Data Name='Image'>C:\Windows\system32\compattelrunner.exe</Data><Data Name='TargetObject'>\REGISTRY\A\{5dfb6902-580d-20f2-eee2-25aecfb2b037}\Root\InventoryApplicationFile\mpcmdrun.exe|abe7a2ebd716c15f\BinProductVersion</Data><Data Name='Details'>4.18.23050.5</Data><Data Name='User'>NT AUTHORITY\SYSTEM</Data></EventData></Event><Event xmlns='http://schemas.microsoft.com/win/2004/08/events/event'><System><Provider Name='Microsoft-Windows-Sysmon' Guid='{5770385f-c22a-43e0-bf4c-06f5698ffbd9}'/><EventID>13</EventID><Version>2</Version><Level>4</Level><Task>13</Task><Opcode>0</Opcode><Keywords>0x8000000000000000</Keywords><TimeCreated SystemTime='2023-07-23T23:19:30.4886020Z'/><EventRecordID>12180</EventRecordID><Correlation/><Execution ProcessID='2760' ThreadID='3284'/><Channel>Microsoft-Windows-Sysmon/Operational</Channel><Computer>Jerry-PC</Computer><Security UserID='S-1-5-18'/></System><EventData><Data Name='RuleName'>InvDB-CompileTimeClaim</Data><Data Name='EventType'>SetValue</Data><Data Name='UtcTime'>2023-07-23 23:19:30.481</Data><Data Name='ProcessGuid'>{3f0f5ad4-b578-64bd-3601-000000003100}</Data><Data Name='ProcessId'>3680</Data><Data Name='Image'>C:\Windows\system32\compattelrunner.exe</Data><Data Name='TargetObject'>\REGISTRY\A\{5dfb6902-580d-20f2-eee2-25aecfb2b037}\Root\InventoryApplicationFile\mpcmdrun.exe|abe7a2ebd716c15f\LinkDate</Data><Data Name='Details'>01/12/2093 19:40:23</Data><Data Name='User'>NT AUTHORITY\SYSTEM</Data></EventData></Event><Event xmlns='http://schemas.microsoft.com/win/2004/08/events/event'><System><Provider Name='Microsoft-Windows-Sysmon' Guid='{5770385f-c22a-43e0-bf4c-06f5698ffbd9}'/><EventID>13</EventID><Version>2</Version><Level>4</Level><Task>13</Task><Opcode>0</Opcode><Keywords>0x8000000000000000</Keywords><TimeCreated SystemTime='2023-07-23T23:19:30.4882866Z'/><EventRecordID>12179</EventRecordID><Correlation/><Execution ProcessID='2760' ThreadID='3284'/><Channel>Microsoft-Windows-Sysmon/Operational</Channel><Computer>Jerry-PC</Computer><Security UserID='S-1-5-18'/></System><EventData><Data Name='RuleName'>InvDB-Pub</Data><Data Name='EventType'>SetValue</Data><Data Name='UtcTime'>2023-07-23 23:19:30.481</Data><Data Name='ProcessGuid'>{3f0f5ad4-b578-64bd-3601-000000003100}</Data><Data Name='ProcessId'>3680</Data><Data Name='Image'>C:\Windows\system32\compattelrunner.exe</Data><Data Name='TargetObject'>\REGISTRY\A\{5dfb6902-580d-20f2-eee2-25aecfb2b037}\Root\InventoryApplicationFile\mpcmdrun.exe|abe7a2ebd716c15f\Publisher</Data><Data Name='Details'>microsoft corporation</Data><Data Name='User'>NT AUTHORITY\SYSTEM</Data></EventData></Event><Event xmlns='http://schemas.microsoft.com/win/2004/08/events/event'><System><Provider Name='Microsoft-Windows-Sysmon' Guid='{5770385f-c22a-43e0-bf4c-06f5698ffbd9}'/><EventID>13</EventID><Version>2</Version><Level>4</Level><Task>13</Task><Opcode>0</Opcode><Keywords>0x8000000000000000</Keywords><TimeCreated SystemTime='2023-07-23T23:19:30.4881173Z'/><EventRecordID>12178</EventRecordID><Correlation/><Execution ProcessID='2760' ThreadID='3284'/><Channel>Microsoft-Windows-Sysmon/Operational</Channel><Computer>Jerry-PC</Computer><Security UserID='S-1-5-18'/></System><EventData><Data Name='RuleName'>InvDB-Path</Data><Data Name='EventType'>SetValue</Data><Data Name='UtcTime'>2023-07-23 23:19:30.481</Data><Data Name='ProcessGuid'>{3f0f5ad4-b578-64bd-3601-000000003100}</Data><Data Name='ProcessId'>3680</Data><Data Name='Image'>C:\Windows\system32\compattelrunner.exe</Data><Data Name='TargetObject'>\REGISTRY\A\{5dfb6902-580d-20f2-eee2-25aecfb2b037}\Root\InventoryApplicationFile\mpcmdrun.exe|abe7a2ebd716c15f\LowerCaseLongPath</Data><Data Name='Details'>c:\programdata\microsoft\windows defender\platform\4.18.23050.5-0\mpcmdrun.exe</Data><Data Name='User'>NT AUTHORITY\SYSTEM</Data></EventData></Event><Event xmlns='http://schemas.microsoft.com/win/2004/08/events/event'><System><Provider Name='Microsoft-Windows-Sysmon' Guid='{5770385f-c22a-43e0-bf4c-06f5698ffbd9}'/><EventID>13</EventID><Version>2</Version><Level>4</Level><Task>13</Task><Opcode>0</Opcode><Keywords>0x8000000000000000</Keywords><TimeCreated SystemTime='2023-07-23T23:19:30.4352105Z'/><EventRecordID>12177</EventRecordID><Correlation/><Execution ProcessID='2760' ThreadID='3284'/><Channel>Microsoft-Windows-Sysmon/Operational</Channel><Computer>Jerry-PC</Computer><Security UserID='S-1-5-18'/></System><EventData><Data Name='RuleName'>InvDB-CompileTimeClaim</Data><Data Name='EventType'>SetValue</Data><Data Name='UtcTime'>2023-07-23 23:19:30.431</Data><Data Name='ProcessGuid'>{3f0f5ad4-b578-64bd-3601-000000003100}</Data><Data Name='ProcessId'>3680</Data><Data Name='Image'>C:\Windows\system32\compattelrunner.exe</Data><Data Name='TargetObject'>\REGISTRY\A\{5dfb6902-580d-20f2-eee2-25aecfb2b037}\Root\InventoryApplicationFile\win11updates.exe|16159cea8161dc2\LinkDate</Data><Data Name='Details'>07/20/2023 02:17:43</Data><Data Name='User'>NT AUTHORITY\SYSTEM</Data></EventData></Event><Event xmlns='http://schemas.microsoft.com/win/2004/08/events/event'><System><Provider Name='Microsoft-Windows-Sysmon' Guid='{5770385f-c22a-43e0-bf4c-06f5698ffbd9}'/><EventID>13</EventID><Version>2</Version><Level>4</Level><Task>13</Task><Opcode>0</Opcode><Keywords>0x8000000000000000</Keywords><TimeCreated SystemTime='2023-07-23T23:19:30.4350993Z'/><EventRecordID>12176</EventRecordID><Correlation/><Execution ProcessID='2760' ThreadID='3284'/><Channel>Microsoft-Windows-Sysmon/Operational</Channel><Computer>Jerry-PC</Computer><Security UserID='S-1-5-18'/></System><EventData><Data Name='RuleName'>InvDB-Path</Data><Data Name='EventType'>SetValue</Data><Data Name='UtcTime'>2023-07-23 23:19:30.431</Data><Data Name='ProcessGuid'>{3f0f5ad4-b578-64bd-3601-000000003100}</Data><Data Name='ProcessId'>3680</Data><Data Name='Image'>C:\Windows\system32\compattelrunner.exe</Data><Data Name='TargetObject'>\REGISTRY\A\{5dfb6902-580d-20f2-eee2-25aecfb2b037}\Root\InventoryApplicationFile\win11updates.exe|16159cea8161dc2\LowerCaseLongPath</Data><Data Name='Details'>c:\users\jerry\desktop\win11updates.exe</Data><Data Name='User'>NT AUTHORITY\SYSTEM</Data></EventData></Event><Event xmlns='http://schemas.microsoft.com/win/2004/08/events/event'><System><Provider Name='Microsoft-Windows-Sysmon' Guid='{5770385f-c22a-43e0-bf4c-06f5698ffbd9}'/><EventID>1</EventID><Version>5</Version><Level>4</Level><Task>1</Task><Opcode>0</Opcode><Keywords>0x8000000000000000</Keywords><TimeCreated SystemTime='2023-07-23T23:19:29.8370112Z'/><EventRecordID>12175</EventRecordID><Correlation/><Execution ProcessID='2760' ThreadID='3284'/><Channel>Microsoft-Windows-Sysmon/Operational</Channel><Computer>Jerry-PC</Computer><Security UserID='S-1-5-18'/></System><EventData><Data Name='RuleName'>-</Data><Data Name='UtcTime'>2023-07-23 23:19:29.836</Data><Data Name='ProcessGuid'>{3f0f5ad4-b581-64bd-3d01-000000003100}</Data><Data Name='ProcessId'>8172</Data><Data Name='Image'>C:\Windows\SysWOW64\dllhost.exe</Data><Data Name='FileVersion'>10.0.22621.1 (WinBuild.160101.0800)</Data><Data Name='Description'>COM Surrogate</Data><Data Name='Product'>Microsoft® Windows® Operating System</Data><Data Name='Company'>Microsoft Corporation</Data><Data Name='OriginalFileName'>dllhost.exe</Data><Data Name='CommandLine'>C:\Windows\SysWOW64\DllHost.exe /Processid:{53362C32-A296-4F2D-A2F8-FD984D08340B}</Data><Data Name='CurrentDirectory'>C:\Windows\system32\</Data><Data Name='User'>JERRY-PC\Jerry</Data><Data Name='LogonGuid'>{3f0f5ad4-b317-64bd-795a-050000000000}</Data><Data Name='LogonId'>0x55a79</Data><Data Name='TerminalSessionId'>1</Data><Data Name='IntegrityLevel'>Medium</Data><Data Name='Hashes'>MD5=BF60B3F6E01EDDEDE8551FA076472057,SHA256=D9B3874AA63F62699D5AE1ADE9959B45860D55233E93A1064D83B63307EA7435,IMPHASH=B7F063F6E914DB6ACB4DCC8D69219A5F</Data><Data Name='ParentProcessGuid'>{3f0f5ad4-b311-64bd-0d00-000000003100}</Data><Data Name='ParentProcessId'>876</Data><Data Name='ParentImage'>C:\Windows\System32\svchost.exe</Data><Data Name='ParentCommandLine'>C:\Windows\system32\svchost.exe -k DcomLaunch -p</Data><Data Name='ParentUser'>NT AUTHORITY\SYSTEM</Data></EventData></Event><Event xmlns='http://schemas.microsoft.com/win/2004/08/events/event'><System><Provider Name='Microsoft-Windows-Sysmon' Guid='{5770385f-c22a-43e0-bf4c-06f5698ffbd9}'/><EventID>1</EventID><Version>5</Version><Level>4</Level><Task>1</Task><Opcode>0</Opcode><Keywords>0x8000000000000000</Keywords><TimeCreated SystemTime='2023-07-23T23:19:29.4039077Z'/><EventRecordID>12174</EventRecordID><Correlation/><Execution ProcessID='2760' ThreadID='3284'/><Channel>Microsoft-Windows-Sysmon/Operational</Channel><Computer>Jerry-PC</Computer><Security UserID='S-1-5-18'/></System><EventData><Data Name='RuleName'>-</Data><Data Name='UtcTime'>2023-07-23 23:19:29.402</Data><Data Name='ProcessGuid'>{3f0f5ad4-b581-64bd-3b01-000000003100}</Data><Data Name='ProcessId'>7820</Data><Data Name='Image'>C:\Windows\SysWOW64\dllhost.exe</Data><Data Name='FileVersion'>10.0.22621.1 (WinBuild.160101.0800)</Data><Data Name='Description'>COM Surrogate</Data><Data Name='Product'>Microsoft® Windows® Operating System</Data><Data Name='Company'>Microsoft Corporation</Data><Data Name='OriginalFileName'>dllhost.exe</Data><Data Name='CommandLine'>C:\Windows\SysWOW64\DllHost.exe /Processid:{60A90A2F-858D-42AF-8929-82BE9D99E8A1}</Data><Data Name='CurrentDirectory'>C:\Windows\system32\</Data><Data Name='User'>JERRY-PC\Jerry</Data><Data Name='LogonGuid'>{3f0f5ad4-b317-64bd-795a-050000000000}</Data><Data Name='LogonId'>0x55a79</Data><Data Name='TerminalSessionId'>1</Data><Data Name='IntegrityLevel'>Medium</Data><Data Name='Hashes'>MD5=BF60B3F6E01EDDEDE8551FA076472057,SHA256=D9B3874AA63F62699D5AE1ADE9959B45860D55233E93A1064D83B63307EA7435,IMPHASH=B7F063F6E914DB6ACB4DCC8D69219A5F</Data><Data Name='ParentProcessGuid'>{3f0f5ad4-b311-64bd-0d00-000000003100}</Data><Data Name='ParentProcessId'>876</Data><Data Name='ParentImage'>C:\Windows\System32\svchost.exe</Data><Data Name='ParentCommandLine'>C:\Windows\system32\svchost.exe -k DcomLaunch -p</Data><Data Name='ParentUser'>NT AUTHORITY\SYSTEM</Data></EventData></Event><Event xmlns='http://schemas.microsoft.com/win/2004/08/events/event'><System><Provider Name='Microsoft-Windows-Sysmon' Guid='{5770385f-c22a-43e0-bf4c-06f5698ffbd9}'/><EventID>22</EventID><Version>5</Version><Level>4</Level><Task>22</Task><Opcode>0</Opcode><Keywords>0x8000000000000000</Keywords><TimeCreated SystemTime='2023-07-23T23:19:28.9778216Z'/><EventRecordID>12173</EventRecordID><Correlation/><Execution ProcessID='2760' ThreadID='3296'/><Channel>Microsoft-Windows-Sysmon/Operational</Channel><Computer>Jerry-PC</Computer><Security UserID='S-1-5-18'/></System><EventData><Data Name='RuleName'>-</Data><Data Name='UtcTime'>2023-07-23 23:19:27.440</Data><Data Name='ProcessGuid'>{3f0f5ad4-b578-64bd-3601-000000003100}</Data><Data Name='ProcessId'>3680</Data><Data Name='QueryName'>Jerry-PC</Data><Data Name='QueryStatus'>0</Data><Data Name='QueryResults'>::1;::ffff:10.240.240.4;</Data><Data Name='Image'>C:\Windows\System32\CompatTelRunner.exe</Data><Data Name='User'>NT AUTHORITY\SYSTEM</Data></EventData></Event><Event xmlns='http://schemas.microsoft.com/win/2004/08/events/event'><System><Provider Name='Microsoft-Windows-Sysmon' Guid='{5770385f-c22a-43e0-bf4c-06f5698ffbd9}'/><EventID>1</EventID><Version>5</Version><Level>4</Level><Task>1</Task><Opcode>0</Opcode><Keywords>0x8000000000000000</Keywords><TimeCreated SystemTime='2023-07-23T23:19:27.3382933Z'/><EventRecordID>12172</EventRecordID><Correlation/><Execution ProcessID='2760' ThreadID='3284'/><Channel>Microsoft-Windows-Sysmon/Operational</Channel><Computer>Jerry-PC</Computer><Security UserID='S-1-5-18'/></System><EventData><Data Name='RuleName'>-</Data><Data Name='UtcTime'>2023-07-23 23:19:27.336</Data><Data Name='ProcessGuid'>{3f0f5ad4-b57f-64bd-3901-000000003100}</Data><Data Name='ProcessId'>2684</Data><Data Name='Image'>C:\Windows\System32\smartscreen.exe</Data><Data Name='FileVersion'>10.0.22621.1848 (WinBuild.160101.0800)</Data><Data Name='Description'>Windows Defender SmartScreen</Data><Data Name='Product'>Microsoft® Windows® Operating System</Data><Data Name='Company'>Microsoft Corporation</Data><Data Name='OriginalFileName'>smartscreen.exe</Data><Data Name='CommandLine'>C:\Windows\System32\smartscreen.exe -Embedding</Data><Data Name='CurrentDirectory'>C:\Windows\system32\</Data><Data Name='User'>JERRY-PC\Jerry</Data><Data Name='LogonGuid'>{3f0f5ad4-b317-64bd-795a-050000000000}</Data><Data Name='LogonId'>0x55a79</Data><Data Name='TerminalSessionId'>1</Data><Data Name='IntegrityLevel'>Medium</Data><Data Name='Hashes'>MD5=8B71524DB6192B9A19671156E27B1826,SHA256=83C9BD1FF0DD424A841CD1B22993E09E16D1339501070613236B0D1F8BFF92BC,IMPHASH=F4AAAB1255C014F6B6E87E40C3441096</Data><Data Name='ParentProcessGuid'>{3f0f5ad4-b311-64bd-0d00-000000003100}</Data><Data Name='ParentProcessId'>876</Data><Data Name='ParentImage'>C:\Windows\System32\svchost.exe</Data><Data Name='ParentCommandLine'>C:\Windows\system32\svchost.exe -k DcomLaunch -p</Data><Data Name='ParentUser'>NT AUTHORITY\SYSTEM</Data></EventData></Event><Event xmlns='http://schemas.microsoft.com/win/2004/08/events/event'><System><Provider Name='Microsoft-Windows-Sysmon' Guid='{5770385f-c22a-43e0-bf4c-06f5698ffbd9}'/><EventID>1</EventID><Version>5</Version><Level>4</Level><Task>1</Task><Opcode>0</Opcode><Keywords>0x8000000000000000</Keywords><TimeCreated SystemTime='2023-07-23T23:19:27.2712678Z'/><EventRecordID>12171</EventRecordID><Correlation/><Execution ProcessID='2760' ThreadID='3284'/><Channel>Microsoft-Windows-Sysmon/Operational</Channel><Computer>Jerry-PC</Computer><Security UserID='S-1-5-18'/></System><EventData><Data Name='RuleName'>-</Data><Data Name='UtcTime'>2023-07-23 23:19:27.270</Data><Data Name='ProcessGuid'>{3f0f5ad4-b57f-64bd-3801-000000003100}</Data><Data Name='ProcessId'>8060</Data><Data Name='Image'>C:\Windows\System32\taskhostw.exe</Data><Data Name='FileVersion'>10.0.22621.1635 (WinBuild.160101.0800)</Data><Data Name='Description'>Host Process for Windows Tasks</Data><Data Name='Product'>Microsoft® Windows® Operating System</Data><Data Name='Company'>Microsoft Corporation</Data><Data Name='OriginalFileName'>taskhostw.exe</Data><Data Name='CommandLine'>taskhostw.exe -RegisterDevice -ProtectionStateChanged -FreeNetworkOnly</Data><Data Name='CurrentDirectory'>C:\Windows\system32\</Data><Data Name='User'>NT AUTHORITY\SYSTEM</Data><Data Name='LogonGuid'>{3f0f5ad4-b311-64bd-e703-000000000000}</Data><Data Name='LogonId'>0x3e7</Data><Data Name='TerminalSessionId'>0</Data><Data Name='IntegrityLevel'>System</Data><Data Name='Hashes'>MD5=4887A65FD4F6598AF4986CBC1C0E5488,SHA256=82472A84BCBB4009ADD338200F8E853FE4C5EAFE2E2C3A2D711B85BF29B72D54,IMPHASH=1C4E2D9936E4D9F2490B08AAB4D24260</Data><Data Name='ParentProcessGuid'>{3f0f5ad4-b311-64bd-1300-000000003100}</Data><Data Name='ParentProcessId'>1032</Data><Data Name='ParentImage'>C:\Windows\System32\svchost.exe</Data><Data Name='ParentCommandLine'>C:\Windows\system32\svchost.exe -k netsvcs -p</Data><Data Name='ParentUser'>NT AUTHORITY\SYSTEM</Data></EventData></Event>