<?xml version="1.0" encoding="utf-8" standalone="yes"?>
<Events><Event xmlns='http://schemas.microsoft.com/win/2004/08/events/event'><System><Provider Name='Microsoft-Windows-Sysmon' Guid='{5770385f-c22a-43e0-bf4c-06f5698ffbd9}'/><EventID>13</EventID><Version>2</Version><Level>4</Level><Task>13</Task><Opcode>0</Opcode><Keywords>0x8000000000000000</Keywords><TimeCreated SystemTime='2023-07-23T23:21:31.1105125Z'/><EventRecordID>30766</EventRecordID><Correlation/><Execution ProcessID='2924' ThreadID='3284'/><Channel>Microsoft-Windows-Sysmon/Operational</Channel><Computer>Newman-PC</Computer><Security UserID='S-1-5-18'/></System><EventData><Data Name='RuleName'>-</Data><Data Name='EventType'>SetValue</Data><Data Name='UtcTime'>2023-07-23 23:21:31.096</Data><Data Name='ProcessGuid'>{758cb1f7-b312-64bd-1600-000000004200}</Data><Data Name='ProcessId'>1160</Data><Data Name='Image'>C:\Windows\system32\svchost.exe</Data><Data Name='TargetObject'>HKLM\SOFTWARE\Microsoft\Windows\CurrentVersion\WINEVT\Channels\Microsoft-Windows-Sysmon/Operational\Enabled</Data><Data Name='Details'>DWORD (0x00000000)</Data><Data Name='User'>NT AUTHORITY\LOCAL SERVICE</Data></EventData></Event><Event xmlns='http://schemas.microsoft.com/win/2004/08/events/event'><System><Provider Name='Microsoft-Windows-Sysmon' Guid='{5770385f-c22a-43e0-bf4c-06f5698ffbd9}'/><EventID>1</EventID><Version>5</Version><Level>4</Level><Task>1</Task><Opcode>0</Opcode><Keywords>0x8000000000000000</Keywords><TimeCreated SystemTime='2023-07-23T23:21:02.5206379Z'/><EventRecordID>30765</EventRecordID><Correlation/><Execution ProcessID='2924' ThreadID='3284'/><Channel>Microsoft-Windows-Sysmon/Operational</Channel><Computer>Newman-PC</Computer><Security UserID='S-1-5-18'/></System><EventData><Data Name='RuleName'>-</Data><Data Name='UtcTime'>2023-07-23 23:21:02.515</Data><Data Name='ProcessGuid'>{758cb1f7-b5de-64bd-d400-000000004200}</Data><Data Name='ProcessId'>6548</Data><Data Name='Image'>C:\Windows\System32\mmc.exe</Data><Data Name='FileVersion'>10.0.22621.1635 (WinBuild.160101.0800)</Data><Data Name='Description'>Microsoft Management Console</Data><Data Name='Product'>Microsoft® Windows® Operating System</Data><Data Name='Company'>Microsoft Corporation</Data><Data Name='OriginalFileName'>mmc.exe</Data><Data Name='CommandLine'>"C:\Windows\system32\mmc.exe" "C:\Windows\system32\eventvwr.msc" /s</Data><Data Name='CurrentDirectory'>C:\Windows\system32\</Data><Data Name='User'>NEWMAN-PC\Newman</Data><Data Name='LogonGuid'>{758cb1f7-b319-64bd-f4c5-050000000000}</Data><Data Name='LogonId'>0x5c5f4</Data><Data Name='TerminalSessionId'>1</Data><Data Name='IntegrityLevel'>High</Data><Data Name='Hashes'>MD5=A9B316AC836E5DD52B3400360FB6BE11,SHA256=B51FA04E1AB151527E5A82F145CD4C5E07E0DD4D9F3D105359BA5137D0DCF43B,IMPHASH=C4E2592E8FD90F2329C47BE117CF9C56</Data><Data Name='ParentProcessGuid'>{758cb1f7-b31c-64bd-5d00-000000004200}</Data><Data Name='ParentProcessId'>4132</Data><Data Name='ParentImage'>C:\Windows\explorer.exe</Data><Data Name='ParentCommandLine'>C:\Windows\Explorer.EXE</Data><Data Name='ParentUser'>NEWMAN-PC\Newman</Data></EventData></Event><Event xmlns='http://schemas.microsoft.com/win/2004/08/events/event'><System><Provider Name='Microsoft-Windows-Sysmon' Guid='{5770385f-c22a-43e0-bf4c-06f5698ffbd9}'/><EventID>1</EventID><Version>5</Version><Level>4</Level><Task>1</Task><Opcode>0</Opcode><Keywords>0x8000000000000000</Keywords><TimeCreated SystemTime='2023-07-23T23:21:02.4051306Z'/><EventRecordID>30764</EventRecordID><Correlation/><Execution ProcessID='2924' ThreadID='3284'/><Channel>Microsoft-Windows-Sysmon/Operational</Channel><Computer>Newman-PC</Computer><Security UserID='S-1-5-18'/></System><EventData><Data Name='RuleName'>-</Data><Data Name='UtcTime'>2023-07-23 23:21:02.401</Data><Data Name='ProcessGuid'>{758cb1f7-b5de-64bd-d300-000000004200}</Data><Data Name='ProcessId'>3396</Data><Data Name='Image'>C:\Windows\System32\consent.exe</Data><Data Name='FileVersion'>10.0.22621.1635 (WinBuild.160101.0800)</Data><Data Name='Description'>Consent UI for administrative applications</Data><Data Name='Product'>Microsoft® Windows® Operating System</Data><Data Name='Company'>Microsoft Corporation</Data><Data Name='OriginalFileName'>consent.exe</Data><Data Name='CommandLine'>consent.exe 1056 426 000001CA47C67660</Data><Data Name='CurrentDirectory'>C:\Windows\system32\</Data><Data Name='User'>NT AUTHORITY\SYSTEM</Data><Data Name='LogonGuid'>{758cb1f7-b312-64bd-e703-000000000000}</Data><Data Name='LogonId'>0x3e7</Data><Data Name='TerminalSessionId'>1</Data><Data Name='IntegrityLevel'>System</Data><Data Name='Hashes'>MD5=69380C642A8A6D6684B627E57276794C,SHA256=8846219FBC8A8AF3717B7F7DD82EB4C66C622CC8A6FB885EC0B7DAE707C22AA4,IMPHASH=5D0C875DBD930A73D5A983016E384930</Data><Data Name='ParentProcessGuid'>{758cb1f7-b312-64bd-1300-000000004200}</Data><Data Name='ParentProcessId'>1056</Data><Data Name='ParentImage'>C:\Windows\System32\svchost.exe</Data><Data Name='ParentCommandLine'>C:\Windows\system32\svchost.exe -k netsvcs -p</Data><Data Name='ParentUser'>NT AUTHORITY\SYSTEM</Data></EventData></Event><Event xmlns='http://schemas.microsoft.com/win/2004/08/events/event'><System><Provider Name='Microsoft-Windows-Sysmon' Guid='{5770385f-c22a-43e0-bf4c-06f5698ffbd9}'/><EventID>1</EventID><Version>5</Version><Level>4</Level><Task>1</Task><Opcode>0</Opcode><Keywords>0x8000000000000000</Keywords><TimeCreated SystemTime='2023-07-23T23:21:02.3143947Z'/><EventRecordID>30763</EventRecordID><Correlation/><Execution ProcessID='2924' ThreadID='3284'/><Channel>Microsoft-Windows-Sysmon/Operational</Channel><Computer>Newman-PC</Computer><Security UserID='S-1-5-18'/></System><EventData><Data Name='RuleName'>-</Data><Data Name='UtcTime'>2023-07-23 23:21:02.294</Data><Data Name='ProcessGuid'>{758cb1f7-b5de-64bd-d200-000000004200}</Data><Data Name='ProcessId'>5768</Data><Data Name='Image'>C:\Windows\System32\mmc.exe</Data><Data Name='FileVersion'>10.0.22621.1635 (WinBuild.160101.0800)</Data><Data Name='Description'>Microsoft Management Console</Data><Data Name='Product'>Microsoft® Windows® Operating System</Data><Data Name='Company'>Microsoft Corporation</Data><Data Name='OriginalFileName'>mmc.exe</Data><Data Name='CommandLine'>"C:\Windows\system32\mmc.exe" "C:\Windows\system32\eventvwr.msc" /s</Data><Data Name='CurrentDirectory'>C:\Windows\system32\</Data><Data Name='User'>NEWMAN-PC\Newman</Data><Data Name='LogonGuid'>{758cb1f7-b319-64bd-4ec6-050000000000}</Data><Data Name='LogonId'>0x5c64e</Data><Data Name='TerminalSessionId'>1</Data><Data Name='IntegrityLevel'>Medium</Data><Data Name='Hashes'>MD5=A9B316AC836E5DD52B3400360FB6BE11,SHA256=B51FA04E1AB151527E5A82F145CD4C5E07E0DD4D9F3D105359BA5137D0DCF43B,IMPHASH=C4E2592E8FD90F2329C47BE117CF9C56</Data><Data Name='ParentProcessGuid'>{758cb1f7-b31c-64bd-5d00-000000004200}</Data><Data Name='ParentProcessId'>4132</Data><Data Name='ParentImage'>C:\Windows\explorer.exe</Data><Data Name='ParentCommandLine'>C:\Windows\Explorer.EXE</Data><Data Name='ParentUser'>NEWMAN-PC\Newman</Data></EventData></Event><Event xmlns='http://schemas.microsoft.com/win/2004/08/events/event'><System><Provider Name='Microsoft-Windows-Sysmon' Guid='{5770385f-c22a-43e0-bf4c-06f5698ffbd9}'/><EventID>1</EventID><Version>5</Version><Level>4</Level><Task>1</Task><Opcode>0</Opcode><Keywords>0x8000000000000000</Keywords><TimeCreated SystemTime='2023-07-23T23:19:26.1678790Z'/><EventRecordID>30762</EventRecordID><Correlation/><Execution ProcessID='2924' ThreadID='3284'/><Channel>Microsoft-Windows-Sysmon/Operational</Channel><Computer>Newman-PC</Computer><Security UserID='S-1-5-18'/></System><EventData><Data Name='RuleName'>-</Data><Data Name='UtcTime'>2023-07-23 23:19:26.165</Data><Data Name='ProcessGuid'>{758cb1f7-b57e-64bd-d000-000000004200}</Data><Data Name='ProcessId'>4508</Data><Data Name='Image'>C:\Windows\System32\SecurityHealth\1.0.2306.10002-0\SecurityHealthHost.exe</Data><Data Name='FileVersion'>10.0.25873.1001 (WinBuild.160101.0800)</Data><Data Name='Description'>Windows Security Health Host</Data><Data Name='Product'>Microsoft® Windows® Operating System</Data><Data Name='Company'>Microsoft Corporation</Data><Data Name='OriginalFileName'>SecurityHealthHost.exe</Data><Data Name='CommandLine'>\\?\C:\Windows\System32\SecurityHealth\1.0.2306.10002-0\SecurityHealthHost.exe {08728914-3F57-4D52-9E31-49DAECA5A80A} -Embedding</Data><Data Name='CurrentDirectory'>C:\Windows\system32\</Data><Data Name='User'>NEWMAN-PC\Newman</Data><Data Name='LogonGuid'>{758cb1f7-b319-64bd-4ec6-050000000000}</Data><Data Name='LogonId'>0x5c64e</Data><Data Name='TerminalSessionId'>1</Data><Data Name='IntegrityLevel'>Medium</Data><Data Name='Hashes'>MD5=193DC58240D8AC4EC1618FFAE14CAE71,SHA256=8D771C8A91614B85416B3EB328460E80183B38F2DC35C7A26578206AF145F419,IMPHASH=FBC9E5DE00516A75FFF7C4A11857FB1D</Data><Data Name='ParentProcessGuid'>{758cb1f7-b312-64bd-0d00-000000004200}</Data><Data Name='ParentProcessId'>900</Data><Data Name='ParentImage'>C:\Windows\System32\svchost.exe</Data><Data Name='ParentCommandLine'>C:\Windows\system32\svchost.exe -k DcomLaunch -p</Data><Data Name='ParentUser'>NT AUTHORITY\SYSTEM</Data></EventData></Event><Event xmlns='http://schemas.microsoft.com/win/2004/08/events/event'><System><Provider Name='Microsoft-Windows-Sysmon' Guid='{5770385f-c22a-43e0-bf4c-06f5698ffbd9}'/><EventID>1</EventID><Version>5</Version><Level>4</Level><Task>1</Task><Opcode>0</Opcode><Keywords>0x8000000000000000</Keywords><TimeCreated SystemTime='2023-07-23T23:19:26.1564853Z'/><EventRecordID>30761</EventRecordID><Correlation/><Execution ProcessID='2924' ThreadID='3284'/><Channel>Microsoft-Windows-Sysmon/Operational</Channel><Computer>Newman-PC</Computer><Security UserID='S-1-5-18'/></System><EventData><Data Name='RuleName'>-</Data><Data Name='UtcTime'>2023-07-23 23:19:26.152</Data><Data Name='ProcessGuid'>{758cb1f7-b57e-64bd-cf00-000000004200}</Data><Data Name='ProcessId'>6980</Data><Data Name='Image'>C:\Windows\System32\taskhostw.exe</Data><Data Name='FileVersion'>10.0.22621.1635 (WinBuild.160101.0800)</Data><Data Name='Description'>Host Process for Windows Tasks</Data><Data Name='Product'>Microsoft® Windows® Operating System</Data><Data Name='Company'>Microsoft Corporation</Data><Data Name='OriginalFileName'>taskhostw.exe</Data><Data Name='CommandLine'>taskhostw.exe -RegisterDevice -ProtectionStateChanged -FreeNetworkOnly</Data><Data Name='CurrentDirectory'>C:\Windows\system32\</Data><Data Name='User'>NT AUTHORITY\SYSTEM</Data><Data Name='LogonGuid'>{758cb1f7-b312-64bd-e703-000000000000}</Data><Data Name='LogonId'>0x3e7</Data><Data Name='TerminalSessionId'>0</Data><Data Name='IntegrityLevel'>System</Data><Data Name='Hashes'>MD5=4887A65FD4F6598AF4986CBC1C0E5488,SHA256=82472A84BCBB4009ADD338200F8E853FE4C5EAFE2E2C3A2D711B85BF29B72D54,IMPHASH=1C4E2D9936E4D9F2490B08AAB4D24260</Data><Data Name='ParentProcessGuid'>{758cb1f7-b312-64bd-1300-000000004200}</Data><Data Name='ParentProcessId'>1056</Data><Data Name='ParentImage'>C:\Windows\System32\svchost.exe</Data><Data Name='ParentCommandLine'>C:\Windows\system32\svchost.exe -k netsvcs -p</Data><Data Name='ParentUser'>NT AUTHORITY\SYSTEM</Data></EventData></Event><Event xmlns='http://schemas.microsoft.com/win/2004/08/events/event'><System><Provider Name='Microsoft-Windows-Sysmon' Guid='{5770385f-c22a-43e0-bf4c-06f5698ffbd9}'/><EventID>11</EventID><Version>2</Version><Level>4</Level><Task>11</Task><Opcode>0</Opcode><Keywords>0x8000000000000000</Keywords><TimeCreated SystemTime='2023-07-23T23:19:24.5539051Z'/><EventRecordID>30760</EventRecordID><Correlation/><Execution ProcessID='2924' ThreadID='3284'/><Channel>Microsoft-Windows-Sysmon/Operational</Channel><Computer>Newman-PC</Computer><Security UserID='S-1-5-18'/></System><EventData><Data Name='RuleName'>EXE</Data><Data Name='UtcTime'>2023-07-23 23:19:24.541</Data><Data Name='ProcessGuid'>{758cb1f7-b57c-64bd-cd00-000000004200}</Data><Data Name='ProcessId'>4856</Data><Data Name='Image'>C:\ProgramData\Microsoft\Windows Defender\Platform\4.18.23050.5-0\MpCmdRun.exe</Data><Data Name='TargetFilename'>C:\Windows\SystemTemp\mpam-4b92ca5a.exe</Data><Data Name='CreationUtcTime'>2023-07-23 23:19:24.541</Data><Data Name='User'>NT AUTHORITY\SYSTEM</Data></EventData></Event><Event xmlns='http://schemas.microsoft.com/win/2004/08/events/event'><System><Provider Name='Microsoft-Windows-Sysmon' Guid='{5770385f-c22a-43e0-bf4c-06f5698ffbd9}'/><EventID>11</EventID><Version>2</Version><Level>4</Level><Task>11</Task><Opcode>0</Opcode><Keywords>0x8000000000000000</Keywords><TimeCreated SystemTime='2023-07-23T23:19:24.5252970Z'/><EventRecordID>30759</EventRecordID><Correlation/><Execution ProcessID='2924' ThreadID='3284'/><Channel>Microsoft-Windows-Sysmon/Operational</Channel><Computer>Newman-PC</Computer><Security UserID='S-1-5-18'/></System><EventData><Data Name='RuleName'>EXE</Data><Data Name='UtcTime'>2023-07-23 23:19:24.509</Data><Data Name='ProcessGuid'>{758cb1f7-b57c-64bd-cd00-000000004200}</Data><Data Name='ProcessId'>4856</Data><Data Name='Image'>C:\ProgramData\Microsoft\Windows Defender\Platform\4.18.23050.5-0\MpCmdRun.exe</Data><Data Name='TargetFilename'>C:\Windows\SystemTemp\mpam-11535b16.exe</Data><Data Name='CreationUtcTime'>2023-07-23 23:19:24.509</Data><Data Name='User'>NT AUTHORITY\SYSTEM</Data></EventData></Event><Event xmlns='http://schemas.microsoft.com/win/2004/08/events/event'><System><Provider Name='Microsoft-Windows-Sysmon' Guid='{5770385f-c22a-43e0-bf4c-06f5698ffbd9}'/><EventID>1</EventID><Version>5</Version><Level>4</Level><Task>1</Task><Opcode>0</Opcode><Keywords>0x8000000000000000</Keywords><TimeCreated SystemTime='2023-07-23T23:19:24.4785600Z'/><EventRecordID>30758</EventRecordID><Correlation/><Execution ProcessID='2924' ThreadID='3284'/><Channel>Microsoft-Windows-Sysmon/Operational</Channel><Computer>Newman-PC</Computer><Security UserID='S-1-5-18'/></System><EventData><Data Name='RuleName'>-</Data><Data Name='UtcTime'>2023-07-23 23:19:24.476</Data><Data Name='ProcessGuid'>{758cb1f7-b57c-64bd-cd00-000000004200}</Data><Data Name='ProcessId'>4856</Data><Data Name='Image'>C:\ProgramData\Microsoft\Windows Defender\Platform\4.18.23050.5-0\MpCmdRun.exe</Data><Data Name='FileVersion'>4.18.23050.5 (b79513656627928b5505482e6c59e640a77adba5)</Data><Data Name='Description'>Microsoft Malware Protection Command Line Utility</Data><Data Name='Product'>Microsoft® Windows® Operating System</Data><Data Name='Company'>Microsoft Corporation</Data><Data Name='OriginalFileName'>MpCmdRun.exe</Data><Data Name='CommandLine'>"C:\ProgramData\Microsoft\Windows Defender\Platform\4.18.23050.5-0\MpCmdRun.exe" SignaturesUpdateService -ScheduleJob -HttpDownload -RestrictPrivileges</Data><Data Name='CurrentDirectory'>C:\Windows\system32\</Data><Data Name='User'>NT AUTHORITY\SYSTEM</Data><Data Name='LogonGuid'>{758cb1f7-b312-64bd-e703-000000000000}</Data><Data Name='LogonId'>0x3e7</Data><Data Name='TerminalSessionId'>0</Data><Data Name='IntegrityLevel'>System</Data><Data Name='Hashes'>MD5=94E527812DF3B448E18F5CB7B38E0216,SHA256=B370F2D32704CD1BDEA8F1836F68A3AF72CB9385EB8719DD84BE9A6B3018D17A,IMPHASH=FC22E52F90EC346C7C758AAACF835104</Data><Data Name='ParentProcessGuid'>{758cb1f7-b314-64bd-3500-000000004200}</Data><Data Name='ParentProcessId'>2932</Data><Data Name='ParentImage'>C:\ProgramData\Microsoft\Windows Defender\Platform\4.18.23050.5-0\MsMpEng.exe</Data><Data Name='ParentCommandLine'>"C:\ProgramData\Microsoft\Windows Defender\Platform\4.18.23050.5-0\MsMpEng.exe"</Data><Data Name='ParentUser'>NT AUTHORITY\SYSTEM</Data></EventData></Event><Event xmlns='http://schemas.microsoft.com/win/2004/08/events/event'><System><Provider Name='Microsoft-Windows-Sysmon' Guid='{5770385f-c22a-43e0-bf4c-06f5698ffbd9}'/><EventID>1</EventID><Version>5</Version><Level>4</Level><Task>1</Task><Opcode>0</Opcode><Keywords>0x8000000000000000</Keywords><TimeCreated SystemTime='2023-07-23T23:19:24.2348397Z'/><EventRecordID>30757</EventRecordID><Correlation/><Execution ProcessID='2924' ThreadID='3284'/><Channel>Microsoft-Windows-Sysmon/Operational</Channel><Computer>Newman-PC</Computer><Security UserID='S-1-5-18'/></System><EventData><Data Name='RuleName'>-</Data><Data Name='UtcTime'>2023-07-23 23:19:24.233</Data><Data Name='ProcessGuid'>{758cb1f7-b57c-64bd-ca00-000000004200}</Data><Data Name='ProcessId'>4488</Data><Data Name='Image'>C:\ProgramData\Microsoft\Windows Defender\Platform\4.18.23050.5-0\MpCmdRun.exe</Data><Data Name='FileVersion'>4.18.23050.5 (b79513656627928b5505482e6c59e640a77adba5)</Data><Data Name='Description'>Microsoft Malware Protection Command Line Utility</Data><Data Name='Product'>Microsoft® Windows® Operating System</Data><Data Name='Company'>Microsoft Corporation</Data><Data Name='OriginalFileName'>MpCmdRun.exe</Data><Data Name='CommandLine'>"C:\ProgramData\Microsoft\Windows Defender\Platform\4.18.23050.5-0\MpCmdRun.exe" SignaturesUpdateService -ScheduleJob -UnmanagedUpdate</Data><Data Name='CurrentDirectory'>C:\Windows\system32\</Data><Data Name='User'>NT AUTHORITY\SYSTEM</Data><Data Name='LogonGuid'>{758cb1f7-b312-64bd-e703-000000000000}</Data><Data Name='LogonId'>0x3e7</Data><Data Name='TerminalSessionId'>0</Data><Data Name='IntegrityLevel'>System</Data><Data Name='Hashes'>MD5=94E527812DF3B448E18F5CB7B38E0216,SHA256=B370F2D32704CD1BDEA8F1836F68A3AF72CB9385EB8719DD84BE9A6B3018D17A,IMPHASH=FC22E52F90EC346C7C758AAACF835104</Data><Data Name='ParentProcessGuid'>{758cb1f7-b314-64bd-3500-000000004200}</Data><Data Name='ParentProcessId'>2932</Data><Data Name='ParentImage'>C:\ProgramData\Microsoft\Windows Defender\Platform\4.18.23050.5-0\MsMpEng.exe</Data><Data Name='ParentCommandLine'>"C:\ProgramData\Microsoft\Windows Defender\Platform\4.18.23050.5-0\MsMpEng.exe"</Data><Data Name='ParentUser'>NT AUTHORITY\SYSTEM</Data></EventData></Event><Event xmlns='http://schemas.microsoft.com/win/2004/08/events/event'><System><Provider Name='Microsoft-Windows-Sysmon' Guid='{5770385f-c22a-43e0-bf4c-06f5698ffbd9}'/><EventID>1</EventID><Version>5</Version><Level>4</Level><Task>1</Task><Opcode>0</Opcode><Keywords>0x8000000000000000</Keywords><TimeCreated SystemTime='2023-07-23T23:19:24.1775772Z'/><EventRecordID>30756</EventRecordID><Correlation/><Execution ProcessID='2924' ThreadID='3284'/><Channel>Microsoft-Windows-Sysmon/Operational</Channel><Computer>Newman-PC</Computer><Security UserID='S-1-5-18'/></System><EventData><Data Name='RuleName'>-</Data><Data Name='UtcTime'>2023-07-23 23:19:24.174</Data><Data Name='ProcessGuid'>{758cb1f7-b57c-64bd-c800-000000004200}</Data><Data Name='ProcessId'>3832</Data><Data Name='Image'>C:\ProgramData\Microsoft\Windows Defender\Platform\4.18.23050.5-0\MpCmdRun.exe</Data><Data Name='FileVersion'>4.18.23050.5 (b79513656627928b5505482e6c59e640a77adba5)</Data><Data Name='Description'>Microsoft Malware Protection Command Line Utility</Data><Data Name='Product'>Microsoft® Windows® Operating System</Data><Data Name='Company'>Microsoft Corporation</Data><Data Name='OriginalFileName'>MpCmdRun.exe</Data><Data Name='CommandLine'>"C:\ProgramData\Microsoft\Windows Defender\Platform\4.18.23050.5-0\MpCmdRun.exe" SignatureUpdate -ScheduleJob -RestrictPrivileges</Data><Data Name='CurrentDirectory'>C:\Windows\system32\</Data><Data Name='User'>NT AUTHORITY\SYSTEM</Data><Data Name='LogonGuid'>{758cb1f7-b312-64bd-e703-000000000000}</Data><Data Name='LogonId'>0x3e7</Data><Data Name='TerminalSessionId'>0</Data><Data Name='IntegrityLevel'>System</Data><Data Name='Hashes'>MD5=94E527812DF3B448E18F5CB7B38E0216,SHA256=B370F2D32704CD1BDEA8F1836F68A3AF72CB9385EB8719DD84BE9A6B3018D17A,IMPHASH=FC22E52F90EC346C7C758AAACF835104</Data><Data Name='ParentProcessGuid'>{758cb1f7-b314-64bd-3500-000000004200}</Data><Data Name='ParentProcessId'>2932</Data><Data Name='ParentImage'>C:\ProgramData\Microsoft\Windows Defender\Platform\4.18.23050.5-0\MsMpEng.exe</Data><Data Name='ParentCommandLine'>"C:\ProgramData\Microsoft\Windows Defender\Platform\4.18.23050.5-0\MsMpEng.exe"</Data><Data Name='ParentUser'>NT AUTHORITY\SYSTEM</Data></EventData></Event><Event xmlns='http://schemas.microsoft.com/win/2004/08/events/event'><System><Provider Name='Microsoft-Windows-Sysmon' Guid='{5770385f-c22a-43e0-bf4c-06f5698ffbd9}'/><EventID>1</EventID><Version>5</Version><Level>4</Level><Task>1</Task><Opcode>0</Opcode><Keywords>0x8000000000000000</Keywords><TimeCreated SystemTime='2023-07-23T23:19:24.1627346Z'/><EventRecordID>30755</EventRecordID><Correlation/><Execution ProcessID='2924' ThreadID='3284'/><Channel>Microsoft-Windows-Sysmon/Operational</Channel><Computer>Newman-PC</Computer><Security UserID='S-1-5-18'/></System><EventData><Data Name='RuleName'>-</Data><Data Name='UtcTime'>2023-07-23 23:19:24.159</Data><Data Name='ProcessGuid'>{758cb1f7-b57c-64bd-c600-000000004200}</Data><Data Name='ProcessId'>1760</Data><Data Name='Image'>C:\ProgramData\Microsoft\Windows Defender\Platform\4.18.23050.5-0\MpCmdRun.exe</Data><Data Name='FileVersion'>4.18.23050.5 (b79513656627928b5505482e6c59e640a77adba5)</Data><Data Name='Description'>Microsoft Malware Protection Command Line Utility</Data><Data Name='Product'>Microsoft® Windows® Operating System</Data><Data Name='Company'>Microsoft Corporation</Data><Data Name='OriginalFileName'>MpCmdRun.exe</Data><Data Name='CommandLine'>"C:\ProgramData\Microsoft\Windows Defender\Platform\4.18.23050.5-0\MpCmdRun.exe" SignatureUpdate -ScheduleJob -RestrictPrivileges</Data><Data Name='CurrentDirectory'>C:\Windows\system32\</Data><Data Name='User'>NT AUTHORITY\SYSTEM</Data><Data Name='LogonGuid'>{758cb1f7-b312-64bd-e703-000000000000}</Data><Data Name='LogonId'>0x3e7</Data><Data Name='TerminalSessionId'>0</Data><Data Name='IntegrityLevel'>System</Data><Data Name='Hashes'>MD5=94E527812DF3B448E18F5CB7B38E0216,SHA256=B370F2D32704CD1BDEA8F1836F68A3AF72CB9385EB8719DD84BE9A6B3018D17A,IMPHASH=FC22E52F90EC346C7C758AAACF835104</Data><Data Name='ParentProcessGuid'>{758cb1f7-b314-64bd-3500-000000004200}</Data><Data Name='ParentProcessId'>2932</Data><Data Name='ParentImage'>C:\ProgramData\Microsoft\Windows Defender\Platform\4.18.23050.5-0\MsMpEng.exe</Data><Data Name='ParentCommandLine'>"C:\ProgramData\Microsoft\Windows Defender\Platform\4.18.23050.5-0\MsMpEng.exe"</Data><Data Name='ParentUser'>NT AUTHORITY\SYSTEM</Data></EventData></Event><Event xmlns='http://schemas.microsoft.com/win/2004/08/events/event'><System><Provider Name='Microsoft-Windows-Sysmon' Guid='{5770385f-c22a-43e0-bf4c-06f5698ffbd9}'/><EventID>1</EventID><Version>5</Version><Level>4</Level><Task>1</Task><Opcode>0</Opcode><Keywords>0x8000000000000000</Keywords><TimeCreated SystemTime='2023-07-23T23:18:19.8256590Z'/><EventRecordID>30754</EventRecordID><Correlation/><Execution ProcessID='2924' ThreadID='3284'/><Channel>Microsoft-Windows-Sysmon/Operational</Channel><Computer>Newman-PC</Computer><Security UserID='S-1-5-18'/></System><EventData><Data Name='RuleName'>-</Data><Data Name='UtcTime'>2023-07-23 23:18:19.786</Data><Data Name='ProcessGuid'>{758cb1f7-b53b-64bd-c500-000000004200}</Data><Data Name='ProcessId'>5188</Data><Data Name='Image'>C:\Users\Newman\AppData\Local\Microsoft\OneDrive\OneDriveStandaloneUpdater.exe</Data><Data Name='FileVersion'>23.132.0625.0001</Data><Data Name='Description'>Standalone Updater</Data><Data Name='Product'>Microsoft OneDrive</Data><Data Name='Company'>Microsoft Corporation</Data><Data Name='OriginalFileName'>OneDriveStandaloneUpdater.exe</Data><Data Name='CommandLine'>"C:\Users\Newman\AppData\Local\Microsoft\OneDrive\OneDriveStandaloneUpdater.exe"</Data><Data Name='CurrentDirectory'>C:\Windows\system32\</Data><Data Name='User'>NEWMAN-PC\Newman</Data><Data Name='LogonGuid'>{758cb1f7-b319-64bd-4ec6-050000000000}</Data><Data Name='LogonId'>0x5c64e</Data><Data Name='TerminalSessionId'>1</Data><Data Name='IntegrityLevel'>Medium</Data><Data Name='Hashes'>MD5=1F53141E8051D6CA7545DCB0F42C99A5,SHA256=48D9E16FCAC51FB4E586E4E3125BF4A788BDBC5F699A88028DCD638638B863C5,IMPHASH=BA5F5A4D956B24C6AA1C2C23D5ACF0A9</Data><Data Name='ParentProcessGuid'>{758cb1f7-b312-64bd-1300-000000004200}</Data><Data Name='ParentProcessId'>1056</Data><Data Name='ParentImage'>C:\Windows\System32\svchost.exe</Data><Data Name='ParentCommandLine'>C:\Windows\system32\svchost.exe -k netsvcs -p</Data><Data Name='ParentUser'>NT AUTHORITY\SYSTEM</Data></EventData></Event><Event xmlns='http://schemas.microsoft.com/win/2004/08/events/event'><System><Provider Name='Microsoft-Windows-Sysmon' Guid='{5770385f-c22a-43e0-bf4c-06f5698ffbd9}'/><EventID>1</EventID><Version>5</Version><Level>4</Level><Task>1</Task><Opcode>0</Opcode><Keywords>0x8000000000000000</Keywords><TimeCreated SystemTime='2023-07-23T23:18:19.7884598Z'/><EventRecordID>30753</EventRecordID><Correlation/><Execution ProcessID='2924' ThreadID='3284'/><Channel>Microsoft-Windows-Sysmon/Operational</Channel><Computer>Newman-PC</Computer><Security UserID='S-1-5-18'/></System><EventData><Data Name='RuleName'>-</Data><Data Name='UtcTime'>2023-07-23 23:18:19.781</Data><Data Name='ProcessGuid'>{758cb1f7-b53b-64bd-c400-000000004200}</Data><Data Name='ProcessId'>5252</Data><Data Name='Image'>C:\Windows\System32\wsqmcons.exe</Data><Data Name='FileVersion'>10.0.22621.1 (WinBuild.160101.0800)</Data><Data Name='Description'>Windows SQM Consolidator</Data><Data Name='Product'>Microsoft® Windows® Operating System</Data><Data Name='Company'>Microsoft Corporation</Data><Data Name='OriginalFileName'>wsqmcons.exe</Data><Data Name='CommandLine'>"C:\Windows\System32\wsqmcons.exe"</Data><Data Name='CurrentDirectory'>C:\Windows\system32\</Data><Data Name='User'>NT AUTHORITY\SYSTEM</Data><Data Name='LogonGuid'>{758cb1f7-b312-64bd-e703-000000000000}</Data><Data Name='LogonId'>0x3e7</Data><Data Name='TerminalSessionId'>0</Data><Data Name='IntegrityLevel'>System</Data><Data Name='Hashes'>MD5=28CCB014EB9E224C7CE76CEB3EB55981,SHA256=A4991AE96F5AD6F9B45DB8E1EB9AAEFE3C247A75326024A8E24BAE70E02103E8,IMPHASH=CF044A6A8EBBA03FD7A29679767E5281</Data><Data Name='ParentProcessGuid'>{758cb1f7-b312-64bd-1300-000000004200}</Data><Data Name='ParentProcessId'>1056</Data><Data Name='ParentImage'>C:\Windows\System32\svchost.exe</Data><Data Name='ParentCommandLine'>C:\Windows\system32\svchost.exe -k netsvcs -p</Data><Data Name='ParentUser'>NT AUTHORITY\SYSTEM</Data></EventData></Event><Event xmlns='http://schemas.microsoft.com/win/2004/08/events/event'><System><Provider Name='Microsoft-Windows-Sysmon' Guid='{5770385f-c22a-43e0-bf4c-06f5698ffbd9}'/><EventID>1</EventID><Version>5</Version><Level>4</Level><Task>1</Task><Opcode>0</Opcode><Keywords>0x8000000000000000</Keywords><TimeCreated SystemTime='2023-07-23T23:18:19.7526299Z'/><EventRecordID>30752</EventRecordID><Correlation/><Execution ProcessID='2924' ThreadID='3284'/><Channel>Microsoft-Windows-Sysmon/Operational</Channel><Computer>Newman-PC</Computer><Security UserID='S-1-5-18'/></System><EventData><Data Name='RuleName'>-</Data><Data Name='UtcTime'>2023-07-23 23:18:19.750</Data><Data Name='ProcessGuid'>{758cb1f7-b53b-64bd-c200-000000004200}</Data><Data Name='ProcessId'>5784</Data><Data Name='Image'>C:\Windows\System32\sc.exe</Data><Data Name='FileVersion'>10.0.22621.1 (WinBuild.160101.0800)</Data><Data Name='Description'>Service Control Manager Configuration Tool</Data><Data Name='Product'>Microsoft® Windows® Operating System</Data><Data Name='Company'>Microsoft Corporation</Data><Data Name='OriginalFileName'>sc.exe</Data><Data Name='CommandLine'>"C:\Windows\system32\sc.exe" start pushtoinstall registration</Data><Data Name='CurrentDirectory'>C:\Windows\system32\</Data><Data Name='User'>NT AUTHORITY\SYSTEM</Data><Data Name='LogonGuid'>{758cb1f7-b312-64bd-e703-000000000000}</Data><Data Name='LogonId'>0x3e7</Data><Data Name='TerminalSessionId'>0</Data><Data Name='IntegrityLevel'>System</Data><Data Name='Hashes'>MD5=FF2A4319FA5531F0D7B98DBBA9ABBD4A,SHA256=67CBE3A7B9C9B7A2E9FB10A33C1A9A3FD297B6F1598AEA374BD9B5D2DEE352EC,IMPHASH=42DADBD60BBC453DD1773FDC089E19B7</Data><Data Name='ParentProcessGuid'>{758cb1f7-b312-64bd-1300-000000004200}</Data><Data Name='ParentProcessId'>1056</Data><Data Name='ParentImage'>C:\Windows\System32\svchost.exe</Data><Data Name='ParentCommandLine'>C:\Windows\system32\svchost.exe -k netsvcs -p</Data><Data Name='ParentUser'>NT AUTHORITY\SYSTEM</Data></EventData></Event><Event xmlns='http://schemas.microsoft.com/win/2004/08/events/event'><System><Provider Name='Microsoft-Windows-Sysmon' Guid='{5770385f-c22a-43e0-bf4c-06f5698ffbd9}'/><EventID>1</EventID><Version>5</Version><Level>4</Level><Task>1</Task><Opcode>0</Opcode><Keywords>0x8000000000000000</Keywords><TimeCreated SystemTime='2023-07-23T23:18:19.7523069Z'/><EventRecordID>30751</EventRecordID><Correlation/><Execution ProcessID='2924' ThreadID='3284'/><Channel>Microsoft-Windows-Sysmon/Operational</Channel><Computer>Newman-PC</Computer><Security UserID='S-1-5-18'/></System><EventData><Data Name='RuleName'>-</Data><Data Name='UtcTime'>2023-07-23 23:18:19.750</Data><Data Name='ProcessGuid'>{758cb1f7-b53b-64bd-c100-000000004200}</Data><Data Name='ProcessId'>5280</Data><Data Name='Image'>C:\Windows\System32\taskhostw.exe</Data><Data Name='FileVersion'>10.0.22621.1635 (WinBuild.160101.0800)</Data><Data Name='Description'>Host Process for Windows Tasks</Data><Data Name='Product'>Microsoft® Windows® Operating System</Data><Data Name='Company'>Microsoft Corporation</Data><Data Name='OriginalFileName'>taskhostw.exe</Data><Data Name='CommandLine'>taskhostw.exe</Data><Data Name='CurrentDirectory'>C:\Windows\system32\</Data><Data Name='User'>NT AUTHORITY\SYSTEM</Data><Data Name='LogonGuid'>{758cb1f7-b312-64bd-e703-000000000000}</Data><Data Name='LogonId'>0x3e7</Data><Data Name='TerminalSessionId'>0</Data><Data Name='IntegrityLevel'>System</Data><Data Name='Hashes'>MD5=4887A65FD4F6598AF4986CBC1C0E5488,SHA256=82472A84BCBB4009ADD338200F8E853FE4C5EAFE2E2C3A2D711B85BF29B72D54,IMPHASH=1C4E2D9936E4D9F2490B08AAB4D24260</Data><Data Name='ParentProcessGuid'>{758cb1f7-b312-64bd-1300-000000004200}</Data><Data Name='ParentProcessId'>1056</Data><Data Name='ParentImage'>C:\Windows\System32\svchost.exe</Data><Data Name='ParentCommandLine'>C:\Windows\system32\svchost.exe -k netsvcs -p</Data><Data Name='ParentUser'>NT AUTHORITY\SYSTEM</Data></EventData></Event><Event xmlns='http://schemas.microsoft.com/win/2004/08/events/event'><System><Provider Name='Microsoft-Windows-Sysmon' Guid='{5770385f-c22a-43e0-bf4c-06f5698ffbd9}'/><EventID>1</EventID><Version>5</Version><Level>4</Level><Task>1</Task><Opcode>0</Opcode><Keywords>0x8000000000000000</Keywords><TimeCreated SystemTime='2023-07-23T23:16:31.9553070Z'/><EventRecordID>30750</EventRecordID><Correlation/><Execution ProcessID='2924' ThreadID='3284'/><Channel>Microsoft-Windows-Sysmon/Operational</Channel><Computer>Newman-PC</Computer><Security UserID='S-1-5-18'/></System><EventData><Data Name='RuleName'>-</Data><Data Name='UtcTime'>2023-07-23 23:16:31.953</Data><Data Name='ProcessGuid'>{758cb1f7-b4cf-64bd-bf00-000000004200}</Data><Data Name='ProcessId'>4436</Data><Data Name='Image'>C:\Windows\System32\appidcertstorecheck.exe</Data><Data Name='FileVersion'>10.0.22621.1635 (WinBuild.160101.0800)</Data><Data Name='Description'>AppID Certificate Store Verification Task</Data><Data Name='Product'>Microsoft® Windows® Operating System</Data><Data Name='Company'>Microsoft Corporation</Data><Data Name='OriginalFileName'>AppIDCertstoreCheck.exe</Data><Data Name='CommandLine'>"C:\Windows\system32\appidcertstorecheck.exe"</Data><Data Name='CurrentDirectory'>C:\Windows\system32\</Data><Data Name='User'>NT AUTHORITY\LOCAL SERVICE</Data><Data Name='LogonGuid'>{758cb1f7-b312-64bd-e503-000000000000}</Data><Data Name='LogonId'>0x3e5</Data><Data Name='TerminalSessionId'>0</Data><Data Name='IntegrityLevel'>System</Data><Data Name='Hashes'>MD5=046DBDEF295F44397AE2B578BDF39E02,SHA256=109D7FA51E3EBB2DD1C64251E65CCA782BFF45D811F73F7DEE3708DDAD726833,IMPHASH=7168353EDBE3AB24A184BB681FD55AE6</Data><Data Name='ParentProcessGuid'>{758cb1f7-b312-64bd-1300-000000004200}</Data><Data Name='ParentProcessId'>1056</Data><Data Name='ParentImage'>C:\Windows\System32\svchost.exe</Data><Data Name='ParentCommandLine'>C:\Windows\system32\svchost.exe -k netsvcs -p</Data><Data Name='ParentUser'>NT AUTHORITY\SYSTEM</Data></EventData></Event><Event xmlns='http://schemas.microsoft.com/win/2004/08/events/event'><System><Provider Name='Microsoft-Windows-Sysmon' Guid='{5770385f-c22a-43e0-bf4c-06f5698ffbd9}'/><EventID>1</EventID><Version>5</Version><Level>4</Level><Task>1</Task><Opcode>0</Opcode><Keywords>0x8000000000000000</Keywords><TimeCreated SystemTime='2023-07-23T23:16:23.5072435Z'/><EventRecordID>30749</EventRecordID><Correlation/><Execution ProcessID='2924' ThreadID='3284'/><Channel>Microsoft-Windows-Sysmon/Operational</Channel><Computer>Newman-PC</Computer><Security UserID='S-1-5-18'/></System><EventData><Data Name='RuleName'>-</Data><Data Name='UtcTime'>2023-07-23 23:16:23.503</Data><Data Name='ProcessGuid'>{758cb1f7-b4c7-64bd-be00-000000004200}</Data><Data Name='ProcessId'>4092</Data><Data Name='Image'>C:\Program Files (x86)\Microsoft\EdgeWebView\Application\114.0.1823.79\msedgewebview2.exe</Data><Data Name='FileVersion'>114.0.1823.79</Data><Data Name='Description'>Microsoft Edge WebView2</Data><Data Name='Product'>Microsoft Edge WebView2</Data><Data Name='Company'>Microsoft Corporation</Data><Data Name='OriginalFileName'>msedgewebview2.exe</Data><Data Name='CommandLine'>"C:\Program Files (x86)\Microsoft\EdgeWebView\Application\114.0.1823.79\msedgewebview2.exe" --type=gpu-process --disable-gpu-sandbox --use-gl=disabled --gpu-vendor-id=5140 --gpu-device-id=140 --gpu-sub-system-id=0 --gpu-revision=0 --gpu-driver-version=10.0.22621.1194 --noerrdialogs --user-data-dir="C:\Users\Newman\AppData\Local\Packages\MicrosoftWindows.Client.WebExperience_cw5n1h2txyewy\LocalState\EBWebView" --webview-exe-name=Widgets.exe --webview-exe-version=421.20070.1670.0 --embedded-browser-webview=1 --gpu-preferences=WAAAAAAAAADoAAAMAAAAAAAAAAAAAAAAAABgAAAAAAA4AAAAAAAAAAAAAAAkAAAAAAAAAAAAAAAAAAAAAAAAAAAAAAAAAAAAGAAAAAAAAAAYAAAAAAAAAAgAAAAAAAAACAAAAAAAAAAIAAAAAAAAAA== --mojo-platform-channel-handle=4880 --field-trial-handle=1808,i,12261402952766874752,10662917670975655950,262144 --enable-features=UseBackgroundNativeThreadPool,UseNativeThreadPool,msWebView2TreatAppSuspendAsDeviceSuspend --disable-features=MojoIpcz /prefetch:2 /pfhostedapp:88456fad6f89ab8d61cf6ef112af14a8e3c4c49a</Data><Data Name='CurrentDirectory'>C:\Program Files (x86)\Microsoft\EdgeWebView\Application\114.0.1823.79\</Data><Data Name='User'>NEWMAN-PC\Newman</Data><Data Name='LogonGuid'>{758cb1f7-b319-64bd-4ec6-050000000000}</Data><Data Name='LogonId'>0x5c64e</Data><Data Name='TerminalSessionId'>1</Data><Data Name='IntegrityLevel'>Medium</Data><Data Name='Hashes'>MD5=EF2FC220F0C479BAEAAE0997FE5180F9,SHA256=C59BA492CA1F4A3F1124BEE15A982E7336E9903D599F42C79E7370282CE88C21,IMPHASH=35372B655E686446F935C6D5BFE64E92</Data><Data Name='ParentProcessGuid'>{758cb1f7-b44e-64bd-b300-000000004200}</Data><Data Name='ParentProcessId'>1916</Data><Data Name='ParentImage'>C:\Program Files (x86)\Microsoft\EdgeWebView\Application\114.0.1823.79\msedgewebview2.exe</Data><Data Name='ParentCommandLine'>"C:\Program Files (x86)\Microsoft\EdgeWebView\Application\114.0.1823.79\msedgewebview2.exe" --embedded-browser-webview=1 --webview-exe-name=Widgets.exe --webview-exe-version=421.20070.1670.0 --user-data-dir="C:\Users\Newman\AppData\Local\Packages\MicrosoftWindows.Client.WebExperience_cw5n1h2txyewy\LocalState\EBWebView" --noerrdialogs --disable-features=MojoIpcz --disk-cache-size=52428800 --edge-webview-is-background --enable-features=msWebView2TreatAppSuspendAsDeviceSuspend,UseNativeThreadPool,UseBackgroundNativeThreadPool --lang=en-US --mojo-named-platform-channel-pipe=4892.4360.6514222913091804647 /pfhostedapp:88456fad6f89ab8d61cf6ef112af14a8e3c4c49a</Data><Data Name='ParentUser'>NEWMAN-PC\Newman</Data></EventData></Event><Event xmlns='http://schemas.microsoft.com/win/2004/08/events/event'><System><Provider Name='Microsoft-Windows-Sysmon' Guid='{5770385f-c22a-43e0-bf4c-06f5698ffbd9}'/><EventID>1</EventID><Version>5</Version><Level>4</Level><Task>1</Task><Opcode>0</Opcode><Keywords>0x8000000000000000</Keywords><TimeCreated SystemTime='2023-07-23T23:15:31.8402821Z'/><EventRecordID>30748</EventRecordID><Correlation/><Execution ProcessID='2924' ThreadID='3284'/><Channel>Microsoft-Windows-Sysmon/Operational</Channel><Computer>Newman-PC</Computer><Security UserID='S-1-5-18'/></System><EventData><Data Name='RuleName'>-</Data><Data Name='UtcTime'>2023-07-23 23:15:31.835</Data><Data Name='ProcessGuid'>{758cb1f7-b493-64bd-bb00-000000004200}</Data><Data Name='ProcessId'>4488</Data><Data Name='Image'>C:\Windows\System32\appidcertstorecheck.exe</Data><Data Name='FileVersion'>10.0.22621.1635 (WinBuild.160101.0800)</Data><Data Name='Description'>AppID Certificate Store Verification Task</Data><Data Name='Product'>Microsoft® Windows® Operating System</Data><Data Name='Company'>Microsoft Corporation</Data><Data Name='OriginalFileName'>AppIDCertstoreCheck.exe</Data><Data Name='CommandLine'>"C:\Windows\system32\appidcertstorecheck.exe"</Data><Data Name='CurrentDirectory'>C:\Windows\system32\</Data><Data Name='User'>NT AUTHORITY\LOCAL SERVICE</Data><Data Name='LogonGuid'>{758cb1f7-b312-64bd-e503-000000000000}</Data><Data Name='LogonId'>0x3e5</Data><Data Name='TerminalSessionId'>0</Data><Data Name='IntegrityLevel'>System</Data><Data Name='Hashes'>MD5=046DBDEF295F44397AE2B578BDF39E02,SHA256=109D7FA51E3EBB2DD1C64251E65CCA782BFF45D811F73F7DEE3708DDAD726833,IMPHASH=7168353EDBE3AB24A184BB681FD55AE6</Data><Data Name='ParentProcessGuid'>{758cb1f7-b312-64bd-1300-000000004200}</Data><Data Name='ParentProcessId'>1056</Data><Data Name='ParentImage'>C:\Windows\System32\svchost.exe</Data><Data Name='ParentCommandLine'>C:\Windows\system32\svchost.exe -k netsvcs -p</Data><Data Name='ParentUser'>NT AUTHORITY\SYSTEM</Data></EventData></Event><Event xmlns='http://schemas.microsoft.com/win/2004/08/events/event'><System><Provider Name='Microsoft-Windows-Sysmon' Guid='{5770385f-c22a-43e0-bf4c-06f5698ffbd9}'/><EventID>22</EventID><Version>5</Version><Level>4</Level><Task>22</Task><Opcode>0</Opcode><Keywords>0x8000000000000000</Keywords><TimeCreated SystemTime='2023-07-23T23:14:32.3177243Z'/><EventRecordID>30747</EventRecordID><Correlation/><Execution ProcessID='2924' ThreadID='3336'/><Channel>Microsoft-Windows-Sysmon/Operational</Channel><Computer>Newman-PC</Computer><Security UserID='S-1-5-18'/></System><EventData><Data Name='RuleName'>-</Data><Data Name='UtcTime'>2023-07-23 23:14:31.042</Data><Data Name='ProcessGuid'>{758cb1f7-b44f-64bd-b700-000000004200}</Data><Data Name='ProcessId'>4084</Data><Data Name='QueryName'>wpad</Data><Data Name='QueryStatus'>9852</Data><Data Name='QueryResults'>-</Data><Data Name='Image'>C:\Program Files (x86)\Microsoft\EdgeWebView\Application\114.0.1823.79\msedgewebview2.exe</Data><Data Name='User'>NEWMAN-PC\Newman</Data></EventData></Event><Event xmlns='http://schemas.microsoft.com/win/2004/08/events/event'><System><Provider Name='Microsoft-Windows-Sysmon' Guid='{5770385f-c22a-43e0-bf4c-06f5698ffbd9}'/><EventID>22</EventID><Version>5</Version><Level>4</Level><Task>22</Task><Opcode>0</Opcode><Keywords>0x8000000000000000</Keywords><TimeCreated SystemTime='2023-07-23T23:14:24.8103140Z'/><EventRecordID>30746</EventRecordID><Correlation/><Execution ProcessID='2924' ThreadID='3336'/><Channel>Microsoft-Windows-Sysmon/Operational</Channel><Computer>Newman-PC</Computer><Security UserID='S-1-5-18'/></System><EventData><Data Name='RuleName'>-</Data><Data Name='UtcTime'>2023-07-23 23:14:23.025</Data><Data Name='ProcessGuid'>{758cb1f7-b44f-64bd-b700-000000004200}</Data><Data Name='ProcessId'>4084</Data><Data Name='QueryName'>wpad</Data><Data Name='QueryStatus'>9852</Data><Data Name='QueryResults'>-</Data><Data Name='Image'>C:\Program Files (x86)\Microsoft\EdgeWebView\Application\114.0.1823.79\msedgewebview2.exe</Data><Data Name='User'>NEWMAN-PC\Newman</Data></EventData></Event><Event xmlns='http://schemas.microsoft.com/win/2004/08/events/event'><System><Provider Name='Microsoft-Windows-Sysmon' Guid='{5770385f-c22a-43e0-bf4c-06f5698ffbd9}'/><EventID>22</EventID><Version>5</Version><Level>4</Level><Task>22</Task><Opcode>0</Opcode><Keywords>0x8000000000000000</Keywords><TimeCreated SystemTime='2023-07-23T23:14:24.8086312Z'/><EventRecordID>30745</EventRecordID><Correlation/><Execution ProcessID='2924' ThreadID='3336'/><Channel>Microsoft-Windows-Sysmon/Operational</Channel><Computer>Newman-PC</Computer><Security UserID='S-1-5-18'/></System><EventData><Data Name='RuleName'>-</Data><Data Name='UtcTime'>2023-07-23 23:14:23.018</Data><Data Name='ProcessGuid'>{758cb1f7-b44f-64bd-b700-000000004200}</Data><Data Name='ProcessId'>4084</Data><Data Name='QueryName'>wpad</Data><Data Name='QueryStatus'>9852</Data><Data Name='QueryResults'>-</Data><Data Name='Image'>C:\Program Files (x86)\Microsoft\EdgeWebView\Application\114.0.1823.79\msedgewebview2.exe</Data><Data Name='User'>NEWMAN-PC\Newman</Data></EventData></Event><Event xmlns='http://schemas.microsoft.com/win/2004/08/events/event'><System><Provider Name='Microsoft-Windows-Sysmon' Guid='{5770385f-c22a-43e0-bf4c-06f5698ffbd9}'/><EventID>1</EventID><Version>5</Version><Level>4</Level><Task>1</Task><Opcode>0</Opcode><Keywords>0x8000000000000000</Keywords><TimeCreated SystemTime='2023-07-23T23:14:23.7221938Z'/><EventRecordID>30744</EventRecordID><Correlation/><Execution ProcessID='2924' ThreadID='3284'/><Channel>Microsoft-Windows-Sysmon/Operational</Channel><Computer>Newman-PC</Computer><Security UserID='S-1-5-18'/></System><EventData><Data Name='RuleName'>-</Data><Data Name='UtcTime'>2023-07-23 23:14:23.706</Data><Data Name='ProcessGuid'>{758cb1f7-b44f-64bd-b900-000000004200}</Data><Data Name='ProcessId'>6572</Data><Data Name='Image'>C:\Program Files (x86)\Microsoft\EdgeWebView\Application\114.0.1823.79\msedgewebview2.exe</Data><Data Name='FileVersion'>114.0.1823.79</Data><Data Name='Description'>Microsoft Edge WebView2</Data><Data Name='Product'>Microsoft Edge WebView2</Data><Data Name='Company'>Microsoft Corporation</Data><Data Name='OriginalFileName'>msedgewebview2.exe</Data><Data Name='CommandLine'>"C:\Program Files (x86)\Microsoft\EdgeWebView\Application\114.0.1823.79\msedgewebview2.exe" --type=renderer --noerrdialogs --user-data-dir="C:\Users\Newman\AppData\Local\Packages\MicrosoftWindows.Client.WebExperience_cw5n1h2txyewy\LocalState\EBWebView" --webview-exe-name=Widgets.exe --webview-exe-version=421.20070.1670.0 --embedded-browser-webview=1 --first-renderer-process --lang=en-US --device-scale-factor=1 --num-raster-threads=1 --renderer-client-id=5 --js-flags="--harmony-weak-refs-with-cleanup-some --expose-gc --ms-user-locale=" --time-ticks-at-unix-epoch=-1690153739273292 --launch-time-ticks=324425310 --mojo-platform-channel-handle=3460 --field-trial-handle=1808,i,12261402952766874752,10662917670975655950,262144 --enable-features=UseBackgroundNativeThreadPool,UseNativeThreadPool,msWebView2TreatAppSuspendAsDeviceSuspend --disable-features=MojoIpcz /pfhostedapp:88456fad6f89ab8d61cf6ef112af14a8e3c4c49a /prefetch:1</Data><Data Name='CurrentDirectory'>C:\Program Files (x86)\Microsoft\EdgeWebView\Application\114.0.1823.79\</Data><Data Name='User'>NEWMAN-PC\Newman</Data><Data Name='LogonGuid'>{758cb1f7-b319-64bd-4ec6-050000000000}</Data><Data Name='LogonId'>0x5c64e</Data><Data Name='TerminalSessionId'>1</Data><Data Name='IntegrityLevel'>Low</Data><Data Name='Hashes'>MD5=EF2FC220F0C479BAEAAE0997FE5180F9,SHA256=C59BA492CA1F4A3F1124BEE15A982E7336E9903D599F42C79E7370282CE88C21,IMPHASH=35372B655E686446F935C6D5BFE64E92</Data><Data Name='ParentProcessGuid'>{758cb1f7-b44e-64bd-b300-000000004200}</Data><Data Name='ParentProcessId'>1916</Data><Data Name='ParentImage'>C:\Program Files (x86)\Microsoft\EdgeWebView\Application\114.0.1823.79\msedgewebview2.exe</Data><Data Name='ParentCommandLine'>"C:\Program Files (x86)\Microsoft\EdgeWebView\Application\114.0.1823.79\msedgewebview2.exe" --embedded-browser-webview=1 --webview-exe-name=Widgets.exe --webview-exe-version=421.20070.1670.0 --user-data-dir="C:\Users\Newman\AppData\Local\Packages\MicrosoftWindows.Client.WebExperience_cw5n1h2txyewy\LocalState\EBWebView" --noerrdialogs --disable-features=MojoIpcz --disk-cache-size=52428800 --edge-webview-is-background --enable-features=msWebView2TreatAppSuspendAsDeviceSuspend,UseNativeThreadPool,UseBackgroundNativeThreadPool --lang=en-US --mojo-named-platform-channel-pipe=4892.4360.6514222913091804647 /pfhostedapp:88456fad6f89ab8d61cf6ef112af14a8e3c4c49a</Data><Data Name='ParentUser'>NEWMAN-PC\Newman</Data></EventData></Event><Event xmlns='http://schemas.microsoft.com/win/2004/08/events/event'><System><Provider Name='Microsoft-Windows-Sysmon' Guid='{5770385f-c22a-43e0-bf4c-06f5698ffbd9}'/><EventID>1</EventID><Version>5</Version><Level>4</Level><Task>1</Task><Opcode>0</Opcode><Keywords>0x8000000000000000</Keywords><TimeCreated SystemTime='2023-07-23T23:14:23.5461881Z'/><EventRecordID>30743</EventRecordID><Correlation/><Execution ProcessID='2924' ThreadID='3284'/><Channel>Microsoft-Windows-Sysmon/Operational</Channel><Computer>Newman-PC</Computer><Security UserID='S-1-5-18'/></System><EventData><Data Name='RuleName'>-</Data><Data Name='UtcTime'>2023-07-23 23:14:23.543</Data><Data Name='ProcessGuid'>{758cb1f7-b44f-64bd-b800-000000004200}</Data><Data Name='ProcessId'>4368</Data><Data Name='Image'>C:\Program Files (x86)\Microsoft\EdgeWebView\Application\114.0.1823.79\msedgewebview2.exe</Data><Data Name='FileVersion'>114.0.1823.79</Data><Data Name='Description'>Microsoft Edge WebView2</Data><Data Name='Product'>Microsoft Edge WebView2</Data><Data Name='Company'>Microsoft Corporation</Data><Data Name='OriginalFileName'>msedgewebview2.exe</Data><Data Name='CommandLine'>"C:\Program Files (x86)\Microsoft\EdgeWebView\Application\114.0.1823.79\msedgewebview2.exe" --type=utility --utility-sub-type=storage.mojom.StorageService --lang=en-US --service-sandbox-type=service --noerrdialogs --user-data-dir="C:\Users\Newman\AppData\Local\Packages\MicrosoftWindows.Client.WebExperience_cw5n1h2txyewy\LocalState\EBWebView" --webview-exe-name=Widgets.exe --webview-exe-version=421.20070.1670.0 --embedded-browser-webview=1 --mojo-platform-channel-handle=2256 --field-trial-handle=1808,i,12261402952766874752,10662917670975655950,262144 --enable-features=UseBackgroundNativeThreadPool,UseNativeThreadPool,msWebView2TreatAppSuspendAsDeviceSuspend --disable-features=MojoIpcz /prefetch:8 /pfhostedapp:88456fad6f89ab8d61cf6ef112af14a8e3c4c49a</Data><Data Name='CurrentDirectory'>C:\Program Files (x86)\Microsoft\EdgeWebView\Application\114.0.1823.79\</Data><Data Name='User'>NEWMAN-PC\Newman</Data><Data Name='LogonGuid'>{758cb1f7-b319-64bd-4ec6-050000000000}</Data><Data Name='LogonId'>0x5c64e</Data><Data Name='TerminalSessionId'>1</Data><Data Name='IntegrityLevel'>Low</Data><Data Name='Hashes'>MD5=EF2FC220F0C479BAEAAE0997FE5180F9,SHA256=C59BA492CA1F4A3F1124BEE15A982E7336E9903D599F42C79E7370282CE88C21,IMPHASH=35372B655E686446F935C6D5BFE64E92</Data><Data Name='ParentProcessGuid'>{758cb1f7-b44e-64bd-b300-000000004200}</Data><Data Name='ParentProcessId'>1916</Data><Data Name='ParentImage'>C:\Program Files (x86)\Microsoft\EdgeWebView\Application\114.0.1823.79\msedgewebview2.exe</Data><Data Name='ParentCommandLine'>"C:\Program Files (x86)\Microsoft\EdgeWebView\Application\114.0.1823.79\msedgewebview2.exe" --embedded-browser-webview=1 --webview-exe-name=Widgets.exe --webview-exe-version=421.20070.1670.0 --user-data-dir="C:\Users\Newman\AppData\Local\Packages\MicrosoftWindows.Client.WebExperience_cw5n1h2txyewy\LocalState\EBWebView" --noerrdialogs --disable-features=MojoIpcz --disk-cache-size=52428800 --edge-webview-is-background --enable-features=msWebView2TreatAppSuspendAsDeviceSuspend,UseNativeThreadPool,UseBackgroundNativeThreadPool --lang=en-US --mojo-named-platform-channel-pipe=4892.4360.6514222913091804647 /pfhostedapp:88456fad6f89ab8d61cf6ef112af14a8e3c4c49a</Data><Data Name='ParentUser'>NEWMAN-PC\Newman</Data></EventData></Event>