<Event xmlns='http://schemas.microsoft.com/win/2004/08/events/event'><System><Provider Name='Microsoft-Windows-Sysmon' Guid='{5770385f-c22a-43e0-bf4c-06f5698ffbd9}'/><EventID>1</EventID><Version>5</Version><Level>4</Level><Task>1</Task><Opcode>0</Opcode><Keywords>0x8000000000000000</Keywords><TimeCreated SystemTime='2023-07-23T23:10:20.9027537Z'/><EventRecordID>11902</EventRecordID><Correlation/><Execution ProcessID='2760' ThreadID='3284'/><Channel>Microsoft-Windows-Sysmon/Operational</Channel><Computer>Jerry-PC</Computer><Security UserID='S-1-5-18'/></System><EventData><Data Name='RuleName'>-</Data><Data Name='UtcTime'>2023-07-23 23:10:20.901</Data><Data Name='ProcessGuid'>{3f0f5ad4-b35c-64bd-8500-000000003100}</Data><Data Name='ProcessId'>7832</Data><Data Name='Image'>C:\Program Files (x86)\Microsoft\EdgeUpdate\MicrosoftEdgeUpdate.exe</Data><Data Name='FileVersion'>1.3.155.85</Data><Data Name='Description'>Microsoft Edge Update</Data><Data Name='Product'>Microsoft Edge Update</Data><Data Name='Company'>Microsoft Corporation</Data><Data Name='OriginalFileName'>msedgeupdate.dll</Data><Data Name='CommandLine'>"C:\Program Files (x86)\Microsoft\EdgeUpdate\MicrosoftEdgeUpdate.exe" /ping PD94bWwgdmVyc2lvbj0iMS4wIiBlbmNvZGluZz0iVVRGLTgiPz48cmVxdWVzdCBwcm90b2NvbD0iMy4wIiB1cGRhdGVyPSJPbWFoYSIgdXBkYXRlcnZlcnNpb249IjEuMy4xNzUuMjkiIHNoZWxsX3ZlcnNpb249IjEuMy4xNTUuODUiIGlzbWFjaGluZT0iMSIgc2Vzc2lvbmlkPSJ7RjdGNEMyNjUtMDJGNC00OTczLUE2NDEtNDg4QTU5MTkzM0QzfSIgdXNlcmlkPSJ7OTEyMDNDNDktOUJCRC00OTI5LUI4QTgtRjlEQUMxRjY4QTExfSIgaW5zdGFsbHNvdXJjZT0iY29yZSIgcmVxdWVzdGlkPSJ7NTAwOUU3OEQtRkQxRS00NjBBLTlCQUQtMEI5MTREM0I4RjE0fSIgZGVkdXA9ImNyIiBkb21haW5qb2luZWQ9IjAiPjxodyBsb2dpY2FsX2NwdXM9IjIiIHBoeXNtZW1vcnk9IjIiIGRpc2tfdHlwZT0iMSIgc3NlPSIxIiBzc2UyPSIxIiBzc2UzPSIxIiBzc3NlMz0iMSIgc3NlNDE9IjEiIHNzZTQyPSIxIiBhdng9IjEiLz48b3MgcGxhdGZvcm09IndpbiIgdmVyc2lvbj0iMTAuMC4yMjYyMS4xODQ4IiBzcD0iIiBhcmNoPSJ4NjQiIHByb2R1Y3RfdHlwZT0iNDgiIG9zX3JlZ2lvbl9uYW1lPSJVUyIgb3NfcmVnaW9uX25hdGlvbj0iMjQ0IiBvc19yZWdpb25fZG1hPSIwIiBpc193aXA9IjAiIGlzX2luX2xvY2tkb3duX21vZGU9IjAiLz48b2VtIHByb2R1Y3RfbWFudWZhY3R1cmVyPSJpbm5vdGVrIEdtYkgiIHByb2R1Y3RfbmFtZT0iVmlydHVhbEJveCIvPjxleHAgZXRhZz0iJnF1b3Q7cjQ1MnQxK2syVGdxL0hYemp2Rk5CUmhvcEJXUjlzYmpYeHFlVURIOXVYMD0mcXVvdDsiLz48YXBwIGFwcGlkPSJ7RjNDNEZFMDAtRUZENS00MDNCLTk1NjktMzk4QTIwRjFCQTRBfSIgdmVyc2lvbj0iMS4zLjE3NS4yOSIgbmV4dHZlcnNpb249IiIgbGFuZz0iIiBicmFuZD0iSU5CWCIgY2xpZW50PSIiIGNvaG9ydD0icnJmQDAuNTkiPjx1cGRhdGVjaGVjay8-PHBpbmcgcj0iMTUiIHJkPSI2MDMyIiBwaW5nX2ZyZXNobmVzcz0iezZGN0Q0NDQyLTVBOTYtNEEyMy04RDAyLUNFMDkyRjhFQUNCM30iLz48L2FwcD48YXBwIGFwcGlkPSJ7NTZFQjE4RjgtQjAwOC00Q0JELUI2RDItOEM5N0ZFN0U5MDYyfSIgdmVyc2lvbj0iMTE0LjAuMTgyMy42NyIgbmV4dHZlcnNpb249IiIgbGFuZz0iIiBicmFuZD0iSU5CWCIgY2xpZW50PSIiIGV4cGVyaW1lbnRzPSJjb25zZW50PWZhbHNlIiBjb2hvcnQ9InJyZkAwLjU1IiBvb2JlX2luc3RhbGxfdGltZT0iMTg0NDY3NDQwNzM3MDk1NTE2MDYiIHVwZGF0ZV9jb3VudD0iMiIgaXNfcGlubmVkX3N5c3RlbT0idHJ1ZSIgbGFzdF9sYXVuY2hfY291bnQ9IjEiIGxhc3RfbGF1bmNoX3RpbWU9IjEzMzM0MTExNjU1OTc5MjIxMCIgZmlyc3RfZnJlX3NlZW5fdGltZT0iMTMzMzMzMjcwMzcwNzY2NTYwIiBmaXJzdF9mcmVfc2Vlbl92ZXJzaW9uPSIxMTQuMC4xODIzLjY3Ij48dXBkYXRlY2hlY2svPjxwaW5nIGFjdGl2ZT0iMSIgYT0iMTUiIHI9IjE1IiBhZD0iNjAzMiIgcmQ9IjYwMzIiIHBpbmdfZnJlc2huZXNzPSJ7QTcxRDQ5RDAtODRCMi00NTFBLUIxRTMtNTcyQkUyQUFDNUU4fSIvPjwvYXBwPjxhcHAgYXBwaWQ9IntGMzAxNzIyNi1GRTJBLTQyOTUtOEJERi0wMEMzQTlBN0U0QzV9IiB2ZXJzaW9uPSIxMTQuMC4xODIzLjY3IiBuZXh0dmVyc2lvbj0iIiBsYW5nPSIiIGJyYW5kPSJJTkJYIiBjbGllbnQ9IiIgZXhwZXJpbWVudHM9ImNvbnNlbnQ9ZmFsc2UiIGNvaG9ydD0icnJmQDAuMjUiIHVwZGF0ZV9jb3VudD0iMiI-PHVwZGF0ZWNoZWNrLz48cGluZyByPSIxNSIgcmQ9IjYwMzIiIHBpbmdfZnJlc2huZXNzPSJ7MTMwNzVBNjMtRUM0QS00MzkxLTkxNkQtNUU1ODE1RjgxOEUwfSIvPjwvYXBwPjwvcmVxdWVzdD4</Data><Data Name='CurrentDirectory'>C:\Program Files (x86)\Microsoft\EdgeUpdate\1.3.175.29\</Data><Data Name='User'>NT AUTHORITY\SYSTEM</Data><Data Name='LogonGuid'>{3f0f5ad4-b311-64bd-e703-000000000000}</Data><Data Name='LogonId'>0x3e7</Data><Data Name='TerminalSessionId'>0</Data><Data Name='IntegrityLevel'>System</Data><Data Name='Hashes'>MD5=A4FC8EC5BC41C41918B0C1541E4E4BE6,SHA256=54545F352215A9C0F370A01980AADCD5749A93589931662D89A974D7BD60F476,IMPHASH=E00D60405A249A05D3B09AA7FE924B17</Data><Data Name='ParentProcessGuid'>{3f0f5ad4-b353-64bd-8300-000000003100}</Data><Data Name='ParentProcessId'>7716</Data><Data Name='ParentImage'>C:\Program Files (x86)\Microsoft\EdgeUpdate\MicrosoftEdgeUpdate.exe</Data><Data Name='ParentCommandLine'>"C:\Program Files (x86)\Microsoft\EdgeUpdate\MicrosoftEdgeUpdate.exe" /svc</Data><Data Name='ParentUser'>NT AUTHORITY\SYSTEM</Data></EventData></Event><Event xmlns='http://schemas.microsoft.com/win/2004/08/events/event'><System><Provider Name='Microsoft-Windows-Sysmon' Guid='{5770385f-c22a-43e0-bf4c-06f5698ffbd9}'/><EventID>1</EventID><Version>5</Version><Level>4</Level><Task>1</Task><Opcode>0</Opcode><Keywords>0x8000000000000000</Keywords><TimeCreated SystemTime='2023-07-23T23:10:11.2345261Z'/><EventRecordID>11901</EventRecordID><Correlation/><Execution ProcessID='2760' ThreadID='3284'/><Channel>Microsoft-Windows-Sysmon/Operational</Channel><Computer>Jerry-PC</Computer><Security UserID='S-1-5-18'/></System><EventData><Data Name='RuleName'>-</Data><Data Name='UtcTime'>2023-07-23 23:10:11.233</Data><Data Name='ProcessGuid'>{3f0f5ad4-b353-64bd-8300-000000003100}</Data><Data Name='ProcessId'>7716</Data><Data Name='Image'>C:\Program Files (x86)\Microsoft\EdgeUpdate\MicrosoftEdgeUpdate.exe</Data><Data Name='FileVersion'>1.3.155.85</Data><Data Name='Description'>Microsoft Edge Update</Data><Data Name='Product'>Microsoft Edge Update</Data><Data Name='Company'>Microsoft Corporation</Data><Data Name='OriginalFileName'>msedgeupdate.dll</Data><Data Name='CommandLine'>"C:\Program Files (x86)\Microsoft\EdgeUpdate\MicrosoftEdgeUpdate.exe" /svc</Data><Data Name='CurrentDirectory'>C:\Windows\system32\</Data><Data Name='User'>NT AUTHORITY\SYSTEM</Data><Data Name='LogonGuid'>{3f0f5ad4-b311-64bd-e703-000000000000}</Data><Data Name='LogonId'>0x3e7</Data><Data Name='TerminalSessionId'>0</Data><Data Name='IntegrityLevel'>System</Data><Data Name='Hashes'>MD5=A4FC8EC5BC41C41918B0C1541E4E4BE6,SHA256=54545F352215A9C0F370A01980AADCD5749A93589931662D89A974D7BD60F476,IMPHASH=E00D60405A249A05D3B09AA7FE924B17</Data><Data Name='ParentProcessGuid'>{3f0f5ad4-b311-64bd-0b00-000000003100}</Data><Data Name='ParentProcessId'>724</Data><Data Name='ParentImage'>C:\Windows\System32\services.exe</Data><Data Name='ParentCommandLine'>C:\Windows\system32\services.exe</Data><Data Name='ParentUser'>NT AUTHORITY\SYSTEM</Data></EventData></Event><Event xmlns='http://schemas.microsoft.com/win/2004/08/events/event'><System><Provider Name='Microsoft-Windows-Sysmon' Guid='{5770385f-c22a-43e0-bf4c-06f5698ffbd9}'/><EventID>1</EventID><Version>5</Version><Level>4</Level><Task>1</Task><Opcode>0</Opcode><Keywords>0x8000000000000000</Keywords><TimeCreated SystemTime='2023-07-23T23:09:58.7951186Z'/><EventRecordID>11900</EventRecordID><Correlation/><Execution ProcessID='2760' ThreadID='3284'/><Channel>Microsoft-Windows-Sysmon/Operational</Channel><Computer>Jerry-PC</Computer><Security UserID='S-1-5-18'/></System><EventData><Data Name='RuleName'>-</Data><Data Name='UtcTime'>2023-07-23 23:09:58.791</Data><Data Name='ProcessGuid'>{3f0f5ad4-b346-64bd-8200-000000003100}</Data><Data Name='ProcessId'>7620</Data><Data Name='Image'>C:\Windows\System32\wlrmdr.exe</Data><Data Name='FileVersion'>10.0.22621.1 (WinBuild.160101.0800)</Data><Data Name='Description'>Windows logon reminder</Data><Data Name='Product'>Microsoft® Windows® Operating System</Data><Data Name='Company'>Microsoft Corporation</Data><Data Name='OriginalFileName'>WLRMNDR.EXE</Data><Data Name='CommandLine'> -c -s 0 -f 0 -t Empty -m Empty -a 0 -u Empty</Data><Data Name='CurrentDirectory'>C:\Windows\system32\</Data><Data Name='User'>JERRY-PC\Jerry</Data><Data Name='LogonGuid'>{3f0f5ad4-b317-64bd-795a-050000000000}</Data><Data Name='LogonId'>0x55a79</Data><Data Name='TerminalSessionId'>1</Data><Data Name='IntegrityLevel'>Medium</Data><Data Name='Hashes'>MD5=624184528091DAA448D0FD412FD7E178,SHA256=CCCA8B15B974977C0FE467DF44DF99451900521173AE602D8C144172FED67187,IMPHASH=5300F56B60921830A01F38BA09708878</Data><Data Name='ParentProcessGuid'>{3f0f5ad4-b311-64bd-0a00-000000003100}</Data><Data Name='ParentProcessId'>708</Data><Data Name='ParentImage'>C:\Windows\System32\winlogon.exe</Data><Data Name='ParentCommandLine'>winlogon.exe</Data><Data Name='ParentUser'>NT AUTHORITY\SYSTEM</Data></EventData></Event><Event xmlns='http://schemas.microsoft.com/win/2004/08/events/event'><System><Provider Name='Microsoft-Windows-Sysmon' Guid='{5770385f-c22a-43e0-bf4c-06f5698ffbd9}'/><EventID>1</EventID><Version>5</Version><Level>4</Level><Task>1</Task><Opcode>0</Opcode><Keywords>0x8000000000000000</Keywords><TimeCreated SystemTime='2023-07-23T23:09:56.9297017Z'/><EventRecordID>11899</EventRecordID><Correlation/><Execution ProcessID='2760' ThreadID='3284'/><Channel>Microsoft-Windows-Sysmon/Operational</Channel><Computer>Jerry-PC</Computer><Security UserID='S-1-5-18'/></System><EventData><Data Name='RuleName'>-</Data><Data Name='UtcTime'>2023-07-23 23:09:56.928</Data><Data Name='ProcessGuid'>{3f0f5ad4-b344-64bd-8100-000000003100}</Data><Data Name='ProcessId'>7592</Data><Data Name='Image'>C:\Windows\System32\SecurityHealth\1.0.2306.10002-0\SecurityHealthHost.exe</Data><Data Name='FileVersion'>10.0.25873.1001 (WinBuild.160101.0800)</Data><Data Name='Description'>Windows Security Health Host</Data><Data Name='Product'>Microsoft® Windows® Operating System</Data><Data Name='Company'>Microsoft Corporation</Data><Data Name='OriginalFileName'>SecurityHealthHost.exe</Data><Data Name='CommandLine'>\\?\C:\Windows\System32\SecurityHealth\1.0.2306.10002-0\SecurityHealthHost.exe {08728914-3F57-4D52-9E31-49DAECA5A80A} -Embedding</Data><Data Name='CurrentDirectory'>C:\Windows\system32\</Data><Data Name='User'>JERRY-PC\Jerry</Data><Data Name='LogonGuid'>{3f0f5ad4-b317-64bd-795a-050000000000}</Data><Data Name='LogonId'>0x55a79</Data><Data Name='TerminalSessionId'>1</Data><Data Name='IntegrityLevel'>Medium</Data><Data Name='Hashes'>MD5=193DC58240D8AC4EC1618FFAE14CAE71,SHA256=8D771C8A91614B85416B3EB328460E80183B38F2DC35C7A26578206AF145F419,IMPHASH=FBC9E5DE00516A75FFF7C4A11857FB1D</Data><Data Name='ParentProcessGuid'>{3f0f5ad4-b311-64bd-0d00-000000003100}</Data><Data Name='ParentProcessId'>876</Data><Data Name='ParentImage'>C:\Windows\System32\svchost.exe</Data><Data Name='ParentCommandLine'>C:\Windows\system32\svchost.exe -k DcomLaunch -p</Data><Data Name='ParentUser'>NT AUTHORITY\SYSTEM</Data></EventData></Event><Event xmlns='http://schemas.microsoft.com/win/2004/08/events/event'><System><Provider Name='Microsoft-Windows-Sysmon' Guid='{5770385f-c22a-43e0-bf4c-06f5698ffbd9}'/><EventID>13</EventID><Version>2</Version><Level>4</Level><Task>13</Task><Opcode>0</Opcode><Keywords>0x8000000000000000</Keywords><TimeCreated SystemTime='2023-07-23T23:09:56.8328483Z'/><EventRecordID>11898</EventRecordID><Correlation/><Execution ProcessID='2760' ThreadID='3284'/><Channel>Microsoft-Windows-Sysmon/Operational</Channel><Computer>Jerry-PC</Computer><Security UserID='S-1-5-18'/></System><EventData><Data Name='RuleName'>Suspicious,ImageBeginWithBackslash</Data><Data Name='EventType'>SetValue</Data><Data Name='UtcTime'>2023-07-23 23:09:56.823</Data><Data Name='ProcessGuid'>{3f0f5ad4-b344-64bd-8000-000000003100}</Data><Data Name='ProcessId'>7556</Data><Data Name='Image'>\\?\C:\Windows\System32\SecurityHealth\1.0.2306.10002-0\SecurityHealthHost.exe</Data><Data Name='TargetObject'>HKLM\SOFTWARE\Microsoft\Windows NT\CurrentVersion\Notifications\Data\418A073AA3BC1C75</Data><Data Name='Details'>Binary Data</Data><Data Name='User'>JERRY-PC\Jerry</Data></EventData></Event><Event xmlns='http://schemas.microsoft.com/win/2004/08/events/event'><System><Provider Name='Microsoft-Windows-Sysmon' Guid='{5770385f-c22a-43e0-bf4c-06f5698ffbd9}'/><EventID>1</EventID><Version>5</Version><Level>4</Level><Task>1</Task><Opcode>0</Opcode><Keywords>0x8000000000000000</Keywords><TimeCreated SystemTime='2023-07-23T23:09:56.7982861Z'/><EventRecordID>11897</EventRecordID><Correlation/><Execution ProcessID='2760' ThreadID='3284'/><Channel>Microsoft-Windows-Sysmon/Operational</Channel><Computer>Jerry-PC</Computer><Security UserID='S-1-5-18'/></System><EventData><Data Name='RuleName'>-</Data><Data Name='UtcTime'>2023-07-23 23:09:56.796</Data><Data Name='ProcessGuid'>{3f0f5ad4-b344-64bd-8000-000000003100}</Data><Data Name='ProcessId'>7556</Data><Data Name='Image'>C:\Windows\System32\SecurityHealth\1.0.2306.10002-0\SecurityHealthHost.exe</Data><Data Name='FileVersion'>10.0.25873.1001 (WinBuild.160101.0800)</Data><Data Name='Description'>Windows Security Health Host</Data><Data Name='Product'>Microsoft® Windows® Operating System</Data><Data Name='Company'>Microsoft Corporation</Data><Data Name='OriginalFileName'>SecurityHealthHost.exe</Data><Data Name='CommandLine'>\\?\C:\Windows\System32\SecurityHealth\1.0.2306.10002-0\SecurityHealthHost.exe {08728914-3F57-4D52-9E31-49DAECA5A80A} -Embedding</Data><Data Name='CurrentDirectory'>C:\Windows\system32\</Data><Data Name='User'>JERRY-PC\Jerry</Data><Data Name='LogonGuid'>{3f0f5ad4-b317-64bd-795a-050000000000}</Data><Data Name='LogonId'>0x55a79</Data><Data Name='TerminalSessionId'>1</Data><Data Name='IntegrityLevel'>Medium</Data><Data Name='Hashes'>MD5=193DC58240D8AC4EC1618FFAE14CAE71,SHA256=8D771C8A91614B85416B3EB328460E80183B38F2DC35C7A26578206AF145F419,IMPHASH=FBC9E5DE00516A75FFF7C4A11857FB1D</Data><Data Name='ParentProcessGuid'>{3f0f5ad4-b311-64bd-0d00-000000003100}</Data><Data Name='ParentProcessId'>876</Data><Data Name='ParentImage'>C:\Windows\System32\svchost.exe</Data><Data Name='ParentCommandLine'>C:\Windows\system32\svchost.exe -k DcomLaunch -p</Data><Data Name='ParentUser'>NT AUTHORITY\SYSTEM</Data></EventData></Event><Event xmlns='http://schemas.microsoft.com/win/2004/08/events/event'><System><Provider Name='Microsoft-Windows-Sysmon' Guid='{5770385f-c22a-43e0-bf4c-06f5698ffbd9}'/><EventID>1</EventID><Version>5</Version><Level>4</Level><Task>1</Task><Opcode>0</Opcode><Keywords>0x8000000000000000</Keywords><TimeCreated SystemTime='2023-07-23T23:09:36.6261946Z'/><EventRecordID>11896</EventRecordID><Correlation/><Execution ProcessID='2760' ThreadID='3284'/><Channel>Microsoft-Windows-Sysmon/Operational</Channel><Computer>Jerry-PC</Computer><Security UserID='S-1-5-18'/></System><EventData><Data Name='RuleName'>-</Data><Data Name='UtcTime'>2023-07-23 23:09:36.625</Data><Data Name='ProcessGuid'>{3f0f5ad4-b330-64bd-7f00-000000003100}</Data><Data Name='ProcessId'>7444</Data><Data Name='Image'>C:\Windows\System32\taskhostw.exe</Data><Data Name='FileVersion'>10.0.22621.1635 (WinBuild.160101.0800)</Data><Data Name='Description'>Host Process for Windows Tasks</Data><Data Name='Product'>Microsoft® Windows® Operating System</Data><Data Name='Company'>Microsoft Corporation</Data><Data Name='OriginalFileName'>taskhostw.exe</Data><Data Name='CommandLine'>taskhostw.exe</Data><Data Name='CurrentDirectory'>C:\Windows\system32\</Data><Data Name='User'>NT AUTHORITY\SYSTEM</Data><Data Name='LogonGuid'>{3f0f5ad4-b311-64bd-e703-000000000000}</Data><Data Name='LogonId'>0x3e7</Data><Data Name='TerminalSessionId'>0</Data><Data Name='IntegrityLevel'>System</Data><Data Name='Hashes'>MD5=4887A65FD4F6598AF4986CBC1C0E5488,SHA256=82472A84BCBB4009ADD338200F8E853FE4C5EAFE2E2C3A2D711B85BF29B72D54,IMPHASH=1C4E2D9936E4D9F2490B08AAB4D24260</Data><Data Name='ParentProcessGuid'>{3f0f5ad4-b311-64bd-1300-000000003100}</Data><Data Name='ParentProcessId'>1032</Data><Data Name='ParentImage'>C:\Windows\System32\svchost.exe</Data><Data Name='ParentCommandLine'>C:\Windows\system32\svchost.exe -k netsvcs -p</Data><Data Name='ParentUser'>NT AUTHORITY\SYSTEM</Data></EventData></Event><Event xmlns='http://schemas.microsoft.com/win/2004/08/events/event'><System><Provider Name='Microsoft-Windows-Sysmon' Guid='{5770385f-c22a-43e0-bf4c-06f5698ffbd9}'/><EventID>22</EventID><Version>5</Version><Level>4</Level><Task>22</Task><Opcode>0</Opcode><Keywords>0x8000000000000000</Keywords><TimeCreated SystemTime='2023-07-23T23:09:31.7848509Z'/><EventRecordID>11895</EventRecordID><Correlation/><Execution ProcessID='2760' ThreadID='3296'/><Channel>Microsoft-Windows-Sysmon/Operational</Channel><Computer>Jerry-PC</Computer><Security UserID='S-1-5-18'/></System><EventData><Data Name='RuleName'>-</Data><Data Name='UtcTime'>2023-07-23 23:09:30.852</Data><Data Name='ProcessGuid'>{3f0f5ad4-b32a-64bd-7b00-000000003100}</Data><Data Name='ProcessId'>5452</Data><Data Name='QueryName'>wpad</Data><Data Name='QueryStatus'>9852</Data><Data Name='QueryResults'>-</Data><Data Name='Image'>C:\Program Files (x86)\Microsoft\EdgeWebView\Application\114.0.1823.67\msedgewebview2.exe</Data><Data Name='User'>JERRY-PC\Jerry</Data></EventData></Event><Event xmlns='http://schemas.microsoft.com/win/2004/08/events/event'><System><Provider Name='Microsoft-Windows-Sysmon' Guid='{5770385f-c22a-43e0-bf4c-06f5698ffbd9}'/><EventID>1</EventID><Version>5</Version><Level>4</Level><Task>1</Task><Opcode>0</Opcode><Keywords>0x8000000000000000</Keywords><TimeCreated SystemTime='2023-07-23T23:09:30.9999434Z'/><EventRecordID>11894</EventRecordID><Correlation/><Execution ProcessID='2760' ThreadID='3284'/><Channel>Microsoft-Windows-Sysmon/Operational</Channel><Computer>Jerry-PC</Computer><Security UserID='S-1-5-18'/></System><EventData><Data Name='RuleName'>-</Data><Data Name='UtcTime'>2023-07-23 23:09:30.983</Data><Data Name='ProcessGuid'>{3f0f5ad4-b32a-64bd-7d00-000000003100}</Data><Data Name='ProcessId'>6276</Data><Data Name='Image'>C:\Program Files (x86)\Microsoft\EdgeWebView\Application\114.0.1823.67\msedgewebview2.exe</Data><Data Name='FileVersion'>114.0.1823.67</Data><Data Name='Description'>Microsoft Edge WebView2</Data><Data Name='Product'>Microsoft Edge WebView2</Data><Data Name='Company'>Microsoft Corporation</Data><Data Name='OriginalFileName'>msedgewebview2.exe</Data><Data Name='CommandLine'>"C:\Program Files (x86)\Microsoft\EdgeWebView\Application\114.0.1823.67\msedgewebview2.exe" --type=renderer --noerrdialogs --user-data-dir="C:\Users\Jerry\AppData\Local\Packages\MicrosoftTeams_8wekyb3d8bbwe\LocalCache\Microsoft\MSTeams\EBWebView" --webview-exe-name=msteams.exe --webview-exe-version=23119.303.2080.2726 --embedded-browser-webview=1 --embedded-browser-webview-dpi-awareness=2 --edge-webview-custom-scheme --first-renderer-process --lang=en-US --device-scale-factor=1 --num-raster-threads=1 --renderer-client-id=5 --js-flags="--harmony-weak-refs-with-cleanup-some --expose-gc --ms-user-locale=" --time-ticks-at-unix-epoch=-1690153737741449 --launch-time-ticks=33233653 --mojo-platform-channel-handle=3404 --field-trial-handle=1872,i,10906496691374514320,17799191731314007038,262144 --enable-features=msEdgeFluentOverlayScrollbar,msSingleSignOnOSForPrimaryAccountIsShared,msWebView2CodeCache,msWebView2EnableDraggableRegions --disable-features=MojoIpcz,msWebOOUI /pfhostedapp:7d8f5a8ff8fbd6b99df5df6ac701c4c2d39d9172 /prefetch:1</Data><Data Name='CurrentDirectory'>C:\Program Files (x86)\Microsoft\EdgeWebView\Application\114.0.1823.67\</Data><Data Name='User'>JERRY-PC\Jerry</Data><Data Name='LogonGuid'>{3f0f5ad4-b317-64bd-795a-050000000000}</Data><Data Name='LogonId'>0x55a79</Data><Data Name='TerminalSessionId'>1</Data><Data Name='IntegrityLevel'>Low</Data><Data Name='Hashes'>MD5=D6A28F9BC75D8088746C2CCB77E97516,SHA256=3DF23E4F56AADD4ADCA02E8C3C8C11F0301D97E9FF09CADDC7D29128D330E562,IMPHASH=35372B655E686446F935C6D5BFE64E92</Data><Data Name='ParentProcessGuid'>{3f0f5ad4-b32a-64bd-7800-000000003100}</Data><Data Name='ParentProcessId'>5700</Data><Data Name='ParentImage'>C:\Program Files (x86)\Microsoft\EdgeWebView\Application\114.0.1823.67\msedgewebview2.exe</Data><Data Name='ParentCommandLine'>"C:\Program Files (x86)\Microsoft\EdgeWebView\Application\114.0.1823.67\msedgewebview2.exe" --embedded-browser-webview=1 --webview-exe-name=msteams.exe --webview-exe-version=23119.303.2080.2726 --user-data-dir="C:\Users\Jerry\AppData\Local\Packages\MicrosoftTeams_8wekyb3d8bbwe\LocalCache\Microsoft\MSTeams\EBWebView" --noerrdialogs --embedded-browser-webview-dpi-awareness=2 --edge-webview-custom-scheme --disable-features=MojoIpcz,msWebOOUI --edge-webview-is-background --enable-features=msSingleSignOnOSForPrimaryAccountIsShared,msEdgeFluentOverlayScrollbar,msWebView2CodeCache,msWebView2EnableDraggableRegions --mojo-named-platform-channel-pipe=4516.6016.15706184940044019374 /pfhostedapp:7d8f5a8ff8fbd6b99df5df6ac701c4c2d39d9172</Data><Data Name='ParentUser'>JERRY-PC\Jerry</Data></EventData></Event><Event xmlns='http://schemas.microsoft.com/win/2004/08/events/event'><System><Provider Name='Microsoft-Windows-Sysmon' Guid='{5770385f-c22a-43e0-bf4c-06f5698ffbd9}'/><EventID>1</EventID><Version>5</Version><Level>4</Level><Task>1</Task><Opcode>0</Opcode><Keywords>0x8000000000000000</Keywords><TimeCreated SystemTime='2023-07-23T23:09:30.7952427Z'/><EventRecordID>11893</EventRecordID><Correlation/><Execution ProcessID='2760' ThreadID='3284'/><Channel>Microsoft-Windows-Sysmon/Operational</Channel><Computer>Jerry-PC</Computer><Security UserID='S-1-5-18'/></System><EventData><Data Name='RuleName'>-</Data><Data Name='UtcTime'>2023-07-23 23:09:30.793</Data><Data Name='ProcessGuid'>{3f0f5ad4-b32a-64bd-7c00-000000003100}</Data><Data Name='ProcessId'>6432</Data><Data Name='Image'>C:\Program Files (x86)\Microsoft\EdgeWebView\Application\114.0.1823.67\msedgewebview2.exe</Data><Data Name='FileVersion'>114.0.1823.67</Data><Data Name='Description'>Microsoft Edge WebView2</Data><Data Name='Product'>Microsoft Edge WebView2</Data><Data Name='Company'>Microsoft Corporation</Data><Data Name='OriginalFileName'>msedgewebview2.exe</Data><Data Name='CommandLine'>"C:\Program Files (x86)\Microsoft\EdgeWebView\Application\114.0.1823.67\msedgewebview2.exe" --type=utility --utility-sub-type=storage.mojom.StorageService --lang=en-US --service-sandbox-type=service --noerrdialogs --user-data-dir="C:\Users\Jerry\AppData\Local\Packages\MicrosoftTeams_8wekyb3d8bbwe\LocalCache\Microsoft\MSTeams\EBWebView" --webview-exe-name=msteams.exe --webview-exe-version=23119.303.2080.2726 --embedded-browser-webview=1 --embedded-browser-webview-dpi-awareness=2 --edge-webview-custom-scheme --mojo-platform-channel-handle=2304 --field-trial-handle=1872,i,10906496691374514320,17799191731314007038,262144 --enable-features=msEdgeFluentOverlayScrollbar,msSingleSignOnOSForPrimaryAccountIsShared,msWebView2CodeCache,msWebView2EnableDraggableRegions --disable-features=MojoIpcz,msWebOOUI /prefetch:8 /pfhostedapp:7d8f5a8ff8fbd6b99df5df6ac701c4c2d39d9172</Data><Data Name='CurrentDirectory'>C:\Program Files (x86)\Microsoft\EdgeWebView\Application\114.0.1823.67\</Data><Data Name='User'>JERRY-PC\Jerry</Data><Data Name='LogonGuid'>{3f0f5ad4-b317-64bd-795a-050000000000}</Data><Data Name='LogonId'>0x55a79</Data><Data Name='TerminalSessionId'>1</Data><Data Name='IntegrityLevel'>Low</Data><Data Name='Hashes'>MD5=D6A28F9BC75D8088746C2CCB77E97516,SHA256=3DF23E4F56AADD4ADCA02E8C3C8C11F0301D97E9FF09CADDC7D29128D330E562,IMPHASH=35372B655E686446F935C6D5BFE64E92</Data><Data Name='ParentProcessGuid'>{3f0f5ad4-b32a-64bd-7800-000000003100}</Data><Data Name='ParentProcessId'>5700</Data><Data Name='ParentImage'>C:\Program Files (x86)\Microsoft\EdgeWebView\Application\114.0.1823.67\msedgewebview2.exe</Data><Data Name='ParentCommandLine'>"C:\Program Files (x86)\Microsoft\EdgeWebView\Application\114.0.1823.67\msedgewebview2.exe" --embedded-browser-webview=1 --webview-exe-name=msteams.exe --webview-exe-version=23119.303.2080.2726 --user-data-dir="C:\Users\Jerry\AppData\Local\Packages\MicrosoftTeams_8wekyb3d8bbwe\LocalCache\Microsoft\MSTeams\EBWebView" --noerrdialogs --embedded-browser-webview-dpi-awareness=2 --edge-webview-custom-scheme --disable-features=MojoIpcz,msWebOOUI --edge-webview-is-background --enable-features=msSingleSignOnOSForPrimaryAccountIsShared,msEdgeFluentOverlayScrollbar,msWebView2CodeCache,msWebView2EnableDraggableRegions --mojo-named-platform-channel-pipe=4516.6016.15706184940044019374 /pfhostedapp:7d8f5a8ff8fbd6b99df5df6ac701c4c2d39d9172</Data><Data Name='ParentUser'>JERRY-PC\Jerry</Data></EventData></Event><Event xmlns='http://schemas.microsoft.com/win/2004/08/events/event'><System><Provider Name='Microsoft-Windows-Sysmon' Guid='{5770385f-c22a-43e0-bf4c-06f5698ffbd9}'/><EventID>1</EventID><Version>5</Version><Level>4</Level><Task>1</Task><Opcode>0</Opcode><Keywords>0x8000000000000000</Keywords><TimeCreated SystemTime='2023-07-23T23:09:30.7551971Z'/><EventRecordID>11892</EventRecordID><Correlation/><Execution ProcessID='2760' ThreadID='3284'/><Channel>Microsoft-Windows-Sysmon/Operational</Channel><Computer>Jerry-PC</Computer><Security UserID='S-1-5-18'/></System><EventData><Data Name='RuleName'>-</Data><Data Name='UtcTime'>2023-07-23 23:09:30.753</Data><Data Name='ProcessGuid'>{3f0f5ad4-b32a-64bd-7b00-000000003100}</Data><Data Name='ProcessId'>5452</Data><Data Name='Image'>C:\Program Files (x86)\Microsoft\EdgeWebView\Application\114.0.1823.67\msedgewebview2.exe</Data><Data Name='FileVersion'>114.0.1823.67</Data><Data Name='Description'>Microsoft Edge WebView2</Data><Data Name='Product'>Microsoft Edge WebView2</Data><Data Name='Company'>Microsoft Corporation</Data><Data Name='OriginalFileName'>msedgewebview2.exe</Data><Data Name='CommandLine'>"C:\Program Files (x86)\Microsoft\EdgeWebView\Application\114.0.1823.67\msedgewebview2.exe" --type=utility --utility-sub-type=network.mojom.NetworkService --lang=en-US --service-sandbox-type=none --noerrdialogs --user-data-dir="C:\Users\Jerry\AppData\Local\Packages\MicrosoftTeams_8wekyb3d8bbwe\LocalCache\Microsoft\MSTeams\EBWebView" --webview-exe-name=msteams.exe --webview-exe-version=23119.303.2080.2726 --embedded-browser-webview=1 --embedded-browser-webview-dpi-awareness=2 --edge-webview-custom-scheme --mojo-platform-channel-handle=1952 --field-trial-handle=1872,i,10906496691374514320,17799191731314007038,262144 --enable-features=msEdgeFluentOverlayScrollbar,msSingleSignOnOSForPrimaryAccountIsShared,msWebView2CodeCache,msWebView2EnableDraggableRegions --disable-features=MojoIpcz,msWebOOUI /prefetch:3 /pfhostedapp:7d8f5a8ff8fbd6b99df5df6ac701c4c2d39d9172</Data><Data Name='CurrentDirectory'>C:\Program Files (x86)\Microsoft\EdgeWebView\Application\114.0.1823.67\</Data><Data Name='User'>JERRY-PC\Jerry</Data><Data Name='LogonGuid'>{3f0f5ad4-b317-64bd-795a-050000000000}</Data><Data Name='LogonId'>0x55a79</Data><Data Name='TerminalSessionId'>1</Data><Data Name='IntegrityLevel'>Medium</Data><Data Name='Hashes'>MD5=D6A28F9BC75D8088746C2CCB77E97516,SHA256=3DF23E4F56AADD4ADCA02E8C3C8C11F0301D97E9FF09CADDC7D29128D330E562,IMPHASH=35372B655E686446F935C6D5BFE64E92</Data><Data Name='ParentProcessGuid'>{3f0f5ad4-b32a-64bd-7800-000000003100}</Data><Data Name='ParentProcessId'>5700</Data><Data Name='ParentImage'>C:\Program Files (x86)\Microsoft\EdgeWebView\Application\114.0.1823.67\msedgewebview2.exe</Data><Data Name='ParentCommandLine'>"C:\Program Files (x86)\Microsoft\EdgeWebView\Application\114.0.1823.67\msedgewebview2.exe" --embedded-browser-webview=1 --webview-exe-name=msteams.exe --webview-exe-version=23119.303.2080.2726 --user-data-dir="C:\Users\Jerry\AppData\Local\Packages\MicrosoftTeams_8wekyb3d8bbwe\LocalCache\Microsoft\MSTeams\EBWebView" --noerrdialogs --embedded-browser-webview-dpi-awareness=2 --edge-webview-custom-scheme --disable-features=MojoIpcz,msWebOOUI --edge-webview-is-background --enable-features=msSingleSignOnOSForPrimaryAccountIsShared,msEdgeFluentOverlayScrollbar,msWebView2CodeCache,msWebView2EnableDraggableRegions --mojo-named-platform-channel-pipe=4516.6016.15706184940044019374 /pfhostedapp:7d8f5a8ff8fbd6b99df5df6ac701c4c2d39d9172</Data><Data Name='ParentUser'>JERRY-PC\Jerry</Data></EventData></Event><Event xmlns='http://schemas.microsoft.com/win/2004/08/events/event'><System><Provider Name='Microsoft-Windows-Sysmon' Guid='{5770385f-c22a-43e0-bf4c-06f5698ffbd9}'/><EventID>1</EventID><Version>5</Version><Level>4</Level><Task>1</Task><Opcode>0</Opcode><Keywords>0x8000000000000000</Keywords><TimeCreated SystemTime='2023-07-23T23:09:30.7539788Z'/><EventRecordID>11891</EventRecordID><Correlation/><Execution ProcessID='2760' ThreadID='3284'/><Channel>Microsoft-Windows-Sysmon/Operational</Channel><Computer>Jerry-PC</Computer><Security UserID='S-1-5-18'/></System><EventData><Data Name='RuleName'>-</Data><Data Name='UtcTime'>2023-07-23 23:09:30.749</Data><Data Name='ProcessGuid'>{3f0f5ad4-b32a-64bd-7a00-000000003100}</Data><Data Name='ProcessId'>3708</Data><Data Name='Image'>C:\Program Files (x86)\Microsoft\EdgeWebView\Application\114.0.1823.67\msedgewebview2.exe</Data><Data Name='FileVersion'>114.0.1823.67</Data><Data Name='Description'>Microsoft Edge WebView2</Data><Data Name='Product'>Microsoft Edge WebView2</Data><Data Name='Company'>Microsoft Corporation</Data><Data Name='OriginalFileName'>msedgewebview2.exe</Data><Data Name='CommandLine'>"C:\Program Files (x86)\Microsoft\EdgeWebView\Application\114.0.1823.67\msedgewebview2.exe" --type=gpu-process --noerrdialogs --user-data-dir="C:\Users\Jerry\AppData\Local\Packages\MicrosoftTeams_8wekyb3d8bbwe\LocalCache\Microsoft\MSTeams\EBWebView" --webview-exe-name=msteams.exe --webview-exe-version=23119.303.2080.2726 --embedded-browser-webview=1 --embedded-browser-webview-dpi-awareness=2 --edge-webview-custom-scheme --gpu-preferences=WAAAAAAAAADgAAAMAAAAAAAAAAAAAAAAAABgAAAAAAA4AAAAAAAAAAAAAAAEAAAAAAAAAAAAAAAAAAAAAAAAAAAAAAAAAAAAGAAAAAAAAAAYAAAAAAAAAAgAAAAAAAAACAAAAAAAAAAIAAAAAAAAAA== --mojo-platform-channel-handle=1868 --field-trial-handle=1872,i,10906496691374514320,17799191731314007038,262144 --enable-features=msEdgeFluentOverlayScrollbar,msSingleSignOnOSForPrimaryAccountIsShared,msWebView2CodeCache,msWebView2EnableDraggableRegions --disable-features=MojoIpcz,msWebOOUI /prefetch:2 /pfhostedapp:7d8f5a8ff8fbd6b99df5df6ac701c4c2d39d9172</Data><Data Name='CurrentDirectory'>C:\Program Files (x86)\Microsoft\EdgeWebView\Application\114.0.1823.67\</Data><Data Name='User'>JERRY-PC\Jerry</Data><Data Name='LogonGuid'>{3f0f5ad4-b317-64bd-795a-050000000000}</Data><Data Name='LogonId'>0x55a79</Data><Data Name='TerminalSessionId'>1</Data><Data Name='IntegrityLevel'>Low</Data><Data Name='Hashes'>MD5=D6A28F9BC75D8088746C2CCB77E97516,SHA256=3DF23E4F56AADD4ADCA02E8C3C8C11F0301D97E9FF09CADDC7D29128D330E562,IMPHASH=35372B655E686446F935C6D5BFE64E92</Data><Data Name='ParentProcessGuid'>{3f0f5ad4-b32a-64bd-7800-000000003100}</Data><Data Name='ParentProcessId'>5700</Data><Data Name='ParentImage'>C:\Program Files (x86)\Microsoft\EdgeWebView\Application\114.0.1823.67\msedgewebview2.exe</Data><Data Name='ParentCommandLine'>"C:\Program Files (x86)\Microsoft\EdgeWebView\Application\114.0.1823.67\msedgewebview2.exe" --embedded-browser-webview=1 --webview-exe-name=msteams.exe --webview-exe-version=23119.303.2080.2726 --user-data-dir="C:\Users\Jerry\AppData\Local\Packages\MicrosoftTeams_8wekyb3d8bbwe\LocalCache\Microsoft\MSTeams\EBWebView" --noerrdialogs --embedded-browser-webview-dpi-awareness=2 --edge-webview-custom-scheme --disable-features=MojoIpcz,msWebOOUI --edge-webview-is-background --enable-features=msSingleSignOnOSForPrimaryAccountIsShared,msEdgeFluentOverlayScrollbar,msWebView2CodeCache,msWebView2EnableDraggableRegions --mojo-named-platform-channel-pipe=4516.6016.15706184940044019374 /pfhostedapp:7d8f5a8ff8fbd6b99df5df6ac701c4c2d39d9172</Data><Data Name='ParentUser'>JERRY-PC\Jerry</Data></EventData></Event><Event xmlns='http://schemas.microsoft.com/win/2004/08/events/event'><System><Provider Name='Microsoft-Windows-Sysmon' Guid='{5770385f-c22a-43e0-bf4c-06f5698ffbd9}'/><EventID>1</EventID><Version>5</Version><Level>4</Level><Task>1</Task><Opcode>0</Opcode><Keywords>0x8000000000000000</Keywords><TimeCreated SystemTime='2023-07-23T23:09:30.4608190Z'/><EventRecordID>11890</EventRecordID><Correlation/><Execution ProcessID='2760' ThreadID='3284'/><Channel>Microsoft-Windows-Sysmon/Operational</Channel><Computer>Jerry-PC</Computer><Security UserID='S-1-5-18'/></System><EventData><Data Name='RuleName'>-</Data><Data Name='UtcTime'>2023-07-23 23:09:30.457</Data><Data Name='ProcessGuid'>{3f0f5ad4-b32a-64bd-7900-000000003100}</Data><Data Name='ProcessId'>3796</Data><Data Name='Image'>C:\Program Files (x86)\Microsoft\EdgeWebView\Application\114.0.1823.67\msedgewebview2.exe</Data><Data Name='FileVersion'>114.0.1823.67</Data><Data Name='Description'>Microsoft Edge WebView2</Data><Data Name='Product'>Microsoft Edge WebView2</Data><Data Name='Company'>Microsoft Corporation</Data><Data Name='OriginalFileName'>msedgewebview2.exe</Data><Data Name='CommandLine'>"C:\Program Files (x86)\Microsoft\EdgeWebView\Application\114.0.1823.67\msedgewebview2.exe" --type=crashpad-handler --user-data-dir=C:\Users\Jerry\AppData\Local\Packages\MicrosoftTeams_8wekyb3d8bbwe\LocalCache\Microsoft\MSTeams\EBWebView /prefetch:7 /pfhostedapp:7d8f5a8ff8fbd6b99df5df6ac701c4c2d39d9172 --monitor-self-annotation=ptype=crashpad-handler --database=C:\Users\Jerry\AppData\Local\Packages\MicrosoftTeams_8wekyb3d8bbwe\LocalCache\Microsoft\MSTeams\EBWebView\Crashpad --annotation=IsOfficialBuild=1 --annotation=channel= --annotation=chromium-version=114.0.5735.201 "--annotation=exe=C:\Program Files (x86)\Microsoft\EdgeWebView\Application\114.0.1823.67\msedgewebview2.exe" --annotation=plat=Win64 "--annotation=prod=Edge WebView2" --annotation=ver=114.0.1823.67 --initial-client-data=0x178,0x17c,0x180,0x154,0x18c,0x7ffe78954210,0x7ffe78954220,0x7ffe78954230</Data><Data Name='CurrentDirectory'>C:\Program Files (x86)\Microsoft\EdgeWebView\Application\114.0.1823.67\</Data><Data Name='User'>JERRY-PC\Jerry</Data><Data Name='LogonGuid'>{3f0f5ad4-b317-64bd-795a-050000000000}</Data><Data Name='LogonId'>0x55a79</Data><Data Name='TerminalSessionId'>1</Data><Data Name='IntegrityLevel'>Medium</Data><Data Name='Hashes'>MD5=D6A28F9BC75D8088746C2CCB77E97516,SHA256=3DF23E4F56AADD4ADCA02E8C3C8C11F0301D97E9FF09CADDC7D29128D330E562,IMPHASH=35372B655E686446F935C6D5BFE64E92</Data><Data Name='ParentProcessGuid'>{3f0f5ad4-b32a-64bd-7800-000000003100}</Data><Data Name='ParentProcessId'>5700</Data><Data Name='ParentImage'>C:\Program Files (x86)\Microsoft\EdgeWebView\Application\114.0.1823.67\msedgewebview2.exe</Data><Data Name='ParentCommandLine'>"C:\Program Files (x86)\Microsoft\EdgeWebView\Application\114.0.1823.67\msedgewebview2.exe" --embedded-browser-webview=1 --webview-exe-name=msteams.exe --webview-exe-version=23119.303.2080.2726 --user-data-dir="C:\Users\Jerry\AppData\Local\Packages\MicrosoftTeams_8wekyb3d8bbwe\LocalCache\Microsoft\MSTeams\EBWebView" --noerrdialogs --embedded-browser-webview-dpi-awareness=2 --edge-webview-custom-scheme --disable-features=MojoIpcz,msWebOOUI --edge-webview-is-background --enable-features=msSingleSignOnOSForPrimaryAccountIsShared,msEdgeFluentOverlayScrollbar,msWebView2CodeCache,msWebView2EnableDraggableRegions --mojo-named-platform-channel-pipe=4516.6016.15706184940044019374 /pfhostedapp:7d8f5a8ff8fbd6b99df5df6ac701c4c2d39d9172</Data><Data Name='ParentUser'>JERRY-PC\Jerry</Data></EventData></Event><Event xmlns='http://schemas.microsoft.com/win/2004/08/events/event'><System><Provider Name='Microsoft-Windows-Sysmon' Guid='{5770385f-c22a-43e0-bf4c-06f5698ffbd9}'/><EventID>13</EventID><Version>2</Version><Level>4</Level><Task>13</Task><Opcode>0</Opcode><Keywords>0x8000000000000000</Keywords><TimeCreated SystemTime='2023-07-23T23:09:30.3598250Z'/><EventRecordID>11889</EventRecordID><Correlation/><Execution ProcessID='2760' ThreadID='3284'/><Channel>Microsoft-Windows-Sysmon/Operational</Channel><Computer>Jerry-PC</Computer><Security UserID='S-1-5-18'/></System><EventData><Data Name='RuleName'>InvDB-Pub</Data><Data Name='EventType'>SetValue</Data><Data Name='UtcTime'>2023-07-23 23:09:30.325</Data><Data Name='ProcessGuid'>{3f0f5ad4-b318-64bd-4500-000000003100}</Data><Data Name='ProcessId'>3440</Data><Data Name='Image'>C:\Windows\Explorer.EXE</Data><Data Name='TargetObject'>HKU\S-1-5-21-2179537870-318094351-2244724518-1005\Control Panel\NotifyIconSettings\17493083968705199027\Publisher</Data><Data Name='Details'>Microsoft Corporation</Data><Data Name='User'>JERRY-PC\Jerry</Data></EventData></Event><Event xmlns='http://schemas.microsoft.com/win/2004/08/events/event'><System><Provider Name='Microsoft-Windows-Sysmon' Guid='{5770385f-c22a-43e0-bf4c-06f5698ffbd9}'/><EventID>1</EventID><Version>5</Version><Level>4</Level><Task>1</Task><Opcode>0</Opcode><Keywords>0x8000000000000000</Keywords><TimeCreated SystemTime='2023-07-23T23:09:30.3167779Z'/><EventRecordID>11888</EventRecordID><Correlation/><Execution ProcessID='2760' ThreadID='3284'/><Channel>Microsoft-Windows-Sysmon/Operational</Channel><Computer>Jerry-PC</Computer><Security UserID='S-1-5-18'/></System><EventData><Data Name='RuleName'>-</Data><Data Name='UtcTime'>2023-07-23 23:09:30.254</Data><Data Name='ProcessGuid'>{3f0f5ad4-b32a-64bd-7800-000000003100}</Data><Data Name='ProcessId'>5700</Data><Data Name='Image'>C:\Program Files (x86)\Microsoft\EdgeWebView\Application\114.0.1823.67\msedgewebview2.exe</Data><Data Name='FileVersion'>114.0.1823.67</Data><Data Name='Description'>Microsoft Edge WebView2</Data><Data Name='Product'>Microsoft Edge WebView2</Data><Data Name='Company'>Microsoft Corporation</Data><Data Name='OriginalFileName'>msedgewebview2.exe</Data><Data Name='CommandLine'>"C:\Program Files (x86)\Microsoft\EdgeWebView\Application\114.0.1823.67\msedgewebview2.exe" --embedded-browser-webview=1 --webview-exe-name=msteams.exe --webview-exe-version=23119.303.2080.2726 --user-data-dir="C:\Users\Jerry\AppData\Local\Packages\MicrosoftTeams_8wekyb3d8bbwe\LocalCache\Microsoft\MSTeams\EBWebView" --noerrdialogs --embedded-browser-webview-dpi-awareness=2 --edge-webview-custom-scheme --disable-features=MojoIpcz,msWebOOUI --edge-webview-is-background --enable-features=msSingleSignOnOSForPrimaryAccountIsShared,msEdgeFluentOverlayScrollbar,msWebView2CodeCache,msWebView2EnableDraggableRegions --mojo-named-platform-channel-pipe=4516.6016.15706184940044019374 /pfhostedapp:7d8f5a8ff8fbd6b99df5df6ac701c4c2d39d9172</Data><Data Name='CurrentDirectory'>C:\Windows\system32\</Data><Data Name='User'>JERRY-PC\Jerry</Data><Data Name='LogonGuid'>{3f0f5ad4-b317-64bd-795a-050000000000}</Data><Data Name='LogonId'>0x55a79</Data><Data Name='TerminalSessionId'>1</Data><Data Name='IntegrityLevel'>Medium</Data><Data Name='Hashes'>MD5=D6A28F9BC75D8088746C2CCB77E97516,SHA256=3DF23E4F56AADD4ADCA02E8C3C8C11F0301D97E9FF09CADDC7D29128D330E562,IMPHASH=35372B655E686446F935C6D5BFE64E92</Data><Data Name='ParentProcessGuid'>{3f0f5ad4-b329-64bd-7500-000000003100}</Data><Data Name='ParentProcessId'>4516</Data><Data Name='ParentImage'>C:\Program Files\WindowsApps\MicrosoftTeams_23119.303.2080.2726_x64__8wekyb3d8bbwe\msteams.exe</Data><Data Name='ParentCommandLine'>"C:\Program Files\WindowsApps\MicrosoftTeams_23119.303.2080.2726_x64__8wekyb3d8bbwe\msteams.exe" ms-teams:system-initiated</Data><Data Name='ParentUser'>JERRY-PC\Jerry</Data></EventData></Event><Event xmlns='http://schemas.microsoft.com/win/2004/08/events/event'><System><Provider Name='Microsoft-Windows-Sysmon' Guid='{5770385f-c22a-43e0-bf4c-06f5698ffbd9}'/><EventID>1</EventID><Version>5</Version><Level>4</Level><Task>1</Task><Opcode>0</Opcode><Keywords>0x8000000000000000</Keywords><TimeCreated SystemTime='2023-07-23T23:09:30.2383096Z'/><EventRecordID>11887</EventRecordID><Correlation/><Execution ProcessID='2760' ThreadID='3284'/><Channel>Microsoft-Windows-Sysmon/Operational</Channel><Computer>Jerry-PC</Computer><Security UserID='S-1-5-18'/></System><EventData><Data Name='RuleName'>-</Data><Data Name='UtcTime'>2023-07-23 23:09:30.217</Data><Data Name='ProcessGuid'>{3f0f5ad4-b32a-64bd-7700-000000003100}</Data><Data Name='ProcessId'>5720</Data><Data Name='Image'>C:\Program Files\WindowsApps\MicrosoftTeams_23119.303.2080.2726_x64__8wekyb3d8bbwe\msteamsupdate.exe</Data><Data Name='FileVersion'>23119.303.2080.2726</Data><Data Name='Description'>Microsoft Teams Updater</Data><Data Name='Product'>Microsoft Teams Updater</Data><Data Name='Company'>Microsoft Corporation</Data><Data Name='OriginalFileName'>msteamsupdate.exe</Data><Data Name='CommandLine'>"C:\Program Files\WindowsApps\MicrosoftTeams_23119.303.2080.2726_x64__8wekyb3d8bbwe\msteamsupdate.exe" -CheckUpdate -AppSessionGUID 59cd8c32-298d-4936-b8de-5d739ac88add</Data><Data Name='CurrentDirectory'>C:\Windows\system32\</Data><Data Name='User'>JERRY-PC\Jerry</Data><Data Name='LogonGuid'>{3f0f5ad4-b317-64bd-795a-050000000000}</Data><Data Name='LogonId'>0x55a79</Data><Data Name='TerminalSessionId'>1</Data><Data Name='IntegrityLevel'>Medium</Data><Data Name='Hashes'>MD5=2F74F9B208D2C0B41892FF9F9961C4C0,SHA256=30018CA29EFE5FBEAA03253EA4827FEFCA031DFF1C002F5F7844483ABF90C27E,IMPHASH=62799FBACEE555E3305F4442271D2FBA</Data><Data Name='ParentProcessGuid'>{3f0f5ad4-b329-64bd-7500-000000003100}</Data><Data Name='ParentProcessId'>4516</Data><Data Name='ParentImage'>C:\Program Files\WindowsApps\MicrosoftTeams_23119.303.2080.2726_x64__8wekyb3d8bbwe\msteams.exe</Data><Data Name='ParentCommandLine'>"C:\Program Files\WindowsApps\MicrosoftTeams_23119.303.2080.2726_x64__8wekyb3d8bbwe\msteams.exe" ms-teams:system-initiated</Data><Data Name='ParentUser'>JERRY-PC\Jerry</Data></EventData></Event><Event xmlns='http://schemas.microsoft.com/win/2004/08/events/event'><System><Provider Name='Microsoft-Windows-Sysmon' Guid='{5770385f-c22a-43e0-bf4c-06f5698ffbd9}'/><EventID>1</EventID><Version>5</Version><Level>4</Level><Task>1</Task><Opcode>0</Opcode><Keywords>0x8000000000000000</Keywords><TimeCreated SystemTime='2023-07-23T23:09:29.5892239Z'/><EventRecordID>11886</EventRecordID><Correlation/><Execution ProcessID='2760' ThreadID='3284'/><Channel>Microsoft-Windows-Sysmon/Operational</Channel><Computer>Jerry-PC</Computer><Security UserID='S-1-5-18'/></System><EventData><Data Name='RuleName'>-</Data><Data Name='UtcTime'>2023-07-23 23:09:29.388</Data><Data Name='ProcessGuid'>{3f0f5ad4-b329-64bd-7500-000000003100}</Data><Data Name='ProcessId'>4516</Data><Data Name='Image'>C:\Program Files\WindowsApps\MicrosoftTeams_23119.303.2080.2726_x64__8wekyb3d8bbwe\msteams.exe</Data><Data Name='FileVersion'>23119.303.2080.2726</Data><Data Name='Description'>Microsoft Teams</Data><Data Name='Product'>Microsoft Teams</Data><Data Name='Company'>Microsoft Corporation</Data><Data Name='OriginalFileName'>msteams.exe</Data><Data Name='CommandLine'>"C:\Program Files\WindowsApps\MicrosoftTeams_23119.303.2080.2726_x64__8wekyb3d8bbwe\msteams.exe" ms-teams:system-initiated</Data><Data Name='CurrentDirectory'>C:\Windows\system32\</Data><Data Name='User'>JERRY-PC\Jerry</Data><Data Name='LogonGuid'>{3f0f5ad4-b317-64bd-795a-050000000000}</Data><Data Name='LogonId'>0x55a79</Data><Data Name='TerminalSessionId'>1</Data><Data Name='IntegrityLevel'>Medium</Data><Data Name='Hashes'>MD5=1626F236C0DC28D592A10A359EBE3460,SHA256=8CCA5E46F6E9DFE566795C4E76AAE4D44DE8885F43BED759EF6BCAD2516AC285,IMPHASH=F8F8028F2D8A634146362B9E68407D8C</Data><Data Name='ParentProcessGuid'>{3f0f5ad4-b329-64bd-7400-000000003100}</Data><Data Name='ParentProcessId'>6484</Data><Data Name='ParentImage'>C:\Program Files\WindowsApps\MicrosoftTeams_23119.303.2080.2726_x64__8wekyb3d8bbwe\msteams_autostarter.exe</Data><Data Name='ParentCommandLine'>"C:\Program Files\WindowsApps\MicrosoftTeams_23119.303.2080.2726_x64__8wekyb3d8bbwe\msteams_autostarter.exe" </Data><Data Name='ParentUser'>JERRY-PC\Jerry</Data></EventData></Event><Event xmlns='http://schemas.microsoft.com/win/2004/08/events/event'><System><Provider Name='Microsoft-Windows-Sysmon' Guid='{5770385f-c22a-43e0-bf4c-06f5698ffbd9}'/><EventID>1</EventID><Version>5</Version><Level>4</Level><Task>1</Task><Opcode>0</Opcode><Keywords>0x8000000000000000</Keywords><TimeCreated SystemTime='2023-07-23T23:09:29.0982319Z'/><EventRecordID>11885</EventRecordID><Correlation/><Execution ProcessID='2760' ThreadID='3284'/><Channel>Microsoft-Windows-Sysmon/Operational</Channel><Computer>Jerry-PC</Computer><Security UserID='S-1-5-18'/></System><EventData><Data Name='RuleName'>-</Data><Data Name='UtcTime'>2023-07-23 23:09:29.088</Data><Data Name='ProcessGuid'>{3f0f5ad4-b329-64bd-7400-000000003100}</Data><Data Name='ProcessId'>6484</Data><Data Name='Image'>C:\Program Files\WindowsApps\MicrosoftTeams_23119.303.2080.2726_x64__8wekyb3d8bbwe\msteams_autostarter.exe</Data><Data Name='FileVersion'>-</Data><Data Name='Description'>-</Data><Data Name='Product'>-</Data><Data Name='Company'>-</Data><Data Name='OriginalFileName'>-</Data><Data Name='CommandLine'>"C:\Program Files\WindowsApps\MicrosoftTeams_23119.303.2080.2726_x64__8wekyb3d8bbwe\msteams_autostarter.exe" </Data><Data Name='CurrentDirectory'>C:\Windows\system32\</Data><Data Name='User'>JERRY-PC\Jerry</Data><Data Name='LogonGuid'>{3f0f5ad4-b317-64bd-795a-050000000000}</Data><Data Name='LogonId'>0x55a79</Data><Data Name='TerminalSessionId'>1</Data><Data Name='IntegrityLevel'>Medium</Data><Data Name='Hashes'>MD5=8E2936D1E289961F7A9EF689511BAE3D,SHA256=3A2442DCE1A8F5401757D684B0F0BE38039361779566F11607B03C991441B5F7,IMPHASH=CC60741E6DD77B62BD493E5F73656BA3</Data><Data Name='ParentProcessGuid'>{3f0f5ad4-b317-64bd-3b00-000000003100}</Data><Data Name='ParentProcessId'>3604</Data><Data Name='ParentImage'>C:\Windows\System32\sihost.exe</Data><Data Name='ParentCommandLine'>sihost.exe</Data><Data Name='ParentUser'>JERRY-PC\Jerry</Data></EventData></Event><Event xmlns='http://schemas.microsoft.com/win/2004/08/events/event'><System><Provider Name='Microsoft-Windows-Sysmon' Guid='{5770385f-c22a-43e0-bf4c-06f5698ffbd9}'/><EventID>1</EventID><Version>5</Version><Level>4</Level><Task>1</Task><Opcode>0</Opcode><Keywords>0x8000000000000000</Keywords><TimeCreated SystemTime='2023-07-23T23:09:28.8455694Z'/><EventRecordID>11884</EventRecordID><Correlation/><Execution ProcessID='2760' ThreadID='3284'/><Channel>Microsoft-Windows-Sysmon/Operational</Channel><Computer>Jerry-PC</Computer><Security UserID='S-1-5-18'/></System><EventData><Data Name='RuleName'>-</Data><Data Name='UtcTime'>2023-07-23 23:09:28.835</Data><Data Name='ProcessGuid'>{3f0f5ad4-b328-64bd-7300-000000003100}</Data><Data Name='ProcessId'>6444</Data><Data Name='Image'>C:\Windows\System32\taskhostw.exe</Data><Data Name='FileVersion'>10.0.22621.1635 (WinBuild.160101.0800)</Data><Data Name='Description'>Host Process for Windows Tasks</Data><Data Name='Product'>Microsoft® Windows® Operating System</Data><Data Name='Company'>Microsoft Corporation</Data><Data Name='OriginalFileName'>taskhostw.exe</Data><Data Name='CommandLine'>taskhostw.exe KEYROAMING</Data><Data Name='CurrentDirectory'>C:\Windows\system32\</Data><Data Name='User'>JERRY-PC\Jerry</Data><Data Name='LogonGuid'>{3f0f5ad4-b317-64bd-795a-050000000000}</Data><Data Name='LogonId'>0x55a79</Data><Data Name='TerminalSessionId'>1</Data><Data Name='IntegrityLevel'>Medium</Data><Data Name='Hashes'>MD5=4887A65FD4F6598AF4986CBC1C0E5488,SHA256=82472A84BCBB4009ADD338200F8E853FE4C5EAFE2E2C3A2D711B85BF29B72D54,IMPHASH=1C4E2D9936E4D9F2490B08AAB4D24260</Data><Data Name='ParentProcessGuid'>{3f0f5ad4-b311-64bd-1300-000000003100}</Data><Data Name='ParentProcessId'>1032</Data><Data Name='ParentImage'>C:\Windows\System32\svchost.exe</Data><Data Name='ParentCommandLine'>C:\Windows\system32\svchost.exe -k netsvcs -p</Data><Data Name='ParentUser'>NT AUTHORITY\SYSTEM</Data></EventData></Event><Event xmlns='http://schemas.microsoft.com/win/2004/08/events/event'><System><Provider Name='Microsoft-Windows-Sysmon' Guid='{5770385f-c22a-43e0-bf4c-06f5698ffbd9}'/><EventID>1</EventID><Version>5</Version><Level>4</Level><Task>1</Task><Opcode>0</Opcode><Keywords>0x8000000000000000</Keywords><TimeCreated SystemTime='2023-07-23T23:09:28.7691857Z'/><EventRecordID>11883</EventRecordID><Correlation/><Execution ProcessID='2760' ThreadID='3284'/><Channel>Microsoft-Windows-Sysmon/Operational</Channel><Computer>Jerry-PC</Computer><Security UserID='S-1-5-18'/></System><EventData><Data Name='RuleName'>-</Data><Data Name='UtcTime'>2023-07-23 23:09:28.768</Data><Data Name='ProcessGuid'>{3f0f5ad4-b328-64bd-7200-000000003100}</Data><Data Name='ProcessId'>6368</Data><Data Name='Image'>C:\Windows\System32\svchost.exe</Data><Data Name='FileVersion'>10.0.22621.1 (WinBuild.160101.0800)</Data><Data Name='Description'>Host Process for Windows Services</Data><Data Name='Product'>Microsoft® Windows® Operating System</Data><Data Name='Company'>Microsoft Corporation</Data><Data Name='OriginalFileName'>svchost.exe</Data><Data Name='CommandLine'>C:\Windows\System32\svchost.exe -k CameraMonitor</Data><Data Name='CurrentDirectory'>C:\Windows\system32\</Data><Data Name='User'>NT AUTHORITY\SYSTEM</Data><Data Name='LogonGuid'>{3f0f5ad4-b311-64bd-e703-000000000000}</Data><Data Name='LogonId'>0x3e7</Data><Data Name='TerminalSessionId'>0</Data><Data Name='IntegrityLevel'>System</Data><Data Name='Hashes'>MD5=8EC922C7A58A8701AB481B7BE9644536,SHA256=949BFB5B4C7D58D92F3F9C5F8EC7CA4CEAFFD10EC5F0020F0A987C472D61C54B,IMPHASH=76B4BAE80D2C3B08BB062D97BF9CA791</Data><Data Name='ParentProcessGuid'>{3f0f5ad4-b311-64bd-0b00-000000003100}</Data><Data Name='ParentProcessId'>724</Data><Data Name='ParentImage'>C:\Windows\System32\services.exe</Data><Data Name='ParentCommandLine'>C:\Windows\system32\services.exe</Data><Data Name='ParentUser'>NT AUTHORITY\SYSTEM</Data></EventData></Event>