<Event xmlns='http://schemas.microsoft.com/win/2004/08/events/event'><System><Provider Name='Microsoft-Windows-Sysmon' Guid='{5770385f-c22a-43e0-bf4c-06f5698ffbd9}'/><EventID>1</EventID><Version>5</Version><Level>4</Level><Task>1</Task><Opcode>0</Opcode><Keywords>0x8000000000000000</Keywords><TimeCreated SystemTime='2023-07-23T23:14:06.6967391Z'/><EventRecordID>12073</EventRecordID><Correlation/><Execution ProcessID='2760' ThreadID='3284'/><Channel>Microsoft-Windows-Sysmon/Operational</Channel><Computer>Jerry-PC</Computer><Security UserID='S-1-5-18'/></System><EventData><Data Name='RuleName'>-</Data><Data Name='UtcTime'>2023-07-23 23:14:06.695</Data><Data Name='ProcessGuid'>{3f0f5ad4-b43e-64bd-d300-000000003100}</Data><Data Name='ProcessId'>8180</Data><Data Name='Image'>C:\Windows\SysWOW64\dllhost.exe</Data><Data Name='FileVersion'>10.0.22621.1 (WinBuild.160101.0800)</Data><Data Name='Description'>COM Surrogate</Data><Data Name='Product'>Microsoft® Windows® Operating System</Data><Data Name='Company'>Microsoft Corporation</Data><Data Name='OriginalFileName'>dllhost.exe</Data><Data Name='CommandLine'>C:\Windows\SysWOW64\DllHost.exe /Processid:{60A90A2F-858D-42AF-8929-82BE9D99E8A1}</Data><Data Name='CurrentDirectory'>C:\Windows\system32\</Data><Data Name='User'>JERRY-PC\Jerry</Data><Data Name='LogonGuid'>{3f0f5ad4-b317-64bd-795a-050000000000}</Data><Data Name='LogonId'>0x55a79</Data><Data Name='TerminalSessionId'>1</Data><Data Name='IntegrityLevel'>Medium</Data><Data Name='Hashes'>MD5=BF60B3F6E01EDDEDE8551FA076472057,SHA256=D9B3874AA63F62699D5AE1ADE9959B45860D55233E93A1064D83B63307EA7435,IMPHASH=B7F063F6E914DB6ACB4DCC8D69219A5F</Data><Data Name='ParentProcessGuid'>{3f0f5ad4-b311-64bd-0d00-000000003100}</Data><Data Name='ParentProcessId'>876</Data><Data Name='ParentImage'>C:\Windows\System32\svchost.exe</Data><Data Name='ParentCommandLine'>C:\Windows\system32\svchost.exe -k DcomLaunch -p</Data><Data Name='ParentUser'>NT AUTHORITY\SYSTEM</Data></EventData></Event><Event xmlns='http://schemas.microsoft.com/win/2004/08/events/event'><System><Provider Name='Microsoft-Windows-Sysmon' Guid='{5770385f-c22a-43e0-bf4c-06f5698ffbd9}'/><EventID>1</EventID><Version>5</Version><Level>4</Level><Task>1</Task><Opcode>0</Opcode><Keywords>0x8000000000000000</Keywords><TimeCreated SystemTime='2023-07-23T23:14:04.0740494Z'/><EventRecordID>12072</EventRecordID><Correlation/><Execution ProcessID='2760' ThreadID='3284'/><Channel>Microsoft-Windows-Sysmon/Operational</Channel><Computer>Jerry-PC</Computer><Security UserID='S-1-5-18'/></System><EventData><Data Name='RuleName'>-</Data><Data Name='UtcTime'>2023-07-23 23:14:04.068</Data><Data Name='ProcessGuid'>{3f0f5ad4-b43c-64bd-d200-000000003100}</Data><Data Name='ProcessId'>3096</Data><Data Name='Image'>C:\Windows\System32\SIHClient.exe</Data><Data Name='FileVersion'>923.508.111.0</Data><Data Name='Description'>SIH Client</Data><Data Name='Product'>Microsoft® Windows® Operating System</Data><Data Name='Company'>Microsoft Corporation</Data><Data Name='OriginalFileName'>sihclient.exe</Data><Data Name='CommandLine'>C:\Windows\System32\sihclient.exe  /cv 79F0AYjdKkuK87m0vQuF5g.0.1</Data><Data Name='CurrentDirectory'>C:\Windows\system32\</Data><Data Name='User'>NT AUTHORITY\SYSTEM</Data><Data Name='LogonGuid'>{3f0f5ad4-b311-64bd-e703-000000000000}</Data><Data Name='LogonId'>0x3e7</Data><Data Name='TerminalSessionId'>0</Data><Data Name='IntegrityLevel'>System</Data><Data Name='Hashes'>MD5=83EAB01123D9B11E76D9C68078FE58C7,SHA256=8FE37B9B4EF210EBB224077D034BF8E9F3ACF6C5A88DC47AB2B5D3065F75B871,IMPHASH=1EEA50A7EB5E83B370826BFD241E9D62</Data><Data Name='ParentProcessGuid'>{3f0f5ad4-b311-64bd-1e00-000000003100}</Data><Data Name='ParentProcessId'>1640</Data><Data Name='ParentImage'>C:\Windows\System32\upfc.exe</Data><Data Name='ParentCommandLine'>C:\Windows\System32\Upfc.exe /launchtype boot /cv 79F0AYjdKkuK87m0vQuF5g.0</Data><Data Name='ParentUser'>NT AUTHORITY\SYSTEM</Data></EventData></Event><Event xmlns='http://schemas.microsoft.com/win/2004/08/events/event'><System><Provider Name='Microsoft-Windows-Sysmon' Guid='{5770385f-c22a-43e0-bf4c-06f5698ffbd9}'/><EventID>1</EventID><Version>5</Version><Level>4</Level><Task>1</Task><Opcode>0</Opcode><Keywords>0x8000000000000000</Keywords><TimeCreated SystemTime='2023-07-23T23:13:56.8214296Z'/><EventRecordID>12071</EventRecordID><Correlation/><Execution ProcessID='2760' ThreadID='3284'/><Channel>Microsoft-Windows-Sysmon/Operational</Channel><Computer>Jerry-PC</Computer><Security UserID='S-1-5-18'/></System><EventData><Data Name='RuleName'>-</Data><Data Name='UtcTime'>2023-07-23 23:13:56.820</Data><Data Name='ProcessGuid'>{3f0f5ad4-b434-64bd-d100-000000003100}</Data><Data Name='ProcessId'>7600</Data><Data Name='Image'>C:\Windows\SysWOW64\dllhost.exe</Data><Data Name='FileVersion'>10.0.22621.1 (WinBuild.160101.0800)</Data><Data Name='Description'>COM Surrogate</Data><Data Name='Product'>Microsoft® Windows® Operating System</Data><Data Name='Company'>Microsoft Corporation</Data><Data Name='OriginalFileName'>dllhost.exe</Data><Data Name='CommandLine'>C:\Windows\SysWOW64\DllHost.exe /Processid:{53362C32-A296-4F2D-A2F8-FD984D08340B}</Data><Data Name='CurrentDirectory'>C:\Windows\system32\</Data><Data Name='User'>JERRY-PC\Jerry</Data><Data Name='LogonGuid'>{3f0f5ad4-b317-64bd-795a-050000000000}</Data><Data Name='LogonId'>0x55a79</Data><Data Name='TerminalSessionId'>1</Data><Data Name='IntegrityLevel'>Medium</Data><Data Name='Hashes'>MD5=BF60B3F6E01EDDEDE8551FA076472057,SHA256=D9B3874AA63F62699D5AE1ADE9959B45860D55233E93A1064D83B63307EA7435,IMPHASH=B7F063F6E914DB6ACB4DCC8D69219A5F</Data><Data Name='ParentProcessGuid'>{3f0f5ad4-b311-64bd-0d00-000000003100}</Data><Data Name='ParentProcessId'>876</Data><Data Name='ParentImage'>C:\Windows\System32\svchost.exe</Data><Data Name='ParentCommandLine'>C:\Windows\system32\svchost.exe -k DcomLaunch -p</Data><Data Name='ParentUser'>NT AUTHORITY\SYSTEM</Data></EventData></Event><Event xmlns='http://schemas.microsoft.com/win/2004/08/events/event'><System><Provider Name='Microsoft-Windows-Sysmon' Guid='{5770385f-c22a-43e0-bf4c-06f5698ffbd9}'/><EventID>1</EventID><Version>5</Version><Level>4</Level><Task>1</Task><Opcode>0</Opcode><Keywords>0x8000000000000000</Keywords><TimeCreated SystemTime='2023-07-23T23:13:56.1743140Z'/><EventRecordID>12070</EventRecordID><Correlation/><Execution ProcessID='2760' ThreadID='3284'/><Channel>Microsoft-Windows-Sysmon/Operational</Channel><Computer>Jerry-PC</Computer><Security UserID='S-1-5-18'/></System><EventData><Data Name='RuleName'>-</Data><Data Name='UtcTime'>2023-07-23 23:13:56.173</Data><Data Name='ProcessGuid'>{3f0f5ad4-b434-64bd-d000-000000003100}</Data><Data Name='ProcessId'>7376</Data><Data Name='Image'>C:\Windows\SysWOW64\dllhost.exe</Data><Data Name='FileVersion'>10.0.22621.1 (WinBuild.160101.0800)</Data><Data Name='Description'>COM Surrogate</Data><Data Name='Product'>Microsoft® Windows® Operating System</Data><Data Name='Company'>Microsoft Corporation</Data><Data Name='OriginalFileName'>dllhost.exe</Data><Data Name='CommandLine'>C:\Windows\SysWOW64\DllHost.exe /Processid:{60A90A2F-858D-42AF-8929-82BE9D99E8A1}</Data><Data Name='CurrentDirectory'>C:\Windows\system32\</Data><Data Name='User'>JERRY-PC\Jerry</Data><Data Name='LogonGuid'>{3f0f5ad4-b317-64bd-795a-050000000000}</Data><Data Name='LogonId'>0x55a79</Data><Data Name='TerminalSessionId'>1</Data><Data Name='IntegrityLevel'>Medium</Data><Data Name='Hashes'>MD5=BF60B3F6E01EDDEDE8551FA076472057,SHA256=D9B3874AA63F62699D5AE1ADE9959B45860D55233E93A1064D83B63307EA7435,IMPHASH=B7F063F6E914DB6ACB4DCC8D69219A5F</Data><Data Name='ParentProcessGuid'>{3f0f5ad4-b311-64bd-0d00-000000003100}</Data><Data Name='ParentProcessId'>876</Data><Data Name='ParentImage'>C:\Windows\System32\svchost.exe</Data><Data Name='ParentCommandLine'>C:\Windows\system32\svchost.exe -k DcomLaunch -p</Data><Data Name='ParentUser'>NT AUTHORITY\SYSTEM</Data></EventData></Event><Event xmlns='http://schemas.microsoft.com/win/2004/08/events/event'><System><Provider Name='Microsoft-Windows-Sysmon' Guid='{5770385f-c22a-43e0-bf4c-06f5698ffbd9}'/><EventID>1</EventID><Version>5</Version><Level>4</Level><Task>1</Task><Opcode>0</Opcode><Keywords>0x8000000000000000</Keywords><TimeCreated SystemTime='2023-07-23T23:13:50.7885797Z'/><EventRecordID>12069</EventRecordID><Correlation/><Execution ProcessID='2760' ThreadID='3284'/><Channel>Microsoft-Windows-Sysmon/Operational</Channel><Computer>Jerry-PC</Computer><Security UserID='S-1-5-18'/></System><EventData><Data Name='RuleName'>-</Data><Data Name='UtcTime'>2023-07-23 23:13:50.787</Data><Data Name='ProcessGuid'>{3f0f5ad4-b42e-64bd-cf00-000000003100}</Data><Data Name='ProcessId'>2476</Data><Data Name='Image'>C:\Windows\SysWOW64\dllhost.exe</Data><Data Name='FileVersion'>10.0.22621.1 (WinBuild.160101.0800)</Data><Data Name='Description'>COM Surrogate</Data><Data Name='Product'>Microsoft® Windows® Operating System</Data><Data Name='Company'>Microsoft Corporation</Data><Data Name='OriginalFileName'>dllhost.exe</Data><Data Name='CommandLine'>C:\Windows\SysWOW64\DllHost.exe /Processid:{53362C32-A296-4F2D-A2F8-FD984D08340B}</Data><Data Name='CurrentDirectory'>C:\Windows\system32\</Data><Data Name='User'>JERRY-PC\Jerry</Data><Data Name='LogonGuid'>{3f0f5ad4-b317-64bd-795a-050000000000}</Data><Data Name='LogonId'>0x55a79</Data><Data Name='TerminalSessionId'>1</Data><Data Name='IntegrityLevel'>Medium</Data><Data Name='Hashes'>MD5=BF60B3F6E01EDDEDE8551FA076472057,SHA256=D9B3874AA63F62699D5AE1ADE9959B45860D55233E93A1064D83B63307EA7435,IMPHASH=B7F063F6E914DB6ACB4DCC8D69219A5F</Data><Data Name='ParentProcessGuid'>{3f0f5ad4-b311-64bd-0d00-000000003100}</Data><Data Name='ParentProcessId'>876</Data><Data Name='ParentImage'>C:\Windows\System32\svchost.exe</Data><Data Name='ParentCommandLine'>C:\Windows\system32\svchost.exe -k DcomLaunch -p</Data><Data Name='ParentUser'>NT AUTHORITY\SYSTEM</Data></EventData></Event><Event xmlns='http://schemas.microsoft.com/win/2004/08/events/event'><System><Provider Name='Microsoft-Windows-Sysmon' Guid='{5770385f-c22a-43e0-bf4c-06f5698ffbd9}'/><EventID>1</EventID><Version>5</Version><Level>4</Level><Task>1</Task><Opcode>0</Opcode><Keywords>0x8000000000000000</Keywords><TimeCreated SystemTime='2023-07-23T23:13:50.2108679Z'/><EventRecordID>12068</EventRecordID><Correlation/><Execution ProcessID='2760' ThreadID='3284'/><Channel>Microsoft-Windows-Sysmon/Operational</Channel><Computer>Jerry-PC</Computer><Security UserID='S-1-5-18'/></System><EventData><Data Name='RuleName'>-</Data><Data Name='UtcTime'>2023-07-23 23:13:50.210</Data><Data Name='ProcessGuid'>{3f0f5ad4-b42e-64bd-ce00-000000003100}</Data><Data Name='ProcessId'>1156</Data><Data Name='Image'>C:\Windows\SysWOW64\dllhost.exe</Data><Data Name='FileVersion'>10.0.22621.1 (WinBuild.160101.0800)</Data><Data Name='Description'>COM Surrogate</Data><Data Name='Product'>Microsoft® Windows® Operating System</Data><Data Name='Company'>Microsoft Corporation</Data><Data Name='OriginalFileName'>dllhost.exe</Data><Data Name='CommandLine'>C:\Windows\SysWOW64\DllHost.exe /Processid:{60A90A2F-858D-42AF-8929-82BE9D99E8A1}</Data><Data Name='CurrentDirectory'>C:\Windows\system32\</Data><Data Name='User'>JERRY-PC\Jerry</Data><Data Name='LogonGuid'>{3f0f5ad4-b317-64bd-795a-050000000000}</Data><Data Name='LogonId'>0x55a79</Data><Data Name='TerminalSessionId'>1</Data><Data Name='IntegrityLevel'>Medium</Data><Data Name='Hashes'>MD5=BF60B3F6E01EDDEDE8551FA076472057,SHA256=D9B3874AA63F62699D5AE1ADE9959B45860D55233E93A1064D83B63307EA7435,IMPHASH=B7F063F6E914DB6ACB4DCC8D69219A5F</Data><Data Name='ParentProcessGuid'>{3f0f5ad4-b311-64bd-0d00-000000003100}</Data><Data Name='ParentProcessId'>876</Data><Data Name='ParentImage'>C:\Windows\System32\svchost.exe</Data><Data Name='ParentCommandLine'>C:\Windows\system32\svchost.exe -k DcomLaunch -p</Data><Data Name='ParentUser'>NT AUTHORITY\SYSTEM</Data></EventData></Event><Event xmlns='http://schemas.microsoft.com/win/2004/08/events/event'><System><Provider Name='Microsoft-Windows-Sysmon' Guid='{5770385f-c22a-43e0-bf4c-06f5698ffbd9}'/><EventID>1</EventID><Version>5</Version><Level>4</Level><Task>1</Task><Opcode>0</Opcode><Keywords>0x8000000000000000</Keywords><TimeCreated SystemTime='2023-07-23T23:13:44.7774116Z'/><EventRecordID>12067</EventRecordID><Correlation/><Execution ProcessID='2760' ThreadID='3284'/><Channel>Microsoft-Windows-Sysmon/Operational</Channel><Computer>Jerry-PC</Computer><Security UserID='S-1-5-18'/></System><EventData><Data Name='RuleName'>-</Data><Data Name='UtcTime'>2023-07-23 23:13:44.776</Data><Data Name='ProcessGuid'>{3f0f5ad4-b428-64bd-cd00-000000003100}</Data><Data Name='ProcessId'>7520</Data><Data Name='Image'>C:\Windows\SysWOW64\dllhost.exe</Data><Data Name='FileVersion'>10.0.22621.1 (WinBuild.160101.0800)</Data><Data Name='Description'>COM Surrogate</Data><Data Name='Product'>Microsoft® Windows® Operating System</Data><Data Name='Company'>Microsoft Corporation</Data><Data Name='OriginalFileName'>dllhost.exe</Data><Data Name='CommandLine'>C:\Windows\SysWOW64\DllHost.exe /Processid:{53362C32-A296-4F2D-A2F8-FD984D08340B}</Data><Data Name='CurrentDirectory'>C:\Windows\system32\</Data><Data Name='User'>JERRY-PC\Jerry</Data><Data Name='LogonGuid'>{3f0f5ad4-b317-64bd-795a-050000000000}</Data><Data Name='LogonId'>0x55a79</Data><Data Name='TerminalSessionId'>1</Data><Data Name='IntegrityLevel'>Medium</Data><Data Name='Hashes'>MD5=BF60B3F6E01EDDEDE8551FA076472057,SHA256=D9B3874AA63F62699D5AE1ADE9959B45860D55233E93A1064D83B63307EA7435,IMPHASH=B7F063F6E914DB6ACB4DCC8D69219A5F</Data><Data Name='ParentProcessGuid'>{3f0f5ad4-b311-64bd-0d00-000000003100}</Data><Data Name='ParentProcessId'>876</Data><Data Name='ParentImage'>C:\Windows\System32\svchost.exe</Data><Data Name='ParentCommandLine'>C:\Windows\system32\svchost.exe -k DcomLaunch -p</Data><Data Name='ParentUser'>NT AUTHORITY\SYSTEM</Data></EventData></Event><Event xmlns='http://schemas.microsoft.com/win/2004/08/events/event'><System><Provider Name='Microsoft-Windows-Sysmon' Guid='{5770385f-c22a-43e0-bf4c-06f5698ffbd9}'/><EventID>1</EventID><Version>5</Version><Level>4</Level><Task>1</Task><Opcode>0</Opcode><Keywords>0x8000000000000000</Keywords><TimeCreated SystemTime='2023-07-23T23:13:44.1863901Z'/><EventRecordID>12066</EventRecordID><Correlation/><Execution ProcessID='2760' ThreadID='3284'/><Channel>Microsoft-Windows-Sysmon/Operational</Channel><Computer>Jerry-PC</Computer><Security UserID='S-1-5-18'/></System><EventData><Data Name='RuleName'>-</Data><Data Name='UtcTime'>2023-07-23 23:13:44.185</Data><Data Name='ProcessGuid'>{3f0f5ad4-b428-64bd-cc00-000000003100}</Data><Data Name='ProcessId'>6668</Data><Data Name='Image'>C:\Windows\SysWOW64\dllhost.exe</Data><Data Name='FileVersion'>10.0.22621.1 (WinBuild.160101.0800)</Data><Data Name='Description'>COM Surrogate</Data><Data Name='Product'>Microsoft® Windows® Operating System</Data><Data Name='Company'>Microsoft Corporation</Data><Data Name='OriginalFileName'>dllhost.exe</Data><Data Name='CommandLine'>C:\Windows\SysWOW64\DllHost.exe /Processid:{60A90A2F-858D-42AF-8929-82BE9D99E8A1}</Data><Data Name='CurrentDirectory'>C:\Windows\system32\</Data><Data Name='User'>JERRY-PC\Jerry</Data><Data Name='LogonGuid'>{3f0f5ad4-b317-64bd-795a-050000000000}</Data><Data Name='LogonId'>0x55a79</Data><Data Name='TerminalSessionId'>1</Data><Data Name='IntegrityLevel'>Medium</Data><Data Name='Hashes'>MD5=BF60B3F6E01EDDEDE8551FA076472057,SHA256=D9B3874AA63F62699D5AE1ADE9959B45860D55233E93A1064D83B63307EA7435,IMPHASH=B7F063F6E914DB6ACB4DCC8D69219A5F</Data><Data Name='ParentProcessGuid'>{3f0f5ad4-b311-64bd-0d00-000000003100}</Data><Data Name='ParentProcessId'>876</Data><Data Name='ParentImage'>C:\Windows\System32\svchost.exe</Data><Data Name='ParentCommandLine'>C:\Windows\system32\svchost.exe -k DcomLaunch -p</Data><Data Name='ParentUser'>NT AUTHORITY\SYSTEM</Data></EventData></Event><Event xmlns='http://schemas.microsoft.com/win/2004/08/events/event'><System><Provider Name='Microsoft-Windows-Sysmon' Guid='{5770385f-c22a-43e0-bf4c-06f5698ffbd9}'/><EventID>1</EventID><Version>5</Version><Level>4</Level><Task>1</Task><Opcode>0</Opcode><Keywords>0x8000000000000000</Keywords><TimeCreated SystemTime='2023-07-23T23:13:38.3176584Z'/><EventRecordID>12065</EventRecordID><Correlation/><Execution ProcessID='2760' ThreadID='3284'/><Channel>Microsoft-Windows-Sysmon/Operational</Channel><Computer>Jerry-PC</Computer><Security UserID='S-1-5-18'/></System><EventData><Data Name='RuleName'>-</Data><Data Name='UtcTime'>2023-07-23 23:13:38.317</Data><Data Name='ProcessGuid'>{3f0f5ad4-b422-64bd-cb00-000000003100}</Data><Data Name='ProcessId'>7656</Data><Data Name='Image'>C:\Windows\System32\taskhostw.exe</Data><Data Name='FileVersion'>10.0.22621.1635 (WinBuild.160101.0800)</Data><Data Name='Description'>Host Process for Windows Tasks</Data><Data Name='Product'>Microsoft® Windows® Operating System</Data><Data Name='Company'>Microsoft Corporation</Data><Data Name='OriginalFileName'>taskhostw.exe</Data><Data Name='CommandLine'>taskhostw.exe -RegisterDevice -ProtectionStateChanged -FreeNetworkOnly</Data><Data Name='CurrentDirectory'>C:\Windows\system32\</Data><Data Name='User'>NT AUTHORITY\SYSTEM</Data><Data Name='LogonGuid'>{3f0f5ad4-b311-64bd-e703-000000000000}</Data><Data Name='LogonId'>0x3e7</Data><Data Name='TerminalSessionId'>0</Data><Data Name='IntegrityLevel'>System</Data><Data Name='Hashes'>MD5=4887A65FD4F6598AF4986CBC1C0E5488,SHA256=82472A84BCBB4009ADD338200F8E853FE4C5EAFE2E2C3A2D711B85BF29B72D54,IMPHASH=1C4E2D9936E4D9F2490B08AAB4D24260</Data><Data Name='ParentProcessGuid'>{3f0f5ad4-b311-64bd-1300-000000003100}</Data><Data Name='ParentProcessId'>1032</Data><Data Name='ParentImage'>C:\Windows\System32\svchost.exe</Data><Data Name='ParentCommandLine'>C:\Windows\system32\svchost.exe -k netsvcs -p</Data><Data Name='ParentUser'>NT AUTHORITY\SYSTEM</Data></EventData></Event><Event xmlns='http://schemas.microsoft.com/win/2004/08/events/event'><System><Provider Name='Microsoft-Windows-Sysmon' Guid='{5770385f-c22a-43e0-bf4c-06f5698ffbd9}'/><EventID>1</EventID><Version>5</Version><Level>4</Level><Task>1</Task><Opcode>0</Opcode><Keywords>0x8000000000000000</Keywords><TimeCreated SystemTime='2023-07-23T23:13:36.7523262Z'/><EventRecordID>12064</EventRecordID><Correlation/><Execution ProcessID='2760' ThreadID='3284'/><Channel>Microsoft-Windows-Sysmon/Operational</Channel><Computer>Jerry-PC</Computer><Security UserID='S-1-5-18'/></System><EventData><Data Name='RuleName'>-</Data><Data Name='UtcTime'>2023-07-23 23:13:36.751</Data><Data Name='ProcessGuid'>{3f0f5ad4-b420-64bd-ca00-000000003100}</Data><Data Name='ProcessId'>6196</Data><Data Name='Image'>C:\Windows\SysWOW64\dllhost.exe</Data><Data Name='FileVersion'>10.0.22621.1 (WinBuild.160101.0800)</Data><Data Name='Description'>COM Surrogate</Data><Data Name='Product'>Microsoft® Windows® Operating System</Data><Data Name='Company'>Microsoft Corporation</Data><Data Name='OriginalFileName'>dllhost.exe</Data><Data Name='CommandLine'>C:\Windows\SysWOW64\DllHost.exe /Processid:{53362C32-A296-4F2D-A2F8-FD984D08340B}</Data><Data Name='CurrentDirectory'>C:\Windows\system32\</Data><Data Name='User'>JERRY-PC\Jerry</Data><Data Name='LogonGuid'>{3f0f5ad4-b317-64bd-795a-050000000000}</Data><Data Name='LogonId'>0x55a79</Data><Data Name='TerminalSessionId'>1</Data><Data Name='IntegrityLevel'>Medium</Data><Data Name='Hashes'>MD5=BF60B3F6E01EDDEDE8551FA076472057,SHA256=D9B3874AA63F62699D5AE1ADE9959B45860D55233E93A1064D83B63307EA7435,IMPHASH=B7F063F6E914DB6ACB4DCC8D69219A5F</Data><Data Name='ParentProcessGuid'>{3f0f5ad4-b311-64bd-0d00-000000003100}</Data><Data Name='ParentProcessId'>876</Data><Data Name='ParentImage'>C:\Windows\System32\svchost.exe</Data><Data Name='ParentCommandLine'>C:\Windows\system32\svchost.exe -k DcomLaunch -p</Data><Data Name='ParentUser'>NT AUTHORITY\SYSTEM</Data></EventData></Event><Event xmlns='http://schemas.microsoft.com/win/2004/08/events/event'><System><Provider Name='Microsoft-Windows-Sysmon' Guid='{5770385f-c22a-43e0-bf4c-06f5698ffbd9}'/><EventID>1</EventID><Version>5</Version><Level>4</Level><Task>1</Task><Opcode>0</Opcode><Keywords>0x8000000000000000</Keywords><TimeCreated SystemTime='2023-07-23T23:13:36.2237596Z'/><EventRecordID>12063</EventRecordID><Correlation/><Execution ProcessID='2760' ThreadID='3284'/><Channel>Microsoft-Windows-Sysmon/Operational</Channel><Computer>Jerry-PC</Computer><Security UserID='S-1-5-18'/></System><EventData><Data Name='RuleName'>-</Data><Data Name='UtcTime'>2023-07-23 23:13:36.223</Data><Data Name='ProcessGuid'>{3f0f5ad4-b420-64bd-c900-000000003100}</Data><Data Name='ProcessId'>6372</Data><Data Name='Image'>C:\Windows\SysWOW64\dllhost.exe</Data><Data Name='FileVersion'>10.0.22621.1 (WinBuild.160101.0800)</Data><Data Name='Description'>COM Surrogate</Data><Data Name='Product'>Microsoft® Windows® Operating System</Data><Data Name='Company'>Microsoft Corporation</Data><Data Name='OriginalFileName'>dllhost.exe</Data><Data Name='CommandLine'>C:\Windows\SysWOW64\DllHost.exe /Processid:{60A90A2F-858D-42AF-8929-82BE9D99E8A1}</Data><Data Name='CurrentDirectory'>C:\Windows\system32\</Data><Data Name='User'>JERRY-PC\Jerry</Data><Data Name='LogonGuid'>{3f0f5ad4-b317-64bd-795a-050000000000}</Data><Data Name='LogonId'>0x55a79</Data><Data Name='TerminalSessionId'>1</Data><Data Name='IntegrityLevel'>Medium</Data><Data Name='Hashes'>MD5=BF60B3F6E01EDDEDE8551FA076472057,SHA256=D9B3874AA63F62699D5AE1ADE9959B45860D55233E93A1064D83B63307EA7435,IMPHASH=B7F063F6E914DB6ACB4DCC8D69219A5F</Data><Data Name='ParentProcessGuid'>{3f0f5ad4-b311-64bd-0d00-000000003100}</Data><Data Name='ParentProcessId'>876</Data><Data Name='ParentImage'>C:\Windows\System32\svchost.exe</Data><Data Name='ParentCommandLine'>C:\Windows\system32\svchost.exe -k DcomLaunch -p</Data><Data Name='ParentUser'>NT AUTHORITY\SYSTEM</Data></EventData></Event><Event xmlns='http://schemas.microsoft.com/win/2004/08/events/event'><System><Provider Name='Microsoft-Windows-Sysmon' Guid='{5770385f-c22a-43e0-bf4c-06f5698ffbd9}'/><EventID>22</EventID><Version>5</Version><Level>4</Level><Task>22</Task><Opcode>0</Opcode><Keywords>0x8000000000000000</Keywords><TimeCreated SystemTime='2023-07-23T23:13:33.5616030Z'/><EventRecordID>12062</EventRecordID><Correlation/><Execution ProcessID='2760' ThreadID='3296'/><Channel>Microsoft-Windows-Sysmon/Operational</Channel><Computer>Jerry-PC</Computer><Security UserID='S-1-5-18'/></System><EventData><Data Name='RuleName'>-</Data><Data Name='UtcTime'>2023-07-23 23:13:32.046</Data><Data Name='ProcessGuid'>{3f0f5ad4-b406-64bd-c100-000000003100}</Data><Data Name='ProcessId'>4000</Data><Data Name='QueryName'>Jerry-PC</Data><Data Name='QueryStatus'>0</Data><Data Name='QueryResults'>::1;::ffff:10.240.240.4;</Data><Data Name='Image'>C:\Windows\System32\wsmprovhost.exe</Data><Data Name='User'>JERRY-PC\LittleNewman</Data></EventData></Event><Event xmlns='http://schemas.microsoft.com/win/2004/08/events/event'><System><Provider Name='Microsoft-Windows-Sysmon' Guid='{5770385f-c22a-43e0-bf4c-06f5698ffbd9}'/><EventID>13</EventID><Version>2</Version><Level>4</Level><Task>13</Task><Opcode>0</Opcode><Keywords>0x8000000000000000</Keywords><TimeCreated SystemTime='2023-07-23T23:13:33.1271387Z'/><EventRecordID>12061</EventRecordID><Correlation/><Execution ProcessID='2760' ThreadID='3284'/><Channel>Microsoft-Windows-Sysmon/Operational</Channel><Computer>Jerry-PC</Computer><Security UserID='S-1-5-18'/></System><EventData><Data Name='RuleName'>Suspicious,ImageBeginWithBackslash</Data><Data Name='EventType'>SetValue</Data><Data Name='UtcTime'>2023-07-23 23:13:33.125</Data><Data Name='ProcessGuid'>{3f0f5ad4-b405-64bd-bf00-000000003100}</Data><Data Name='ProcessId'>3076</Data><Data Name='Image'>\\?\C:\Windows\system32\wbem\WMIADAP.EXE</Data><Data Name='TargetObject'>HKLM\SOFTWARE\Microsoft\Windows NT\CurrentVersion\Notifications\Data\418A073AA3BC1C75</Data><Data Name='Details'>Binary Data</Data><Data Name='User'>NT AUTHORITY\SYSTEM</Data></EventData></Event><Event xmlns='http://schemas.microsoft.com/win/2004/08/events/event'><System><Provider Name='Microsoft-Windows-Sysmon' Guid='{5770385f-c22a-43e0-bf4c-06f5698ffbd9}'/><EventID>13</EventID><Version>2</Version><Level>4</Level><Task>13</Task><Opcode>0</Opcode><Keywords>0x8000000000000000</Keywords><TimeCreated SystemTime='2023-07-23T23:13:33.1259647Z'/><EventRecordID>12060</EventRecordID><Correlation/><Execution ProcessID='2760' ThreadID='3284'/><Channel>Microsoft-Windows-Sysmon/Operational</Channel><Computer>Jerry-PC</Computer><Security UserID='S-1-5-18'/></System><EventData><Data Name='RuleName'>Suspicious,ImageBeginWithBackslash</Data><Data Name='EventType'>SetValue</Data><Data Name='UtcTime'>2023-07-23 23:13:33.125</Data><Data Name='ProcessGuid'>{3f0f5ad4-b405-64bd-bf00-000000003100}</Data><Data Name='ProcessId'>3076</Data><Data Name='Image'>\\?\C:\Windows\system32\wbem\WMIADAP.EXE</Data><Data Name='TargetObject'>HKLM\SOFTWARE\Microsoft\Wbem\PROVIDERS\Performance\Performance Refreshed</Data><Data Name='Details'>DWORD (0x00000001)</Data><Data Name='User'>NT AUTHORITY\SYSTEM</Data></EventData></Event><Event xmlns='http://schemas.microsoft.com/win/2004/08/events/event'><System><Provider Name='Microsoft-Windows-Sysmon' Guid='{5770385f-c22a-43e0-bf4c-06f5698ffbd9}'/><EventID>13</EventID><Version>2</Version><Level>4</Level><Task>13</Task><Opcode>0</Opcode><Keywords>0x8000000000000000</Keywords><TimeCreated SystemTime='2023-07-23T23:13:33.1259306Z'/><EventRecordID>12059</EventRecordID><Correlation/><Execution ProcessID='2760' ThreadID='3284'/><Channel>Microsoft-Windows-Sysmon/Operational</Channel><Computer>Jerry-PC</Computer><Security UserID='S-1-5-18'/></System><EventData><Data Name='RuleName'>Suspicious,ImageBeginWithBackslash</Data><Data Name='EventType'>SetValue</Data><Data Name='UtcTime'>2023-07-23 23:13:33.125</Data><Data Name='ProcessGuid'>{3f0f5ad4-b405-64bd-bf00-000000003100}</Data><Data Name='ProcessId'>3076</Data><Data Name='Image'>\\?\C:\Windows\system32\wbem\WMIADAP.EXE</Data><Data Name='TargetObject'>HKLM\SOFTWARE\Microsoft\Wbem\PROVIDERS\Performance\Performance Refresh</Data><Data Name='Details'>DWORD (0x00000000)</Data><Data Name='User'>NT AUTHORITY\SYSTEM</Data></EventData></Event><Event xmlns='http://schemas.microsoft.com/win/2004/08/events/event'><System><Provider Name='Microsoft-Windows-Sysmon' Guid='{5770385f-c22a-43e0-bf4c-06f5698ffbd9}'/><EventID>13</EventID><Version>2</Version><Level>4</Level><Task>13</Task><Opcode>0</Opcode><Keywords>0x8000000000000000</Keywords><TimeCreated SystemTime='2023-07-23T23:13:33.1258959Z'/><EventRecordID>12058</EventRecordID><Correlation/><Execution ProcessID='2760' ThreadID='3284'/><Channel>Microsoft-Windows-Sysmon/Operational</Channel><Computer>Jerry-PC</Computer><Security UserID='S-1-5-18'/></System><EventData><Data Name='RuleName'>Suspicious,ImageBeginWithBackslash</Data><Data Name='EventType'>SetValue</Data><Data Name='UtcTime'>2023-07-23 23:13:33.125</Data><Data Name='ProcessGuid'>{3f0f5ad4-b405-64bd-bf00-000000003100}</Data><Data Name='ProcessId'>3076</Data><Data Name='Image'>\\?\C:\Windows\system32\wbem\WMIADAP.EXE</Data><Data Name='TargetObject'>HKLM\SOFTWARE\Microsoft\Wbem\WDM\DREDGE\C:\Windows\system32\drivers\battc.sys[BATTCWMI]</Data><Data Name='Details'>LowDateTime:1897618983,HighDateTime:30958000***Binary mof compiled successfully</Data><Data Name='User'>NT AUTHORITY\SYSTEM</Data></EventData></Event><Event xmlns='http://schemas.microsoft.com/win/2004/08/events/event'><System><Provider Name='Microsoft-Windows-Sysmon' Guid='{5770385f-c22a-43e0-bf4c-06f5698ffbd9}'/><EventID>13</EventID><Version>2</Version><Level>4</Level><Task>13</Task><Opcode>0</Opcode><Keywords>0x8000000000000000</Keywords><TimeCreated SystemTime='2023-07-23T23:13:33.1258542Z'/><EventRecordID>12057</EventRecordID><Correlation/><Execution ProcessID='2760' ThreadID='3284'/><Channel>Microsoft-Windows-Sysmon/Operational</Channel><Computer>Jerry-PC</Computer><Security UserID='S-1-5-18'/></System><EventData><Data Name='RuleName'>Suspicious,ImageBeginWithBackslash</Data><Data Name='EventType'>SetValue</Data><Data Name='UtcTime'>2023-07-23 23:13:33.125</Data><Data Name='ProcessGuid'>{3f0f5ad4-b405-64bd-bf00-000000003100}</Data><Data Name='ProcessId'>3076</Data><Data Name='Image'>\\?\C:\Windows\system32\wbem\WMIADAP.EXE</Data><Data Name='TargetObject'>HKLM\SOFTWARE\Microsoft\Wbem\WDM\DREDGE\C:\Windows\System32\Drivers\portcls.SYS[PortclsMof]</Data><Data Name='Details'>LowDateTime:-991599945,HighDateTime:31031087***Binary mof compiled successfully</Data><Data Name='User'>NT AUTHORITY\SYSTEM</Data></EventData></Event><Event xmlns='http://schemas.microsoft.com/win/2004/08/events/event'><System><Provider Name='Microsoft-Windows-Sysmon' Guid='{5770385f-c22a-43e0-bf4c-06f5698ffbd9}'/><EventID>13</EventID><Version>2</Version><Level>4</Level><Task>13</Task><Opcode>0</Opcode><Keywords>0x8000000000000000</Keywords><TimeCreated SystemTime='2023-07-23T23:13:33.1257985Z'/><EventRecordID>12056</EventRecordID><Correlation/><Execution ProcessID='2760' ThreadID='3284'/><Channel>Microsoft-Windows-Sysmon/Operational</Channel><Computer>Jerry-PC</Computer><Security UserID='S-1-5-18'/></System><EventData><Data Name='RuleName'>Suspicious,ImageBeginWithBackslash</Data><Data Name='EventType'>SetValue</Data><Data Name='UtcTime'>2023-07-23 23:13:33.125</Data><Data Name='ProcessGuid'>{3f0f5ad4-b405-64bd-bf00-000000003100}</Data><Data Name='ProcessId'>3076</Data><Data Name='Image'>\\?\C:\Windows\system32\wbem\WMIADAP.EXE</Data><Data Name='TargetObject'>HKLM\SOFTWARE\Microsoft\Wbem\WDM\DREDGE\C:\Windows\System32\drivers\HDAudBus.sys[HDAudioMofName]</Data><Data Name='Details'>LowDateTime:-994724719,HighDateTime:31031087***Binary mof compiled successfully</Data><Data Name='User'>NT AUTHORITY\SYSTEM</Data></EventData></Event><Event xmlns='http://schemas.microsoft.com/win/2004/08/events/event'><System><Provider Name='Microsoft-Windows-Sysmon' Guid='{5770385f-c22a-43e0-bf4c-06f5698ffbd9}'/><EventID>13</EventID><Version>2</Version><Level>4</Level><Task>13</Task><Opcode>0</Opcode><Keywords>0x8000000000000000</Keywords><TimeCreated SystemTime='2023-07-23T23:13:33.1257589Z'/><EventRecordID>12055</EventRecordID><Correlation/><Execution ProcessID='2760' ThreadID='3284'/><Channel>Microsoft-Windows-Sysmon/Operational</Channel><Computer>Jerry-PC</Computer><Security UserID='S-1-5-18'/></System><EventData><Data Name='RuleName'>Suspicious,ImageBeginWithBackslash</Data><Data Name='EventType'>SetValue</Data><Data Name='UtcTime'>2023-07-23 23:13:33.125</Data><Data Name='ProcessGuid'>{3f0f5ad4-b405-64bd-bf00-000000003100}</Data><Data Name='ProcessId'>3076</Data><Data Name='Image'>\\?\C:\Windows\system32\wbem\WMIADAP.EXE</Data><Data Name='TargetObject'>HKLM\SOFTWARE\Microsoft\Wbem\WDM\DREDGE\C:\Windows\System32\drivers\en-US\processr.sys.mui[PROCESSORWMI]</Data><Data Name='Details'>LowDateTime:-1163204993,HighDateTime:30958018***Binary mof compiled successfully</Data><Data Name='User'>NT AUTHORITY\SYSTEM</Data></EventData></Event><Event xmlns='http://schemas.microsoft.com/win/2004/08/events/event'><System><Provider Name='Microsoft-Windows-Sysmon' Guid='{5770385f-c22a-43e0-bf4c-06f5698ffbd9}'/><EventID>13</EventID><Version>2</Version><Level>4</Level><Task>13</Task><Opcode>0</Opcode><Keywords>0x8000000000000000</Keywords><TimeCreated SystemTime='2023-07-23T23:13:33.1257184Z'/><EventRecordID>12054</EventRecordID><Correlation/><Execution ProcessID='2760' ThreadID='3284'/><Channel>Microsoft-Windows-Sysmon/Operational</Channel><Computer>Jerry-PC</Computer><Security UserID='S-1-5-18'/></System><EventData><Data Name='RuleName'>Suspicious,ImageBeginWithBackslash</Data><Data Name='EventType'>SetValue</Data><Data Name='UtcTime'>2023-07-23 23:13:33.125</Data><Data Name='ProcessGuid'>{3f0f5ad4-b405-64bd-bf00-000000003100}</Data><Data Name='ProcessId'>3076</Data><Data Name='Image'>\\?\C:\Windows\system32\wbem\WMIADAP.EXE</Data><Data Name='TargetObject'>HKLM\SOFTWARE\Microsoft\Wbem\WDM\DREDGE\C:\Windows\System32\drivers\processr.sys[PROCESSORWMI]</Data><Data Name='Details'>LowDateTime:-967693411,HighDateTime:31031087***Binary mof compiled successfully</Data><Data Name='User'>NT AUTHORITY\SYSTEM</Data></EventData></Event><Event xmlns='http://schemas.microsoft.com/win/2004/08/events/event'><System><Provider Name='Microsoft-Windows-Sysmon' Guid='{5770385f-c22a-43e0-bf4c-06f5698ffbd9}'/><EventID>13</EventID><Version>2</Version><Level>4</Level><Task>13</Task><Opcode>0</Opcode><Keywords>0x8000000000000000</Keywords><TimeCreated SystemTime='2023-07-23T23:13:33.1256796Z'/><EventRecordID>12053</EventRecordID><Correlation/><Execution ProcessID='2760' ThreadID='3284'/><Channel>Microsoft-Windows-Sysmon/Operational</Channel><Computer>Jerry-PC</Computer><Security UserID='S-1-5-18'/></System><EventData><Data Name='RuleName'>Suspicious,ImageBeginWithBackslash</Data><Data Name='EventType'>SetValue</Data><Data Name='UtcTime'>2023-07-23 23:13:33.125</Data><Data Name='ProcessGuid'>{3f0f5ad4-b405-64bd-bf00-000000003100}</Data><Data Name='ProcessId'>3076</Data><Data Name='Image'>\\?\C:\Windows\system32\wbem\WMIADAP.EXE</Data><Data Name='TargetObject'>HKLM\SOFTWARE\Microsoft\Wbem\WDM\DREDGE\C:\Windows\System32\drivers\mssmbios.sys[MofResource]</Data><Data Name='Details'>LowDateTime:1899337646,HighDateTime:30958000***Binary mof compiled successfully</Data><Data Name='User'>NT AUTHORITY\SYSTEM</Data></EventData></Event><Event xmlns='http://schemas.microsoft.com/win/2004/08/events/event'><System><Provider Name='Microsoft-Windows-Sysmon' Guid='{5770385f-c22a-43e0-bf4c-06f5698ffbd9}'/><EventID>13</EventID><Version>2</Version><Level>4</Level><Task>13</Task><Opcode>0</Opcode><Keywords>0x8000000000000000</Keywords><TimeCreated SystemTime='2023-07-23T23:13:33.1256420Z'/><EventRecordID>12052</EventRecordID><Correlation/><Execution ProcessID='2760' ThreadID='3284'/><Channel>Microsoft-Windows-Sysmon/Operational</Channel><Computer>Jerry-PC</Computer><Security UserID='S-1-5-18'/></System><EventData><Data Name='RuleName'>Suspicious,ImageBeginWithBackslash</Data><Data Name='EventType'>SetValue</Data><Data Name='UtcTime'>2023-07-23 23:13:33.125</Data><Data Name='ProcessGuid'>{3f0f5ad4-b405-64bd-bf00-000000003100}</Data><Data Name='ProcessId'>3076</Data><Data Name='Image'>\\?\C:\Windows\system32\wbem\WMIADAP.EXE</Data><Data Name='TargetObject'>HKLM\SOFTWARE\Microsoft\Wbem\WDM\DREDGE\C:\Windows\System32\drivers\en-US\ACPI.sys.mui[ACPIMOFResource]</Data><Data Name='Details'>LowDateTime:-1163204993,HighDateTime:30958018***Binary mof compiled successfully</Data><Data Name='User'>NT AUTHORITY\SYSTEM</Data></EventData></Event><Event xmlns='http://schemas.microsoft.com/win/2004/08/events/event'><System><Provider Name='Microsoft-Windows-Sysmon' Guid='{5770385f-c22a-43e0-bf4c-06f5698ffbd9}'/><EventID>13</EventID><Version>2</Version><Level>4</Level><Task>13</Task><Opcode>0</Opcode><Keywords>0x8000000000000000</Keywords><TimeCreated SystemTime='2023-07-23T23:13:33.1255999Z'/><EventRecordID>12051</EventRecordID><Correlation/><Execution ProcessID='2760' ThreadID='3284'/><Channel>Microsoft-Windows-Sysmon/Operational</Channel><Computer>Jerry-PC</Computer><Security UserID='S-1-5-18'/></System><EventData><Data Name='RuleName'>Suspicious,ImageBeginWithBackslash</Data><Data Name='EventType'>SetValue</Data><Data Name='UtcTime'>2023-07-23 23:13:33.125</Data><Data Name='ProcessGuid'>{3f0f5ad4-b405-64bd-bf00-000000003100}</Data><Data Name='ProcessId'>3076</Data><Data Name='Image'>\\?\C:\Windows\system32\wbem\WMIADAP.EXE</Data><Data Name='TargetObject'>HKLM\SOFTWARE\Microsoft\Wbem\WDM\DREDGE\C:\Windows\System32\drivers\ACPI.sys[ACPIMOFResource]</Data><Data Name='Details'>LowDateTime:-968318377,HighDateTime:31031087***Binary mof compiled successfully</Data><Data Name='User'>NT AUTHORITY\SYSTEM</Data></EventData></Event><Event xmlns='http://schemas.microsoft.com/win/2004/08/events/event'><System><Provider Name='Microsoft-Windows-Sysmon' Guid='{5770385f-c22a-43e0-bf4c-06f5698ffbd9}'/><EventID>13</EventID><Version>2</Version><Level>4</Level><Task>13</Task><Opcode>0</Opcode><Keywords>0x8000000000000000</Keywords><TimeCreated SystemTime='2023-07-23T23:13:33.1255601Z'/><EventRecordID>12050</EventRecordID><Correlation/><Execution ProcessID='2760' ThreadID='3284'/><Channel>Microsoft-Windows-Sysmon/Operational</Channel><Computer>Jerry-PC</Computer><Security UserID='S-1-5-18'/></System><EventData><Data Name='RuleName'>Suspicious,ImageBeginWithBackslash</Data><Data Name='EventType'>SetValue</Data><Data Name='UtcTime'>2023-07-23 23:13:33.125</Data><Data Name='ProcessGuid'>{3f0f5ad4-b405-64bd-bf00-000000003100}</Data><Data Name='ProcessId'>3076</Data><Data Name='Image'>\\?\C:\Windows\system32\wbem\WMIADAP.EXE</Data><Data Name='TargetObject'>HKLM\SOFTWARE\Microsoft\Wbem\WDM\DREDGE\C:\Windows\system32\en-US\kernelbase.dll.mui[MofResourceName]</Data><Data Name='Details'>LowDateTime:703792087,HighDateTime:31031088***Binary mof compiled successfully</Data><Data Name='User'>NT AUTHORITY\SYSTEM</Data></EventData></Event><Event xmlns='http://schemas.microsoft.com/win/2004/08/events/event'><System><Provider Name='Microsoft-Windows-Sysmon' Guid='{5770385f-c22a-43e0-bf4c-06f5698ffbd9}'/><EventID>13</EventID><Version>2</Version><Level>4</Level><Task>13</Task><Opcode>0</Opcode><Keywords>0x8000000000000000</Keywords><TimeCreated SystemTime='2023-07-23T23:13:33.1255068Z'/><EventRecordID>12049</EventRecordID><Correlation/><Execution ProcessID='2760' ThreadID='3284'/><Channel>Microsoft-Windows-Sysmon/Operational</Channel><Computer>Jerry-PC</Computer><Security UserID='S-1-5-18'/></System><EventData><Data Name='RuleName'>Suspicious,ImageBeginWithBackslash</Data><Data Name='EventType'>SetValue</Data><Data Name='UtcTime'>2023-07-23 23:13:33.125</Data><Data Name='ProcessGuid'>{3f0f5ad4-b405-64bd-bf00-000000003100}</Data><Data Name='ProcessId'>3076</Data><Data Name='Image'>\\?\C:\Windows\system32\wbem\WMIADAP.EXE</Data><Data Name='TargetObject'>HKLM\SOFTWARE\Microsoft\Wbem\WDM\DREDGE\C:\Windows\system32\kernelbase.dll[MofResourceName]</Data><Data Name='Details'>LowDateTime:-1084842464,HighDateTime:31042025***Binary mof compiled successfully</Data><Data Name='User'>NT AUTHORITY\SYSTEM</Data></EventData></Event><Event xmlns='http://schemas.microsoft.com/win/2004/08/events/event'><System><Provider Name='Microsoft-Windows-Sysmon' Guid='{5770385f-c22a-43e0-bf4c-06f5698ffbd9}'/><EventID>12</EventID><Version>2</Version><Level>4</Level><Task>12</Task><Opcode>0</Opcode><Keywords>0x8000000000000000</Keywords><TimeCreated SystemTime='2023-07-23T23:13:33.1254027Z'/><EventRecordID>12048</EventRecordID><Correlation/><Execution ProcessID='2760' ThreadID='3284'/><Channel>Microsoft-Windows-Sysmon/Operational</Channel><Computer>Jerry-PC</Computer><Security UserID='S-1-5-18'/></System><EventData><Data Name='RuleName'>Suspicious,ImageBeginWithBackslash</Data><Data Name='EventType'>DeleteKey</Data><Data Name='UtcTime'>2023-07-23 23:13:33.125</Data><Data Name='ProcessGuid'>{3f0f5ad4-b405-64bd-bf00-000000003100}</Data><Data Name='ProcessId'>3076</Data><Data Name='Image'>\\?\C:\Windows\system32\wbem\WMIADAP.EXE</Data><Data Name='TargetObject'>HKLM\SOFTWARE\Microsoft\Wbem\WDM\DREDGE</Data><Data Name='User'>NT AUTHORITY\SYSTEM</Data></EventData></Event><Event xmlns='http://schemas.microsoft.com/win/2004/08/events/event'><System><Provider Name='Microsoft-Windows-Sysmon' Guid='{5770385f-c22a-43e0-bf4c-06f5698ffbd9}'/><EventID>13</EventID><Version>2</Version><Level>4</Level><Task>13</Task><Opcode>0</Opcode><Keywords>0x8000000000000000</Keywords><TimeCreated SystemTime='2023-07-23T23:13:33.1253013Z'/><EventRecordID>12047</EventRecordID><Correlation/><Execution ProcessID='2760' ThreadID='3284'/><Channel>Microsoft-Windows-Sysmon/Operational</Channel><Computer>Jerry-PC</Computer><Security UserID='S-1-5-18'/></System><EventData><Data Name='RuleName'>Suspicious,ImageBeginWithBackslash</Data><Data Name='EventType'>SetValue</Data><Data Name='UtcTime'>2023-07-23 23:13:33.125</Data><Data Name='ProcessGuid'>{3f0f5ad4-b405-64bd-bf00-000000003100}</Data><Data Name='ProcessId'>3076</Data><Data Name='Image'>\\?\C:\Windows\system32\wbem\WMIADAP.EXE</Data><Data Name='TargetObject'>HKLM\SOFTWARE\Microsoft\Wbem\PROVIDERS\Performance\Performance Data</Data><Data Name='Details'>Binary Data</Data><Data Name='User'>NT AUTHORITY\SYSTEM</Data></EventData></Event><Event xmlns='http://schemas.microsoft.com/win/2004/08/events/event'><System><Provider Name='Microsoft-Windows-Sysmon' Guid='{5770385f-c22a-43e0-bf4c-06f5698ffbd9}'/><EventID>11</EventID><Version>2</Version><Level>4</Level><Task>11</Task><Opcode>0</Opcode><Keywords>0x8000000000000000</Keywords><TimeCreated SystemTime='2023-07-23T23:13:28.6238876Z'/><EventRecordID>12046</EventRecordID><Correlation/><Execution ProcessID='2760' ThreadID='3284'/><Channel>Microsoft-Windows-Sysmon/Operational</Channel><Computer>Jerry-PC</Computer><Security UserID='S-1-5-18'/></System><EventData><Data Name='RuleName'>-</Data><Data Name='UtcTime'>2023-07-23 23:13:28.620</Data><Data Name='ProcessGuid'>{3f0f5ad4-b406-64bd-c100-000000003100}</Data><Data Name='ProcessId'>4000</Data><Data Name='Image'>C:\Windows\system32\wsmprovhost.exe</Data><Data Name='TargetFilename'>C:\Users\LittleNewman.JERRY-PC\AppData\Local\Temp\__PSScriptPolicyTest_u1mnpunf.mza.ps1</Data><Data Name='CreationUtcTime'>2023-07-23 23:13:28.620</Data><Data Name='User'>JERRY-PC\LittleNewman</Data></EventData></Event><Event xmlns='http://schemas.microsoft.com/win/2004/08/events/event'><System><Provider Name='Microsoft-Windows-Sysmon' Guid='{5770385f-c22a-43e0-bf4c-06f5698ffbd9}'/><EventID>1</EventID><Version>5</Version><Level>4</Level><Task>1</Task><Opcode>0</Opcode><Keywords>0x8000000000000000</Keywords><TimeCreated SystemTime='2023-07-23T23:13:28.1924262Z'/><EventRecordID>12045</EventRecordID><Correlation/><Execution ProcessID='2760' ThreadID='3284'/><Channel>Microsoft-Windows-Sysmon/Operational</Channel><Computer>Jerry-PC</Computer><Security UserID='S-1-5-18'/></System><EventData><Data Name='RuleName'>-</Data><Data Name='UtcTime'>2023-07-23 23:13:28.191</Data><Data Name='ProcessGuid'>{3f0f5ad4-b418-64bd-c800-000000003100}</Data><Data Name='ProcessId'>7808</Data><Data Name='Image'>C:\Windows\SysWOW64\dllhost.exe</Data><Data Name='FileVersion'>10.0.22621.1 (WinBuild.160101.0800)</Data><Data Name='Description'>COM Surrogate</Data><Data Name='Product'>Microsoft® Windows® Operating System</Data><Data Name='Company'>Microsoft Corporation</Data><Data Name='OriginalFileName'>dllhost.exe</Data><Data Name='CommandLine'>C:\Windows\SysWOW64\DllHost.exe /Processid:{53362C32-A296-4F2D-A2F8-FD984D08340B}</Data><Data Name='CurrentDirectory'>C:\Windows\system32\</Data><Data Name='User'>JERRY-PC\Jerry</Data><Data Name='LogonGuid'>{3f0f5ad4-b317-64bd-795a-050000000000}</Data><Data Name='LogonId'>0x55a79</Data><Data Name='TerminalSessionId'>1</Data><Data Name='IntegrityLevel'>Medium</Data><Data Name='Hashes'>MD5=BF60B3F6E01EDDEDE8551FA076472057,SHA256=D9B3874AA63F62699D5AE1ADE9959B45860D55233E93A1064D83B63307EA7435,IMPHASH=B7F063F6E914DB6ACB4DCC8D69219A5F</Data><Data Name='ParentProcessGuid'>{3f0f5ad4-b311-64bd-0d00-000000003100}</Data><Data Name='ParentProcessId'>876</Data><Data Name='ParentImage'>C:\Windows\System32\svchost.exe</Data><Data Name='ParentCommandLine'>C:\Windows\system32\svchost.exe -k DcomLaunch -p</Data><Data Name='ParentUser'>NT AUTHORITY\SYSTEM</Data></EventData></Event><Event xmlns='http://schemas.microsoft.com/win/2004/08/events/event'><System><Provider Name='Microsoft-Windows-Sysmon' Guid='{5770385f-c22a-43e0-bf4c-06f5698ffbd9}'/><EventID>1</EventID><Version>5</Version><Level>4</Level><Task>1</Task><Opcode>0</Opcode><Keywords>0x8000000000000000</Keywords><TimeCreated SystemTime='2023-07-23T23:13:27.7206449Z'/><EventRecordID>12044</EventRecordID><Correlation/><Execution ProcessID='2760' ThreadID='3284'/><Channel>Microsoft-Windows-Sysmon/Operational</Channel><Computer>Jerry-PC</Computer><Security UserID='S-1-5-18'/></System><EventData><Data Name='RuleName'>-</Data><Data Name='UtcTime'>2023-07-23 23:13:27.720</Data><Data Name='ProcessGuid'>{3f0f5ad4-b417-64bd-c700-000000003100}</Data><Data Name='ProcessId'>6888</Data><Data Name='Image'>C:\Windows\SysWOW64\dllhost.exe</Data><Data Name='FileVersion'>10.0.22621.1 (WinBuild.160101.0800)</Data><Data Name='Description'>COM Surrogate</Data><Data Name='Product'>Microsoft® Windows® Operating System</Data><Data Name='Company'>Microsoft Corporation</Data><Data Name='OriginalFileName'>dllhost.exe</Data><Data Name='CommandLine'>C:\Windows\SysWOW64\DllHost.exe /Processid:{60A90A2F-858D-42AF-8929-82BE9D99E8A1}</Data><Data Name='CurrentDirectory'>C:\Windows\system32\</Data><Data Name='User'>JERRY-PC\Jerry</Data><Data Name='LogonGuid'>{3f0f5ad4-b317-64bd-795a-050000000000}</Data><Data Name='LogonId'>0x55a79</Data><Data Name='TerminalSessionId'>1</Data><Data Name='IntegrityLevel'>Medium</Data><Data Name='Hashes'>MD5=BF60B3F6E01EDDEDE8551FA076472057,SHA256=D9B3874AA63F62699D5AE1ADE9959B45860D55233E93A1064D83B63307EA7435,IMPHASH=B7F063F6E914DB6ACB4DCC8D69219A5F</Data><Data Name='ParentProcessGuid'>{3f0f5ad4-b311-64bd-0d00-000000003100}</Data><Data Name='ParentProcessId'>876</Data><Data Name='ParentImage'>C:\Windows\System32\svchost.exe</Data><Data Name='ParentCommandLine'>C:\Windows\system32\svchost.exe -k DcomLaunch -p</Data><Data Name='ParentUser'>NT AUTHORITY\SYSTEM</Data></EventData></Event><Event xmlns='http://schemas.microsoft.com/win/2004/08/events/event'><System><Provider Name='Microsoft-Windows-Sysmon' Guid='{5770385f-c22a-43e0-bf4c-06f5698ffbd9}'/><EventID>12</EventID><Version>2</Version><Level>4</Level><Task>12</Task><Opcode>0</Opcode><Keywords>0x8000000000000000</Keywords><TimeCreated SystemTime='2023-07-23T23:13:27.1787782Z'/><EventRecordID>12043</EventRecordID><Correlation/><Execution ProcessID='2760' ThreadID='3284'/><Channel>Microsoft-Windows-Sysmon/Operational</Channel><Computer>Jerry-PC</Computer><Security UserID='S-1-5-18'/></System><EventData><Data Name='RuleName'>Suspicious,ImageBeginWithBackslash</Data><Data Name='EventType'>DeleteValue</Data><Data Name='UtcTime'>2023-07-23 23:13:27.167</Data><Data Name='ProcessGuid'>{3f0f5ad4-b405-64bd-bf00-000000003100}</Data><Data Name='ProcessId'>3076</Data><Data Name='Image'>\\?\C:\Windows\system32\wbem\WMIADAP.EXE</Data><Data Name='TargetObject'>HKLM\SOFTWARE\Microsoft\Windows NT\CurrentVersion\Perflib\Updating</Data><Data Name='User'>NT AUTHORITY\SYSTEM</Data></EventData></Event><Event xmlns='http://schemas.microsoft.com/win/2004/08/events/event'><System><Provider Name='Microsoft-Windows-Sysmon' Guid='{5770385f-c22a-43e0-bf4c-06f5698ffbd9}'/><EventID>13</EventID><Version>2</Version><Level>4</Level><Task>13</Task><Opcode>0</Opcode><Keywords>0x8000000000000000</Keywords><TimeCreated SystemTime='2023-07-23T23:13:27.1787407Z'/><EventRecordID>12042</EventRecordID><Correlation/><Execution ProcessID='2760' ThreadID='3284'/><Channel>Microsoft-Windows-Sysmon/Operational</Channel><Computer>Jerry-PC</Computer><Security UserID='S-1-5-18'/></System><EventData><Data Name='RuleName'>Suspicious,ImageBeginWithBackslash</Data><Data Name='EventType'>SetValue</Data><Data Name='UtcTime'>2023-07-23 23:13:27.167</Data><Data Name='ProcessGuid'>{3f0f5ad4-b405-64bd-bf00-000000003100}</Data><Data Name='ProcessId'>3076</Data><Data Name='Image'>\\?\C:\Windows\system32\wbem\WMIADAP.EXE</Data><Data Name='TargetObject'>HKLM\System\CurrentControlSet\Services\WmiApRpl\Performance\Object List</Data><Data Name='Details'>11274 11280 11292 11302 11312 11332 11376 11386 11424 11430 11446</Data><Data Name='User'>NT AUTHORITY\SYSTEM</Data></EventData></Event><Event xmlns='http://schemas.microsoft.com/win/2004/08/events/event'><System><Provider Name='Microsoft-Windows-Sysmon' Guid='{5770385f-c22a-43e0-bf4c-06f5698ffbd9}'/><EventID>13</EventID><Version>2</Version><Level>4</Level><Task>13</Task><Opcode>0</Opcode><Keywords>0x8000000000000000</Keywords><TimeCreated SystemTime='2023-07-23T23:13:27.1787018Z'/><EventRecordID>12041</EventRecordID><Correlation/><Execution ProcessID='2760' ThreadID='3284'/><Channel>Microsoft-Windows-Sysmon/Operational</Channel><Computer>Jerry-PC</Computer><Security UserID='S-1-5-18'/></System><EventData><Data Name='RuleName'>Suspicious,ImageBeginWithBackslash</Data><Data Name='EventType'>SetValue</Data><Data Name='UtcTime'>2023-07-23 23:13:27.167</Data><Data Name='ProcessGuid'>{3f0f5ad4-b405-64bd-bf00-000000003100}</Data><Data Name='ProcessId'>3076</Data><Data Name='Image'>\\?\C:\Windows\system32\wbem\WMIADAP.EXE</Data><Data Name='TargetObject'>HKLM\System\CurrentControlSet\Services\WmiApRpl\Performance\First Help</Data><Data Name='Details'>DWORD (0x00002c0b)</Data><Data Name='User'>NT AUTHORITY\SYSTEM</Data></EventData></Event><Event xmlns='http://schemas.microsoft.com/win/2004/08/events/event'><System><Provider Name='Microsoft-Windows-Sysmon' Guid='{5770385f-c22a-43e0-bf4c-06f5698ffbd9}'/><EventID>13</EventID><Version>2</Version><Level>4</Level><Task>13</Task><Opcode>0</Opcode><Keywords>0x8000000000000000</Keywords><TimeCreated SystemTime='2023-07-23T23:13:27.1786466Z'/><EventRecordID>12040</EventRecordID><Correlation/><Execution ProcessID='2760' ThreadID='3284'/><Channel>Microsoft-Windows-Sysmon/Operational</Channel><Computer>Jerry-PC</Computer><Security UserID='S-1-5-18'/></System><EventData><Data Name='RuleName'>Suspicious,ImageBeginWithBackslash</Data><Data Name='EventType'>SetValue</Data><Data Name='UtcTime'>2023-07-23 23:13:27.167</Data><Data Name='ProcessGuid'>{3f0f5ad4-b405-64bd-bf00-000000003100}</Data><Data Name='ProcessId'>3076</Data><Data Name='Image'>\\?\C:\Windows\system32\wbem\WMIADAP.EXE</Data><Data Name='TargetObject'>HKLM\System\CurrentControlSet\Services\WmiApRpl\Performance\First Counter</Data><Data Name='Details'>DWORD (0x00002c0a)</Data><Data Name='User'>NT AUTHORITY\SYSTEM</Data></EventData></Event>