<Event xmlns='http://schemas.microsoft.com/win/2004/08/events/event'><System><Provider Name='Microsoft-Windows-Sysmon' Guid='{5770385f-c22a-43e0-bf4c-06f5698ffbd9}'/><EventID>1</EventID><Version>5</Version><Level>4</Level><Task>1</Task><Opcode>0</Opcode><Keywords>0x8000000000000000</Keywords><TimeCreated SystemTime='2023-07-23T23:09:09.4119749Z'/><EventRecordID>11716</EventRecordID><Correlation/><Execution ProcessID='2760' ThreadID='3284'/><Channel>Microsoft-Windows-Sysmon/Operational</Channel><Computer>Jerry-PC</Computer><Security UserID='S-1-5-18'/></System><EventData><Data Name='RuleName'>-</Data><Data Name='UtcTime'>2023-07-23 23:09:05.247</Data><Data Name='ProcessGuid'>{3f0f5ad4-b311-64bd-0d00-000000003100}</Data><Data Name='ProcessId'>876</Data><Data Name='Image'>C:\Windows\System32\svchost.exe</Data><Data Name='FileVersion'>10.0.22621.1 (WinBuild.160101.0800)</Data><Data Name='Description'>Host Process for Windows Services</Data><Data Name='Product'>Microsoft® Windows® Operating System</Data><Data Name='Company'>Microsoft Corporation</Data><Data Name='OriginalFileName'>svchost.exe</Data><Data Name='CommandLine'>C:\Windows\system32\svchost.exe -k DcomLaunch -p</Data><Data Name='CurrentDirectory'>C:\Windows\system32\</Data><Data Name='User'>NT AUTHORITY\SYSTEM</Data><Data Name='LogonGuid'>{3f0f5ad4-b311-64bd-e703-000000000000}</Data><Data Name='LogonId'>0x3e7</Data><Data Name='TerminalSessionId'>0</Data><Data Name='IntegrityLevel'>System</Data><Data Name='Hashes'>MD5=8EC922C7A58A8701AB481B7BE9644536,SHA256=949BFB5B4C7D58D92F3F9C5F8EC7CA4CEAFFD10EC5F0020F0A987C472D61C54B,IMPHASH=76B4BAE80D2C3B08BB062D97BF9CA791</Data><Data Name='ParentProcessGuid'>{3f0f5ad4-b311-64bd-0b00-000000003100}</Data><Data Name='ParentProcessId'>724</Data><Data Name='ParentImage'>C:\Windows\System32\services.exe</Data><Data Name='ParentCommandLine'>C:\Windows\system32\services.exe</Data><Data Name='ParentUser'>NT AUTHORITY\SYSTEM</Data></EventData></Event><Event xmlns='http://schemas.microsoft.com/win/2004/08/events/event'><System><Provider Name='Microsoft-Windows-Sysmon' Guid='{5770385f-c22a-43e0-bf4c-06f5698ffbd9}'/><EventID>13</EventID><Version>2</Version><Level>4</Level><Task>13</Task><Opcode>0</Opcode><Keywords>0x8000000000000000</Keywords><TimeCreated SystemTime='2023-07-23T23:09:09.4109039Z'/><EventRecordID>11715</EventRecordID><Correlation/><Execution ProcessID='2760' ThreadID='3284'/><Channel>Microsoft-Windows-Sysmon/Operational</Channel><Computer>Jerry-PC</Computer><Security UserID='S-1-5-18'/></System><EventData><Data Name='RuleName'>T1101</Data><Data Name='EventType'>SetValue</Data><Data Name='UtcTime'>2023-07-23 23:09:05.228</Data><Data Name='ProcessGuid'>{3f0f5ad4-b311-64bd-0c00-000000003100}</Data><Data Name='ProcessId'>776</Data><Data Name='Image'>C:\Windows\system32\lsass.exe</Data><Data Name='TargetObject'>HKLM\System\CurrentControlSet\Control\Lsa\ProductType</Data><Data Name='Details'>DWORD (0x00000006)</Data><Data Name='User'>NT AUTHORITY\SYSTEM</Data></EventData></Event><Event xmlns='http://schemas.microsoft.com/win/2004/08/events/event'><System><Provider Name='Microsoft-Windows-Sysmon' Guid='{5770385f-c22a-43e0-bf4c-06f5698ffbd9}'/><EventID>13</EventID><Version>2</Version><Level>4</Level><Task>13</Task><Opcode>0</Opcode><Keywords>0x8000000000000000</Keywords><TimeCreated SystemTime='2023-07-23T23:09:09.4041458Z'/><EventRecordID>11714</EventRecordID><Correlation/><Execution ProcessID='2760' ThreadID='3284'/><Channel>Microsoft-Windows-Sysmon/Operational</Channel><Computer>Jerry-PC</Computer><Security UserID='S-1-5-18'/></System><EventData><Data Name='RuleName'>T1101</Data><Data Name='EventType'>SetValue</Data><Data Name='UtcTime'>2023-07-23 23:09:05.148</Data><Data Name='ProcessGuid'>{3f0f5ad4-b311-64bd-0c00-000000003100}</Data><Data Name='ProcessId'>776</Data><Data Name='Image'>C:\Windows\system32\lsass.exe</Data><Data Name='TargetObject'>HKLM\System\CurrentControlSet\Control\Lsa\LsaCfgFlagsDefault</Data><Data Name='Details'>DWORD (0x00000000)</Data><Data Name='User'>NT AUTHORITY\SYSTEM</Data></EventData></Event><Event xmlns='http://schemas.microsoft.com/win/2004/08/events/event'><System><Provider Name='Microsoft-Windows-Sysmon' Guid='{5770385f-c22a-43e0-bf4c-06f5698ffbd9}'/><EventID>1</EventID><Version>5</Version><Level>4</Level><Task>1</Task><Opcode>0</Opcode><Keywords>0x8000000000000000</Keywords><TimeCreated SystemTime='2023-07-23T23:09:09.4029367Z'/><EventRecordID>11713</EventRecordID><Correlation/><Execution ProcessID='2760' ThreadID='3284'/><Channel>Microsoft-Windows-Sysmon/Operational</Channel><Computer>Jerry-PC</Computer><Security UserID='S-1-5-18'/></System><EventData><Data Name='RuleName'>-</Data><Data Name='UtcTime'>2023-07-23 23:09:05.128</Data><Data Name='ProcessGuid'>{3f0f5ad4-b311-64bd-0c00-000000003100}</Data><Data Name='ProcessId'>776</Data><Data Name='Image'>C:\Windows\System32\lsass.exe</Data><Data Name='FileVersion'>10.0.22621.1635 (WinBuild.160101.0800)</Data><Data Name='Description'>Local Security Authority Process</Data><Data Name='Product'>Microsoft® Windows® Operating System</Data><Data Name='Company'>Microsoft Corporation</Data><Data Name='OriginalFileName'>lsass.exe</Data><Data Name='CommandLine'>C:\Windows\system32\lsass.exe</Data><Data Name='CurrentDirectory'>C:\Windows\system32\</Data><Data Name='User'>NT AUTHORITY\SYSTEM</Data><Data Name='LogonGuid'>{3f0f5ad4-b311-64bd-e703-000000000000}</Data><Data Name='LogonId'>0x3e7</Data><Data Name='TerminalSessionId'>0</Data><Data Name='IntegrityLevel'>System</Data><Data Name='Hashes'>MD5=5777115A8924372002E5740C5309F0C9,SHA256=81E07BBC28F14EE783E4FBB36437206F1AFF645738764073A8973019DF9A9758,IMPHASH=3BDAF07FD26E433F565A3C3AB5543B25</Data><Data Name='ParentProcessGuid'>{3f0f5ad4-b311-64bd-0800-000000003100}</Data><Data Name='ParentProcessId'>612</Data><Data Name='ParentImage'>C:\Windows\System32\wininit.exe</Data><Data Name='ParentCommandLine'>wininit.exe</Data><Data Name='ParentUser'>NT AUTHORITY\SYSTEM</Data></EventData></Event><Event xmlns='http://schemas.microsoft.com/win/2004/08/events/event'><System><Provider Name='Microsoft-Windows-Sysmon' Guid='{5770385f-c22a-43e0-bf4c-06f5698ffbd9}'/><EventID>13</EventID><Version>2</Version><Level>4</Level><Task>13</Task><Opcode>0</Opcode><Keywords>0x8000000000000000</Keywords><TimeCreated SystemTime='2023-07-23T23:09:09.3998879Z'/><EventRecordID>11712</EventRecordID><Correlation/><Execution ProcessID='2760' ThreadID='3284'/><Channel>Microsoft-Windows-Sysmon/Operational</Channel><Computer>Jerry-PC</Computer><Security UserID='S-1-5-18'/></System><EventData><Data Name='RuleName'>T1183,IFEO</Data><Data Name='EventType'>SetValue</Data><Data Name='UtcTime'>2023-07-23 23:09:05.116</Data><Data Name='ProcessGuid'>{3f0f5ad4-b311-64bd-0800-000000003100}</Data><Data Name='ProcessId'>612</Data><Data Name='Image'>C:\Windows\system32\wininit.exe</Data><Data Name='TargetObject'>HKLM\SOFTWARE\Microsoft\Windows NT\CurrentVersion\Image File Execution Options\LSASS.exe\AuditLevel</Data><Data Name='Details'>DWORD (0x00000008)</Data><Data Name='User'>NT AUTHORITY\SYSTEM</Data></EventData></Event><Event xmlns='http://schemas.microsoft.com/win/2004/08/events/event'><System><Provider Name='Microsoft-Windows-Sysmon' Guid='{5770385f-c22a-43e0-bf4c-06f5698ffbd9}'/><EventID>1</EventID><Version>5</Version><Level>4</Level><Task>1</Task><Opcode>0</Opcode><Keywords>0x8000000000000000</Keywords><TimeCreated SystemTime='2023-07-23T23:09:09.3985192Z'/><EventRecordID>11711</EventRecordID><Correlation/><Execution ProcessID='2760' ThreadID='3284'/><Channel>Microsoft-Windows-Sysmon/Operational</Channel><Computer>Jerry-PC</Computer><Security UserID='S-1-5-18'/></System><EventData><Data Name='RuleName'>-</Data><Data Name='UtcTime'>2023-07-23 23:09:05.087</Data><Data Name='ProcessGuid'>{3f0f5ad4-b311-64bd-0b00-000000003100}</Data><Data Name='ProcessId'>724</Data><Data Name='Image'>C:\Windows\System32\services.exe</Data><Data Name='FileVersion'>10.0.22621.1635 (WinBuild.160101.0800)</Data><Data Name='Description'>Services and Controller app</Data><Data Name='Product'>Microsoft® Windows® Operating System</Data><Data Name='Company'>Microsoft Corporation</Data><Data Name='OriginalFileName'>services.exe</Data><Data Name='CommandLine'>C:\Windows\system32\services.exe</Data><Data Name='CurrentDirectory'>C:\Windows\system32\</Data><Data Name='User'>NT AUTHORITY\SYSTEM</Data><Data Name='LogonGuid'>{3f0f5ad4-b311-64bd-e703-000000000000}</Data><Data Name='LogonId'>0x3e7</Data><Data Name='TerminalSessionId'>0</Data><Data Name='IntegrityLevel'>System</Data><Data Name='Hashes'>MD5=68483E459F555389AD8BA6424BBAF42F,SHA256=4A12143226B7090D6E9BB8D040618A2C7A9EF5282F7CC10FA374ADC9AB19CBEB,IMPHASH=3CDD0C41EDD2D18FD6B02A17478ED684</Data><Data Name='ParentProcessGuid'>{3f0f5ad4-b311-64bd-0800-000000003100}</Data><Data Name='ParentProcessId'>612</Data><Data Name='ParentImage'>C:\Windows\System32\wininit.exe</Data><Data Name='ParentCommandLine'>wininit.exe</Data><Data Name='ParentUser'>NT AUTHORITY\SYSTEM</Data></EventData></Event><Event xmlns='http://schemas.microsoft.com/win/2004/08/events/event'><System><Provider Name='Microsoft-Windows-Sysmon' Guid='{5770385f-c22a-43e0-bf4c-06f5698ffbd9}'/><EventID>1</EventID><Version>5</Version><Level>4</Level><Task>1</Task><Opcode>0</Opcode><Keywords>0x8000000000000000</Keywords><TimeCreated SystemTime='2023-07-23T23:09:09.3975574Z'/><EventRecordID>11710</EventRecordID><Correlation/><Execution ProcessID='2760' ThreadID='3284'/><Channel>Microsoft-Windows-Sysmon/Operational</Channel><Computer>Jerry-PC</Computer><Security UserID='S-1-5-18'/></System><EventData><Data Name='RuleName'>-</Data><Data Name='UtcTime'>2023-07-23 23:09:05.063</Data><Data Name='ProcessGuid'>{3f0f5ad4-b311-64bd-0a00-000000003100}</Data><Data Name='ProcessId'>708</Data><Data Name='Image'>C:\Windows\System32\winlogon.exe</Data><Data Name='FileVersion'>10.0.22621.1778 (WinBuild.160101.0800)</Data><Data Name='Description'>Windows Logon Application</Data><Data Name='Product'>Microsoft® Windows® Operating System</Data><Data Name='Company'>Microsoft Corporation</Data><Data Name='OriginalFileName'>WINLOGON.EXE</Data><Data Name='CommandLine'>winlogon.exe</Data><Data Name='CurrentDirectory'>C:\Windows\system32\</Data><Data Name='User'>NT AUTHORITY\SYSTEM</Data><Data Name='LogonGuid'>{3f0f5ad4-b311-64bd-e703-000000000000}</Data><Data Name='LogonId'>0x3e7</Data><Data Name='TerminalSessionId'>1</Data><Data Name='IntegrityLevel'>System</Data><Data Name='Hashes'>MD5=B77520353EFF6BB1BDC80949D7061985,SHA256=9C0EEE17915774A3C8227F700AFED45840CFFB0530A0679000757A69839CEDA9,IMPHASH=320A1FCAF70B19B04DD31980EBE4B9E1</Data><Data Name='ParentProcessGuid'>{3f0f5ad4-b311-64bd-0700-000000003100}</Data><Data Name='ParentProcessId'>604</Data><Data Name='ParentImage'>C:\Windows\System32\smss.exe</Data><Data Name='ParentCommandLine'>\SystemRoot\System32\smss.exe 000000e8 000000d0 </Data><Data Name='ParentUser'>NT AUTHORITY\SYSTEM</Data></EventData></Event><Event xmlns='http://schemas.microsoft.com/win/2004/08/events/event'><System><Provider Name='Microsoft-Windows-Sysmon' Guid='{5770385f-c22a-43e0-bf4c-06f5698ffbd9}'/><EventID>1</EventID><Version>5</Version><Level>4</Level><Task>1</Task><Opcode>0</Opcode><Keywords>0x8000000000000000</Keywords><TimeCreated SystemTime='2023-07-23T23:09:09.3706817Z'/><EventRecordID>11709</EventRecordID><Correlation/><Execution ProcessID='2760' ThreadID='3284'/><Channel>Microsoft-Windows-Sysmon/Operational</Channel><Computer>Jerry-PC</Computer><Security UserID='S-1-5-18'/></System><EventData><Data Name='RuleName'>-</Data><Data Name='UtcTime'>2023-07-23 23:09:05.014</Data><Data Name='ProcessGuid'>{3f0f5ad4-b311-64bd-0900-000000003100}</Data><Data Name='ProcessId'>620</Data><Data Name='Image'>C:\Windows\System32\csrss.exe</Data><Data Name='FileVersion'>10.0.22621.1 (WinBuild.160101.0800)</Data><Data Name='Description'>Client Server Runtime Process</Data><Data Name='Product'>Microsoft® Windows® Operating System</Data><Data Name='Company'>Microsoft Corporation</Data><Data Name='OriginalFileName'>CSRSS.Exe</Data><Data Name='CommandLine'>%%SystemRoot%%\system32\csrss.exe ObjectDirectory=\Windows SharedSection=1024,20480,768 Windows=On SubSystemType=Windows ServerDll=basesrv,1 ServerDll=winsrv:UserServerDllInitialization,3 ServerDll=sxssrv,4 ProfileControl=Off MaxRequestThreads=16</Data><Data Name='CurrentDirectory'>C:\Windows\system32\</Data><Data Name='User'>NT AUTHORITY\SYSTEM</Data><Data Name='LogonGuid'>{3f0f5ad4-b311-64bd-e703-000000000000}</Data><Data Name='LogonId'>0x3e7</Data><Data Name='TerminalSessionId'>1</Data><Data Name='IntegrityLevel'>System</Data><Data Name='Hashes'>MD5=696FB9D7E43F428634F31CF56361D7C3,SHA256=EAC814CEE400A078E2D549BA6E3D7BD09D1BC9805A1C6C9EC0610A0E558472A1,IMPHASH=A96FA9912E09E361274AD77F1A4B252C</Data><Data Name='ParentProcessGuid'>{3f0f5ad4-b311-64bd-0700-000000003100}</Data><Data Name='ParentProcessId'>604</Data><Data Name='ParentImage'>C:\Windows\System32\smss.exe</Data><Data Name='ParentCommandLine'>\SystemRoot\System32\smss.exe 000000e8 000000d0 </Data><Data Name='ParentUser'>NT AUTHORITY\SYSTEM</Data></EventData></Event><Event xmlns='http://schemas.microsoft.com/win/2004/08/events/event'><System><Provider Name='Microsoft-Windows-Sysmon' Guid='{5770385f-c22a-43e0-bf4c-06f5698ffbd9}'/><EventID>1</EventID><Version>5</Version><Level>4</Level><Task>1</Task><Opcode>0</Opcode><Keywords>0x8000000000000000</Keywords><TimeCreated SystemTime='2023-07-23T23:09:09.3689110Z'/><EventRecordID>11708</EventRecordID><Correlation/><Execution ProcessID='2760' ThreadID='3284'/><Channel>Microsoft-Windows-Sysmon/Operational</Channel><Computer>Jerry-PC</Computer><Security UserID='S-1-5-18'/></System><EventData><Data Name='RuleName'>-</Data><Data Name='UtcTime'>2023-07-23 23:09:05.006</Data><Data Name='ProcessGuid'>{3f0f5ad4-b311-64bd-0800-000000003100}</Data><Data Name='ProcessId'>612</Data><Data Name='Image'>C:\Windows\System32\wininit.exe</Data><Data Name='FileVersion'>10.0.22621.1635 (WinBuild.160101.0800)</Data><Data Name='Description'>Windows Start-Up Application</Data><Data Name='Product'>Microsoft® Windows® Operating System</Data><Data Name='Company'>Microsoft Corporation</Data><Data Name='OriginalFileName'>WinInit.exe</Data><Data Name='CommandLine'>wininit.exe</Data><Data Name='CurrentDirectory'>C:\Windows\system32\</Data><Data Name='User'>NT AUTHORITY\SYSTEM</Data><Data Name='LogonGuid'>{3f0f5ad4-b311-64bd-e703-000000000000}</Data><Data Name='LogonId'>0x3e7</Data><Data Name='TerminalSessionId'>0</Data><Data Name='IntegrityLevel'>System</Data><Data Name='Hashes'>MD5=A6D1FD82F5D7490B0A5157602494A583,SHA256=C68AC230566C1E7E775BEA31A232D0912542C8506391E691795BECE67504AA03,IMPHASH=F2A24D44B58C4A23D796BF6063F86937</Data><Data Name='ParentProcessGuid'>{3f0f5ad4-b310-64bd-0500-000000003100}</Data><Data Name='ParentProcessId'>532</Data><Data Name='ParentImage'>C:\Windows\System32\smss.exe</Data><Data Name='ParentCommandLine'>\SystemRoot\System32\smss.exe 0000008c 000000d0 </Data><Data Name='ParentUser'>NT AUTHORITY\SYSTEM</Data></EventData></Event><Event xmlns='http://schemas.microsoft.com/win/2004/08/events/event'><System><Provider Name='Microsoft-Windows-Sysmon' Guid='{5770385f-c22a-43e0-bf4c-06f5698ffbd9}'/><EventID>1</EventID><Version>5</Version><Level>4</Level><Task>1</Task><Opcode>0</Opcode><Keywords>0x8000000000000000</Keywords><TimeCreated SystemTime='2023-07-23T23:09:09.3680191Z'/><EventRecordID>11707</EventRecordID><Correlation/><Execution ProcessID='2760' ThreadID='3284'/><Channel>Microsoft-Windows-Sysmon/Operational</Channel><Computer>Jerry-PC</Computer><Security UserID='S-1-5-18'/></System><EventData><Data Name='RuleName'>-</Data><Data Name='UtcTime'>2023-07-23 23:09:05.005</Data><Data Name='ProcessGuid'>{3f0f5ad4-b311-64bd-0700-000000003100}</Data><Data Name='ProcessId'>604</Data><Data Name='Image'>C:\Windows\System32\smss.exe</Data><Data Name='FileVersion'>10.0.22621.1 (WinBuild.160101.0800)</Data><Data Name='Description'>Windows Session Manager</Data><Data Name='Product'>Microsoft® Windows® Operating System</Data><Data Name='Company'>Microsoft Corporation</Data><Data Name='OriginalFileName'>smss.exe</Data><Data Name='CommandLine'>\SystemRoot\System32\smss.exe 000000e8 000000d0 </Data><Data Name='CurrentDirectory'>C:\Windows\</Data><Data Name='User'>NT AUTHORITY\SYSTEM</Data><Data Name='LogonGuid'>{3f0f5ad4-b311-64bd-e703-000000000000}</Data><Data Name='LogonId'>0x3e7</Data><Data Name='TerminalSessionId'>1</Data><Data Name='IntegrityLevel'>System</Data><Data Name='Hashes'>MD5=49CE4A7FED5D271A01426F2BC262D23C,SHA256=B6800C2CA4BFEC26C8B8553BEEE774F4EBAB741B1A48ADCCCCE79F07062977BE,IMPHASH=4F94DC57F2BE941DAE6A11A2254F4613</Data><Data Name='ParentProcessGuid'>{3f0f5ad4-b30d-64bd-0300-000000003100}</Data><Data Name='ParentProcessId'>400</Data><Data Name='ParentImage'>C:\Windows\System32\smss.exe</Data><Data Name='ParentCommandLine'>\SystemRoot\System32\smss.exe</Data><Data Name='ParentUser'>NT AUTHORITY\SYSTEM</Data></EventData></Event><Event xmlns='http://schemas.microsoft.com/win/2004/08/events/event'><System><Provider Name='Microsoft-Windows-Sysmon' Guid='{5770385f-c22a-43e0-bf4c-06f5698ffbd9}'/><EventID>1</EventID><Version>5</Version><Level>4</Level><Task>1</Task><Opcode>0</Opcode><Keywords>0x8000000000000000</Keywords><TimeCreated SystemTime='2023-07-23T23:09:09.3525950Z'/><EventRecordID>11706</EventRecordID><Correlation/><Execution ProcessID='2760' ThreadID='3284'/><Channel>Microsoft-Windows-Sysmon/Operational</Channel><Computer>Jerry-PC</Computer><Security UserID='S-1-5-18'/></System><EventData><Data Name='RuleName'>-</Data><Data Name='UtcTime'>2023-07-23 23:09:04.956</Data><Data Name='ProcessGuid'>{3f0f5ad4-b310-64bd-0600-000000003100}</Data><Data Name='ProcessId'>540</Data><Data Name='Image'>C:\Windows\System32\csrss.exe</Data><Data Name='FileVersion'>10.0.22621.1 (WinBuild.160101.0800)</Data><Data Name='Description'>Client Server Runtime Process</Data><Data Name='Product'>Microsoft® Windows® Operating System</Data><Data Name='Company'>Microsoft Corporation</Data><Data Name='OriginalFileName'>CSRSS.Exe</Data><Data Name='CommandLine'>%%SystemRoot%%\system32\csrss.exe ObjectDirectory=\Windows SharedSection=1024,20480,768 Windows=On SubSystemType=Windows ServerDll=basesrv,1 ServerDll=winsrv:UserServerDllInitialization,3 ServerDll=sxssrv,4 ProfileControl=Off MaxRequestThreads=16</Data><Data Name='CurrentDirectory'>C:\Windows\system32\</Data><Data Name='User'>NT AUTHORITY\SYSTEM</Data><Data Name='LogonGuid'>{3f0f5ad4-b311-64bd-e703-000000000000}</Data><Data Name='LogonId'>0x3e7</Data><Data Name='TerminalSessionId'>0</Data><Data Name='IntegrityLevel'>System</Data><Data Name='Hashes'>MD5=696FB9D7E43F428634F31CF56361D7C3,SHA256=EAC814CEE400A078E2D549BA6E3D7BD09D1BC9805A1C6C9EC0610A0E558472A1,IMPHASH=A96FA9912E09E361274AD77F1A4B252C</Data><Data Name='ParentProcessGuid'>{3f0f5ad4-b310-64bd-0500-000000003100}</Data><Data Name='ParentProcessId'>532</Data><Data Name='ParentImage'>C:\Windows\System32\smss.exe</Data><Data Name='ParentCommandLine'>\SystemRoot\System32\smss.exe 0000008c 000000d0 </Data><Data Name='ParentUser'>NT AUTHORITY\SYSTEM</Data></EventData></Event><Event xmlns='http://schemas.microsoft.com/win/2004/08/events/event'><System><Provider Name='Microsoft-Windows-Sysmon' Guid='{5770385f-c22a-43e0-bf4c-06f5698ffbd9}'/><EventID>1</EventID><Version>5</Version><Level>4</Level><Task>1</Task><Opcode>0</Opcode><Keywords>0x8000000000000000</Keywords><TimeCreated SystemTime='2023-07-23T23:09:09.3472883Z'/><EventRecordID>11705</EventRecordID><Correlation/><Execution ProcessID='2760' ThreadID='3284'/><Channel>Microsoft-Windows-Sysmon/Operational</Channel><Computer>Jerry-PC</Computer><Security UserID='S-1-5-18'/></System><EventData><Data Name='RuleName'>-</Data><Data Name='UtcTime'>2023-07-23 23:09:04.821</Data><Data Name='ProcessGuid'>{3f0f5ad4-b310-64bd-0500-000000003100}</Data><Data Name='ProcessId'>532</Data><Data Name='Image'>C:\Windows\System32\smss.exe</Data><Data Name='FileVersion'>10.0.22621.1 (WinBuild.160101.0800)</Data><Data Name='Description'>Windows Session Manager</Data><Data Name='Product'>Microsoft® Windows® Operating System</Data><Data Name='Company'>Microsoft Corporation</Data><Data Name='OriginalFileName'>smss.exe</Data><Data Name='CommandLine'>\SystemRoot\System32\smss.exe 0000008c 000000d0 </Data><Data Name='CurrentDirectory'>C:\Windows\</Data><Data Name='User'>NT AUTHORITY\SYSTEM</Data><Data Name='LogonGuid'>{3f0f5ad4-b311-64bd-e703-000000000000}</Data><Data Name='LogonId'>0x3e7</Data><Data Name='TerminalSessionId'>0</Data><Data Name='IntegrityLevel'>System</Data><Data Name='Hashes'>MD5=49CE4A7FED5D271A01426F2BC262D23C,SHA256=B6800C2CA4BFEC26C8B8553BEEE774F4EBAB741B1A48ADCCCCE79F07062977BE,IMPHASH=4F94DC57F2BE941DAE6A11A2254F4613</Data><Data Name='ParentProcessGuid'>{3f0f5ad4-b30d-64bd-0300-000000003100}</Data><Data Name='ParentProcessId'>400</Data><Data Name='ParentImage'>C:\Windows\System32\smss.exe</Data><Data Name='ParentCommandLine'>\SystemRoot\System32\smss.exe</Data><Data Name='ParentUser'>NT AUTHORITY\SYSTEM</Data></EventData></Event><Event xmlns='http://schemas.microsoft.com/win/2004/08/events/event'><System><Provider Name='Microsoft-Windows-Sysmon' Guid='{5770385f-c22a-43e0-bf4c-06f5698ffbd9}'/><EventID>13</EventID><Version>2</Version><Level>4</Level><Task>13</Task><Opcode>0</Opcode><Keywords>0x8000000000000000</Keywords><TimeCreated SystemTime='2023-07-23T23:09:09.1173583Z'/><EventRecordID>11704</EventRecordID><Correlation/><Execution ProcessID='2760' ThreadID='3284'/><Channel>Microsoft-Windows-Sysmon/Operational</Channel><Computer>Jerry-PC</Computer><Security UserID='S-1-5-18'/></System><EventData><Data Name='RuleName'>Context,DeviceConnectedOrUpdated</Data><Data Name='EventType'>SetValue</Data><Data Name='UtcTime'>2023-07-23 23:09:01.863</Data><Data Name='ProcessGuid'>{3f0f5ad4-b30d-64bd-eb03-000000000000}</Data><Data Name='ProcessId'>4</Data><Data Name='Image'>System</Data><Data Name='TargetObject'>HKLM\System\CurrentControlSet\Control\DeviceClasses\{ffbb6e3f-ccfe-4d84-90d9-421418b03a8e}\##?#ROOT#SYSTEM#0000#{ffbb6e3f-ccfe-4d84-90d9-421418b03a8e}\#{EEC12DB6-AD9C-4168-8658-B03DAEF417FE}&amp;{ABD61E00-9350-47e2-A632-4438B90C6641}\Device Parameters\FriendlyName</Data><Data Name='Details'>Microsoft Trusted Audio Drivers</Data><Data Name='User'>NT AUTHORITY\SYSTEM</Data></EventData></Event><Event xmlns='http://schemas.microsoft.com/win/2004/08/events/event'><System><Provider Name='Microsoft-Windows-Sysmon' Guid='{5770385f-c22a-43e0-bf4c-06f5698ffbd9}'/><EventID>13</EventID><Version>2</Version><Level>4</Level><Task>13</Task><Opcode>0</Opcode><Keywords>0x8000000000000000</Keywords><TimeCreated SystemTime='2023-07-23T23:09:09.1167816Z'/><EventRecordID>11703</EventRecordID><Correlation/><Execution ProcessID='2760' ThreadID='3284'/><Channel>Microsoft-Windows-Sysmon/Operational</Channel><Computer>Jerry-PC</Computer><Security UserID='S-1-5-18'/></System><EventData><Data Name='RuleName'>Context,DeviceConnectedOrUpdated</Data><Data Name='EventType'>SetValue</Data><Data Name='UtcTime'>2023-07-23 23:09:01.863</Data><Data Name='ProcessGuid'>{3f0f5ad4-b30d-64bd-eb03-000000000000}</Data><Data Name='ProcessId'>4</Data><Data Name='Image'>System</Data><Data Name='TargetObject'>HKLM\System\CurrentControlSet\Control\DeviceClasses\{cf1dda2c-9743-11d0-a3ee-00a0c9223196}\##?#ROOT#SYSTEM#0000#{cf1dda2c-9743-11d0-a3ee-00a0c9223196}\#{cfd669f1-9bc2-11d0-8299-0000f822fe8a}&amp;{CF1DDA2C-9743-11D0-A3EE-00A0C9223196}\Device Parameters\FriendlyName</Data><Data Name='Details'>Tee/Sink-to-Sink Converter</Data><Data Name='User'>NT AUTHORITY\SYSTEM</Data></EventData></Event><Event xmlns='http://schemas.microsoft.com/win/2004/08/events/event'><System><Provider Name='Microsoft-Windows-Sysmon' Guid='{5770385f-c22a-43e0-bf4c-06f5698ffbd9}'/><EventID>13</EventID><Version>2</Version><Level>4</Level><Task>13</Task><Opcode>0</Opcode><Keywords>0x8000000000000000</Keywords><TimeCreated SystemTime='2023-07-23T23:09:09.1163031Z'/><EventRecordID>11702</EventRecordID><Correlation/><Execution ProcessID='2760' ThreadID='3284'/><Channel>Microsoft-Windows-Sysmon/Operational</Channel><Computer>Jerry-PC</Computer><Security UserID='S-1-5-18'/></System><EventData><Data Name='RuleName'>Context,DeviceConnectedOrUpdated</Data><Data Name='EventType'>SetValue</Data><Data Name='UtcTime'>2023-07-23 23:09:01.863</Data><Data Name='ProcessGuid'>{3f0f5ad4-b30d-64bd-eb03-000000000000}</Data><Data Name='ProcessId'>4</Data><Data Name='Image'>System</Data><Data Name='TargetObject'>HKLM\System\CurrentControlSet\Control\DeviceClasses\{0a4252a0-7e70-11d0-a5d6-28db04c10000}\##?#ROOT#SYSTEM#0000#{0a4252a0-7e70-11d0-a5d6-28db04c10000}\#{cfd669f1-9bc2-11d0-8299-0000f822fe8a}&amp;{0A4252A0-7E70-11D0-A5D6-28DB04C10000}\Device Parameters\FriendlyName</Data><Data Name='Details'>Tee/Sink-to-Sink Converter</Data><Data Name='User'>NT AUTHORITY\SYSTEM</Data></EventData></Event><Event xmlns='http://schemas.microsoft.com/win/2004/08/events/event'><System><Provider Name='Microsoft-Windows-Sysmon' Guid='{5770385f-c22a-43e0-bf4c-06f5698ffbd9}'/><EventID>4</EventID><Version>3</Version><Level>4</Level><Task>4</Task><Opcode>0</Opcode><Keywords>0x8000000000000000</Keywords><TimeCreated SystemTime='2023-07-23T23:09:09.0691644Z'/><EventRecordID>11701</EventRecordID><Correlation/><Execution ProcessID='2760' ThreadID='3284'/><Channel>Microsoft-Windows-Sysmon/Operational</Channel><Computer>Jerry-PC</Computer><Security UserID='S-1-5-18'/></System><EventData><Data Name='UtcTime'>2023-07-23 23:09:09.064</Data><Data Name='State'>Started</Data><Data Name='Version'>15.0</Data><Data Name='SchemaVersion'>4.90</Data></EventData></Event><Event xmlns='http://schemas.microsoft.com/win/2004/08/events/event'><System><Provider Name='Microsoft-Windows-Sysmon' Guid='{5770385f-c22a-43e0-bf4c-06f5698ffbd9}'/><EventID>255</EventID><Version>3</Version><Level>2</Level><Task>255</Task><Opcode>0</Opcode><Keywords>0x8000000000000000</Keywords><TimeCreated SystemTime='2023-07-20T02:30:33.8279655Z'/><EventRecordID>11700</EventRecordID><Correlation/><Execution ProcessID='2848' ThreadID='3016'/><Channel>Microsoft-Windows-Sysmon/Operational</Channel><Computer>Jerry-PC</Computer><Security UserID='S-1-5-18'/></System><EventData><Data Name='UtcTime'>2023-07-20 02:30:33.818</Data><Data Name='ID'>GetConfigurationOptions</Data><Data Name='Description'>Failed to open service configuration with error 94 - Last error: The media is write protected.
</Data></EventData></Event><Event xmlns='http://schemas.microsoft.com/win/2004/08/events/event'><System><Provider Name='Microsoft-Windows-Sysmon' Guid='{5770385f-c22a-43e0-bf4c-06f5698ffbd9}'/><EventID>255</EventID><Version>3</Version><Level>2</Level><Task>255</Task><Opcode>0</Opcode><Keywords>0x8000000000000000</Keywords><TimeCreated SystemTime='2023-07-20T02:30:33.8279599Z'/><EventRecordID>11699</EventRecordID><Correlation/><Execution ProcessID='2848' ThreadID='3016'/><Channel>Microsoft-Windows-Sysmon/Operational</Channel><Computer>Jerry-PC</Computer><Security UserID='S-1-5-18'/></System><EventData><Data Name='UtcTime'>2023-07-20 02:30:33.818</Data><Data Name='ID'>GetConfigurationOptions</Data><Data Name='Description'>Failed to open service configuration with error 94 - Last error: The media is write protected.
</Data></EventData></Event><Event xmlns='http://schemas.microsoft.com/win/2004/08/events/event'><System><Provider Name='Microsoft-Windows-Sysmon' Guid='{5770385f-c22a-43e0-bf4c-06f5698ffbd9}'/><EventID>1</EventID><Version>5</Version><Level>4</Level><Task>1</Task><Opcode>0</Opcode><Keywords>0x8000000000000000</Keywords><TimeCreated SystemTime='2023-07-20T02:30:32.9124598Z'/><EventRecordID>11698</EventRecordID><Correlation/><Execution ProcessID='2848' ThreadID='3160'/><Channel>Microsoft-Windows-Sysmon/Operational</Channel><Computer>Jerry-PC</Computer><Security UserID='S-1-5-18'/></System><EventData><Data Name='RuleName'>-</Data><Data Name='UtcTime'>2023-07-20 02:30:32.897</Data><Data Name='ProcessGuid'>{3f0f5ad4-9c48-64b8-bf00-000000003000}</Data><Data Name='ProcessId'>4504</Data><Data Name='Image'>C:\Windows\System32\wermgr.exe</Data><Data Name='FileVersion'>10.0.22621.1635 (WinBuild.160101.0800)</Data><Data Name='Description'>Windows Problem Reporting</Data><Data Name='Product'>Microsoft® Windows® Operating System</Data><Data Name='Company'>Microsoft Corporation</Data><Data Name='OriginalFileName'>WerMgr</Data><Data Name='CommandLine'>"C:\Windows\system32\wermgr.exe" -upload</Data><Data Name='CurrentDirectory'>C:\Windows\system32\</Data><Data Name='User'>NT AUTHORITY\SYSTEM</Data><Data Name='LogonGuid'>{3f0f5ad4-0000-0000-e703-000000000000}</Data><Data Name='LogonId'>0x3e7</Data><Data Name='TerminalSessionId'>0</Data><Data Name='IntegrityLevel'>System</Data><Data Name='Hashes'>MD5=B2EB37F1BD88302C2F150217722A8C9F,SHA256=A4C41C6C4E1D0FADC9BD3313A3D0E329517F400BD8908DD8C70AC69758E60875,IMPHASH=422FB71BB27BE19CB0090FE6B55279F1</Data><Data Name='ParentProcessGuid'>{3f0f5ad4-9a83-64b8-1300-000000003000}</Data><Data Name='ParentProcessId'>476</Data><Data Name='ParentImage'>C:\Windows\System32\svchost.exe</Data><Data Name='ParentCommandLine'>C:\Windows\system32\svchost.exe -k netsvcs -p</Data><Data Name='ParentUser'>NT AUTHORITY\SYSTEM</Data></EventData></Event><Event xmlns='http://schemas.microsoft.com/win/2004/08/events/event'><System><Provider Name='Microsoft-Windows-Sysmon' Guid='{5770385f-c22a-43e0-bf4c-06f5698ffbd9}'/><EventID>1</EventID><Version>5</Version><Level>4</Level><Task>1</Task><Opcode>0</Opcode><Keywords>0x8000000000000000</Keywords><TimeCreated SystemTime='2023-07-20T02:30:32.0830263Z'/><EventRecordID>11697</EventRecordID><Correlation/><Execution ProcessID='2848' ThreadID='3160'/><Channel>Microsoft-Windows-Sysmon/Operational</Channel><Computer>Jerry-PC</Computer><Security UserID='S-1-5-18'/></System><EventData><Data Name='RuleName'>-</Data><Data Name='UtcTime'>2023-07-20 02:30:31.993</Data><Data Name='ProcessGuid'>{3f0f5ad4-9c47-64b8-bd00-000000003000}</Data><Data Name='ProcessId'>6468</Data><Data Name='Image'>C:\Windows\System32\svchost.exe</Data><Data Name='FileVersion'>10.0.22621.1 (WinBuild.160101.0800)</Data><Data Name='Description'>Host Process for Windows Services</Data><Data Name='Product'>Microsoft® Windows® Operating System</Data><Data Name='Company'>Microsoft Corporation</Data><Data Name='OriginalFileName'>svchost.exe</Data><Data Name='CommandLine'>C:\Windows\System32\svchost.exe -k CameraMonitor</Data><Data Name='CurrentDirectory'>C:\Windows\system32\</Data><Data Name='User'>NT AUTHORITY\SYSTEM</Data><Data Name='LogonGuid'>{3f0f5ad4-9a82-64b8-e703-000000000000}</Data><Data Name='LogonId'>0x3e7</Data><Data Name='TerminalSessionId'>0</Data><Data Name='IntegrityLevel'>System</Data><Data Name='Hashes'>MD5=8EC922C7A58A8701AB481B7BE9644536,SHA256=949BFB5B4C7D58D92F3F9C5F8EC7CA4CEAFFD10EC5F0020F0A987C472D61C54B,IMPHASH=76B4BAE80D2C3B08BB062D97BF9CA791</Data><Data Name='ParentProcessGuid'>{3f0f5ad4-9a82-64b8-0b00-000000003000}</Data><Data Name='ParentProcessId'>728</Data><Data Name='ParentImage'>C:\Windows\System32\services.exe</Data><Data Name='ParentCommandLine'>C:\Windows\system32\services.exe</Data><Data Name='ParentUser'>NT AUTHORITY\SYSTEM</Data></EventData></Event><Event xmlns='http://schemas.microsoft.com/win/2004/08/events/event'><System><Provider Name='Microsoft-Windows-Sysmon' Guid='{5770385f-c22a-43e0-bf4c-06f5698ffbd9}'/><EventID>5</EventID><Version>3</Version><Level>4</Level><Task>5</Task><Opcode>0</Opcode><Keywords>0x8000000000000000</Keywords><TimeCreated SystemTime='2023-07-20T02:30:31.4785170Z'/><EventRecordID>11696</EventRecordID><Correlation/><Execution ProcessID='2848' ThreadID='3160'/><Channel>Microsoft-Windows-Sysmon/Operational</Channel><Computer>Jerry-PC</Computer><Security UserID='S-1-5-18'/></System><EventData><Data Name='RuleName'>-</Data><Data Name='UtcTime'>2023-07-20 02:30:31.470</Data><Data Name='ProcessGuid'>{3f0f5ad4-9a9d-64b8-6b00-000000003000}</Data><Data Name='ProcessId'>4488</Data><Data Name='Image'>C:\Users\Jerry\AppData\Local\Microsoft\OneDrive\OneDrive.exe</Data><Data Name='User'>JERRY-PC\Jerry</Data></EventData></Event><Event xmlns='http://schemas.microsoft.com/win/2004/08/events/event'><System><Provider Name='Microsoft-Windows-Sysmon' Guid='{5770385f-c22a-43e0-bf4c-06f5698ffbd9}'/><EventID>1</EventID><Version>5</Version><Level>4</Level><Task>1</Task><Opcode>0</Opcode><Keywords>0x8000000000000000</Keywords><TimeCreated SystemTime='2023-07-20T02:30:31.1101720Z'/><EventRecordID>11695</EventRecordID><Correlation/><Execution ProcessID='2848' ThreadID='3160'/><Channel>Microsoft-Windows-Sysmon/Operational</Channel><Computer>Jerry-PC</Computer><Security UserID='S-1-5-18'/></System><EventData><Data Name='RuleName'>-</Data><Data Name='UtcTime'>2023-07-20 02:30:31.108</Data><Data Name='ProcessGuid'>{3f0f5ad4-9c47-64b8-bc00-000000003000}</Data><Data Name='ProcessId'>1596</Data><Data Name='Image'>C:\Windows\System32\LogonUI.exe</Data><Data Name='FileVersion'>10.0.22621.1 (WinBuild.160101.0800)</Data><Data Name='Description'>Windows Logon User Interface Host</Data><Data Name='Product'>Microsoft® Windows® Operating System</Data><Data Name='Company'>Microsoft Corporation</Data><Data Name='OriginalFileName'>logonui.exe</Data><Data Name='CommandLine'>"LogonUI.exe" /flags:0x4 /state0:0xa382c855 /state1:0x41c64e6d</Data><Data Name='CurrentDirectory'>C:\Windows\system32\</Data><Data Name='User'>NT AUTHORITY\SYSTEM</Data><Data Name='LogonGuid'>{3f0f5ad4-9a82-64b8-e703-000000000000}</Data><Data Name='LogonId'>0x3e7</Data><Data Name='TerminalSessionId'>1</Data><Data Name='IntegrityLevel'>System</Data><Data Name='Hashes'>MD5=B3CC2464BECE9A99D8C755A7CCBFEF52,SHA256=B62E62C7374CE1398B985AF3122FF10A092750F65191FDC3AA6151DE130183A3,IMPHASH=0EF1A1FBF5FA5B3737A8D19C60F416A9</Data><Data Name='ParentProcessGuid'>{3f0f5ad4-9a82-64b8-0a00-000000003000}</Data><Data Name='ParentProcessId'>712</Data><Data Name='ParentImage'>C:\Windows\System32\winlogon.exe</Data><Data Name='ParentCommandLine'>winlogon.exe</Data><Data Name='ParentUser'>NT AUTHORITY\SYSTEM</Data></EventData></Event><Event xmlns='http://schemas.microsoft.com/win/2004/08/events/event'><System><Provider Name='Microsoft-Windows-Sysmon' Guid='{5770385f-c22a-43e0-bf4c-06f5698ffbd9}'/><EventID>13</EventID><Version>2</Version><Level>4</Level><Task>13</Task><Opcode>0</Opcode><Keywords>0x8000000000000000</Keywords><TimeCreated SystemTime='2023-07-20T02:30:28.9322848Z'/><EventRecordID>11694</EventRecordID><Correlation/><Execution ProcessID='2848' ThreadID='3160'/><Channel>Microsoft-Windows-Sysmon/Operational</Channel><Computer>Jerry-PC</Computer><Security UserID='S-1-5-18'/></System><EventData><Data Name='RuleName'>InvDB</Data><Data Name='EventType'>SetValue</Data><Data Name='UtcTime'>2023-07-20 02:30:28.926</Data><Data Name='ProcessGuid'>{3f0f5ad4-9a83-64b8-1500-000000003000}</Data><Data Name='ProcessId'>1108</Data><Data Name='Image'>C:\Windows\System32\svchost.exe</Data><Data Name='TargetObject'>HKU\S-1-5-21-2179537870-318094351-2244724518-1005\Software\Microsoft\Windows NT\CurrentVersion\AppCompatFlags\Compatibility Assistant\Store\C:\Users\Jerry\Desktop\clearsysmon.exe</Data><Data Name='Details'>Binary Data</Data><Data Name='User'>NT AUTHORITY\SYSTEM</Data></EventData></Event><Event xmlns='http://schemas.microsoft.com/win/2004/08/events/event'><System><Provider Name='Microsoft-Windows-Sysmon' Guid='{5770385f-c22a-43e0-bf4c-06f5698ffbd9}'/><EventID>13</EventID><Version>2</Version><Level>4</Level><Task>13</Task><Opcode>0</Opcode><Keywords>0x8000000000000000</Keywords><TimeCreated SystemTime='2023-07-20T02:30:28.9321611Z'/><EventRecordID>11693</EventRecordID><Correlation/><Execution ProcessID='2848' ThreadID='3160'/><Channel>Microsoft-Windows-Sysmon/Operational</Channel><Computer>Jerry-PC</Computer><Security UserID='S-1-5-18'/></System><EventData><Data Name='RuleName'>InvDB</Data><Data Name='EventType'>SetValue</Data><Data Name='UtcTime'>2023-07-20 02:30:28.926</Data><Data Name='ProcessGuid'>{3f0f5ad4-9a83-64b8-1500-000000003000}</Data><Data Name='ProcessId'>1108</Data><Data Name='Image'>C:\Windows\System32\svchost.exe</Data><Data Name='TargetObject'>HKU\S-1-5-21-2179537870-318094351-2244724518-1005\Software\Microsoft\Windows NT\CurrentVersion\AppCompatFlags\Compatibility Assistant\Store\C:\Users\Jerry\Desktop\clearsysmon.exe</Data><Data Name='Details'>Binary Data</Data><Data Name='User'>NT AUTHORITY\SYSTEM</Data></EventData></Event><Event xmlns='http://schemas.microsoft.com/win/2004/08/events/event'><System><Provider Name='Microsoft-Windows-Sysmon' Guid='{5770385f-c22a-43e0-bf4c-06f5698ffbd9}'/><EventID>5</EventID><Version>3</Version><Level>4</Level><Task>5</Task><Opcode>0</Opcode><Keywords>0x8000000000000000</Keywords><TimeCreated SystemTime='2023-07-20T02:30:26.8536654Z'/><EventRecordID>11692</EventRecordID><Correlation/><Execution ProcessID='2848' ThreadID='3160'/><Channel>Microsoft-Windows-Sysmon/Operational</Channel><Computer>Jerry-PC</Computer><Security UserID='S-1-5-18'/></System><EventData><Data Name='RuleName'>-</Data><Data Name='UtcTime'>2023-07-20 02:30:26.845</Data><Data Name='ProcessGuid'>{3f0f5ad4-9c41-64b8-b500-000000003000}</Data><Data Name='ProcessId'>4056</Data><Data Name='Image'>C:\Users\Jerry\Desktop\clearsysmon.exe</Data><Data Name='User'>JERRY-PC\Jerry</Data></EventData></Event><Event xmlns='http://schemas.microsoft.com/win/2004/08/events/event'><System><Provider Name='Microsoft-Windows-Sysmon' Guid='{5770385f-c22a-43e0-bf4c-06f5698ffbd9}'/><EventID>5</EventID><Version>3</Version><Level>4</Level><Task>5</Task><Opcode>0</Opcode><Keywords>0x8000000000000000</Keywords><TimeCreated SystemTime='2023-07-20T02:30:26.8397716Z'/><EventRecordID>11691</EventRecordID><Correlation/><Execution ProcessID='2848' ThreadID='3160'/><Channel>Microsoft-Windows-Sysmon/Operational</Channel><Computer>Jerry-PC</Computer><Security UserID='S-1-5-18'/></System><EventData><Data Name='RuleName'>-</Data><Data Name='UtcTime'>2023-07-20 02:30:26.826</Data><Data Name='ProcessGuid'>{3f0f5ad4-9c42-64b8-b600-000000003000}</Data><Data Name='ProcessId'>6948</Data><Data Name='Image'>C:\Users\Jerry\Desktop\clearsysmon.exe</Data><Data Name='User'>JERRY-PC\Jerry</Data></EventData></Event><Event xmlns='http://schemas.microsoft.com/win/2004/08/events/event'><System><Provider Name='Microsoft-Windows-Sysmon' Guid='{5770385f-c22a-43e0-bf4c-06f5698ffbd9}'/><EventID>1</EventID><Version>5</Version><Level>4</Level><Task>1</Task><Opcode>0</Opcode><Keywords>0x8000000000000000</Keywords><TimeCreated SystemTime='2023-07-20T02:30:26.7503143Z'/><EventRecordID>11690</EventRecordID><Correlation/><Execution ProcessID='2848' ThreadID='3160'/><Channel>Microsoft-Windows-Sysmon/Operational</Channel><Computer>Jerry-PC</Computer><Security UserID='S-1-5-18'/></System><EventData><Data Name='RuleName'>-</Data><Data Name='UtcTime'>2023-07-20 02:30:26.743</Data><Data Name='ProcessGuid'>{3f0f5ad4-9c42-64b8-b900-000000003000}</Data><Data Name='ProcessId'>1292</Data><Data Name='Image'>C:\Windows\System32\wevtutil.exe</Data><Data Name='FileVersion'>10.0.22621.1778 (WinBuild.160101.0800)</Data><Data Name='Description'>Windows Event Log Utility</Data><Data Name='Product'>Microsoft® Windows® Operating System</Data><Data Name='Company'>Microsoft Corporation</Data><Data Name='OriginalFileName'>wevtutil.exe</Data><Data Name='CommandLine'>wevtutil  cl Microsoft-Windows-Sysmon/Operational</Data><Data Name='CurrentDirectory'>C:\Users\Jerry\Desktop\</Data><Data Name='User'>JERRY-PC\Jerry</Data><Data Name='LogonGuid'>{3f0f5ad4-9a85-64b8-5e64-020000000000}</Data><Data Name='LogonId'>0x2645e</Data><Data Name='TerminalSessionId'>1</Data><Data Name='IntegrityLevel'>High</Data><Data Name='Hashes'>MD5=DFE4A9613993ECAFE6B38DEFE8D495F2,SHA256=3635324AA002EBB7FD99D50E63ACDAC0C34E831A7F35E7B33F37854557538588,IMPHASH=92CA71320A49850E970004A94EA5D695</Data><Data Name='ParentProcessGuid'>{3f0f5ad4-9c42-64b8-b700-000000003000}</Data><Data Name='ParentProcessId'>5772</Data><Data Name='ParentImage'>C:\Windows\System32\cmd.exe</Data><Data Name='ParentCommandLine'>C:\Windows\system32\cmd.exe /c "wevtutil cl Microsoft-Windows-Sysmon/Operational"</Data><Data Name='ParentUser'>JERRY-PC\Jerry</Data></EventData></Event><Event xmlns='http://schemas.microsoft.com/win/2004/08/events/event'><System><Provider Name='Microsoft-Windows-Sysmon' Guid='{5770385f-c22a-43e0-bf4c-06f5698ffbd9}'/><EventID>1</EventID><Version>5</Version><Level>4</Level><Task>1</Task><Opcode>0</Opcode><Keywords>0x8000000000000000</Keywords><TimeCreated SystemTime='2023-07-20T02:30:26.6923674Z'/><EventRecordID>11689</EventRecordID><Correlation/><Execution ProcessID='2848' ThreadID='3160'/><Channel>Microsoft-Windows-Sysmon/Operational</Channel><Computer>Jerry-PC</Computer><Security UserID='S-1-5-18'/></System><EventData><Data Name='RuleName'>-</Data><Data Name='UtcTime'>2023-07-20 02:30:26.691</Data><Data Name='ProcessGuid'>{3f0f5ad4-9c42-64b8-b700-000000003000}</Data><Data Name='ProcessId'>5772</Data><Data Name='Image'>C:\Windows\System32\cmd.exe</Data><Data Name='FileVersion'>10.0.22621.1635 (WinBuild.160101.0800)</Data><Data Name='Description'>Windows Command Processor</Data><Data Name='Product'>Microsoft® Windows® Operating System</Data><Data Name='Company'>Microsoft Corporation</Data><Data Name='OriginalFileName'>Cmd.Exe</Data><Data Name='CommandLine'>C:\Windows\system32\cmd.exe /c "wevtutil cl Microsoft-Windows-Sysmon/Operational"</Data><Data Name='CurrentDirectory'>C:\Users\Jerry\Desktop\</Data><Data Name='User'>JERRY-PC\Jerry</Data><Data Name='LogonGuid'>{3f0f5ad4-9a85-64b8-5e64-020000000000}</Data><Data Name='LogonId'>0x2645e</Data><Data Name='TerminalSessionId'>1</Data><Data Name='IntegrityLevel'>High</Data><Data Name='Hashes'>MD5=5A6BE4D2519515241D0C133A26CF62C0,SHA256=423E0E810A69AACEBA0E5670E58AFF898CF0EBFFAB99CCB46EBB3464C3D2FACB,IMPHASH=D73E39DAB3C8B57AA408073D01254964</Data><Data Name='ParentProcessGuid'>{3f0f5ad4-9c42-64b8-b600-000000003000}</Data><Data Name='ParentProcessId'>6948</Data><Data Name='ParentImage'>C:\Users\Jerry\Desktop\clearsysmon.exe</Data><Data Name='ParentCommandLine'>"C:\Users\Jerry\Desktop\clearsysmon.exe" </Data><Data Name='ParentUser'>JERRY-PC\Jerry</Data></EventData></Event><Event xmlns='http://schemas.microsoft.com/win/2004/08/events/event'><System><Provider Name='Microsoft-Windows-Sysmon' Guid='{5770385f-c22a-43e0-bf4c-06f5698ffbd9}'/><EventID>1</EventID><Version>5</Version><Level>4</Level><Task>1</Task><Opcode>0</Opcode><Keywords>0x8000000000000000</Keywords><TimeCreated SystemTime='2023-07-20T02:30:26.1938234Z'/><EventRecordID>11688</EventRecordID><Correlation/><Execution ProcessID='2848' ThreadID='3160'/><Channel>Microsoft-Windows-Sysmon/Operational</Channel><Computer>Jerry-PC</Computer><Security UserID='S-1-5-18'/></System><EventData><Data Name='RuleName'>-</Data><Data Name='UtcTime'>2023-07-20 02:30:26.185</Data><Data Name='ProcessGuid'>{3f0f5ad4-9c42-64b8-b600-000000003000}</Data><Data Name='ProcessId'>6948</Data><Data Name='Image'>C:\Users\Jerry\Desktop\clearsysmon.exe</Data><Data Name='FileVersion'>-</Data><Data Name='Description'>-</Data><Data Name='Product'>-</Data><Data Name='Company'>-</Data><Data Name='OriginalFileName'>-</Data><Data Name='CommandLine'>"C:\Users\Jerry\Desktop\clearsysmon.exe" </Data><Data Name='CurrentDirectory'>C:\Users\Jerry\Desktop\</Data><Data Name='User'>JERRY-PC\Jerry</Data><Data Name='LogonGuid'>{3f0f5ad4-9a85-64b8-5e64-020000000000}</Data><Data Name='LogonId'>0x2645e</Data><Data Name='TerminalSessionId'>1</Data><Data Name='IntegrityLevel'>High</Data><Data Name='Hashes'>MD5=A0C99EE34C497B87026D874B727880DF,SHA256=400D62A118140B029A54FAF90A3B7DDD0C1B22C3A09F0529E2258F58F127392B,IMPHASH=0B5552DCCD9D0A834CEA55C0C8FC05BE</Data><Data Name='ParentProcessGuid'>{3f0f5ad4-9c41-64b8-b500-000000003000}</Data><Data Name='ParentProcessId'>4056</Data><Data Name='ParentImage'>C:\Users\Jerry\Desktop\clearsysmon.exe</Data><Data Name='ParentCommandLine'>"C:\Users\Jerry\Desktop\clearsysmon.exe" </Data><Data Name='ParentUser'>JERRY-PC\Jerry</Data></EventData></Event><Event xmlns='http://schemas.microsoft.com/win/2004/08/events/event'><System><Provider Name='Microsoft-Windows-Sysmon' Guid='{5770385f-c22a-43e0-bf4c-06f5698ffbd9}'/><EventID>11</EventID><Version>2</Version><Level>4</Level><Task>11</Task><Opcode>0</Opcode><Keywords>0x8000000000000000</Keywords><TimeCreated SystemTime='2023-07-20T02:30:26.0924945Z'/><EventRecordID>11687</EventRecordID><Correlation/><Execution ProcessID='2848' ThreadID='3160'/><Channel>Microsoft-Windows-Sysmon/Operational</Channel><Computer>Jerry-PC</Computer><Security UserID='S-1-5-18'/></System><EventData><Data Name='RuleName'>DLL</Data><Data Name='UtcTime'>2023-07-20 02:30:26.087</Data><Data Name='ProcessGuid'>{3f0f5ad4-9c41-64b8-b500-000000003000}</Data><Data Name='ProcessId'>4056</Data><Data Name='Image'>C:\Users\Jerry\Desktop\clearsysmon.exe</Data><Data Name='TargetFilename'>C:\Users\Jerry\AppData\Local\Temp\_MEI40562\python311.dll</Data><Data Name='CreationUtcTime'>2023-07-20 02:30:26.087</Data><Data Name='User'>JERRY-PC\Jerry</Data></EventData></Event><Event xmlns='http://schemas.microsoft.com/win/2004/08/events/event'><System><Provider Name='Microsoft-Windows-Sysmon' Guid='{5770385f-c22a-43e0-bf4c-06f5698ffbd9}'/><EventID>11</EventID><Version>2</Version><Level>4</Level><Task>11</Task><Opcode>0</Opcode><Keywords>0x8000000000000000</Keywords><TimeCreated SystemTime='2023-07-20T02:30:26.0919659Z'/><EventRecordID>11686</EventRecordID><Correlation/><Execution ProcessID='2848' ThreadID='3160'/><Channel>Microsoft-Windows-Sysmon/Operational</Channel><Computer>Jerry-PC</Computer><Security UserID='S-1-5-18'/></System><EventData><Data Name='RuleName'>DLL</Data><Data Name='UtcTime'>2023-07-20 02:30:26.087</Data><Data Name='ProcessGuid'>{3f0f5ad4-9c41-64b8-b500-000000003000}</Data><Data Name='ProcessId'>4056</Data><Data Name='Image'>C:\Users\Jerry\Desktop\clearsysmon.exe</Data><Data Name='TargetFilename'>C:\Users\Jerry\AppData\Local\Temp\_MEI40562\python3.dll</Data><Data Name='CreationUtcTime'>2023-07-20 02:30:26.087</Data><Data Name='User'>JERRY-PC\Jerry</Data></EventData></Event><Event xmlns='http://schemas.microsoft.com/win/2004/08/events/event'><System><Provider Name='Microsoft-Windows-Sysmon' Guid='{5770385f-c22a-43e0-bf4c-06f5698ffbd9}'/><EventID>11</EventID><Version>2</Version><Level>4</Level><Task>11</Task><Opcode>0</Opcode><Keywords>0x8000000000000000</Keywords><TimeCreated SystemTime='2023-07-20T02:30:26.0919434Z'/><EventRecordID>11685</EventRecordID><Correlation/><Execution ProcessID='2848' ThreadID='3160'/><Channel>Microsoft-Windows-Sysmon/Operational</Channel><Computer>Jerry-PC</Computer><Security UserID='S-1-5-18'/></System><EventData><Data Name='RuleName'>DLL</Data><Data Name='UtcTime'>2023-07-20 02:30:26.082</Data><Data Name='ProcessGuid'>{3f0f5ad4-9c41-64b8-b500-000000003000}</Data><Data Name='ProcessId'>4056</Data><Data Name='Image'>C:\Users\Jerry\Desktop\clearsysmon.exe</Data><Data Name='TargetFilename'>C:\Users\Jerry\AppData\Local\Temp\_MEI40562\libssl-1_1.dll</Data><Data Name='CreationUtcTime'>2023-07-20 02:30:26.082</Data><Data Name='User'>JERRY-PC\Jerry</Data></EventData></Event><Event xmlns='http://schemas.microsoft.com/win/2004/08/events/event'><System><Provider Name='Microsoft-Windows-Sysmon' Guid='{5770385f-c22a-43e0-bf4c-06f5698ffbd9}'/><EventID>11</EventID><Version>2</Version><Level>4</Level><Task>11</Task><Opcode>0</Opcode><Keywords>0x8000000000000000</Keywords><TimeCreated SystemTime='2023-07-20T02:30:26.0918677Z'/><EventRecordID>11684</EventRecordID><Correlation/><Execution ProcessID='2848' ThreadID='3160'/><Channel>Microsoft-Windows-Sysmon/Operational</Channel><Computer>Jerry-PC</Computer><Security UserID='S-1-5-18'/></System><EventData><Data Name='RuleName'>DLL</Data><Data Name='UtcTime'>2023-07-20 02:30:26.082</Data><Data Name='ProcessGuid'>{3f0f5ad4-9c41-64b8-b500-000000003000}</Data><Data Name='ProcessId'>4056</Data><Data Name='Image'>C:\Users\Jerry\Desktop\clearsysmon.exe</Data><Data Name='TargetFilename'>C:\Users\Jerry\AppData\Local\Temp\_MEI40562\libffi-8.dll</Data><Data Name='CreationUtcTime'>2023-07-20 02:30:26.082</Data><Data Name='User'>JERRY-PC\Jerry</Data></EventData></Event><Event xmlns='http://schemas.microsoft.com/win/2004/08/events/event'><System><Provider Name='Microsoft-Windows-Sysmon' Guid='{5770385f-c22a-43e0-bf4c-06f5698ffbd9}'/><EventID>11</EventID><Version>2</Version><Level>4</Level><Task>11</Task><Opcode>0</Opcode><Keywords>0x8000000000000000</Keywords><TimeCreated SystemTime='2023-07-20T02:30:26.0599467Z'/><EventRecordID>11683</EventRecordID><Correlation/><Execution ProcessID='2848' ThreadID='3160'/><Channel>Microsoft-Windows-Sysmon/Operational</Channel><Computer>Jerry-PC</Computer><Security UserID='S-1-5-18'/></System><EventData><Data Name='RuleName'>DLL</Data><Data Name='UtcTime'>2023-07-20 02:30:26.058</Data><Data Name='ProcessGuid'>{3f0f5ad4-9c41-64b8-b500-000000003000}</Data><Data Name='ProcessId'>4056</Data><Data Name='Image'>C:\Users\Jerry\Desktop\clearsysmon.exe</Data><Data Name='TargetFilename'>C:\Users\Jerry\AppData\Local\Temp\_MEI40562\libcrypto-1_1.dll</Data><Data Name='CreationUtcTime'>2023-07-20 02:30:26.058</Data><Data Name='User'>JERRY-PC\Jerry</Data></EventData></Event></Events>