<Event xmlns='http://schemas.microsoft.com/win/2004/08/events/event'><System><Provider Name='Microsoft-Windows-Sysmon' Guid='{5770385f-c22a-43e0-bf4c-06f5698ffbd9}'/><EventID>1</EventID><Version>5</Version><Level>4</Level><Task>1</Task><Opcode>0</Opcode><Keywords>0x8000000000000000</Keywords><TimeCreated SystemTime='2023-07-23T23:11:10.5205408Z'/><EventRecordID>11931</EventRecordID><Correlation/><Execution ProcessID='2760' ThreadID='3284'/><Channel>Microsoft-Windows-Sysmon/Operational</Channel><Computer>Jerry-PC</Computer><Security UserID='S-1-5-18'/></System><EventData><Data Name='RuleName'>-</Data><Data Name='UtcTime'>2023-07-23 23:11:10.510</Data><Data Name='ProcessGuid'>{3f0f5ad4-b38e-64bd-9e00-000000003100}</Data><Data Name='ProcessId'>6236</Data><Data Name='Image'>C:\Windows\System32\WindowsPowerShell\v1.0\powershell.exe</Data><Data Name='FileVersion'>10.0.22621.1635 (WinBuild.160101.0800)</Data><Data Name='Description'>Windows PowerShell</Data><Data Name='Product'>Microsoft® Windows® Operating System</Data><Data Name='Company'>Microsoft Corporation</Data><Data Name='OriginalFileName'>PowerShell.EXE</Data><Data Name='CommandLine'>powershell -Command "Start-Process -FilePath \"cmd.exe\" -ArgumentList \"/c net user LittleNewman password /add\" -Verb RunAs"</Data><Data Name='CurrentDirectory'>E:\</Data><Data Name='User'>JERRY-PC\Jerry</Data><Data Name='LogonGuid'>{3f0f5ad4-b317-64bd-235a-050000000000}</Data><Data Name='LogonId'>0x55a23</Data><Data Name='TerminalSessionId'>1</Data><Data Name='IntegrityLevel'>High</Data><Data Name='Hashes'>MD5=0499440C4B0783266183246E384C6657,SHA256=D436E66C0D092508E4B85290815AB375695FA9013C7423A3A27FED4F1ACF90BD,IMPHASH=342A7FD0A3177AE5549A5EEE99F82271</Data><Data Name='ParentProcessGuid'>{3f0f5ad4-b38d-64bd-9d00-000000003100}</Data><Data Name='ParentProcessId'>5512</Data><Data Name='ParentImage'>E:\Win11updates.exe</Data><Data Name='ParentCommandLine'>"E:\Win11updates.exe" </Data><Data Name='ParentUser'>JERRY-PC\Jerry</Data></EventData></Event><Event xmlns='http://schemas.microsoft.com/win/2004/08/events/event'><System><Provider Name='Microsoft-Windows-Sysmon' Guid='{5770385f-c22a-43e0-bf4c-06f5698ffbd9}'/><EventID>1</EventID><Version>5</Version><Level>4</Level><Task>1</Task><Opcode>0</Opcode><Keywords>0x8000000000000000</Keywords><TimeCreated SystemTime='2023-07-23T23:11:09.9378177Z'/><EventRecordID>11930</EventRecordID><Correlation/><Execution ProcessID='2760' ThreadID='3284'/><Channel>Microsoft-Windows-Sysmon/Operational</Channel><Computer>Jerry-PC</Computer><Security UserID='S-1-5-18'/></System><EventData><Data Name='RuleName'>-</Data><Data Name='UtcTime'>2023-07-23 23:11:09.936</Data><Data Name='ProcessGuid'>{3f0f5ad4-b38d-64bd-9d00-000000003100}</Data><Data Name='ProcessId'>5512</Data><Data Name='Image'>E:\Win11updates.exe</Data><Data Name='FileVersion'>-</Data><Data Name='Description'>-</Data><Data Name='Product'>-</Data><Data Name='Company'>-</Data><Data Name='OriginalFileName'>-</Data><Data Name='CommandLine'>"E:\Win11updates.exe" </Data><Data Name='CurrentDirectory'>E:\</Data><Data Name='User'>JERRY-PC\Jerry</Data><Data Name='LogonGuid'>{3f0f5ad4-b317-64bd-235a-050000000000}</Data><Data Name='LogonId'>0x55a23</Data><Data Name='TerminalSessionId'>1</Data><Data Name='IntegrityLevel'>High</Data><Data Name='Hashes'>MD5=25703C731DA76007CB83370106AA9A39,SHA256=35BB4785955B852476C63C06262F6C1079E1C850B6B2B9DE4EAC40349ED937AD,IMPHASH=0B5552DCCD9D0A834CEA55C0C8FC05BE</Data><Data Name='ParentProcessGuid'>{3f0f5ad4-b38d-64bd-9c00-000000003100}</Data><Data Name='ParentProcessId'>6648</Data><Data Name='ParentImage'>E:\Win11updates.exe</Data><Data Name='ParentCommandLine'>"E:\Win11updates.exe" </Data><Data Name='ParentUser'>JERRY-PC\Jerry</Data></EventData></Event><Event xmlns='http://schemas.microsoft.com/win/2004/08/events/event'><System><Provider Name='Microsoft-Windows-Sysmon' Guid='{5770385f-c22a-43e0-bf4c-06f5698ffbd9}'/><EventID>11</EventID><Version>2</Version><Level>4</Level><Task>11</Task><Opcode>0</Opcode><Keywords>0x8000000000000000</Keywords><TimeCreated SystemTime='2023-07-23T23:11:09.8970169Z'/><EventRecordID>11929</EventRecordID><Correlation/><Execution ProcessID='2760' ThreadID='3284'/><Channel>Microsoft-Windows-Sysmon/Operational</Channel><Computer>Jerry-PC</Computer><Security UserID='S-1-5-18'/></System><EventData><Data Name='RuleName'>DLL</Data><Data Name='UtcTime'>2023-07-23 23:11:09.863</Data><Data Name='ProcessGuid'>{3f0f5ad4-b38d-64bd-9c00-000000003100}</Data><Data Name='ProcessId'>6648</Data><Data Name='Image'>E:\Win11updates.exe</Data><Data Name='TargetFilename'>C:\Users\Jerry\AppData\Local\Temp\_MEI66482\python311.dll</Data><Data Name='CreationUtcTime'>2023-07-23 23:11:09.863</Data><Data Name='User'>JERRY-PC\Jerry</Data></EventData></Event><Event xmlns='http://schemas.microsoft.com/win/2004/08/events/event'><System><Provider Name='Microsoft-Windows-Sysmon' Guid='{5770385f-c22a-43e0-bf4c-06f5698ffbd9}'/><EventID>11</EventID><Version>2</Version><Level>4</Level><Task>11</Task><Opcode>0</Opcode><Keywords>0x8000000000000000</Keywords><TimeCreated SystemTime='2023-07-23T23:11:09.8967291Z'/><EventRecordID>11928</EventRecordID><Correlation/><Execution ProcessID='2760' ThreadID='3284'/><Channel>Microsoft-Windows-Sysmon/Operational</Channel><Computer>Jerry-PC</Computer><Security UserID='S-1-5-18'/></System><EventData><Data Name='RuleName'>DLL</Data><Data Name='UtcTime'>2023-07-23 23:11:09.863</Data><Data Name='ProcessGuid'>{3f0f5ad4-b38d-64bd-9c00-000000003100}</Data><Data Name='ProcessId'>6648</Data><Data Name='Image'>E:\Win11updates.exe</Data><Data Name='TargetFilename'>C:\Users\Jerry\AppData\Local\Temp\_MEI66482\python3.dll</Data><Data Name='CreationUtcTime'>2023-07-23 23:11:09.863</Data><Data Name='User'>JERRY-PC\Jerry</Data></EventData></Event><Event xmlns='http://schemas.microsoft.com/win/2004/08/events/event'><System><Provider Name='Microsoft-Windows-Sysmon' Guid='{5770385f-c22a-43e0-bf4c-06f5698ffbd9}'/><EventID>11</EventID><Version>2</Version><Level>4</Level><Task>11</Task><Opcode>0</Opcode><Keywords>0x8000000000000000</Keywords><TimeCreated SystemTime='2023-07-23T23:11:09.8627460Z'/><EventRecordID>11927</EventRecordID><Correlation/><Execution ProcessID='2760' ThreadID='3284'/><Channel>Microsoft-Windows-Sysmon/Operational</Channel><Computer>Jerry-PC</Computer><Security UserID='S-1-5-18'/></System><EventData><Data Name='RuleName'>DLL</Data><Data Name='UtcTime'>2023-07-23 23:11:09.858</Data><Data Name='ProcessGuid'>{3f0f5ad4-b38d-64bd-9c00-000000003100}</Data><Data Name='ProcessId'>6648</Data><Data Name='Image'>E:\Win11updates.exe</Data><Data Name='TargetFilename'>C:\Users\Jerry\AppData\Local\Temp\_MEI66482\libssl-1_1.dll</Data><Data Name='CreationUtcTime'>2023-07-23 23:11:09.858</Data><Data Name='User'>JERRY-PC\Jerry</Data></EventData></Event><Event xmlns='http://schemas.microsoft.com/win/2004/08/events/event'><System><Provider Name='Microsoft-Windows-Sysmon' Guid='{5770385f-c22a-43e0-bf4c-06f5698ffbd9}'/><EventID>11</EventID><Version>2</Version><Level>4</Level><Task>11</Task><Opcode>0</Opcode><Keywords>0x8000000000000000</Keywords><TimeCreated SystemTime='2023-07-23T23:11:09.8626458Z'/><EventRecordID>11926</EventRecordID><Correlation/><Execution ProcessID='2760' ThreadID='3284'/><Channel>Microsoft-Windows-Sysmon/Operational</Channel><Computer>Jerry-PC</Computer><Security UserID='S-1-5-18'/></System><EventData><Data Name='RuleName'>DLL</Data><Data Name='UtcTime'>2023-07-23 23:11:09.858</Data><Data Name='ProcessGuid'>{3f0f5ad4-b38d-64bd-9c00-000000003100}</Data><Data Name='ProcessId'>6648</Data><Data Name='Image'>E:\Win11updates.exe</Data><Data Name='TargetFilename'>C:\Users\Jerry\AppData\Local\Temp\_MEI66482\libffi-8.dll</Data><Data Name='CreationUtcTime'>2023-07-23 23:11:09.858</Data><Data Name='User'>JERRY-PC\Jerry</Data></EventData></Event><Event xmlns='http://schemas.microsoft.com/win/2004/08/events/event'><System><Provider Name='Microsoft-Windows-Sysmon' Guid='{5770385f-c22a-43e0-bf4c-06f5698ffbd9}'/><EventID>11</EventID><Version>2</Version><Level>4</Level><Task>11</Task><Opcode>0</Opcode><Keywords>0x8000000000000000</Keywords><TimeCreated SystemTime='2023-07-23T23:11:09.8457209Z'/><EventRecordID>11925</EventRecordID><Correlation/><Execution ProcessID='2760' ThreadID='3284'/><Channel>Microsoft-Windows-Sysmon/Operational</Channel><Computer>Jerry-PC</Computer><Security UserID='S-1-5-18'/></System><EventData><Data Name='RuleName'>DLL</Data><Data Name='UtcTime'>2023-07-23 23:11:09.833</Data><Data Name='ProcessGuid'>{3f0f5ad4-b38d-64bd-9c00-000000003100}</Data><Data Name='ProcessId'>6648</Data><Data Name='Image'>E:\Win11updates.exe</Data><Data Name='TargetFilename'>C:\Users\Jerry\AppData\Local\Temp\_MEI66482\libcrypto-1_1.dll</Data><Data Name='CreationUtcTime'>2023-07-23 23:11:09.833</Data><Data Name='User'>JERRY-PC\Jerry</Data></EventData></Event><Event xmlns='http://schemas.microsoft.com/win/2004/08/events/event'><System><Provider Name='Microsoft-Windows-Sysmon' Guid='{5770385f-c22a-43e0-bf4c-06f5698ffbd9}'/><EventID>11</EventID><Version>2</Version><Level>4</Level><Task>11</Task><Opcode>0</Opcode><Keywords>0x8000000000000000</Keywords><TimeCreated SystemTime='2023-07-23T23:11:09.7878327Z'/><EventRecordID>11924</EventRecordID><Correlation/><Execution ProcessID='2760' ThreadID='3284'/><Channel>Microsoft-Windows-Sysmon/Operational</Channel><Computer>Jerry-PC</Computer><Security UserID='S-1-5-18'/></System><EventData><Data Name='RuleName'>DLL</Data><Data Name='UtcTime'>2023-07-23 23:11:09.770</Data><Data Name='ProcessGuid'>{3f0f5ad4-b38d-64bd-9c00-000000003100}</Data><Data Name='ProcessId'>6648</Data><Data Name='Image'>E:\Win11updates.exe</Data><Data Name='TargetFilename'>C:\Users\Jerry\AppData\Local\Temp\_MEI66482\VCRUNTIME140.dll</Data><Data Name='CreationUtcTime'>2023-07-23 23:11:09.770</Data><Data Name='User'>JERRY-PC\Jerry</Data></EventData></Event><Event xmlns='http://schemas.microsoft.com/win/2004/08/events/event'><System><Provider Name='Microsoft-Windows-Sysmon' Guid='{5770385f-c22a-43e0-bf4c-06f5698ffbd9}'/><EventID>13</EventID><Version>2</Version><Level>4</Level><Task>13</Task><Opcode>0</Opcode><Keywords>0x8000000000000000</Keywords><TimeCreated SystemTime='2023-07-23T23:11:09.7394998Z'/><EventRecordID>11923</EventRecordID><Correlation/><Execution ProcessID='2760' ThreadID='3284'/><Channel>Microsoft-Windows-Sysmon/Operational</Channel><Computer>Jerry-PC</Computer><Security UserID='S-1-5-18'/></System><EventData><Data Name='RuleName'>InvDB-CompileTimeClaim</Data><Data Name='EventType'>SetValue</Data><Data Name='UtcTime'>2023-07-23 23:11:09.730</Data><Data Name='ProcessGuid'>{3f0f5ad4-b311-64bd-1600-000000003100}</Data><Data Name='ProcessId'>1132</Data><Data Name='Image'>C:\Windows\System32\svchost.exe</Data><Data Name='TargetObject'>\REGISTRY\A\{5dfb6902-580d-20f2-eee2-25aecfb2b037}\Root\InventoryApplicationFile\win11updates.exe|79834fe67b152d51\LinkDate</Data><Data Name='Details'>07/20/2023 02:17:43</Data><Data Name='User'>NT AUTHORITY\SYSTEM</Data></EventData></Event><Event xmlns='http://schemas.microsoft.com/win/2004/08/events/event'><System><Provider Name='Microsoft-Windows-Sysmon' Guid='{5770385f-c22a-43e0-bf4c-06f5698ffbd9}'/><EventID>13</EventID><Version>2</Version><Level>4</Level><Task>13</Task><Opcode>0</Opcode><Keywords>0x8000000000000000</Keywords><TimeCreated SystemTime='2023-07-23T23:11:09.7392091Z'/><EventRecordID>11922</EventRecordID><Correlation/><Execution ProcessID='2760' ThreadID='3284'/><Channel>Microsoft-Windows-Sysmon/Operational</Channel><Computer>Jerry-PC</Computer><Security UserID='S-1-5-18'/></System><EventData><Data Name='RuleName'>InvDB-Path</Data><Data Name='EventType'>SetValue</Data><Data Name='UtcTime'>2023-07-23 23:11:09.730</Data><Data Name='ProcessGuid'>{3f0f5ad4-b311-64bd-1600-000000003100}</Data><Data Name='ProcessId'>1132</Data><Data Name='Image'>C:\Windows\System32\svchost.exe</Data><Data Name='TargetObject'>\REGISTRY\A\{5dfb6902-580d-20f2-eee2-25aecfb2b037}\Root\InventoryApplicationFile\win11updates.exe|79834fe67b152d51\LowerCaseLongPath</Data><Data Name='Details'>e:\win11updates.exe</Data><Data Name='User'>NT AUTHORITY\SYSTEM</Data></EventData></Event><Event xmlns='http://schemas.microsoft.com/win/2004/08/events/event'><System><Provider Name='Microsoft-Windows-Sysmon' Guid='{5770385f-c22a-43e0-bf4c-06f5698ffbd9}'/><EventID>13</EventID><Version>2</Version><Level>4</Level><Task>13</Task><Opcode>0</Opcode><Keywords>0x8000000000000000</Keywords><TimeCreated SystemTime='2023-07-23T23:11:09.6945012Z'/><EventRecordID>11921</EventRecordID><Correlation/><Execution ProcessID='2760' ThreadID='3284'/><Channel>Microsoft-Windows-Sysmon/Operational</Channel><Computer>Jerry-PC</Computer><Security UserID='S-1-5-18'/></System><EventData><Data Name='RuleName'>InvDB</Data><Data Name='EventType'>SetValue</Data><Data Name='UtcTime'>2023-07-23 23:11:09.687</Data><Data Name='ProcessGuid'>{3f0f5ad4-b311-64bd-1600-000000003100}</Data><Data Name='ProcessId'>1132</Data><Data Name='Image'>C:\Windows\System32\svchost.exe</Data><Data Name='TargetObject'>HKU\S-1-5-21-2179537870-318094351-2244724518-1005\Software\Microsoft\Windows NT\CurrentVersion\AppCompatFlags\Compatibility Assistant\Store\SIGN.MEDIA=A5F909 Win11updates.exe</Data><Data Name='Details'>Binary Data</Data><Data Name='User'>NT AUTHORITY\SYSTEM</Data></EventData></Event><Event xmlns='http://schemas.microsoft.com/win/2004/08/events/event'><System><Provider Name='Microsoft-Windows-Sysmon' Guid='{5770385f-c22a-43e0-bf4c-06f5698ffbd9}'/><EventID>1</EventID><Version>5</Version><Level>4</Level><Task>1</Task><Opcode>0</Opcode><Keywords>0x8000000000000000</Keywords><TimeCreated SystemTime='2023-07-23T23:11:09.6564589Z'/><EventRecordID>11920</EventRecordID><Correlation/><Execution ProcessID='2760' ThreadID='3284'/><Channel>Microsoft-Windows-Sysmon/Operational</Channel><Computer>Jerry-PC</Computer><Security UserID='S-1-5-18'/></System><EventData><Data Name='RuleName'>-</Data><Data Name='UtcTime'>2023-07-23 23:11:09.645</Data><Data Name='ProcessGuid'>{3f0f5ad4-b38d-64bd-9c00-000000003100}</Data><Data Name='ProcessId'>6648</Data><Data Name='Image'>E:\Win11updates.exe</Data><Data Name='FileVersion'>-</Data><Data Name='Description'>-</Data><Data Name='Product'>-</Data><Data Name='Company'>-</Data><Data Name='OriginalFileName'>-</Data><Data Name='CommandLine'>"E:\Win11updates.exe" </Data><Data Name='CurrentDirectory'>E:\</Data><Data Name='User'>JERRY-PC\Jerry</Data><Data Name='LogonGuid'>{3f0f5ad4-b317-64bd-235a-050000000000}</Data><Data Name='LogonId'>0x55a23</Data><Data Name='TerminalSessionId'>1</Data><Data Name='IntegrityLevel'>High</Data><Data Name='Hashes'>MD5=25703C731DA76007CB83370106AA9A39,SHA256=35BB4785955B852476C63C06262F6C1079E1C850B6B2B9DE4EAC40349ED937AD,IMPHASH=0B5552DCCD9D0A834CEA55C0C8FC05BE</Data><Data Name='ParentProcessGuid'>{3f0f5ad4-b318-64bd-4500-000000003100}</Data><Data Name='ParentProcessId'>3440</Data><Data Name='ParentImage'>C:\Windows\explorer.exe</Data><Data Name='ParentCommandLine'>C:\Windows\Explorer.EXE</Data><Data Name='ParentUser'>JERRY-PC\Jerry</Data></EventData></Event><Event xmlns='http://schemas.microsoft.com/win/2004/08/events/event'><System><Provider Name='Microsoft-Windows-Sysmon' Guid='{5770385f-c22a-43e0-bf4c-06f5698ffbd9}'/><EventID>1</EventID><Version>5</Version><Level>4</Level><Task>1</Task><Opcode>0</Opcode><Keywords>0x8000000000000000</Keywords><TimeCreated SystemTime='2023-07-23T23:11:08.4485893Z'/><EventRecordID>11919</EventRecordID><Correlation/><Execution ProcessID='2760' ThreadID='3284'/><Channel>Microsoft-Windows-Sysmon/Operational</Channel><Computer>Jerry-PC</Computer><Security UserID='S-1-5-18'/></System><EventData><Data Name='RuleName'>-</Data><Data Name='UtcTime'>2023-07-23 23:11:08.440</Data><Data Name='ProcessGuid'>{3f0f5ad4-b38c-64bd-9b00-000000003100}</Data><Data Name='ProcessId'>4768</Data><Data Name='Image'>C:\Windows\System32\ctfmon.exe</Data><Data Name='FileVersion'>10.0.22621.1 (WinBuild.160101.0800)</Data><Data Name='Description'>CTF Loader</Data><Data Name='Product'>Microsoft® Windows® Operating System</Data><Data Name='Company'>Microsoft Corporation</Data><Data Name='OriginalFileName'>CTFMON.EXE</Data><Data Name='CommandLine'>"ctfmon.exe"</Data><Data Name='CurrentDirectory'>C:\Windows\system32\</Data><Data Name='User'>NT AUTHORITY\SYSTEM</Data><Data Name='LogonGuid'>{3f0f5ad4-b311-64bd-e703-000000000000}</Data><Data Name='LogonId'>0x3e7</Data><Data Name='TerminalSessionId'>1</Data><Data Name='IntegrityLevel'>System</Data><Data Name='Hashes'>MD5=4D6ADD8B85F8E33937B8483BF5D040C1,SHA256=7E067B7DA5DA60458B5F7D5A99BC7C7C1F41999CD2559985F09267B1EC2E56EC,IMPHASH=6FD43544FB51C12382CAD7C88F550240</Data><Data Name='ParentProcessGuid'>{3f0f5ad4-b311-64bd-1600-000000003100}</Data><Data Name='ParentProcessId'>1132</Data><Data Name='ParentImage'>C:\Windows\System32\svchost.exe</Data><Data Name='ParentCommandLine'>C:\Windows\System32\svchost.exe -k LocalSystemNetworkRestricted -p</Data><Data Name='ParentUser'>NT AUTHORITY\SYSTEM</Data></EventData></Event><Event xmlns='http://schemas.microsoft.com/win/2004/08/events/event'><System><Provider Name='Microsoft-Windows-Sysmon' Guid='{5770385f-c22a-43e0-bf4c-06f5698ffbd9}'/><EventID>1</EventID><Version>5</Version><Level>4</Level><Task>1</Task><Opcode>0</Opcode><Keywords>0x8000000000000000</Keywords><TimeCreated SystemTime='2023-07-23T23:11:08.2343693Z'/><EventRecordID>11918</EventRecordID><Correlation/><Execution ProcessID='2760' ThreadID='3284'/><Channel>Microsoft-Windows-Sysmon/Operational</Channel><Computer>Jerry-PC</Computer><Security UserID='S-1-5-18'/></System><EventData><Data Name='RuleName'>-</Data><Data Name='UtcTime'>2023-07-23 23:11:08.223</Data><Data Name='ProcessGuid'>{3f0f5ad4-b38c-64bd-9a00-000000003100}</Data><Data Name='ProcessId'>1712</Data><Data Name='Image'>C:\Windows\System32\consent.exe</Data><Data Name='FileVersion'>10.0.22621.1635 (WinBuild.160101.0800)</Data><Data Name='Description'>Consent UI for administrative applications</Data><Data Name='Product'>Microsoft® Windows® Operating System</Data><Data Name='Company'>Microsoft Corporation</Data><Data Name='OriginalFileName'>consent.exe</Data><Data Name='CommandLine'>consent.exe 1032 240 000001C94DAFAAB0</Data><Data Name='CurrentDirectory'>C:\Windows\system32\</Data><Data Name='User'>NT AUTHORITY\SYSTEM</Data><Data Name='LogonGuid'>{3f0f5ad4-b311-64bd-e703-000000000000}</Data><Data Name='LogonId'>0x3e7</Data><Data Name='TerminalSessionId'>1</Data><Data Name='IntegrityLevel'>System</Data><Data Name='Hashes'>MD5=69380C642A8A6D6684B627E57276794C,SHA256=8846219FBC8A8AF3717B7F7DD82EB4C66C622CC8A6FB885EC0B7DAE707C22AA4,IMPHASH=5D0C875DBD930A73D5A983016E384930</Data><Data Name='ParentProcessGuid'>{3f0f5ad4-b311-64bd-1300-000000003100}</Data><Data Name='ParentProcessId'>1032</Data><Data Name='ParentImage'>C:\Windows\System32\svchost.exe</Data><Data Name='ParentCommandLine'>C:\Windows\system32\svchost.exe -k netsvcs -p</Data><Data Name='ParentUser'>NT AUTHORITY\SYSTEM</Data></EventData></Event><Event xmlns='http://schemas.microsoft.com/win/2004/08/events/event'><System><Provider Name='Microsoft-Windows-Sysmon' Guid='{5770385f-c22a-43e0-bf4c-06f5698ffbd9}'/><EventID>1</EventID><Version>5</Version><Level>4</Level><Task>1</Task><Opcode>0</Opcode><Keywords>0x8000000000000000</Keywords><TimeCreated SystemTime='2023-07-23T23:11:08.1963716Z'/><EventRecordID>11917</EventRecordID><Correlation/><Execution ProcessID='2760' ThreadID='3284'/><Channel>Microsoft-Windows-Sysmon/Operational</Channel><Computer>Jerry-PC</Computer><Security UserID='S-1-5-18'/></System><EventData><Data Name='RuleName'>-</Data><Data Name='UtcTime'>2023-07-23 23:11:07.426</Data><Data Name='ProcessGuid'>{3f0f5ad4-b38b-64bd-9900-000000003100}</Data><Data Name='ProcessId'>1600</Data><Data Name='Image'>E:\Win11updates.exe</Data><Data Name='FileVersion'>-</Data><Data Name='Description'>-</Data><Data Name='Product'>-</Data><Data Name='Company'>-</Data><Data Name='OriginalFileName'>-</Data><Data Name='CommandLine'>"E:\Win11updates.exe" </Data><Data Name='CurrentDirectory'>E:\</Data><Data Name='User'>JERRY-PC\Jerry</Data><Data Name='LogonGuid'>{3f0f5ad4-b317-64bd-795a-050000000000}</Data><Data Name='LogonId'>0x55a79</Data><Data Name='TerminalSessionId'>1</Data><Data Name='IntegrityLevel'>Medium</Data><Data Name='Hashes'>MD5=25703C731DA76007CB83370106AA9A39,SHA256=35BB4785955B852476C63C06262F6C1079E1C850B6B2B9DE4EAC40349ED937AD,IMPHASH=0B5552DCCD9D0A834CEA55C0C8FC05BE</Data><Data Name='ParentProcessGuid'>{3f0f5ad4-b318-64bd-4500-000000003100}</Data><Data Name='ParentProcessId'>3440</Data><Data Name='ParentImage'>C:\Windows\explorer.exe</Data><Data Name='ParentCommandLine'>C:\Windows\Explorer.EXE</Data><Data Name='ParentUser'>JERRY-PC\Jerry</Data></EventData></Event><Event xmlns='http://schemas.microsoft.com/win/2004/08/events/event'><System><Provider Name='Microsoft-Windows-Sysmon' Guid='{5770385f-c22a-43e0-bf4c-06f5698ffbd9}'/><EventID>1</EventID><Version>5</Version><Level>4</Level><Task>1</Task><Opcode>0</Opcode><Keywords>0x8000000000000000</Keywords><TimeCreated SystemTime='2023-07-23T23:11:06.9033705Z'/><EventRecordID>11916</EventRecordID><Correlation/><Execution ProcessID='2760' ThreadID='3284'/><Channel>Microsoft-Windows-Sysmon/Operational</Channel><Computer>Jerry-PC</Computer><Security UserID='S-1-5-18'/></System><EventData><Data Name='RuleName'>-</Data><Data Name='UtcTime'>2023-07-23 23:11:06.872</Data><Data Name='ProcessGuid'>{3f0f5ad4-b38a-64bd-9700-000000003100}</Data><Data Name='ProcessId'>760</Data><Data Name='Image'>C:\Windows\UUS\amd64\MoNotificationUx.exe</Data><Data Name='FileVersion'>10.0.10011.16384</Data><Data Name='Description'>Notifications host process</Data><Data Name='Product'>Windows (R) Win 7 DDK driver</Data><Data Name='Company'>Windows (R) Win 7 DDK provider</Data><Data Name='OriginalFileName'>MoNotificationUx.exe</Data><Data Name='CommandLine'>C:\Windows\uus\AMD64\MoNotificationUx.exe /ClearActiveNotifications</Data><Data Name='CurrentDirectory'>C:\Windows\system32\</Data><Data Name='User'>JERRY-PC\Jerry</Data><Data Name='LogonGuid'>{3f0f5ad4-b317-64bd-795a-050000000000}</Data><Data Name='LogonId'>0x55a79</Data><Data Name='TerminalSessionId'>1</Data><Data Name='IntegrityLevel'>Medium</Data><Data Name='Hashes'>MD5=1871C6356C2BC7752C13670E67F922AB,SHA256=A8F7935461B872450F328DDFBB74ED72EF6E93562F0B91D52E1AC236B72AC477,IMPHASH=86B54AEE3D7A60F0D8165B11FEC0176F</Data><Data Name='ParentProcessGuid'>{3f0f5ad4-b38a-64bd-9400-000000003100}</Data><Data Name='ParentProcessId'>1168</Data><Data Name='ParentImage'>C:\Windows\UUS\amd64\MoUsoCoreWorker.exe</Data><Data Name='ParentCommandLine'>C:\Windows\uus\AMD64\MoUsoCoreWorker.exe</Data><Data Name='ParentUser'>NT AUTHORITY\SYSTEM</Data></EventData></Event><Event xmlns='http://schemas.microsoft.com/win/2004/08/events/event'><System><Provider Name='Microsoft-Windows-Sysmon' Guid='{5770385f-c22a-43e0-bf4c-06f5698ffbd9}'/><EventID>1</EventID><Version>5</Version><Level>4</Level><Task>1</Task><Opcode>0</Opcode><Keywords>0x8000000000000000</Keywords><TimeCreated SystemTime='2023-07-23T23:11:06.7513707Z'/><EventRecordID>11915</EventRecordID><Correlation/><Execution ProcessID='2760' ThreadID='3284'/><Channel>Microsoft-Windows-Sysmon/Operational</Channel><Computer>Jerry-PC</Computer><Security UserID='S-1-5-18'/></System><EventData><Data Name='RuleName'>-</Data><Data Name='UtcTime'>2023-07-23 23:11:06.749</Data><Data Name='ProcessGuid'>{3f0f5ad4-b38a-64bd-9600-000000003100}</Data><Data Name='ProcessId'>2616</Data><Data Name='Image'>C:\Windows\System32\taskhostw.exe</Data><Data Name='FileVersion'>10.0.22621.1635 (WinBuild.160101.0800)</Data><Data Name='Description'>Host Process for Windows Tasks</Data><Data Name='Product'>Microsoft® Windows® Operating System</Data><Data Name='Company'>Microsoft Corporation</Data><Data Name='OriginalFileName'>taskhostw.exe</Data><Data Name='CommandLine'>taskhostw.exe</Data><Data Name='CurrentDirectory'>C:\Windows\system32\</Data><Data Name='User'>NT AUTHORITY\SYSTEM</Data><Data Name='LogonGuid'>{3f0f5ad4-b311-64bd-e703-000000000000}</Data><Data Name='LogonId'>0x3e7</Data><Data Name='TerminalSessionId'>0</Data><Data Name='IntegrityLevel'>System</Data><Data Name='Hashes'>MD5=4887A65FD4F6598AF4986CBC1C0E5488,SHA256=82472A84BCBB4009ADD338200F8E853FE4C5EAFE2E2C3A2D711B85BF29B72D54,IMPHASH=1C4E2D9936E4D9F2490B08AAB4D24260</Data><Data Name='ParentProcessGuid'>{3f0f5ad4-b311-64bd-1300-000000003100}</Data><Data Name='ParentProcessId'>1032</Data><Data Name='ParentImage'>C:\Windows\System32\svchost.exe</Data><Data Name='ParentCommandLine'>C:\Windows\system32\svchost.exe -k netsvcs -p</Data><Data Name='ParentUser'>NT AUTHORITY\SYSTEM</Data></EventData></Event><Event xmlns='http://schemas.microsoft.com/win/2004/08/events/event'><System><Provider Name='Microsoft-Windows-Sysmon' Guid='{5770385f-c22a-43e0-bf4c-06f5698ffbd9}'/><EventID>1</EventID><Version>5</Version><Level>4</Level><Task>1</Task><Opcode>0</Opcode><Keywords>0x8000000000000000</Keywords><TimeCreated SystemTime='2023-07-23T23:11:06.3362405Z'/><EventRecordID>11914</EventRecordID><Correlation/><Execution ProcessID='2760' ThreadID='3284'/><Channel>Microsoft-Windows-Sysmon/Operational</Channel><Computer>Jerry-PC</Computer><Security UserID='S-1-5-18'/></System><EventData><Data Name='RuleName'>-</Data><Data Name='UtcTime'>2023-07-23 23:11:06.306</Data><Data Name='ProcessGuid'>{3f0f5ad4-b38a-64bd-9400-000000003100}</Data><Data Name='ProcessId'>1168</Data><Data Name='Image'>C:\Windows\UUS\amd64\MoUsoCoreWorker.exe</Data><Data Name='FileVersion'>923.508.111.0</Data><Data Name='Description'>MoUSO Core Worker Process</Data><Data Name='Product'>Microsoft® Windows® Operating System</Data><Data Name='Company'>Microsoft Corporation</Data><Data Name='OriginalFileName'>MoUSOCoreWorker.exe</Data><Data Name='CommandLine'>C:\Windows\uus\AMD64\MoUsoCoreWorker.exe</Data><Data Name='CurrentDirectory'>C:\Windows\system32\</Data><Data Name='User'>NT AUTHORITY\SYSTEM</Data><Data Name='LogonGuid'>{3f0f5ad4-b311-64bd-e703-000000000000}</Data><Data Name='LogonId'>0x3e7</Data><Data Name='TerminalSessionId'>0</Data><Data Name='IntegrityLevel'>System</Data><Data Name='Hashes'>MD5=39BC544389E4BB61E7EA5ADBCD27758F,SHA256=4C182646655A1F0BB3501B0CD13BCF2FB5911A20A2A25BF590C4AD6DC0F7C158,IMPHASH=A71FE2391ABCCBF06D26B5D98D024572</Data><Data Name='ParentProcessGuid'>{3f0f5ad4-b311-64bd-1300-000000003100}</Data><Data Name='ParentProcessId'>1032</Data><Data Name='ParentImage'>C:\Windows\System32\svchost.exe</Data><Data Name='ParentCommandLine'>C:\Windows\system32\svchost.exe -k netsvcs -p</Data><Data Name='ParentUser'>NT AUTHORITY\SYSTEM</Data></EventData></Event><Event xmlns='http://schemas.microsoft.com/win/2004/08/events/event'><System><Provider Name='Microsoft-Windows-Sysmon' Guid='{5770385f-c22a-43e0-bf4c-06f5698ffbd9}'/><EventID>1</EventID><Version>5</Version><Level>4</Level><Task>1</Task><Opcode>0</Opcode><Keywords>0x8000000000000000</Keywords><TimeCreated SystemTime='2023-07-23T23:11:06.3346163Z'/><EventRecordID>11913</EventRecordID><Correlation/><Execution ProcessID='2760' ThreadID='3284'/><Channel>Microsoft-Windows-Sysmon/Operational</Channel><Computer>Jerry-PC</Computer><Security UserID='S-1-5-18'/></System><EventData><Data Name='RuleName'>-</Data><Data Name='UtcTime'>2023-07-23 23:11:06.333</Data><Data Name='ProcessGuid'>{3f0f5ad4-b38a-64bd-9500-000000003100}</Data><Data Name='ProcessId'>1216</Data><Data Name='Image'>C:\Windows\System32\svchost.exe</Data><Data Name='FileVersion'>10.0.22621.1 (WinBuild.160101.0800)</Data><Data Name='Description'>Host Process for Windows Services</Data><Data Name='Product'>Microsoft® Windows® Operating System</Data><Data Name='Company'>Microsoft Corporation</Data><Data Name='OriginalFileName'>svchost.exe</Data><Data Name='CommandLine'>C:\Windows\System32\svchost.exe -k LocalServiceNetworkRestricted -p</Data><Data Name='CurrentDirectory'>C:\Windows\system32\</Data><Data Name='User'>NT AUTHORITY\LOCAL SERVICE</Data><Data Name='LogonGuid'>{3f0f5ad4-b311-64bd-e503-000000000000}</Data><Data Name='LogonId'>0x3e5</Data><Data Name='TerminalSessionId'>0</Data><Data Name='IntegrityLevel'>System</Data><Data Name='Hashes'>MD5=8EC922C7A58A8701AB481B7BE9644536,SHA256=949BFB5B4C7D58D92F3F9C5F8EC7CA4CEAFFD10EC5F0020F0A987C472D61C54B,IMPHASH=76B4BAE80D2C3B08BB062D97BF9CA791</Data><Data Name='ParentProcessGuid'>{3f0f5ad4-b311-64bd-0b00-000000003100}</Data><Data Name='ParentProcessId'>724</Data><Data Name='ParentImage'>C:\Windows\System32\services.exe</Data><Data Name='ParentCommandLine'>C:\Windows\system32\services.exe</Data><Data Name='ParentUser'>NT AUTHORITY\SYSTEM</Data></EventData></Event><Event xmlns='http://schemas.microsoft.com/win/2004/08/events/event'><System><Provider Name='Microsoft-Windows-Sysmon' Guid='{5770385f-c22a-43e0-bf4c-06f5698ffbd9}'/><EventID>1</EventID><Version>5</Version><Level>4</Level><Task>1</Task><Opcode>0</Opcode><Keywords>0x8000000000000000</Keywords><TimeCreated SystemTime='2023-07-23T23:11:06.2570537Z'/><EventRecordID>11912</EventRecordID><Correlation/><Execution ProcessID='2760' ThreadID='3284'/><Channel>Microsoft-Windows-Sysmon/Operational</Channel><Computer>Jerry-PC</Computer><Security UserID='S-1-5-18'/></System><EventData><Data Name='RuleName'>-</Data><Data Name='UtcTime'>2023-07-23 23:11:06.256</Data><Data Name='ProcessGuid'>{3f0f5ad4-b38a-64bd-9300-000000003100}</Data><Data Name='ProcessId'>756</Data><Data Name='Image'>C:\Windows\System32\svchost.exe</Data><Data Name='FileVersion'>10.0.22621.1 (WinBuild.160101.0800)</Data><Data Name='Description'>Host Process for Windows Services</Data><Data Name='Product'>Microsoft® Windows® Operating System</Data><Data Name='Company'>Microsoft Corporation</Data><Data Name='OriginalFileName'>svchost.exe</Data><Data Name='CommandLine'>C:\Windows\system32\svchost.exe -k wusvcs -p</Data><Data Name='CurrentDirectory'>C:\Windows\system32\</Data><Data Name='User'>NT AUTHORITY\SYSTEM</Data><Data Name='LogonGuid'>{3f0f5ad4-b311-64bd-e703-000000000000}</Data><Data Name='LogonId'>0x3e7</Data><Data Name='TerminalSessionId'>0</Data><Data Name='IntegrityLevel'>System</Data><Data Name='Hashes'>MD5=8EC922C7A58A8701AB481B7BE9644536,SHA256=949BFB5B4C7D58D92F3F9C5F8EC7CA4CEAFFD10EC5F0020F0A987C472D61C54B,IMPHASH=76B4BAE80D2C3B08BB062D97BF9CA791</Data><Data Name='ParentProcessGuid'>{3f0f5ad4-b311-64bd-0b00-000000003100}</Data><Data Name='ParentProcessId'>724</Data><Data Name='ParentImage'>C:\Windows\System32\services.exe</Data><Data Name='ParentCommandLine'>C:\Windows\system32\services.exe</Data><Data Name='ParentUser'>NT AUTHORITY\SYSTEM</Data></EventData></Event><Event xmlns='http://schemas.microsoft.com/win/2004/08/events/event'><System><Provider Name='Microsoft-Windows-Sysmon' Guid='{5770385f-c22a-43e0-bf4c-06f5698ffbd9}'/><EventID>1</EventID><Version>5</Version><Level>4</Level><Task>1</Task><Opcode>0</Opcode><Keywords>0x8000000000000000</Keywords><TimeCreated SystemTime='2023-07-23T23:11:05.8599385Z'/><EventRecordID>11911</EventRecordID><Correlation/><Execution ProcessID='2760' ThreadID='3284'/><Channel>Microsoft-Windows-Sysmon/Operational</Channel><Computer>Jerry-PC</Computer><Security UserID='S-1-5-18'/></System><EventData><Data Name='RuleName'>-</Data><Data Name='UtcTime'>2023-07-23 23:11:05.854</Data><Data Name='ProcessGuid'>{3f0f5ad4-b389-64bd-9100-000000003100}</Data><Data Name='ProcessId'>3592</Data><Data Name='Image'>C:\Windows\System32\Sgrm\SgrmBroker.exe</Data><Data Name='FileVersion'>10.0.22621.1 (WinBuild.160101.0800)</Data><Data Name='Description'>System Guard Runtime Monitor Broker Service</Data><Data Name='Product'>Microsoft® Windows® Operating System</Data><Data Name='Company'>Microsoft Corporation</Data><Data Name='OriginalFileName'>SgrmBroker.exe</Data><Data Name='CommandLine'>C:\Windows\system32\Sgrm\SgrmBroker.exe</Data><Data Name='CurrentDirectory'>C:\Windows</Data><Data Name='User'>NT AUTHORITY\SYSTEM</Data><Data Name='LogonGuid'>{3f0f5ad4-b311-64bd-e703-000000000000}</Data><Data Name='LogonId'>0x3e7</Data><Data Name='TerminalSessionId'>0</Data><Data Name='IntegrityLevel'>System</Data><Data Name='Hashes'>MD5=B844D662C090F882733551EACECDB7EE,SHA256=10CB65499B6B424F5BD87DB4DFF192CEF08243A761B4C42435576751AC72595B,IMPHASH=EDB65D0B68966E673775E8DA2B1DF89C</Data><Data Name='ParentProcessGuid'>{3f0f5ad4-b311-64bd-0b00-000000003100}</Data><Data Name='ParentProcessId'>724</Data><Data Name='ParentImage'>C:\Windows\System32\services.exe</Data><Data Name='ParentCommandLine'>C:\Windows\system32\services.exe</Data><Data Name='ParentUser'>NT AUTHORITY\SYSTEM</Data></EventData></Event><Event xmlns='http://schemas.microsoft.com/win/2004/08/events/event'><System><Provider Name='Microsoft-Windows-Sysmon' Guid='{5770385f-c22a-43e0-bf4c-06f5698ffbd9}'/><EventID>1</EventID><Version>5</Version><Level>4</Level><Task>1</Task><Opcode>0</Opcode><Keywords>0x8000000000000000</Keywords><TimeCreated SystemTime='2023-07-23T23:11:04.7895836Z'/><EventRecordID>11910</EventRecordID><Correlation/><Execution ProcessID='2760' ThreadID='3284'/><Channel>Microsoft-Windows-Sysmon/Operational</Channel><Computer>Jerry-PC</Computer><Security UserID='S-1-5-18'/></System><EventData><Data Name='RuleName'>-</Data><Data Name='UtcTime'>2023-07-23 23:11:04.786</Data><Data Name='ProcessGuid'>{3f0f5ad4-b388-64bd-9000-000000003100}</Data><Data Name='ProcessId'>6408</Data><Data Name='Image'>C:\Windows\System32\pcaui.exe</Data><Data Name='FileVersion'>10.0.22621.1 (WinBuild.160101.0800)</Data><Data Name='Description'>Program Compatibility Assistant User Interface</Data><Data Name='Product'>Microsoft® Windows® Operating System</Data><Data Name='Company'>Microsoft Corporation</Data><Data Name='OriginalFileName'>pcaui.exe</Data><Data Name='CommandLine'>C:\Windows\System32\pcaui.exe -n 0 -a "" -v "" -g "" -x ""</Data><Data Name='CurrentDirectory'>C:\Windows\system32\</Data><Data Name='User'>JERRY-PC\Jerry</Data><Data Name='LogonGuid'>{3f0f5ad4-b317-64bd-795a-050000000000}</Data><Data Name='LogonId'>0x55a79</Data><Data Name='TerminalSessionId'>1</Data><Data Name='IntegrityLevel'>Medium</Data><Data Name='Hashes'>MD5=8D29290ADFE61369AB2D85AFEEEE5BF9,SHA256=F75AC3FA5D67CE788F1AF41C63EF93D6081B4A97BD0EB4AE41DD97ADE27C0B19,IMPHASH=1D4DB61F5E62D596A70292E2A5C1C046</Data><Data Name='ParentProcessGuid'>{3f0f5ad4-b311-64bd-1600-000000003100}</Data><Data Name='ParentProcessId'>1132</Data><Data Name='ParentImage'>C:\Windows\System32\svchost.exe</Data><Data Name='ParentCommandLine'>C:\Windows\System32\svchost.exe -k LocalSystemNetworkRestricted -p</Data><Data Name='ParentUser'>NT AUTHORITY\SYSTEM</Data></EventData></Event><Event xmlns='http://schemas.microsoft.com/win/2004/08/events/event'><System><Provider Name='Microsoft-Windows-Sysmon' Guid='{5770385f-c22a-43e0-bf4c-06f5698ffbd9}'/><EventID>1</EventID><Version>5</Version><Level>4</Level><Task>1</Task><Opcode>0</Opcode><Keywords>0x8000000000000000</Keywords><TimeCreated SystemTime='2023-07-23T23:11:04.4747945Z'/><EventRecordID>11909</EventRecordID><Correlation/><Execution ProcessID='2760' ThreadID='3284'/><Channel>Microsoft-Windows-Sysmon/Operational</Channel><Computer>Jerry-PC</Computer><Security UserID='S-1-5-18'/></System><EventData><Data Name='RuleName'>-</Data><Data Name='UtcTime'>2023-07-23 23:11:04.474</Data><Data Name='ProcessGuid'>{3f0f5ad4-b388-64bd-8e00-000000003100}</Data><Data Name='ProcessId'>6948</Data><Data Name='Image'>C:\Program Files (x86)\Microsoft\EdgeUpdate\MicrosoftEdgeUpdate.exe</Data><Data Name='FileVersion'>1.3.155.85</Data><Data Name='Description'>Microsoft Edge Update</Data><Data Name='Product'>Microsoft Edge Update</Data><Data Name='Company'>Microsoft Corporation</Data><Data Name='OriginalFileName'>msedgeupdate.dll</Data><Data Name='CommandLine'>"C:\Program Files (x86)\Microsoft\EdgeUpdate\MicrosoftEdgeUpdate.exe" /c</Data><Data Name='CurrentDirectory'>C:\Program Files (x86)\Microsoft\EdgeUpdate\1.3.175.29\</Data><Data Name='User'>NT AUTHORITY\SYSTEM</Data><Data Name='LogonGuid'>{3f0f5ad4-b311-64bd-e703-000000000000}</Data><Data Name='LogonId'>0x3e7</Data><Data Name='TerminalSessionId'>0</Data><Data Name='IntegrityLevel'>System</Data><Data Name='Hashes'>MD5=A4FC8EC5BC41C41918B0C1541E4E4BE6,SHA256=54545F352215A9C0F370A01980AADCD5749A93589931662D89A974D7BD60F476,IMPHASH=E00D60405A249A05D3B09AA7FE924B17</Data><Data Name='ParentProcessGuid'>{3f0f5ad4-b388-64bd-8d00-000000003100}</Data><Data Name='ParentProcessId'>7616</Data><Data Name='ParentImage'>C:\Program Files (x86)\Microsoft\EdgeUpdate\MicrosoftEdgeUpdate.exe</Data><Data Name='ParentCommandLine'>"C:\Program Files (x86)\Microsoft\EdgeUpdate\MicrosoftEdgeUpdate.exe" /svc</Data><Data Name='ParentUser'>NT AUTHORITY\SYSTEM</Data></EventData></Event><Event xmlns='http://schemas.microsoft.com/win/2004/08/events/event'><System><Provider Name='Microsoft-Windows-Sysmon' Guid='{5770385f-c22a-43e0-bf4c-06f5698ffbd9}'/><EventID>1</EventID><Version>5</Version><Level>4</Level><Task>1</Task><Opcode>0</Opcode><Keywords>0x8000000000000000</Keywords><TimeCreated SystemTime='2023-07-23T23:11:04.4284643Z'/><EventRecordID>11908</EventRecordID><Correlation/><Execution ProcessID='2760' ThreadID='3284'/><Channel>Microsoft-Windows-Sysmon/Operational</Channel><Computer>Jerry-PC</Computer><Security UserID='S-1-5-18'/></System><EventData><Data Name='RuleName'>-</Data><Data Name='UtcTime'>2023-07-23 23:11:04.427</Data><Data Name='ProcessGuid'>{3f0f5ad4-b388-64bd-8d00-000000003100}</Data><Data Name='ProcessId'>7616</Data><Data Name='Image'>C:\Program Files (x86)\Microsoft\EdgeUpdate\MicrosoftEdgeUpdate.exe</Data><Data Name='FileVersion'>1.3.155.85</Data><Data Name='Description'>Microsoft Edge Update</Data><Data Name='Product'>Microsoft Edge Update</Data><Data Name='Company'>Microsoft Corporation</Data><Data Name='OriginalFileName'>msedgeupdate.dll</Data><Data Name='CommandLine'>"C:\Program Files (x86)\Microsoft\EdgeUpdate\MicrosoftEdgeUpdate.exe" /svc</Data><Data Name='CurrentDirectory'>C:\Windows\system32\</Data><Data Name='User'>NT AUTHORITY\SYSTEM</Data><Data Name='LogonGuid'>{3f0f5ad4-b311-64bd-e703-000000000000}</Data><Data Name='LogonId'>0x3e7</Data><Data Name='TerminalSessionId'>0</Data><Data Name='IntegrityLevel'>System</Data><Data Name='Hashes'>MD5=A4FC8EC5BC41C41918B0C1541E4E4BE6,SHA256=54545F352215A9C0F370A01980AADCD5749A93589931662D89A974D7BD60F476,IMPHASH=E00D60405A249A05D3B09AA7FE924B17</Data><Data Name='ParentProcessGuid'>{3f0f5ad4-b311-64bd-0b00-000000003100}</Data><Data Name='ParentProcessId'>724</Data><Data Name='ParentImage'>C:\Windows\System32\services.exe</Data><Data Name='ParentCommandLine'>C:\Windows\system32\services.exe</Data><Data Name='ParentUser'>NT AUTHORITY\SYSTEM</Data></EventData></Event><Event xmlns='http://schemas.microsoft.com/win/2004/08/events/event'><System><Provider Name='Microsoft-Windows-Sysmon' Guid='{5770385f-c22a-43e0-bf4c-06f5698ffbd9}'/><EventID>13</EventID><Version>2</Version><Level>4</Level><Task>13</Task><Opcode>0</Opcode><Keywords>0x8000000000000000</Keywords><TimeCreated SystemTime='2023-07-23T23:11:01.7215998Z'/><EventRecordID>11907</EventRecordID><Correlation/><Execution ProcessID='2760' ThreadID='3284'/><Channel>Microsoft-Windows-Sysmon/Operational</Channel><Computer>Jerry-PC</Computer><Security UserID='S-1-5-18'/></System><EventData><Data Name='RuleName'>Context,DeviceConnectedOrUpdated</Data><Data Name='EventType'>SetValue</Data><Data Name='UtcTime'>2023-07-23 23:11:01.707</Data><Data Name='ProcessGuid'>{3f0f5ad4-b385-64bd-8a00-000000003100}</Data><Data Name='ProcessId'>7464</Data><Data Name='Image'>C:\Windows\System32\WUDFHost.exe</Data><Data Name='TargetObject'>HKLM\System\CurrentControlSet\Enum\SWD\WPDBUSENUM\_??_USBSTOR#Disk&amp;Ven_General&amp;Prod_UDisk&amp;Rev_5.00#6&amp;1526ad36&amp;0&amp;_&amp;0#{53f56307-b6bf-11d0-94f2-00a0c91efb8b}\FriendlyName</Data><Data Name='Details'>E:\</Data><Data Name='User'>NT AUTHORITY\LOCAL SERVICE</Data></EventData></Event><Event xmlns='http://schemas.microsoft.com/win/2004/08/events/event'><System><Provider Name='Microsoft-Windows-Sysmon' Guid='{5770385f-c22a-43e0-bf4c-06f5698ffbd9}'/><EventID>13</EventID><Version>2</Version><Level>4</Level><Task>13</Task><Opcode>0</Opcode><Keywords>0x8000000000000000</Keywords><TimeCreated SystemTime='2023-07-23T23:11:01.7215292Z'/><EventRecordID>11906</EventRecordID><Correlation/><Execution ProcessID='2760' ThreadID='3284'/><Channel>Microsoft-Windows-Sysmon/Operational</Channel><Computer>Jerry-PC</Computer><Security UserID='S-1-5-18'/></System><EventData><Data Name='RuleName'>Context,DeviceConnectedOrUpdated</Data><Data Name='EventType'>SetValue</Data><Data Name='UtcTime'>2023-07-23 23:11:01.707</Data><Data Name='ProcessGuid'>{3f0f5ad4-b385-64bd-8a00-000000003100}</Data><Data Name='ProcessId'>7464</Data><Data Name='Image'>C:\Windows\System32\WUDFHost.exe</Data><Data Name='TargetObject'>HKLM\SOFTWARE\Microsoft\Windows Portable Devices\Devices\SWD#WPDBUSENUM#_??_USBSTOR#DISK&amp;VEN_GENERAL&amp;PROD_UDISK&amp;REV_5.00#6&amp;1526AD36&amp;0&amp;_&amp;0#{53F56307-B6BF-11D0-94F2-00A0C91EFB8B}\FriendlyName</Data><Data Name='Details'>E:\</Data><Data Name='User'>NT AUTHORITY\LOCAL SERVICE</Data></EventData></Event><Event xmlns='http://schemas.microsoft.com/win/2004/08/events/event'><System><Provider Name='Microsoft-Windows-Sysmon' Guid='{5770385f-c22a-43e0-bf4c-06f5698ffbd9}'/><EventID>1</EventID><Version>5</Version><Level>4</Level><Task>1</Task><Opcode>0</Opcode><Keywords>0x8000000000000000</Keywords><TimeCreated SystemTime='2023-07-23T23:11:01.5787247Z'/><EventRecordID>11905</EventRecordID><Correlation/><Execution ProcessID='2760' ThreadID='3284'/><Channel>Microsoft-Windows-Sysmon/Operational</Channel><Computer>Jerry-PC</Computer><Security UserID='S-1-5-18'/></System><EventData><Data Name='RuleName'>-</Data><Data Name='UtcTime'>2023-07-23 23:11:01.573</Data><Data Name='ProcessGuid'>{3f0f5ad4-b385-64bd-8a00-000000003100}</Data><Data Name='ProcessId'>7464</Data><Data Name='Image'>C:\Windows\System32\WUDFHost.exe</Data><Data Name='FileVersion'>10.0.22621.1485 (WinBuild.160101.0800)</Data><Data Name='Description'>Windows Driver Foundation - User-mode Driver Framework Host Process</Data><Data Name='Product'>Microsoft® Windows® Operating System</Data><Data Name='Company'>Microsoft Corporation</Data><Data Name='OriginalFileName'>WUDFHost.exe</Data><Data Name='CommandLine'>"C:\Windows\System32\WUDFHost.exe" -HostGUID:{193a1820-d9ac-4997-8c55-be817523f6aa} -IoEventPortName:\UMDFCommunicationPorts\WUDF\HostProcess-8fb3d337-c28e-40c2-b4f9-7ddf5191c5c5 -SystemEventPortName:\UMDFCommunicationPorts\WUDF\HostProcess-c7336e2e-676c-4f7e-9575-d2b34b858106 -IoCancelEventPortName:\UMDFCommunicationPorts\WUDF\HostProcess-c6397e6f-dbcc-46d1-81b3-6e7cd6f20b11 -NonStateChangingEventPortName:\UMDFCommunicationPorts\WUDF\HostProcess-7ddc0c24-3536-4c62-84fd-d73a3a5be296 -LifetimeId:f089ac37-e98d-4618-8bb7-aa6494e520ca -DeviceGroupId:WpdFsGroup -HostArg:0</Data><Data Name='CurrentDirectory'>C:\Windows\system32\</Data><Data Name='User'>NT AUTHORITY\LOCAL SERVICE</Data><Data Name='LogonGuid'>{3f0f5ad4-b311-64bd-e503-000000000000}</Data><Data Name='LogonId'>0x3e5</Data><Data Name='TerminalSessionId'>0</Data><Data Name='IntegrityLevel'>System</Data><Data Name='Hashes'>MD5=0233D5E8EE9178166D54F4A7EF0E7BCD,SHA256=20F885553A269570C48F3C2EE7288442E87FB07D5D9F9F477CF657929CDAF954,IMPHASH=FBB1E8290F0B168CEC3D026F11D7E449</Data><Data Name='ParentProcessGuid'>{3f0f5ad4-b311-64bd-0b00-000000003100}</Data><Data Name='ParentProcessId'>724</Data><Data Name='ParentImage'>C:\Windows\System32\services.exe</Data><Data Name='ParentCommandLine'>C:\Windows\system32\services.exe</Data><Data Name='ParentUser'>NT AUTHORITY\SYSTEM</Data></EventData></Event><Event xmlns='http://schemas.microsoft.com/win/2004/08/events/event'><System><Provider Name='Microsoft-Windows-Sysmon' Guid='{5770385f-c22a-43e0-bf4c-06f5698ffbd9}'/><EventID>13</EventID><Version>2</Version><Level>4</Level><Task>13</Task><Opcode>0</Opcode><Keywords>0x8000000000000000</Keywords><TimeCreated SystemTime='2023-07-23T23:11:01.4499127Z'/><EventRecordID>11904</EventRecordID><Correlation/><Execution ProcessID='2760' ThreadID='3284'/><Channel>Microsoft-Windows-Sysmon/Operational</Channel><Computer>Jerry-PC</Computer><Security UserID='S-1-5-18'/></System><EventData><Data Name='RuleName'>InvDB-Pub</Data><Data Name='EventType'>SetValue</Data><Data Name='UtcTime'>2023-07-23 23:11:01.435</Data><Data Name='ProcessGuid'>{3f0f5ad4-b318-64bd-4500-000000003100}</Data><Data Name='ProcessId'>3440</Data><Data Name='Image'>C:\Windows\Explorer.EXE</Data><Data Name='TargetObject'>HKU\S-1-5-21-2179537870-318094351-2244724518-1005\Control Panel\NotifyIconSettings\14265990136008143645\Publisher</Data><Data Name='Details'>Microsoft Windows</Data><Data Name='User'>JERRY-PC\Jerry</Data></EventData></Event><Event xmlns='http://schemas.microsoft.com/win/2004/08/events/event'><System><Provider Name='Microsoft-Windows-Sysmon' Guid='{5770385f-c22a-43e0-bf4c-06f5698ffbd9}'/><EventID>1</EventID><Version>5</Version><Level>4</Level><Task>1</Task><Opcode>0</Opcode><Keywords>0x8000000000000000</Keywords><TimeCreated SystemTime='2023-07-23T23:10:33.1062972Z'/><EventRecordID>11903</EventRecordID><Correlation/><Execution ProcessID='2760' ThreadID='3284'/><Channel>Microsoft-Windows-Sysmon/Operational</Channel><Computer>Jerry-PC</Computer><Security UserID='S-1-5-18'/></System><EventData><Data Name='RuleName'>-</Data><Data Name='UtcTime'>2023-07-23 23:10:33.105</Data><Data Name='ProcessGuid'>{3f0f5ad4-b369-64bd-8600-000000003100}</Data><Data Name='ProcessId'>7908</Data><Data Name='Image'>C:\Program Files\WindowsApps\MicrosoftTeams_23119.303.2080.2726_x64__8wekyb3d8bbwe\msteamsupdate.exe</Data><Data Name='FileVersion'>23119.303.2080.2726</Data><Data Name='Description'>Microsoft Teams Updater</Data><Data Name='Product'>Microsoft Teams Updater</Data><Data Name='Company'>Microsoft Corporation</Data><Data Name='OriginalFileName'>msteamsupdate.exe</Data><Data Name='CommandLine'>"C:\Program Files\WindowsApps\MicrosoftTeams_23119.303.2080.2726_x64__8wekyb3d8bbwe\msteamsupdate.exe" -RegisterComServerForUpdaterTask -Embedding</Data><Data Name='CurrentDirectory'>C:\Windows\system32\</Data><Data Name='User'>JERRY-PC\Jerry</Data><Data Name='LogonGuid'>{3f0f5ad4-b317-64bd-795a-050000000000}</Data><Data Name='LogonId'>0x55a79</Data><Data Name='TerminalSessionId'>1</Data><Data Name='IntegrityLevel'>Medium</Data><Data Name='Hashes'>MD5=2F74F9B208D2C0B41892FF9F9961C4C0,SHA256=30018CA29EFE5FBEAA03253EA4827FEFCA031DFF1C002F5F7844483ABF90C27E,IMPHASH=62799FBACEE555E3305F4442271D2FBA</Data><Data Name='ParentProcessGuid'>{3f0f5ad4-b311-64bd-0d00-000000003100}</Data><Data Name='ParentProcessId'>876</Data><Data Name='ParentImage'>C:\Windows\System32\svchost.exe</Data><Data Name='ParentCommandLine'>C:\Windows\system32\svchost.exe -k DcomLaunch -p</Data><Data Name='ParentUser'>NT AUTHORITY\SYSTEM</Data></EventData></Event>